{
  "instance_id": "pytest-dev__pytest-7490",
  "results": [
    {
      "test_file": "testing/test_skipping.py",
      "test_case": "test_importorskip",
      "test_type": "PASS_TO_PASS",
      "exit_code": 1,
      "stdout": "",
      "stderr": "Traceback (most recent call last):\n  File \"/usr/local/bin/pytest\", line 8, in <module>\n    sys.exit(console_main())\n  File \"/app/repo/src/_pytest/config/__init__.py\", line 180, in console_main\n    code = main()\n  File \"/app/repo/src/_pytest/config/__init__.py\", line 136, in main\n    config = _prepareconfig(args, plugins)\n  File \"/app/repo/src/_pytest/config/__init__.py\", line 313, in _prepareconfig\n    config = pluginmanager.hook.pytest_cmdline_parse(\n  File \"/usr/local/lib/python3.10/site-packages/pluggy/hooks.py\", line 286, in __call__\n    return self._hookexec(self, self.get_hookimpls(), kwargs)\n  File \"/usr/local/lib/python3.10/site-packages/pluggy/manager.py\", line 93, in _hookexec\n    return self._inner_hookexec(hook, methods, kwargs)\n  File \"/usr/local/lib/python3.10/site-packages/pluggy/manager.py\", line 84, in <lambda>\n    self._inner_hookexec = lambda hook, methods, kwargs: hook.multicall(\n  File \"/usr/local/lib/python3.10/site-packages/pluggy/callers.py\", line 203, in _multicall\n    gen.send(outcome)\n  File \"/app/repo/src/_pytest/helpconfig.py\", line 99, in pytest_cmdline_parse\n    config = outcome.get_result()  # type: Config\n  File \"/usr/local/lib/python3.10/site-packages/pluggy/callers.py\", line 80, in get_result\n    raise ex[1].with_traceback(ex[2])\n  File \"/usr/local/lib/python3.10/site-packages/pluggy/callers.py\", line 187, in _multicall\n    res = hook_impl.function(*args)\n  File \"/app/repo/src/_pytest/config/__init__.py\", line 932, in pytest_cmdline_parse\n    self.parse(args)\n  File \"/app/repo/src/_pytest/config/__init__.py\", line 1204, in parse\n    self._preparse(args, addopts=addopts)\n  File \"/app/repo/src/_pytest/config/__init__.py\", line 1093, in _preparse\n    self.pluginmanager.consider_preparse(args, exclude_only=False)\n  File \"/app/repo/src/_pytest/config/__init__.py\", line 622, in consider_preparse\n    self.consider_pluginarg(parg)\n  File \"/app/repo/src/_pytest/config/__init__.py\", line 647, in consider_pluginarg\n    self.import_plugin(arg, consider_entry_points=True)\n  File \"/app/repo/src/_pytest/config/__init__.py\", line 689, in import_plugin\n    __import__(importspec)\n  File \"<frozen importlib._bootstrap>\", line 1027, in _find_and_load\n  File \"<frozen importlib._bootstrap>\", line 1006, in _find_and_load_unlocked\n  File \"<frozen importlib._bootstrap>\", line 688, in _load_unlocked\n  File \"/app/repo/src/_pytest/assertion/rewrite.py\", line 161, in exec_module\n    source_stat, co = _rewrite_test(fn, self.config)\n  File \"/app/repo/src/_pytest/assertion/rewrite.py\", line 360, in _rewrite_test\n    co = compile(tree, fn_, \"exec\", dont_inherit=True)\nTypeError: required field \"lineno\" missing from alias\n"
    },
    {
      "test_file": "testing/test_skipping.py",
      "test_case": "test_skip_not_report_default",
      "test_type": "PASS_TO_PASS",
      "exit_code": 1,
      "stdout": "",
      "stderr": "Traceback (most recent call last):\n  File \"/usr/local/bin/pytest\", line 8, in <module>\n    sys.exit(console_main())\n  File \"/app/repo/src/_pytest/config/__init__.py\", line 180, in console_main\n    code = main()\n  File \"/app/repo/src/_pytest/config/__init__.py\", line 136, in main\n    config = _prepareconfig(args, plugins)\n  File \"/app/repo/src/_pytest/config/__init__.py\", line 313, in _prepareconfig\n    config = pluginmanager.hook.pytest_cmdline_parse(\n  File \"/usr/local/lib/python3.10/site-packages/pluggy/hooks.py\", line 286, in __call__\n    return self._hookexec(self, self.get_hookimpls(), kwargs)\n  File \"/usr/local/lib/python3.10/site-packages/pluggy/manager.py\", line 93, in _hookexec\n    return self._inner_hookexec(hook, methods, kwargs)\n  File \"/usr/local/lib/python3.10/site-packages/pluggy/manager.py\", line 84, in <lambda>\n    self._inner_hookexec = lambda hook, methods, kwargs: hook.multicall(\n  File \"/usr/local/lib/python3.10/site-packages/pluggy/callers.py\", line 203, in _multicall\n    gen.send(outcome)\n  File \"/app/repo/src/_pytest/helpconfig.py\", line 99, in pytest_cmdline_parse\n    config = outcome.get_result()  # type: Config\n  File \"/usr/local/lib/python3.10/site-packages/pluggy/callers.py\", line 80, in get_result\n    raise ex[1].with_traceback(ex[2])\n  File \"/usr/local/lib/python3.10/site-packages/pluggy/callers.py\", line 187, in _multicall\n    res = hook_impl.function(*args)\n  File \"/app/repo/src/_pytest/config/__init__.py\", line 932, in pytest_cmdline_parse\n    self.parse(args)\n  File \"/app/repo/src/_pytest/config/__init__.py\", line 1204, in parse\n    self._preparse(args, addopts=addopts)\n  File \"/app/repo/src/_pytest/config/__init__.py\", line 1093, in _preparse\n    self.pluginmanager.consider_preparse(args, exclude_only=False)\n  File \"/app/repo/src/_pytest/config/__init__.py\", line 622, in consider_preparse\n    self.consider_pluginarg(parg)\n  File \"/app/repo/src/_pytest/config/__init__.py\", line 647, in consider_pluginarg\n    self.import_plugin(arg, consider_entry_points=True)\n  File \"/app/repo/src/_pytest/config/__init__.py\", line 689, in import_plugin\n    __import__(importspec)\n  File \"<frozen importlib._bootstrap>\", line 1027, in _find_and_load\n  File \"<frozen importlib._bootstrap>\", line 1006, in _find_and_load_unlocked\n  File \"<frozen importlib._bootstrap>\", line 688, in _load_unlocked\n  File \"/app/repo/src/_pytest/assertion/rewrite.py\", line 161, in exec_module\n    source_stat, co = _rewrite_test(fn, self.config)\n  File \"/app/repo/src/_pytest/assertion/rewrite.py\", line 360, in _rewrite_test\n    co = compile(tree, fn_, \"exec\", dont_inherit=True)\nTypeError: required field \"lineno\" missing from alias\n"
    },
    {
      "test_file": "testing/test_skipping.py",
      "test_case": "test_skipif_class",
      "test_type": "PASS_TO_PASS",
      "exit_code": 1,
      "stdout": "",
      "stderr": "Traceback (most recent call last):\n  File \"/usr/local/bin/pytest\", line 8, in <module>\n    sys.exit(console_main())\n  File \"/app/repo/src/_pytest/config/__init__.py\", line 180, in console_main\n    code = main()\n  File \"/app/repo/src/_pytest/config/__init__.py\", line 136, in main\n    config = _prepareconfig(args, plugins)\n  File \"/app/repo/src/_pytest/config/__init__.py\", line 313, in _prepareconfig\n    config = pluginmanager.hook.pytest_cmdline_parse(\n  File \"/usr/local/lib/python3.10/site-packages/pluggy/hooks.py\", line 286, in __call__\n    return self._hookexec(self, self.get_hookimpls(), kwargs)\n  File \"/usr/local/lib/python3.10/site-packages/pluggy/manager.py\", line 93, in _hookexec\n    return self._inner_hookexec(hook, methods, kwargs)\n  File \"/usr/local/lib/python3.10/site-packages/pluggy/manager.py\", line 84, in <lambda>\n    self._inner_hookexec = lambda hook, methods, kwargs: hook.multicall(\n  File \"/usr/local/lib/python3.10/site-packages/pluggy/callers.py\", line 203, in _multicall\n    gen.send(outcome)\n  File \"/app/repo/src/_pytest/helpconfig.py\", line 99, in pytest_cmdline_parse\n    config = outcome.get_result()  # type: Config\n  File \"/usr/local/lib/python3.10/site-packages/pluggy/callers.py\", line 80, in get_result\n    raise ex[1].with_traceback(ex[2])\n  File \"/usr/local/lib/python3.10/site-packages/pluggy/callers.py\", line 187, in _multicall\n    res = hook_impl.function(*args)\n  File \"/app/repo/src/_pytest/config/__init__.py\", line 932, in pytest_cmdline_parse\n    self.parse(args)\n  File \"/app/repo/src/_pytest/config/__init__.py\", line 1204, in parse\n    self._preparse(args, addopts=addopts)\n  File \"/app/repo/src/_pytest/config/__init__.py\", line 1093, in _preparse\n    self.pluginmanager.consider_preparse(args, exclude_only=False)\n  File \"/app/repo/src/_pytest/config/__init__.py\", line 622, in consider_preparse\n    self.consider_pluginarg(parg)\n  File \"/app/repo/src/_pytest/config/__init__.py\", line 647, in consider_pluginarg\n    self.import_plugin(arg, consider_entry_points=True)\n  File \"/app/repo/src/_pytest/config/__init__.py\", line 689, in import_plugin\n    __import__(importspec)\n  File \"<frozen importlib._bootstrap>\", line 1027, in _find_and_load\n  File \"<frozen importlib._bootstrap>\", line 1006, in _find_and_load_unlocked\n  File \"<frozen importlib._bootstrap>\", line 688, in _load_unlocked\n  File \"/app/repo/src/_pytest/assertion/rewrite.py\", line 161, in exec_module\n    source_stat, co = _rewrite_test(fn, self.config)\n  File \"/app/repo/src/_pytest/assertion/rewrite.py\", line 360, in _rewrite_test\n    co = compile(tree, fn_, \"exec\", dont_inherit=True)\nTypeError: required field \"lineno\" missing from alias\n"
    },
    {
      "test_file": "testing/test_skipping.py",
      "test_case": "test_skipped_reasons_functional",
      "test_type": "PASS_TO_PASS",
      "exit_code": 1,
      "stdout": "",
      "stderr": "Traceback (most recent call last):\n  File \"/usr/local/bin/pytest\", line 8, in <module>\n    sys.exit(console_main())\n  File \"/app/repo/src/_pytest/config/__init__.py\", line 180, in console_main\n    code = main()\n  File \"/app/repo/src/_pytest/config/__init__.py\", line 136, in main\n    config = _prepareconfig(args, plugins)\n  File \"/app/repo/src/_pytest/config/__init__.py\", line 313, in _prepareconfig\n    config = pluginmanager.hook.pytest_cmdline_parse(\n  File \"/usr/local/lib/python3.10/site-packages/pluggy/hooks.py\", line 286, in __call__\n    return self._hookexec(self, self.get_hookimpls(), kwargs)\n  File \"/usr/local/lib/python3.10/site-packages/pluggy/manager.py\", line 93, in _hookexec\n    return self._inner_hookexec(hook, methods, kwargs)\n  File \"/usr/local/lib/python3.10/site-packages/pluggy/manager.py\", line 84, in <lambda>\n    self._inner_hookexec = lambda hook, methods, kwargs: hook.multicall(\n  File \"/usr/local/lib/python3.10/site-packages/pluggy/callers.py\", line 203, in _multicall\n    gen.send(outcome)\n  File \"/app/repo/src/_pytest/helpconfig.py\", line 99, in pytest_cmdline_parse\n    config = outcome.get_result()  # type: Config\n  File \"/usr/local/lib/python3.10/site-packages/pluggy/callers.py\", line 80, in get_result\n    raise ex[1].with_traceback(ex[2])\n  File \"/usr/local/lib/python3.10/site-packages/pluggy/callers.py\", line 187, in _multicall\n    res = hook_impl.function(*args)\n  File \"/app/repo/src/_pytest/config/__init__.py\", line 932, in pytest_cmdline_parse\n    self.parse(args)\n  File \"/app/repo/src/_pytest/config/__init__.py\", line 1204, in parse\n    self._preparse(args, addopts=addopts)\n  File \"/app/repo/src/_pytest/config/__init__.py\", line 1093, in _preparse\n    self.pluginmanager.consider_preparse(args, exclude_only=False)\n  File \"/app/repo/src/_pytest/config/__init__.py\", line 622, in consider_preparse\n    self.consider_pluginarg(parg)\n  File \"/app/repo/src/_pytest/config/__init__.py\", line 647, in consider_pluginarg\n    self.import_plugin(arg, consider_entry_points=True)\n  File \"/app/repo/src/_pytest/config/__init__.py\", line 689, in import_plugin\n    __import__(importspec)\n  File \"<frozen importlib._bootstrap>\", line 1027, in _find_and_load\n  File \"<frozen importlib._bootstrap>\", line 1006, in _find_and_load_unlocked\n  File \"<frozen importlib._bootstrap>\", line 688, in _load_unlocked\n  File \"/app/repo/src/_pytest/assertion/rewrite.py\", line 161, in exec_module\n    source_stat, co = _rewrite_test(fn, self.config)\n  File \"/app/repo/src/_pytest/assertion/rewrite.py\", line 360, in _rewrite_test\n    co = compile(tree, fn_, \"exec\", dont_inherit=True)\nTypeError: required field \"lineno\" missing from alias\n"
    },
    {
      "test_file": "testing/test_skipping.py",
      "test_case": "test_skipped_folding",
      "test_type": "PASS_TO_PASS",
      "exit_code": 1,
      "stdout": "",
      "stderr": "Traceback (most recent call last):\n  File \"/usr/local/bin/pytest\", line 8, in <module>\n    sys.exit(console_main())\n  File \"/app/repo/src/_pytest/config/__init__.py\", line 180, in console_main\n    code = main()\n  File \"/app/repo/src/_pytest/config/__init__.py\", line 136, in main\n    config = _prepareconfig(args, plugins)\n  File \"/app/repo/src/_pytest/config/__init__.py\", line 313, in _prepareconfig\n    config = pluginmanager.hook.pytest_cmdline_parse(\n  File \"/usr/local/lib/python3.10/site-packages/pluggy/hooks.py\", line 286, in __call__\n    return self._hookexec(self, self.get_hookimpls(), kwargs)\n  File \"/usr/local/lib/python3.10/site-packages/pluggy/manager.py\", line 93, in _hookexec\n    return self._inner_hookexec(hook, methods, kwargs)\n  File \"/usr/local/lib/python3.10/site-packages/pluggy/manager.py\", line 84, in <lambda>\n    self._inner_hookexec = lambda hook, methods, kwargs: hook.multicall(\n  File \"/usr/local/lib/python3.10/site-packages/pluggy/callers.py\", line 203, in _multicall\n    gen.send(outcome)\n  File \"/app/repo/src/_pytest/helpconfig.py\", line 99, in pytest_cmdline_parse\n    config = outcome.get_result()  # type: Config\n  File \"/usr/local/lib/python3.10/site-packages/pluggy/callers.py\", line 80, in get_result\n    raise ex[1].with_traceback(ex[2])\n  File \"/usr/local/lib/python3.10/site-packages/pluggy/callers.py\", line 187, in _multicall\n    res = hook_impl.function(*args)\n  File \"/app/repo/src/_pytest/config/__init__.py\", line 932, in pytest_cmdline_parse\n    self.parse(args)\n  File \"/app/repo/src/_pytest/config/__init__.py\", line 1204, in parse\n    self._preparse(args, addopts=addopts)\n  File \"/app/repo/src/_pytest/config/__init__.py\", line 1093, in _preparse\n    self.pluginmanager.consider_preparse(args, exclude_only=False)\n  File \"/app/repo/src/_pytest/config/__init__.py\", line 622, in consider_preparse\n    self.consider_pluginarg(parg)\n  File \"/app/repo/src/_pytest/config/__init__.py\", line 647, in consider_pluginarg\n    self.import_plugin(arg, consider_entry_points=True)\n  File \"/app/repo/src/_pytest/config/__init__.py\", line 689, in import_plugin\n    __import__(importspec)\n  File \"<frozen importlib._bootstrap>\", line 1027, in _find_and_load\n  File \"<frozen importlib._bootstrap>\", line 1006, in _find_and_load_unlocked\n  File \"<frozen importlib._bootstrap>\", line 688, in _load_unlocked\n  File \"/app/repo/src/_pytest/assertion/rewrite.py\", line 161, in exec_module\n    source_stat, co = _rewrite_test(fn, self.config)\n  File \"/app/repo/src/_pytest/assertion/rewrite.py\", line 360, in _rewrite_test\n    co = compile(tree, fn_, \"exec\", dont_inherit=True)\nTypeError: required field \"lineno\" missing from alias\n"
    },
    {
      "test_file": "testing/test_skipping.py",
      "test_case": "test_reportchars",
      "test_type": "PASS_TO_PASS",
      "exit_code": 1,
      "stdout": "",
      "stderr": "Traceback (most recent call last):\n  File \"/usr/local/bin/pytest\", line 8, in <module>\n    sys.exit(console_main())\n  File \"/app/repo/src/_pytest/config/__init__.py\", line 180, in console_main\n    code = main()\n  File \"/app/repo/src/_pytest/config/__init__.py\", line 136, in main\n    config = _prepareconfig(args, plugins)\n  File \"/app/repo/src/_pytest/config/__init__.py\", line 313, in _prepareconfig\n    config = pluginmanager.hook.pytest_cmdline_parse(\n  File \"/usr/local/lib/python3.10/site-packages/pluggy/hooks.py\", line 286, in __call__\n    return self._hookexec(self, self.get_hookimpls(), kwargs)\n  File \"/usr/local/lib/python3.10/site-packages/pluggy/manager.py\", line 93, in _hookexec\n    return self._inner_hookexec(hook, methods, kwargs)\n  File \"/usr/local/lib/python3.10/site-packages/pluggy/manager.py\", line 84, in <lambda>\n    self._inner_hookexec = lambda hook, methods, kwargs: hook.multicall(\n  File \"/usr/local/lib/python3.10/site-packages/pluggy/callers.py\", line 203, in _multicall\n    gen.send(outcome)\n  File \"/app/repo/src/_pytest/helpconfig.py\", line 99, in pytest_cmdline_parse\n    config = outcome.get_result()  # type: Config\n  File \"/usr/local/lib/python3.10/site-packages/pluggy/callers.py\", line 80, in get_result\n    raise ex[1].with_traceback(ex[2])\n  File \"/usr/local/lib/python3.10/site-packages/pluggy/callers.py\", line 187, in _multicall\n    res = hook_impl.function(*args)\n  File \"/app/repo/src/_pytest/config/__init__.py\", line 932, in pytest_cmdline_parse\n    self.parse(args)\n  File \"/app/repo/src/_pytest/config/__init__.py\", line 1204, in parse\n    self._preparse(args, addopts=addopts)\n  File \"/app/repo/src/_pytest/config/__init__.py\", line 1093, in _preparse\n    self.pluginmanager.consider_preparse(args, exclude_only=False)\n  File \"/app/repo/src/_pytest/config/__init__.py\", line 622, in consider_preparse\n    self.consider_pluginarg(parg)\n  File \"/app/repo/src/_pytest/config/__init__.py\", line 647, in consider_pluginarg\n    self.import_plugin(arg, consider_entry_points=True)\n  File \"/app/repo/src/_pytest/config/__init__.py\", line 689, in import_plugin\n    __import__(importspec)\n  File \"<frozen importlib._bootstrap>\", line 1027, in _find_and_load\n  File \"<frozen importlib._bootstrap>\", line 1006, in _find_and_load_unlocked\n  File \"<frozen importlib._bootstrap>\", line 688, in _load_unlocked\n  File \"/app/repo/src/_pytest/assertion/rewrite.py\", line 161, in exec_module\n    source_stat, co = _rewrite_test(fn, self.config)\n  File \"/app/repo/src/_pytest/assertion/rewrite.py\", line 360, in _rewrite_test\n    co = compile(tree, fn_, \"exec\", dont_inherit=True)\nTypeError: required field \"lineno\" missing from alias\n"
    },
    {
      "test_file": "testing/test_skipping.py",
      "test_case": "test_reportchars_error",
      "test_type": "PASS_TO_PASS",
      "exit_code": 1,
      "stdout": "",
      "stderr": "Traceback (most recent call last):\n  File \"/usr/local/bin/pytest\", line 8, in <module>\n    sys.exit(console_main())\n  File \"/app/repo/src/_pytest/config/__init__.py\", line 180, in console_main\n    code = main()\n  File \"/app/repo/src/_pytest/config/__init__.py\", line 136, in main\n    config = _prepareconfig(args, plugins)\n  File \"/app/repo/src/_pytest/config/__init__.py\", line 313, in _prepareconfig\n    config = pluginmanager.hook.pytest_cmdline_parse(\n  File \"/usr/local/lib/python3.10/site-packages/pluggy/hooks.py\", line 286, in __call__\n    return self._hookexec(self, self.get_hookimpls(), kwargs)\n  File \"/usr/local/lib/python3.10/site-packages/pluggy/manager.py\", line 93, in _hookexec\n    return self._inner_hookexec(hook, methods, kwargs)\n  File \"/usr/local/lib/python3.10/site-packages/pluggy/manager.py\", line 84, in <lambda>\n    self._inner_hookexec = lambda hook, methods, kwargs: hook.multicall(\n  File \"/usr/local/lib/python3.10/site-packages/pluggy/callers.py\", line 203, in _multicall\n    gen.send(outcome)\n  File \"/app/repo/src/_pytest/helpconfig.py\", line 99, in pytest_cmdline_parse\n    config = outcome.get_result()  # type: Config\n  File \"/usr/local/lib/python3.10/site-packages/pluggy/callers.py\", line 80, in get_result\n    raise ex[1].with_traceback(ex[2])\n  File \"/usr/local/lib/python3.10/site-packages/pluggy/callers.py\", line 187, in _multicall\n    res = hook_impl.function(*args)\n  File \"/app/repo/src/_pytest/config/__init__.py\", line 932, in pytest_cmdline_parse\n    self.parse(args)\n  File \"/app/repo/src/_pytest/config/__init__.py\", line 1204, in parse\n    self._preparse(args, addopts=addopts)\n  File \"/app/repo/src/_pytest/config/__init__.py\", line 1093, in _preparse\n    self.pluginmanager.consider_preparse(args, exclude_only=False)\n  File \"/app/repo/src/_pytest/config/__init__.py\", line 622, in consider_preparse\n    self.consider_pluginarg(parg)\n  File \"/app/repo/src/_pytest/config/__init__.py\", line 647, in consider_pluginarg\n    self.import_plugin(arg, consider_entry_points=True)\n  File \"/app/repo/src/_pytest/config/__init__.py\", line 689, in import_plugin\n    __import__(importspec)\n  File \"<frozen importlib._bootstrap>\", line 1027, in _find_and_load\n  File \"<frozen importlib._bootstrap>\", line 1006, in _find_and_load_unlocked\n  File \"<frozen importlib._bootstrap>\", line 688, in _load_unlocked\n  File \"/app/repo/src/_pytest/assertion/rewrite.py\", line 161, in exec_module\n    source_stat, co = _rewrite_test(fn, self.config)\n  File \"/app/repo/src/_pytest/assertion/rewrite.py\", line 360, in _rewrite_test\n    co = compile(tree, fn_, \"exec\", dont_inherit=True)\nTypeError: required field \"lineno\" missing from alias\n"
    },
    {
      "test_file": "testing/test_skipping.py",
      "test_case": "test_reportchars_all",
      "test_type": "PASS_TO_PASS",
      "exit_code": 1,
      "stdout": "",
      "stderr": "Traceback (most recent call last):\n  File \"/usr/local/bin/pytest\", line 8, in <module>\n    sys.exit(console_main())\n  File \"/app/repo/src/_pytest/config/__init__.py\", line 180, in console_main\n    code = main()\n  File \"/app/repo/src/_pytest/config/__init__.py\", line 136, in main\n    config = _prepareconfig(args, plugins)\n  File \"/app/repo/src/_pytest/config/__init__.py\", line 313, in _prepareconfig\n    config = pluginmanager.hook.pytest_cmdline_parse(\n  File \"/usr/local/lib/python3.10/site-packages/pluggy/hooks.py\", line 286, in __call__\n    return self._hookexec(self, self.get_hookimpls(), kwargs)\n  File \"/usr/local/lib/python3.10/site-packages/pluggy/manager.py\", line 93, in _hookexec\n    return self._inner_hookexec(hook, methods, kwargs)\n  File \"/usr/local/lib/python3.10/site-packages/pluggy/manager.py\", line 84, in <lambda>\n    self._inner_hookexec = lambda hook, methods, kwargs: hook.multicall(\n  File \"/usr/local/lib/python3.10/site-packages/pluggy/callers.py\", line 203, in _multicall\n    gen.send(outcome)\n  File \"/app/repo/src/_pytest/helpconfig.py\", line 99, in pytest_cmdline_parse\n    config = outcome.get_result()  # type: Config\n  File \"/usr/local/lib/python3.10/site-packages/pluggy/callers.py\", line 80, in get_result\n    raise ex[1].with_traceback(ex[2])\n  File \"/usr/local/lib/python3.10/site-packages/pluggy/callers.py\", line 187, in _multicall\n    res = hook_impl.function(*args)\n  File \"/app/repo/src/_pytest/config/__init__.py\", line 932, in pytest_cmdline_parse\n    self.parse(args)\n  File \"/app/repo/src/_pytest/config/__init__.py\", line 1204, in parse\n    self._preparse(args, addopts=addopts)\n  File \"/app/repo/src/_pytest/config/__init__.py\", line 1093, in _preparse\n    self.pluginmanager.consider_preparse(args, exclude_only=False)\n  File \"/app/repo/src/_pytest/config/__init__.py\", line 622, in consider_preparse\n    self.consider_pluginarg(parg)\n  File \"/app/repo/src/_pytest/config/__init__.py\", line 647, in consider_pluginarg\n    self.import_plugin(arg, consider_entry_points=True)\n  File \"/app/repo/src/_pytest/config/__init__.py\", line 689, in import_plugin\n    __import__(importspec)\n  File \"<frozen importlib._bootstrap>\", line 1027, in _find_and_load\n  File \"<frozen importlib._bootstrap>\", line 1006, in _find_and_load_unlocked\n  File \"<frozen importlib._bootstrap>\", line 688, in _load_unlocked\n  File \"/app/repo/src/_pytest/assertion/rewrite.py\", line 161, in exec_module\n    source_stat, co = _rewrite_test(fn, self.config)\n  File \"/app/repo/src/_pytest/assertion/rewrite.py\", line 360, in _rewrite_test\n    co = compile(tree, fn_, \"exec\", dont_inherit=True)\nTypeError: required field \"lineno\" missing from alias\n"
    },
    {
      "test_file": "testing/test_skipping.py",
      "test_case": "test_reportchars_all_error",
      "test_type": "PASS_TO_PASS",
      "exit_code": 1,
      "stdout": "",
      "stderr": "Traceback (most recent call last):\n  File \"/usr/local/bin/pytest\", line 8, in <module>\n    sys.exit(console_main())\n  File \"/app/repo/src/_pytest/config/__init__.py\", line 180, in console_main\n    code = main()\n  File \"/app/repo/src/_pytest/config/__init__.py\", line 136, in main\n    config = _prepareconfig(args, plugins)\n  File \"/app/repo/src/_pytest/config/__init__.py\", line 313, in _prepareconfig\n    config = pluginmanager.hook.pytest_cmdline_parse(\n  File \"/usr/local/lib/python3.10/site-packages/pluggy/hooks.py\", line 286, in __call__\n    return self._hookexec(self, self.get_hookimpls(), kwargs)\n  File \"/usr/local/lib/python3.10/site-packages/pluggy/manager.py\", line 93, in _hookexec\n    return self._inner_hookexec(hook, methods, kwargs)\n  File \"/usr/local/lib/python3.10/site-packages/pluggy/manager.py\", line 84, in <lambda>\n    self._inner_hookexec = lambda hook, methods, kwargs: hook.multicall(\n  File \"/usr/local/lib/python3.10/site-packages/pluggy/callers.py\", line 203, in _multicall\n    gen.send(outcome)\n  File \"/app/repo/src/_pytest/helpconfig.py\", line 99, in pytest_cmdline_parse\n    config = outcome.get_result()  # type: Config\n  File \"/usr/local/lib/python3.10/site-packages/pluggy/callers.py\", line 80, in get_result\n    raise ex[1].with_traceback(ex[2])\n  File \"/usr/local/lib/python3.10/site-packages/pluggy/callers.py\", line 187, in _multicall\n    res = hook_impl.function(*args)\n  File \"/app/repo/src/_pytest/config/__init__.py\", line 932, in pytest_cmdline_parse\n    self.parse(args)\n  File \"/app/repo/src/_pytest/config/__init__.py\", line 1204, in parse\n    self._preparse(args, addopts=addopts)\n  File \"/app/repo/src/_pytest/config/__init__.py\", line 1093, in _preparse\n    self.pluginmanager.consider_preparse(args, exclude_only=False)\n  File \"/app/repo/src/_pytest/config/__init__.py\", line 622, in consider_preparse\n    self.consider_pluginarg(parg)\n  File \"/app/repo/src/_pytest/config/__init__.py\", line 647, in consider_pluginarg\n    self.import_plugin(arg, consider_entry_points=True)\n  File \"/app/repo/src/_pytest/config/__init__.py\", line 689, in import_plugin\n    __import__(importspec)\n  File \"<frozen importlib._bootstrap>\", line 1027, in _find_and_load\n  File \"<frozen importlib._bootstrap>\", line 1006, in _find_and_load_unlocked\n  File \"<frozen importlib._bootstrap>\", line 688, in _load_unlocked\n  File \"/app/repo/src/_pytest/assertion/rewrite.py\", line 161, in exec_module\n    source_stat, co = _rewrite_test(fn, self.config)\n  File \"/app/repo/src/_pytest/assertion/rewrite.py\", line 360, in _rewrite_test\n    co = compile(tree, fn_, \"exec\", dont_inherit=True)\nTypeError: required field \"lineno\" missing from alias\n"
    },
    {
      "test_file": "testing/test_skipping.py",
      "test_case": "test_errors_in_xfail_skip_expressions",
      "test_type": "PASS_TO_PASS",
      "exit_code": 1,
      "stdout": "",
      "stderr": "Traceback (most recent call last):\n  File \"/usr/local/bin/pytest\", line 8, in <module>\n    sys.exit(console_main())\n  File \"/app/repo/src/_pytest/config/__init__.py\", line 180, in console_main\n    code = main()\n  File \"/app/repo/src/_pytest/config/__init__.py\", line 136, in main\n    config = _prepareconfig(args, plugins)\n  File \"/app/repo/src/_pytest/config/__init__.py\", line 313, in _prepareconfig\n    config = pluginmanager.hook.pytest_cmdline_parse(\n  File \"/usr/local/lib/python3.10/site-packages/pluggy/hooks.py\", line 286, in __call__\n    return self._hookexec(self, self.get_hookimpls(), kwargs)\n  File \"/usr/local/lib/python3.10/site-packages/pluggy/manager.py\", line 93, in _hookexec\n    return self._inner_hookexec(hook, methods, kwargs)\n  File \"/usr/local/lib/python3.10/site-packages/pluggy/manager.py\", line 84, in <lambda>\n    self._inner_hookexec = lambda hook, methods, kwargs: hook.multicall(\n  File \"/usr/local/lib/python3.10/site-packages/pluggy/callers.py\", line 203, in _multicall\n    gen.send(outcome)\n  File \"/app/repo/src/_pytest/helpconfig.py\", line 99, in pytest_cmdline_parse\n    config = outcome.get_result()  # type: Config\n  File \"/usr/local/lib/python3.10/site-packages/pluggy/callers.py\", line 80, in get_result\n    raise ex[1].with_traceback(ex[2])\n  File \"/usr/local/lib/python3.10/site-packages/pluggy/callers.py\", line 187, in _multicall\n    res = hook_impl.function(*args)\n  File \"/app/repo/src/_pytest/config/__init__.py\", line 932, in pytest_cmdline_parse\n    self.parse(args)\n  File \"/app/repo/src/_pytest/config/__init__.py\", line 1204, in parse\n    self._preparse(args, addopts=addopts)\n  File \"/app/repo/src/_pytest/config/__init__.py\", line 1093, in _preparse\n    self.pluginmanager.consider_preparse(args, exclude_only=False)\n  File \"/app/repo/src/_pytest/config/__init__.py\", line 622, in consider_preparse\n    self.consider_pluginarg(parg)\n  File \"/app/repo/src/_pytest/config/__init__.py\", line 647, in consider_pluginarg\n    self.import_plugin(arg, consider_entry_points=True)\n  File \"/app/repo/src/_pytest/config/__init__.py\", line 689, in import_plugin\n    __import__(importspec)\n  File \"<frozen importlib._bootstrap>\", line 1027, in _find_and_load\n  File \"<frozen importlib._bootstrap>\", line 1006, in _find_and_load_unlocked\n  File \"<frozen importlib._bootstrap>\", line 688, in _load_unlocked\n  File \"/app/repo/src/_pytest/assertion/rewrite.py\", line 161, in exec_module\n    source_stat, co = _rewrite_test(fn, self.config)\n  File \"/app/repo/src/_pytest/assertion/rewrite.py\", line 360, in _rewrite_test\n    co = compile(tree, fn_, \"exec\", dont_inherit=True)\nTypeError: required field \"lineno\" missing from alias\n"
    },
    {
      "test_file": "testing/test_skipping.py",
      "test_case": "test_xfail_skipif_with_globals",
      "test_type": "PASS_TO_PASS",
      "exit_code": 1,
      "stdout": "",
      "stderr": "Traceback (most recent call last):\n  File \"/usr/local/bin/pytest\", line 8, in <module>\n    sys.exit(console_main())\n  File \"/app/repo/src/_pytest/config/__init__.py\", line 180, in console_main\n    code = main()\n  File \"/app/repo/src/_pytest/config/__init__.py\", line 136, in main\n    config = _prepareconfig(args, plugins)\n  File \"/app/repo/src/_pytest/config/__init__.py\", line 313, in _prepareconfig\n    config = pluginmanager.hook.pytest_cmdline_parse(\n  File \"/usr/local/lib/python3.10/site-packages/pluggy/hooks.py\", line 286, in __call__\n    return self._hookexec(self, self.get_hookimpls(), kwargs)\n  File \"/usr/local/lib/python3.10/site-packages/pluggy/manager.py\", line 93, in _hookexec\n    return self._inner_hookexec(hook, methods, kwargs)\n  File \"/usr/local/lib/python3.10/site-packages/pluggy/manager.py\", line 84, in <lambda>\n    self._inner_hookexec = lambda hook, methods, kwargs: hook.multicall(\n  File \"/usr/local/lib/python3.10/site-packages/pluggy/callers.py\", line 203, in _multicall\n    gen.send(outcome)\n  File \"/app/repo/src/_pytest/helpconfig.py\", line 99, in pytest_cmdline_parse\n    config = outcome.get_result()  # type: Config\n  File \"/usr/local/lib/python3.10/site-packages/pluggy/callers.py\", line 80, in get_result\n    raise ex[1].with_traceback(ex[2])\n  File \"/usr/local/lib/python3.10/site-packages/pluggy/callers.py\", line 187, in _multicall\n    res = hook_impl.function(*args)\n  File \"/app/repo/src/_pytest/config/__init__.py\", line 932, in pytest_cmdline_parse\n    self.parse(args)\n  File \"/app/repo/src/_pytest/config/__init__.py\", line 1204, in parse\n    self._preparse(args, addopts=addopts)\n  File \"/app/repo/src/_pytest/config/__init__.py\", line 1093, in _preparse\n    self.pluginmanager.consider_preparse(args, exclude_only=False)\n  File \"/app/repo/src/_pytest/config/__init__.py\", line 622, in consider_preparse\n    self.consider_pluginarg(parg)\n  File \"/app/repo/src/_pytest/config/__init__.py\", line 647, in consider_pluginarg\n    self.import_plugin(arg, consider_entry_points=True)\n  File \"/app/repo/src/_pytest/config/__init__.py\", line 689, in import_plugin\n    __import__(importspec)\n  File \"<frozen importlib._bootstrap>\", line 1027, in _find_and_load\n  File \"<frozen importlib._bootstrap>\", line 1006, in _find_and_load_unlocked\n  File \"<frozen importlib._bootstrap>\", line 688, in _load_unlocked\n  File \"/app/repo/src/_pytest/assertion/rewrite.py\", line 161, in exec_module\n    source_stat, co = _rewrite_test(fn, self.config)\n  File \"/app/repo/src/_pytest/assertion/rewrite.py\", line 360, in _rewrite_test\n    co = compile(tree, fn_, \"exec\", dont_inherit=True)\nTypeError: required field \"lineno\" missing from alias\n"
    },
    {
      "test_file": "testing/test_skipping.py",
      "test_case": "test_default_markers",
      "test_type": "PASS_TO_PASS",
      "exit_code": 1,
      "stdout": "",
      "stderr": "Traceback (most recent call last):\n  File \"/usr/local/bin/pytest\", line 8, in <module>\n    sys.exit(console_main())\n  File \"/app/repo/src/_pytest/config/__init__.py\", line 180, in console_main\n    code = main()\n  File \"/app/repo/src/_pytest/config/__init__.py\", line 136, in main\n    config = _prepareconfig(args, plugins)\n  File \"/app/repo/src/_pytest/config/__init__.py\", line 313, in _prepareconfig\n    config = pluginmanager.hook.pytest_cmdline_parse(\n  File \"/usr/local/lib/python3.10/site-packages/pluggy/hooks.py\", line 286, in __call__\n    return self._hookexec(self, self.get_hookimpls(), kwargs)\n  File \"/usr/local/lib/python3.10/site-packages/pluggy/manager.py\", line 93, in _hookexec\n    return self._inner_hookexec(hook, methods, kwargs)\n  File \"/usr/local/lib/python3.10/site-packages/pluggy/manager.py\", line 84, in <lambda>\n    self._inner_hookexec = lambda hook, methods, kwargs: hook.multicall(\n  File \"/usr/local/lib/python3.10/site-packages/pluggy/callers.py\", line 203, in _multicall\n    gen.send(outcome)\n  File \"/app/repo/src/_pytest/helpconfig.py\", line 99, in pytest_cmdline_parse\n    config = outcome.get_result()  # type: Config\n  File \"/usr/local/lib/python3.10/site-packages/pluggy/callers.py\", line 80, in get_result\n    raise ex[1].with_traceback(ex[2])\n  File \"/usr/local/lib/python3.10/site-packages/pluggy/callers.py\", line 187, in _multicall\n    res = hook_impl.function(*args)\n  File \"/app/repo/src/_pytest/config/__init__.py\", line 932, in pytest_cmdline_parse\n    self.parse(args)\n  File \"/app/repo/src/_pytest/config/__init__.py\", line 1204, in parse\n    self._preparse(args, addopts=addopts)\n  File \"/app/repo/src/_pytest/config/__init__.py\", line 1093, in _preparse\n    self.pluginmanager.consider_preparse(args, exclude_only=False)\n  File \"/app/repo/src/_pytest/config/__init__.py\", line 622, in consider_preparse\n    self.consider_pluginarg(parg)\n  File \"/app/repo/src/_pytest/config/__init__.py\", line 647, in consider_pluginarg\n    self.import_plugin(arg, consider_entry_points=True)\n  File \"/app/repo/src/_pytest/config/__init__.py\", line 689, in import_plugin\n    __import__(importspec)\n  File \"<frozen importlib._bootstrap>\", line 1027, in _find_and_load\n  File \"<frozen importlib._bootstrap>\", line 1006, in _find_and_load_unlocked\n  File \"<frozen importlib._bootstrap>\", line 688, in _load_unlocked\n  File \"/app/repo/src/_pytest/assertion/rewrite.py\", line 161, in exec_module\n    source_stat, co = _rewrite_test(fn, self.config)\n  File \"/app/repo/src/_pytest/assertion/rewrite.py\", line 360, in _rewrite_test\n    co = compile(tree, fn_, \"exec\", dont_inherit=True)\nTypeError: required field \"lineno\" missing from alias\n"
    },
    {
      "test_file": "testing/test_skipping.py",
      "test_case": "test_xfail_test_setup_exception",
      "test_type": "PASS_TO_PASS",
      "exit_code": 1,
      "stdout": "",
      "stderr": "Traceback (most recent call last):\n  File \"/usr/local/bin/pytest\", line 8, in <module>\n    sys.exit(console_main())\n  File \"/app/repo/src/_pytest/config/__init__.py\", line 180, in console_main\n    code = main()\n  File \"/app/repo/src/_pytest/config/__init__.py\", line 136, in main\n    config = _prepareconfig(args, plugins)\n  File \"/app/repo/src/_pytest/config/__init__.py\", line 313, in _prepareconfig\n    config = pluginmanager.hook.pytest_cmdline_parse(\n  File \"/usr/local/lib/python3.10/site-packages/pluggy/hooks.py\", line 286, in __call__\n    return self._hookexec(self, self.get_hookimpls(), kwargs)\n  File \"/usr/local/lib/python3.10/site-packages/pluggy/manager.py\", line 93, in _hookexec\n    return self._inner_hookexec(hook, methods, kwargs)\n  File \"/usr/local/lib/python3.10/site-packages/pluggy/manager.py\", line 84, in <lambda>\n    self._inner_hookexec = lambda hook, methods, kwargs: hook.multicall(\n  File \"/usr/local/lib/python3.10/site-packages/pluggy/callers.py\", line 203, in _multicall\n    gen.send(outcome)\n  File \"/app/repo/src/_pytest/helpconfig.py\", line 99, in pytest_cmdline_parse\n    config = outcome.get_result()  # type: Config\n  File \"/usr/local/lib/python3.10/site-packages/pluggy/callers.py\", line 80, in get_result\n    raise ex[1].with_traceback(ex[2])\n  File \"/usr/local/lib/python3.10/site-packages/pluggy/callers.py\", line 187, in _multicall\n    res = hook_impl.function(*args)\n  File \"/app/repo/src/_pytest/config/__init__.py\", line 932, in pytest_cmdline_parse\n    self.parse(args)\n  File \"/app/repo/src/_pytest/config/__init__.py\", line 1204, in parse\n    self._preparse(args, addopts=addopts)\n  File \"/app/repo/src/_pytest/config/__init__.py\", line 1093, in _preparse\n    self.pluginmanager.consider_preparse(args, exclude_only=False)\n  File \"/app/repo/src/_pytest/config/__init__.py\", line 622, in consider_preparse\n    self.consider_pluginarg(parg)\n  File \"/app/repo/src/_pytest/config/__init__.py\", line 647, in consider_pluginarg\n    self.import_plugin(arg, consider_entry_points=True)\n  File \"/app/repo/src/_pytest/config/__init__.py\", line 689, in import_plugin\n    __import__(importspec)\n  File \"<frozen importlib._bootstrap>\", line 1027, in _find_and_load\n  File \"<frozen importlib._bootstrap>\", line 1006, in _find_and_load_unlocked\n  File \"<frozen importlib._bootstrap>\", line 688, in _load_unlocked\n  File \"/app/repo/src/_pytest/assertion/rewrite.py\", line 161, in exec_module\n    source_stat, co = _rewrite_test(fn, self.config)\n  File \"/app/repo/src/_pytest/assertion/rewrite.py\", line 360, in _rewrite_test\n    co = compile(tree, fn_, \"exec\", dont_inherit=True)\nTypeError: required field \"lineno\" missing from alias\n"
    },
    {
      "test_file": "testing/test_skipping.py",
      "test_case": "test_imperativeskip_on_xfail_test",
      "test_type": "PASS_TO_PASS",
      "exit_code": 1,
      "stdout": "",
      "stderr": "Traceback (most recent call last):\n  File \"/usr/local/bin/pytest\", line 8, in <module>\n    sys.exit(console_main())\n  File \"/app/repo/src/_pytest/config/__init__.py\", line 180, in console_main\n    code = main()\n  File \"/app/repo/src/_pytest/config/__init__.py\", line 136, in main\n    config = _prepareconfig(args, plugins)\n  File \"/app/repo/src/_pytest/config/__init__.py\", line 313, in _prepareconfig\n    config = pluginmanager.hook.pytest_cmdline_parse(\n  File \"/usr/local/lib/python3.10/site-packages/pluggy/hooks.py\", line 286, in __call__\n    return self._hookexec(self, self.get_hookimpls(), kwargs)\n  File \"/usr/local/lib/python3.10/site-packages/pluggy/manager.py\", line 93, in _hookexec\n    return self._inner_hookexec(hook, methods, kwargs)\n  File \"/usr/local/lib/python3.10/site-packages/pluggy/manager.py\", line 84, in <lambda>\n    self._inner_hookexec = lambda hook, methods, kwargs: hook.multicall(\n  File \"/usr/local/lib/python3.10/site-packages/pluggy/callers.py\", line 203, in _multicall\n    gen.send(outcome)\n  File \"/app/repo/src/_pytest/helpconfig.py\", line 99, in pytest_cmdline_parse\n    config = outcome.get_result()  # type: Config\n  File \"/usr/local/lib/python3.10/site-packages/pluggy/callers.py\", line 80, in get_result\n    raise ex[1].with_traceback(ex[2])\n  File \"/usr/local/lib/python3.10/site-packages/pluggy/callers.py\", line 187, in _multicall\n    res = hook_impl.function(*args)\n  File \"/app/repo/src/_pytest/config/__init__.py\", line 932, in pytest_cmdline_parse\n    self.parse(args)\n  File \"/app/repo/src/_pytest/config/__init__.py\", line 1204, in parse\n    self._preparse(args, addopts=addopts)\n  File \"/app/repo/src/_pytest/config/__init__.py\", line 1093, in _preparse\n    self.pluginmanager.consider_preparse(args, exclude_only=False)\n  File \"/app/repo/src/_pytest/config/__init__.py\", line 622, in consider_preparse\n    self.consider_pluginarg(parg)\n  File \"/app/repo/src/_pytest/config/__init__.py\", line 647, in consider_pluginarg\n    self.import_plugin(arg, consider_entry_points=True)\n  File \"/app/repo/src/_pytest/config/__init__.py\", line 689, in import_plugin\n    __import__(importspec)\n  File \"<frozen importlib._bootstrap>\", line 1027, in _find_and_load\n  File \"<frozen importlib._bootstrap>\", line 1006, in _find_and_load_unlocked\n  File \"<frozen importlib._bootstrap>\", line 688, in _load_unlocked\n  File \"/app/repo/src/_pytest/assertion/rewrite.py\", line 161, in exec_module\n    source_stat, co = _rewrite_test(fn, self.config)\n  File \"/app/repo/src/_pytest/assertion/rewrite.py\", line 360, in _rewrite_test\n    co = compile(tree, fn_, \"exec\", dont_inherit=True)\nTypeError: required field \"lineno\" missing from alias\n"
    },
    {
      "test_file": "testing/test_skipping.py",
      "test_case": "test_xfail_item",
      "test_type": "PASS_TO_PASS",
      "exit_code": 1,
      "stdout": "",
      "stderr": "Traceback (most recent call last):\n  File \"/usr/local/bin/pytest\", line 8, in <module>\n    sys.exit(console_main())\n  File \"/app/repo/src/_pytest/config/__init__.py\", line 180, in console_main\n    code = main()\n  File \"/app/repo/src/_pytest/config/__init__.py\", line 136, in main\n    config = _prepareconfig(args, plugins)\n  File \"/app/repo/src/_pytest/config/__init__.py\", line 313, in _prepareconfig\n    config = pluginmanager.hook.pytest_cmdline_parse(\n  File \"/usr/local/lib/python3.10/site-packages/pluggy/hooks.py\", line 286, in __call__\n    return self._hookexec(self, self.get_hookimpls(), kwargs)\n  File \"/usr/local/lib/python3.10/site-packages/pluggy/manager.py\", line 93, in _hookexec\n    return self._inner_hookexec(hook, methods, kwargs)\n  File \"/usr/local/lib/python3.10/site-packages/pluggy/manager.py\", line 84, in <lambda>\n    self._inner_hookexec = lambda hook, methods, kwargs: hook.multicall(\n  File \"/usr/local/lib/python3.10/site-packages/pluggy/callers.py\", line 203, in _multicall\n    gen.send(outcome)\n  File \"/app/repo/src/_pytest/helpconfig.py\", line 99, in pytest_cmdline_parse\n    config = outcome.get_result()  # type: Config\n  File \"/usr/local/lib/python3.10/site-packages/pluggy/callers.py\", line 80, in get_result\n    raise ex[1].with_traceback(ex[2])\n  File \"/usr/local/lib/python3.10/site-packages/pluggy/callers.py\", line 187, in _multicall\n    res = hook_impl.function(*args)\n  File \"/app/repo/src/_pytest/config/__init__.py\", line 932, in pytest_cmdline_parse\n    self.parse(args)\n  File \"/app/repo/src/_pytest/config/__init__.py\", line 1204, in parse\n    self._preparse(args, addopts=addopts)\n  File \"/app/repo/src/_pytest/config/__init__.py\", line 1093, in _preparse\n    self.pluginmanager.consider_preparse(args, exclude_only=False)\n  File \"/app/repo/src/_pytest/config/__init__.py\", line 622, in consider_preparse\n    self.consider_pluginarg(parg)\n  File \"/app/repo/src/_pytest/config/__init__.py\", line 647, in consider_pluginarg\n    self.import_plugin(arg, consider_entry_points=True)\n  File \"/app/repo/src/_pytest/config/__init__.py\", line 689, in import_plugin\n    __import__(importspec)\n  File \"<frozen importlib._bootstrap>\", line 1027, in _find_and_load\n  File \"<frozen importlib._bootstrap>\", line 1006, in _find_and_load_unlocked\n  File \"<frozen importlib._bootstrap>\", line 688, in _load_unlocked\n  File \"/app/repo/src/_pytest/assertion/rewrite.py\", line 161, in exec_module\n    source_stat, co = _rewrite_test(fn, self.config)\n  File \"/app/repo/src/_pytest/assertion/rewrite.py\", line 360, in _rewrite_test\n    co = compile(tree, fn_, \"exec\", dont_inherit=True)\nTypeError: required field \"lineno\" missing from alias\n"
    },
    {
      "test_file": "testing/test_skipping.py",
      "test_case": "test_module_level_skip_error",
      "test_type": "PASS_TO_PASS",
      "exit_code": 1,
      "stdout": "",
      "stderr": "Traceback (most recent call last):\n  File \"/usr/local/bin/pytest\", line 8, in <module>\n    sys.exit(console_main())\n  File \"/app/repo/src/_pytest/config/__init__.py\", line 180, in console_main\n    code = main()\n  File \"/app/repo/src/_pytest/config/__init__.py\", line 136, in main\n    config = _prepareconfig(args, plugins)\n  File \"/app/repo/src/_pytest/config/__init__.py\", line 313, in _prepareconfig\n    config = pluginmanager.hook.pytest_cmdline_parse(\n  File \"/usr/local/lib/python3.10/site-packages/pluggy/hooks.py\", line 286, in __call__\n    return self._hookexec(self, self.get_hookimpls(), kwargs)\n  File \"/usr/local/lib/python3.10/site-packages/pluggy/manager.py\", line 93, in _hookexec\n    return self._inner_hookexec(hook, methods, kwargs)\n  File \"/usr/local/lib/python3.10/site-packages/pluggy/manager.py\", line 84, in <lambda>\n    self._inner_hookexec = lambda hook, methods, kwargs: hook.multicall(\n  File \"/usr/local/lib/python3.10/site-packages/pluggy/callers.py\", line 203, in _multicall\n    gen.send(outcome)\n  File \"/app/repo/src/_pytest/helpconfig.py\", line 99, in pytest_cmdline_parse\n    config = outcome.get_result()  # type: Config\n  File \"/usr/local/lib/python3.10/site-packages/pluggy/callers.py\", line 80, in get_result\n    raise ex[1].with_traceback(ex[2])\n  File \"/usr/local/lib/python3.10/site-packages/pluggy/callers.py\", line 187, in _multicall\n    res = hook_impl.function(*args)\n  File \"/app/repo/src/_pytest/config/__init__.py\", line 932, in pytest_cmdline_parse\n    self.parse(args)\n  File \"/app/repo/src/_pytest/config/__init__.py\", line 1204, in parse\n    self._preparse(args, addopts=addopts)\n  File \"/app/repo/src/_pytest/config/__init__.py\", line 1093, in _preparse\n    self.pluginmanager.consider_preparse(args, exclude_only=False)\n  File \"/app/repo/src/_pytest/config/__init__.py\", line 622, in consider_preparse\n    self.consider_pluginarg(parg)\n  File \"/app/repo/src/_pytest/config/__init__.py\", line 647, in consider_pluginarg\n    self.import_plugin(arg, consider_entry_points=True)\n  File \"/app/repo/src/_pytest/config/__init__.py\", line 689, in import_plugin\n    __import__(importspec)\n  File \"<frozen importlib._bootstrap>\", line 1027, in _find_and_load\n  File \"<frozen importlib._bootstrap>\", line 1006, in _find_and_load_unlocked\n  File \"<frozen importlib._bootstrap>\", line 688, in _load_unlocked\n  File \"/app/repo/src/_pytest/assertion/rewrite.py\", line 161, in exec_module\n    source_stat, co = _rewrite_test(fn, self.config)\n  File \"/app/repo/src/_pytest/assertion/rewrite.py\", line 360, in _rewrite_test\n    co = compile(tree, fn_, \"exec\", dont_inherit=True)\nTypeError: required field \"lineno\" missing from alias\n"
    },
    {
      "test_file": "testing/test_skipping.py",
      "test_case": "test_module_level_skip_with_allow_module_level",
      "test_type": "PASS_TO_PASS",
      "exit_code": 1,
      "stdout": "",
      "stderr": "Traceback (most recent call last):\n  File \"/usr/local/bin/pytest\", line 8, in <module>\n    sys.exit(console_main())\n  File \"/app/repo/src/_pytest/config/__init__.py\", line 180, in console_main\n    code = main()\n  File \"/app/repo/src/_pytest/config/__init__.py\", line 136, in main\n    config = _prepareconfig(args, plugins)\n  File \"/app/repo/src/_pytest/config/__init__.py\", line 313, in _prepareconfig\n    config = pluginmanager.hook.pytest_cmdline_parse(\n  File \"/usr/local/lib/python3.10/site-packages/pluggy/hooks.py\", line 286, in __call__\n    return self._hookexec(self, self.get_hookimpls(), kwargs)\n  File \"/usr/local/lib/python3.10/site-packages/pluggy/manager.py\", line 93, in _hookexec\n    return self._inner_hookexec(hook, methods, kwargs)\n  File \"/usr/local/lib/python3.10/site-packages/pluggy/manager.py\", line 84, in <lambda>\n    self._inner_hookexec = lambda hook, methods, kwargs: hook.multicall(\n  File \"/usr/local/lib/python3.10/site-packages/pluggy/callers.py\", line 203, in _multicall\n    gen.send(outcome)\n  File \"/app/repo/src/_pytest/helpconfig.py\", line 99, in pytest_cmdline_parse\n    config = outcome.get_result()  # type: Config\n  File \"/usr/local/lib/python3.10/site-packages/pluggy/callers.py\", line 80, in get_result\n    raise ex[1].with_traceback(ex[2])\n  File \"/usr/local/lib/python3.10/site-packages/pluggy/callers.py\", line 187, in _multicall\n    res = hook_impl.function(*args)\n  File \"/app/repo/src/_pytest/config/__init__.py\", line 932, in pytest_cmdline_parse\n    self.parse(args)\n  File \"/app/repo/src/_pytest/config/__init__.py\", line 1204, in parse\n    self._preparse(args, addopts=addopts)\n  File \"/app/repo/src/_pytest/config/__init__.py\", line 1093, in _preparse\n    self.pluginmanager.consider_preparse(args, exclude_only=False)\n  File \"/app/repo/src/_pytest/config/__init__.py\", line 622, in consider_preparse\n    self.consider_pluginarg(parg)\n  File \"/app/repo/src/_pytest/config/__init__.py\", line 647, in consider_pluginarg\n    self.import_plugin(arg, consider_entry_points=True)\n  File \"/app/repo/src/_pytest/config/__init__.py\", line 689, in import_plugin\n    __import__(importspec)\n  File \"<frozen importlib._bootstrap>\", line 1027, in _find_and_load\n  File \"<frozen importlib._bootstrap>\", line 1006, in _find_and_load_unlocked\n  File \"<frozen importlib._bootstrap>\", line 688, in _load_unlocked\n  File \"/app/repo/src/_pytest/assertion/rewrite.py\", line 161, in exec_module\n    source_stat, co = _rewrite_test(fn, self.config)\n  File \"/app/repo/src/_pytest/assertion/rewrite.py\", line 360, in _rewrite_test\n    co = compile(tree, fn_, \"exec\", dont_inherit=True)\nTypeError: required field \"lineno\" missing from alias\n"
    },
    {
      "test_file": "testing/test_skipping.py",
      "test_case": "test_invalid_skip_keyword_parameter",
      "test_type": "PASS_TO_PASS",
      "exit_code": 1,
      "stdout": "",
      "stderr": "Traceback (most recent call last):\n  File \"/usr/local/bin/pytest\", line 8, in <module>\n    sys.exit(console_main())\n  File \"/app/repo/src/_pytest/config/__init__.py\", line 180, in console_main\n    code = main()\n  File \"/app/repo/src/_pytest/config/__init__.py\", line 136, in main\n    config = _prepareconfig(args, plugins)\n  File \"/app/repo/src/_pytest/config/__init__.py\", line 313, in _prepareconfig\n    config = pluginmanager.hook.pytest_cmdline_parse(\n  File \"/usr/local/lib/python3.10/site-packages/pluggy/hooks.py\", line 286, in __call__\n    return self._hookexec(self, self.get_hookimpls(), kwargs)\n  File \"/usr/local/lib/python3.10/site-packages/pluggy/manager.py\", line 93, in _hookexec\n    return self._inner_hookexec(hook, methods, kwargs)\n  File \"/usr/local/lib/python3.10/site-packages/pluggy/manager.py\", line 84, in <lambda>\n    self._inner_hookexec = lambda hook, methods, kwargs: hook.multicall(\n  File \"/usr/local/lib/python3.10/site-packages/pluggy/callers.py\", line 203, in _multicall\n    gen.send(outcome)\n  File \"/app/repo/src/_pytest/helpconfig.py\", line 99, in pytest_cmdline_parse\n    config = outcome.get_result()  # type: Config\n  File \"/usr/local/lib/python3.10/site-packages/pluggy/callers.py\", line 80, in get_result\n    raise ex[1].with_traceback(ex[2])\n  File \"/usr/local/lib/python3.10/site-packages/pluggy/callers.py\", line 187, in _multicall\n    res = hook_impl.function(*args)\n  File \"/app/repo/src/_pytest/config/__init__.py\", line 932, in pytest_cmdline_parse\n    self.parse(args)\n  File \"/app/repo/src/_pytest/config/__init__.py\", line 1204, in parse\n    self._preparse(args, addopts=addopts)\n  File \"/app/repo/src/_pytest/config/__init__.py\", line 1093, in _preparse\n    self.pluginmanager.consider_preparse(args, exclude_only=False)\n  File \"/app/repo/src/_pytest/config/__init__.py\", line 622, in consider_preparse\n    self.consider_pluginarg(parg)\n  File \"/app/repo/src/_pytest/config/__init__.py\", line 647, in consider_pluginarg\n    self.import_plugin(arg, consider_entry_points=True)\n  File \"/app/repo/src/_pytest/config/__init__.py\", line 689, in import_plugin\n    __import__(importspec)\n  File \"<frozen importlib._bootstrap>\", line 1027, in _find_and_load\n  File \"<frozen importlib._bootstrap>\", line 1006, in _find_and_load_unlocked\n  File \"<frozen importlib._bootstrap>\", line 688, in _load_unlocked\n  File \"/app/repo/src/_pytest/assertion/rewrite.py\", line 161, in exec_module\n    source_stat, co = _rewrite_test(fn, self.config)\n  File \"/app/repo/src/_pytest/assertion/rewrite.py\", line 360, in _rewrite_test\n    co = compile(tree, fn_, \"exec\", dont_inherit=True)\nTypeError: required field \"lineno\" missing from alias\n"
    },
    {
      "test_file": "testing/test_skipping.py",
      "test_case": "test_mark_xfail_item",
      "test_type": "PASS_TO_PASS",
      "exit_code": 1,
      "stdout": "",
      "stderr": "Traceback (most recent call last):\n  File \"/usr/local/bin/pytest\", line 8, in <module>\n    sys.exit(console_main())\n  File \"/app/repo/src/_pytest/config/__init__.py\", line 180, in console_main\n    code = main()\n  File \"/app/repo/src/_pytest/config/__init__.py\", line 136, in main\n    config = _prepareconfig(args, plugins)\n  File \"/app/repo/src/_pytest/config/__init__.py\", line 313, in _prepareconfig\n    config = pluginmanager.hook.pytest_cmdline_parse(\n  File \"/usr/local/lib/python3.10/site-packages/pluggy/hooks.py\", line 286, in __call__\n    return self._hookexec(self, self.get_hookimpls(), kwargs)\n  File \"/usr/local/lib/python3.10/site-packages/pluggy/manager.py\", line 93, in _hookexec\n    return self._inner_hookexec(hook, methods, kwargs)\n  File \"/usr/local/lib/python3.10/site-packages/pluggy/manager.py\", line 84, in <lambda>\n    self._inner_hookexec = lambda hook, methods, kwargs: hook.multicall(\n  File \"/usr/local/lib/python3.10/site-packages/pluggy/callers.py\", line 203, in _multicall\n    gen.send(outcome)\n  File \"/app/repo/src/_pytest/helpconfig.py\", line 99, in pytest_cmdline_parse\n    config = outcome.get_result()  # type: Config\n  File \"/usr/local/lib/python3.10/site-packages/pluggy/callers.py\", line 80, in get_result\n    raise ex[1].with_traceback(ex[2])\n  File \"/usr/local/lib/python3.10/site-packages/pluggy/callers.py\", line 187, in _multicall\n    res = hook_impl.function(*args)\n  File \"/app/repo/src/_pytest/config/__init__.py\", line 932, in pytest_cmdline_parse\n    self.parse(args)\n  File \"/app/repo/src/_pytest/config/__init__.py\", line 1204, in parse\n    self._preparse(args, addopts=addopts)\n  File \"/app/repo/src/_pytest/config/__init__.py\", line 1093, in _preparse\n    self.pluginmanager.consider_preparse(args, exclude_only=False)\n  File \"/app/repo/src/_pytest/config/__init__.py\", line 622, in consider_preparse\n    self.consider_pluginarg(parg)\n  File \"/app/repo/src/_pytest/config/__init__.py\", line 647, in consider_pluginarg\n    self.import_plugin(arg, consider_entry_points=True)\n  File \"/app/repo/src/_pytest/config/__init__.py\", line 689, in import_plugin\n    __import__(importspec)\n  File \"<frozen importlib._bootstrap>\", line 1027, in _find_and_load\n  File \"<frozen importlib._bootstrap>\", line 1006, in _find_and_load_unlocked\n  File \"<frozen importlib._bootstrap>\", line 688, in _load_unlocked\n  File \"/app/repo/src/_pytest/assertion/rewrite.py\", line 161, in exec_module\n    source_stat, co = _rewrite_test(fn, self.config)\n  File \"/app/repo/src/_pytest/assertion/rewrite.py\", line 360, in _rewrite_test\n    co = compile(tree, fn_, \"exec\", dont_inherit=True)\nTypeError: required field \"lineno\" missing from alias\n"
    },
    {
      "test_file": "testing/test_skipping.py",
      "test_case": "test_summary_list_after_errors",
      "test_type": "PASS_TO_PASS",
      "exit_code": 1,
      "stdout": "",
      "stderr": "Traceback (most recent call last):\n  File \"/usr/local/bin/pytest\", line 8, in <module>\n    sys.exit(console_main())\n  File \"/app/repo/src/_pytest/config/__init__.py\", line 180, in console_main\n    code = main()\n  File \"/app/repo/src/_pytest/config/__init__.py\", line 136, in main\n    config = _prepareconfig(args, plugins)\n  File \"/app/repo/src/_pytest/config/__init__.py\", line 313, in _prepareconfig\n    config = pluginmanager.hook.pytest_cmdline_parse(\n  File \"/usr/local/lib/python3.10/site-packages/pluggy/hooks.py\", line 286, in __call__\n    return self._hookexec(self, self.get_hookimpls(), kwargs)\n  File \"/usr/local/lib/python3.10/site-packages/pluggy/manager.py\", line 93, in _hookexec\n    return self._inner_hookexec(hook, methods, kwargs)\n  File \"/usr/local/lib/python3.10/site-packages/pluggy/manager.py\", line 84, in <lambda>\n    self._inner_hookexec = lambda hook, methods, kwargs: hook.multicall(\n  File \"/usr/local/lib/python3.10/site-packages/pluggy/callers.py\", line 203, in _multicall\n    gen.send(outcome)\n  File \"/app/repo/src/_pytest/helpconfig.py\", line 99, in pytest_cmdline_parse\n    config = outcome.get_result()  # type: Config\n  File \"/usr/local/lib/python3.10/site-packages/pluggy/callers.py\", line 80, in get_result\n    raise ex[1].with_traceback(ex[2])\n  File \"/usr/local/lib/python3.10/site-packages/pluggy/callers.py\", line 187, in _multicall\n    res = hook_impl.function(*args)\n  File \"/app/repo/src/_pytest/config/__init__.py\", line 932, in pytest_cmdline_parse\n    self.parse(args)\n  File \"/app/repo/src/_pytest/config/__init__.py\", line 1204, in parse\n    self._preparse(args, addopts=addopts)\n  File \"/app/repo/src/_pytest/config/__init__.py\", line 1093, in _preparse\n    self.pluginmanager.consider_preparse(args, exclude_only=False)\n  File \"/app/repo/src/_pytest/config/__init__.py\", line 622, in consider_preparse\n    self.consider_pluginarg(parg)\n  File \"/app/repo/src/_pytest/config/__init__.py\", line 647, in consider_pluginarg\n    self.import_plugin(arg, consider_entry_points=True)\n  File \"/app/repo/src/_pytest/config/__init__.py\", line 689, in import_plugin\n    __import__(importspec)\n  File \"<frozen importlib._bootstrap>\", line 1027, in _find_and_load\n  File \"<frozen importlib._bootstrap>\", line 1006, in _find_and_load_unlocked\n  File \"<frozen importlib._bootstrap>\", line 688, in _load_unlocked\n  File \"/app/repo/src/_pytest/assertion/rewrite.py\", line 161, in exec_module\n    source_stat, co = _rewrite_test(fn, self.config)\n  File \"/app/repo/src/_pytest/assertion/rewrite.py\", line 360, in _rewrite_test\n    co = compile(tree, fn_, \"exec\", dont_inherit=True)\nTypeError: required field \"lineno\" missing from alias\n"
    },
    {
      "test_file": "testing/test_skipping.py",
      "test_case": "test_relpath_rootdir",
      "test_type": "PASS_TO_PASS",
      "exit_code": 1,
      "stdout": "",
      "stderr": "Traceback (most recent call last):\n  File \"/usr/local/bin/pytest\", line 8, in <module>\n    sys.exit(console_main())\n  File \"/app/repo/src/_pytest/config/__init__.py\", line 180, in console_main\n    code = main()\n  File \"/app/repo/src/_pytest/config/__init__.py\", line 136, in main\n    config = _prepareconfig(args, plugins)\n  File \"/app/repo/src/_pytest/config/__init__.py\", line 313, in _prepareconfig\n    config = pluginmanager.hook.pytest_cmdline_parse(\n  File \"/usr/local/lib/python3.10/site-packages/pluggy/hooks.py\", line 286, in __call__\n    return self._hookexec(self, self.get_hookimpls(), kwargs)\n  File \"/usr/local/lib/python3.10/site-packages/pluggy/manager.py\", line 93, in _hookexec\n    return self._inner_hookexec(hook, methods, kwargs)\n  File \"/usr/local/lib/python3.10/site-packages/pluggy/manager.py\", line 84, in <lambda>\n    self._inner_hookexec = lambda hook, methods, kwargs: hook.multicall(\n  File \"/usr/local/lib/python3.10/site-packages/pluggy/callers.py\", line 203, in _multicall\n    gen.send(outcome)\n  File \"/app/repo/src/_pytest/helpconfig.py\", line 99, in pytest_cmdline_parse\n    config = outcome.get_result()  # type: Config\n  File \"/usr/local/lib/python3.10/site-packages/pluggy/callers.py\", line 80, in get_result\n    raise ex[1].with_traceback(ex[2])\n  File \"/usr/local/lib/python3.10/site-packages/pluggy/callers.py\", line 187, in _multicall\n    res = hook_impl.function(*args)\n  File \"/app/repo/src/_pytest/config/__init__.py\", line 932, in pytest_cmdline_parse\n    self.parse(args)\n  File \"/app/repo/src/_pytest/config/__init__.py\", line 1204, in parse\n    self._preparse(args, addopts=addopts)\n  File \"/app/repo/src/_pytest/config/__init__.py\", line 1093, in _preparse\n    self.pluginmanager.consider_preparse(args, exclude_only=False)\n  File \"/app/repo/src/_pytest/config/__init__.py\", line 622, in consider_preparse\n    self.consider_pluginarg(parg)\n  File \"/app/repo/src/_pytest/config/__init__.py\", line 647, in consider_pluginarg\n    self.import_plugin(arg, consider_entry_points=True)\n  File \"/app/repo/src/_pytest/config/__init__.py\", line 689, in import_plugin\n    __import__(importspec)\n  File \"<frozen importlib._bootstrap>\", line 1027, in _find_and_load\n  File \"<frozen importlib._bootstrap>\", line 1006, in _find_and_load_unlocked\n  File \"<frozen importlib._bootstrap>\", line 688, in _load_unlocked\n  File \"/app/repo/src/_pytest/assertion/rewrite.py\", line 161, in exec_module\n    source_stat, co = _rewrite_test(fn, self.config)\n  File \"/app/repo/src/_pytest/assertion/rewrite.py\", line 360, in _rewrite_test\n    co = compile(tree, fn_, \"exec\", dont_inherit=True)\nTypeError: required field \"lineno\" missing from alias\n"
    }
  ]
}