{
  "instance_id": "pallets__flask-5014",
  "results": [
    {
      "test_file": "tests/test_blueprints.py",
      "test_case": "test_empty_name_not_allowed",
      "test_type": "FAIL_TO_PASS",
      "exit_code": 1,
      "stdout": "============================= test session starts ==============================\nplatform linux -- Python 3.10.17, pytest-8.3.5, pluggy-1.5.0 -- /usr/local/bin/python\ncachedir: .pytest_cache\nhypothesis profile 'default' -> database=DirectoryBasedExampleDatabase(PosixPath('/app/repo/.hypothesis/examples'))\nrootdir: /app/repo\nconfigfile: pyproject.toml\nplugins: asdf-4.1.0, arraydiff-0.6.1, astropy-0.11.0, mock-3.14.0, remotedata-0.4.1, doctestplus-1.4.0, hypothesis-6.131.9, astropy-header-0.2.2, filter-subpackage-0.2.0, cov-6.1.1\ncollecting ... collected 1 item\n\ntests/test_blueprints.py::test_empty_name_not_allowed ERROR              [100%]\n\n==================================== ERRORS ====================================\n________________ ERROR at setup of test_empty_name_not_allowed _________________\n\napp = <Flask 'flask_test'>\n\n    @pytest.fixture\n    def client(app):\n>       return app.test_client()\n\ntests/conftest.py:70: \n_ _ _ _ _ _ _ _ _ _ _ _ _ _ _ _ _ _ _ _ _ _ _ _ _ _ _ _ _ _ _ _ _ _ _ _ _ _ _ _ \nsrc/flask/app.py:963: in test_client\n    return cls(  # type: ignore\n_ _ _ _ _ _ _ _ _ _ _ _ _ _ _ _ _ _ _ _ _ _ _ _ _ _ _ _ _ _ _ _ _ _ _ _ _ _ _ _ \n\nself = <FlaskClient <Flask 'flask_test'>>\nargs = (<Flask 'flask_test'>, <class 'flask.wrappers.Response'>)\nkwargs = {'use_cookies': True}\n\n    def __init__(self, *args: t.Any, **kwargs: t.Any) -> None:\n        super().__init__(*args, **kwargs)\n        self.preserve_context = False\n        self._new_contexts: t.List[t.ContextManager[t.Any]] = []\n        self._context_stack = ExitStack()\n        self.environ_base = {\n            \"REMOTE_ADDR\": \"127.0.0.1\",\n>           \"HTTP_USER_AGENT\": f\"werkzeug/{werkzeug.__version__}\",\n        }\nE       AttributeError: module 'werkzeug' has no attribute '__version__'\n\nsrc/flask/testing.py:117: AttributeError\n=========================== short test summary info ============================\nERROR tests/test_blueprints.py::test_empty_name_not_allowed - AttributeError: module 'werkzeug' has no attribute '__version__'\n=============================== 1 error in 0.42s ===============================\n",
      "stderr": ""
    },
    {
      "test_file": "tests/test_blueprints.py",
      "test_case": "test_blueprint_specific_error_handling",
      "test_type": "PASS_TO_PASS",
      "exit_code": 1,
      "stdout": "============================= test session starts ==============================\nplatform linux -- Python 3.10.17, pytest-8.3.5, pluggy-1.5.0 -- /usr/local/bin/python\ncachedir: .pytest_cache\nhypothesis profile 'default' -> database=DirectoryBasedExampleDatabase(PosixPath('/app/repo/.hypothesis/examples'))\nrootdir: /app/repo\nconfigfile: pyproject.toml\nplugins: asdf-4.1.0, arraydiff-0.6.1, astropy-0.11.0, mock-3.14.0, remotedata-0.4.1, doctestplus-1.4.0, hypothesis-6.131.9, astropy-header-0.2.2, filter-subpackage-0.2.0, cov-6.1.1\ncollecting ... collected 1 item\n\ntests/test_blueprints.py::test_blueprint_specific_error_handling ERROR   [100%]\n\n==================================== ERRORS ====================================\n___________ ERROR at setup of test_blueprint_specific_error_handling ___________\n\napp = <Flask 'flask_test'>\n\n    @pytest.fixture\n    def client(app):\n>       return app.test_client()\n\ntests/conftest.py:70: \n_ _ _ _ _ _ _ _ _ _ _ _ _ _ _ _ _ _ _ _ _ _ _ _ _ _ _ _ _ _ _ _ _ _ _ _ _ _ _ _ \nsrc/flask/app.py:963: in test_client\n    return cls(  # type: ignore\n_ _ _ _ _ _ _ _ _ _ _ _ _ _ _ _ _ _ _ _ _ _ _ _ _ _ _ _ _ _ _ _ _ _ _ _ _ _ _ _ \n\nself = <FlaskClient <Flask 'flask_test'>>\nargs = (<Flask 'flask_test'>, <class 'flask.wrappers.Response'>)\nkwargs = {'use_cookies': True}\n\n    def __init__(self, *args: t.Any, **kwargs: t.Any) -> None:\n        super().__init__(*args, **kwargs)\n        self.preserve_context = False\n        self._new_contexts: t.List[t.ContextManager[t.Any]] = []\n        self._context_stack = ExitStack()\n        self.environ_base = {\n            \"REMOTE_ADDR\": \"127.0.0.1\",\n>           \"HTTP_USER_AGENT\": f\"werkzeug/{werkzeug.__version__}\",\n        }\nE       AttributeError: module 'werkzeug' has no attribute '__version__'\n\nsrc/flask/testing.py:117: AttributeError\n=========================== short test summary info ============================\nERROR tests/test_blueprints.py::test_blueprint_specific_error_handling - AttributeError: module 'werkzeug' has no attribute '__version__'\n=============================== 1 error in 0.41s ===============================\n",
      "stderr": ""
    },
    {
      "test_file": "tests/test_blueprints.py",
      "test_case": "test_blueprint_specific_user_error_handling",
      "test_type": "PASS_TO_PASS",
      "exit_code": 1,
      "stdout": "============================= test session starts ==============================\nplatform linux -- Python 3.10.17, pytest-8.3.5, pluggy-1.5.0 -- /usr/local/bin/python\ncachedir: .pytest_cache\nhypothesis profile 'default' -> database=DirectoryBasedExampleDatabase(PosixPath('/app/repo/.hypothesis/examples'))\nrootdir: /app/repo\nconfigfile: pyproject.toml\nplugins: asdf-4.1.0, arraydiff-0.6.1, astropy-0.11.0, mock-3.14.0, remotedata-0.4.1, doctestplus-1.4.0, hypothesis-6.131.9, astropy-header-0.2.2, filter-subpackage-0.2.0, cov-6.1.1\ncollecting ... collected 1 item\n\ntests/test_blueprints.py::test_blueprint_specific_user_error_handling ERROR [100%]\n\n==================================== ERRORS ====================================\n________ ERROR at setup of test_blueprint_specific_user_error_handling _________\n\napp = <Flask 'flask_test'>\n\n    @pytest.fixture\n    def client(app):\n>       return app.test_client()\n\ntests/conftest.py:70: \n_ _ _ _ _ _ _ _ _ _ _ _ _ _ _ _ _ _ _ _ _ _ _ _ _ _ _ _ _ _ _ _ _ _ _ _ _ _ _ _ \nsrc/flask/app.py:963: in test_client\n    return cls(  # type: ignore\n_ _ _ _ _ _ _ _ _ _ _ _ _ _ _ _ _ _ _ _ _ _ _ _ _ _ _ _ _ _ _ _ _ _ _ _ _ _ _ _ \n\nself = <FlaskClient <Flask 'flask_test'>>\nargs = (<Flask 'flask_test'>, <class 'flask.wrappers.Response'>)\nkwargs = {'use_cookies': True}\n\n    def __init__(self, *args: t.Any, **kwargs: t.Any) -> None:\n        super().__init__(*args, **kwargs)\n        self.preserve_context = False\n        self._new_contexts: t.List[t.ContextManager[t.Any]] = []\n        self._context_stack = ExitStack()\n        self.environ_base = {\n            \"REMOTE_ADDR\": \"127.0.0.1\",\n>           \"HTTP_USER_AGENT\": f\"werkzeug/{werkzeug.__version__}\",\n        }\nE       AttributeError: module 'werkzeug' has no attribute '__version__'\n\nsrc/flask/testing.py:117: AttributeError\n=========================== short test summary info ============================\nERROR tests/test_blueprints.py::test_blueprint_specific_user_error_handling - AttributeError: module 'werkzeug' has no attribute '__version__'\n=============================== 1 error in 0.41s ===============================\n",
      "stderr": ""
    },
    {
      "test_file": "tests/test_blueprints.py",
      "test_case": "test_blueprint_app_error_handling",
      "test_type": "PASS_TO_PASS",
      "exit_code": 1,
      "stdout": "============================= test session starts ==============================\nplatform linux -- Python 3.10.17, pytest-8.3.5, pluggy-1.5.0 -- /usr/local/bin/python\ncachedir: .pytest_cache\nhypothesis profile 'default' -> database=DirectoryBasedExampleDatabase(PosixPath('/app/repo/.hypothesis/examples'))\nrootdir: /app/repo\nconfigfile: pyproject.toml\nplugins: asdf-4.1.0, arraydiff-0.6.1, astropy-0.11.0, mock-3.14.0, remotedata-0.4.1, doctestplus-1.4.0, hypothesis-6.131.9, astropy-header-0.2.2, filter-subpackage-0.2.0, cov-6.1.1\ncollecting ... collected 1 item\n\ntests/test_blueprints.py::test_blueprint_app_error_handling ERROR        [100%]\n\n==================================== ERRORS ====================================\n_____________ ERROR at setup of test_blueprint_app_error_handling ______________\n\napp = <Flask 'flask_test'>\n\n    @pytest.fixture\n    def client(app):\n>       return app.test_client()\n\ntests/conftest.py:70: \n_ _ _ _ _ _ _ _ _ _ _ _ _ _ _ _ _ _ _ _ _ _ _ _ _ _ _ _ _ _ _ _ _ _ _ _ _ _ _ _ \nsrc/flask/app.py:963: in test_client\n    return cls(  # type: ignore\n_ _ _ _ _ _ _ _ _ _ _ _ _ _ _ _ _ _ _ _ _ _ _ _ _ _ _ _ _ _ _ _ _ _ _ _ _ _ _ _ \n\nself = <FlaskClient <Flask 'flask_test'>>\nargs = (<Flask 'flask_test'>, <class 'flask.wrappers.Response'>)\nkwargs = {'use_cookies': True}\n\n    def __init__(self, *args: t.Any, **kwargs: t.Any) -> None:\n        super().__init__(*args, **kwargs)\n        self.preserve_context = False\n        self._new_contexts: t.List[t.ContextManager[t.Any]] = []\n        self._context_stack = ExitStack()\n        self.environ_base = {\n            \"REMOTE_ADDR\": \"127.0.0.1\",\n>           \"HTTP_USER_AGENT\": f\"werkzeug/{werkzeug.__version__}\",\n        }\nE       AttributeError: module 'werkzeug' has no attribute '__version__'\n\nsrc/flask/testing.py:117: AttributeError\n=========================== short test summary info ============================\nERROR tests/test_blueprints.py::test_blueprint_app_error_handling - AttributeError: module 'werkzeug' has no attribute '__version__'\n=============================== 1 error in 0.42s ===============================\n",
      "stderr": ""
    },
    {
      "test_file": "tests/test_blueprints.py",
      "test_case": "test_blueprint_prefix_slash[-/-/]",
      "test_type": "PASS_TO_PASS",
      "exit_code": 1,
      "stdout": "============================= test session starts ==============================\nplatform linux -- Python 3.10.17, pytest-8.3.5, pluggy-1.5.0 -- /usr/local/bin/python\ncachedir: .pytest_cache\nhypothesis profile 'default' -> database=DirectoryBasedExampleDatabase(PosixPath('/app/repo/.hypothesis/examples'))\nrootdir: /app/repo\nconfigfile: pyproject.toml\nplugins: asdf-4.1.0, arraydiff-0.6.1, astropy-0.11.0, mock-3.14.0, remotedata-0.4.1, doctestplus-1.4.0, hypothesis-6.131.9, astropy-header-0.2.2, filter-subpackage-0.2.0, cov-6.1.1\ncollecting ... collected 1 item\n\ntests/test_blueprints.py::test_blueprint_prefix_slash[-/-/] ERROR        [100%]\n\n==================================== ERRORS ====================================\n_____________ ERROR at setup of test_blueprint_prefix_slash[-/-/] ______________\n\napp = <Flask 'flask_test'>\n\n    @pytest.fixture\n    def client(app):\n>       return app.test_client()\n\ntests/conftest.py:70: \n_ _ _ _ _ _ _ _ _ _ _ _ _ _ _ _ _ _ _ _ _ _ _ _ _ _ _ _ _ _ _ _ _ _ _ _ _ _ _ _ \nsrc/flask/app.py:963: in test_client\n    return cls(  # type: ignore\n_ _ _ _ _ _ _ _ _ _ _ _ _ _ _ _ _ _ _ _ _ _ _ _ _ _ _ _ _ _ _ _ _ _ _ _ _ _ _ _ \n\nself = <FlaskClient <Flask 'flask_test'>>\nargs = (<Flask 'flask_test'>, <class 'flask.wrappers.Response'>)\nkwargs = {'use_cookies': True}\n\n    def __init__(self, *args: t.Any, **kwargs: t.Any) -> None:\n        super().__init__(*args, **kwargs)\n        self.preserve_context = False\n        self._new_contexts: t.List[t.ContextManager[t.Any]] = []\n        self._context_stack = ExitStack()\n        self.environ_base = {\n            \"REMOTE_ADDR\": \"127.0.0.1\",\n>           \"HTTP_USER_AGENT\": f\"werkzeug/{werkzeug.__version__}\",\n        }\nE       AttributeError: module 'werkzeug' has no attribute '__version__'\n\nsrc/flask/testing.py:117: AttributeError\n=========================== short test summary info ============================\nERROR tests/test_blueprints.py::test_blueprint_prefix_slash[-/-/] - AttributeError: module 'werkzeug' has no attribute '__version__'\n=============================== 1 error in 0.43s ===============================\n",
      "stderr": ""
    },
    {
      "test_file": "tests/test_blueprints.py",
      "test_case": "test_blueprint_prefix_slash[/--/]",
      "test_type": "PASS_TO_PASS",
      "exit_code": 1,
      "stdout": "============================= test session starts ==============================\nplatform linux -- Python 3.10.17, pytest-8.3.5, pluggy-1.5.0 -- /usr/local/bin/python\ncachedir: .pytest_cache\nhypothesis profile 'default' -> database=DirectoryBasedExampleDatabase(PosixPath('/app/repo/.hypothesis/examples'))\nrootdir: /app/repo\nconfigfile: pyproject.toml\nplugins: asdf-4.1.0, arraydiff-0.6.1, astropy-0.11.0, mock-3.14.0, remotedata-0.4.1, doctestplus-1.4.0, hypothesis-6.131.9, astropy-header-0.2.2, filter-subpackage-0.2.0, cov-6.1.1\ncollecting ... collected 1 item\n\ntests/test_blueprints.py::test_blueprint_prefix_slash[/--/] ERROR        [100%]\n\n==================================== ERRORS ====================================\n_____________ ERROR at setup of test_blueprint_prefix_slash[/--/] ______________\n\napp = <Flask 'flask_test'>\n\n    @pytest.fixture\n    def client(app):\n>       return app.test_client()\n\ntests/conftest.py:70: \n_ _ _ _ _ _ _ _ _ _ _ _ _ _ _ _ _ _ _ _ _ _ _ _ _ _ _ _ _ _ _ _ _ _ _ _ _ _ _ _ \nsrc/flask/app.py:963: in test_client\n    return cls(  # type: ignore\n_ _ _ _ _ _ _ _ _ _ _ _ _ _ _ _ _ _ _ _ _ _ _ _ _ _ _ _ _ _ _ _ _ _ _ _ _ _ _ _ \n\nself = <FlaskClient <Flask 'flask_test'>>\nargs = (<Flask 'flask_test'>, <class 'flask.wrappers.Response'>)\nkwargs = {'use_cookies': True}\n\n    def __init__(self, *args: t.Any, **kwargs: t.Any) -> None:\n        super().__init__(*args, **kwargs)\n        self.preserve_context = False\n        self._new_contexts: t.List[t.ContextManager[t.Any]] = []\n        self._context_stack = ExitStack()\n        self.environ_base = {\n            \"REMOTE_ADDR\": \"127.0.0.1\",\n>           \"HTTP_USER_AGENT\": f\"werkzeug/{werkzeug.__version__}\",\n        }\nE       AttributeError: module 'werkzeug' has no attribute '__version__'\n\nsrc/flask/testing.py:117: AttributeError\n=========================== short test summary info ============================\nERROR tests/test_blueprints.py::test_blueprint_prefix_slash[/--/] - AttributeError: module 'werkzeug' has no attribute '__version__'\n=============================== 1 error in 0.41s ===============================\n",
      "stderr": ""
    },
    {
      "test_file": "tests/test_blueprints.py",
      "test_case": "test_blueprint_prefix_slash[/-/-/]",
      "test_type": "PASS_TO_PASS",
      "exit_code": 1,
      "stdout": "============================= test session starts ==============================\nplatform linux -- Python 3.10.17, pytest-8.3.5, pluggy-1.5.0 -- /usr/local/bin/python\ncachedir: .pytest_cache\nhypothesis profile 'default' -> database=DirectoryBasedExampleDatabase(PosixPath('/app/repo/.hypothesis/examples'))\nrootdir: /app/repo\nconfigfile: pyproject.toml\nplugins: asdf-4.1.0, arraydiff-0.6.1, astropy-0.11.0, mock-3.14.0, remotedata-0.4.1, doctestplus-1.4.0, hypothesis-6.131.9, astropy-header-0.2.2, filter-subpackage-0.2.0, cov-6.1.1\ncollecting ... collected 1 item\n\ntests/test_blueprints.py::test_blueprint_prefix_slash[/-/-/] ERROR       [100%]\n\n==================================== ERRORS ====================================\n_____________ ERROR at setup of test_blueprint_prefix_slash[/-/-/] _____________\n\napp = <Flask 'flask_test'>\n\n    @pytest.fixture\n    def client(app):\n>       return app.test_client()\n\ntests/conftest.py:70: \n_ _ _ _ _ _ _ _ _ _ _ _ _ _ _ _ _ _ _ _ _ _ _ _ _ _ _ _ _ _ _ _ _ _ _ _ _ _ _ _ \nsrc/flask/app.py:963: in test_client\n    return cls(  # type: ignore\n_ _ _ _ _ _ _ _ _ _ _ _ _ _ _ _ _ _ _ _ _ _ _ _ _ _ _ _ _ _ _ _ _ _ _ _ _ _ _ _ \n\nself = <FlaskClient <Flask 'flask_test'>>\nargs = (<Flask 'flask_test'>, <class 'flask.wrappers.Response'>)\nkwargs = {'use_cookies': True}\n\n    def __init__(self, *args: t.Any, **kwargs: t.Any) -> None:\n        super().__init__(*args, **kwargs)\n        self.preserve_context = False\n        self._new_contexts: t.List[t.ContextManager[t.Any]] = []\n        self._context_stack = ExitStack()\n        self.environ_base = {\n            \"REMOTE_ADDR\": \"127.0.0.1\",\n>           \"HTTP_USER_AGENT\": f\"werkzeug/{werkzeug.__version__}\",\n        }\nE       AttributeError: module 'werkzeug' has no attribute '__version__'\n\nsrc/flask/testing.py:117: AttributeError\n=========================== short test summary info ============================\nERROR tests/test_blueprints.py::test_blueprint_prefix_slash[/-/-/] - AttributeError: module 'werkzeug' has no attribute '__version__'\n=============================== 1 error in 0.41s ===============================\n",
      "stderr": ""
    },
    {
      "test_file": "tests/test_blueprints.py",
      "test_case": "test_blueprint_prefix_slash[/foo--/foo]",
      "test_type": "PASS_TO_PASS",
      "exit_code": 1,
      "stdout": "============================= test session starts ==============================\nplatform linux -- Python 3.10.17, pytest-8.3.5, pluggy-1.5.0 -- /usr/local/bin/python\ncachedir: .pytest_cache\nhypothesis profile 'default' -> database=DirectoryBasedExampleDatabase(PosixPath('/app/repo/.hypothesis/examples'))\nrootdir: /app/repo\nconfigfile: pyproject.toml\nplugins: asdf-4.1.0, arraydiff-0.6.1, astropy-0.11.0, mock-3.14.0, remotedata-0.4.1, doctestplus-1.4.0, hypothesis-6.131.9, astropy-header-0.2.2, filter-subpackage-0.2.0, cov-6.1.1\ncollecting ... collected 1 item\n\ntests/test_blueprints.py::test_blueprint_prefix_slash[/foo--/foo] ERROR  [100%]\n\n==================================== ERRORS ====================================\n__________ ERROR at setup of test_blueprint_prefix_slash[/foo--/foo] ___________\n\napp = <Flask 'flask_test'>\n\n    @pytest.fixture\n    def client(app):\n>       return app.test_client()\n\ntests/conftest.py:70: \n_ _ _ _ _ _ _ _ _ _ _ _ _ _ _ _ _ _ _ _ _ _ _ _ _ _ _ _ _ _ _ _ _ _ _ _ _ _ _ _ \nsrc/flask/app.py:963: in test_client\n    return cls(  # type: ignore\n_ _ _ _ _ _ _ _ _ _ _ _ _ _ _ _ _ _ _ _ _ _ _ _ _ _ _ _ _ _ _ _ _ _ _ _ _ _ _ _ \n\nself = <FlaskClient <Flask 'flask_test'>>\nargs = (<Flask 'flask_test'>, <class 'flask.wrappers.Response'>)\nkwargs = {'use_cookies': True}\n\n    def __init__(self, *args: t.Any, **kwargs: t.Any) -> None:\n        super().__init__(*args, **kwargs)\n        self.preserve_context = False\n        self._new_contexts: t.List[t.ContextManager[t.Any]] = []\n        self._context_stack = ExitStack()\n        self.environ_base = {\n            \"REMOTE_ADDR\": \"127.0.0.1\",\n>           \"HTTP_USER_AGENT\": f\"werkzeug/{werkzeug.__version__}\",\n        }\nE       AttributeError: module 'werkzeug' has no attribute '__version__'\n\nsrc/flask/testing.py:117: AttributeError\n=========================== short test summary info ============================\nERROR tests/test_blueprints.py::test_blueprint_prefix_slash[/foo--/foo] - AttributeError: module 'werkzeug' has no attribute '__version__'\n=============================== 1 error in 0.42s ===============================\n",
      "stderr": ""
    },
    {
      "test_file": "tests/test_blueprints.py",
      "test_case": "test_blueprint_prefix_slash[/foo/--/foo/]",
      "test_type": "PASS_TO_PASS",
      "exit_code": 1,
      "stdout": "============================= test session starts ==============================\nplatform linux -- Python 3.10.17, pytest-8.3.5, pluggy-1.5.0 -- /usr/local/bin/python\ncachedir: .pytest_cache\nhypothesis profile 'default' -> database=DirectoryBasedExampleDatabase(PosixPath('/app/repo/.hypothesis/examples'))\nrootdir: /app/repo\nconfigfile: pyproject.toml\nplugins: asdf-4.1.0, arraydiff-0.6.1, astropy-0.11.0, mock-3.14.0, remotedata-0.4.1, doctestplus-1.4.0, hypothesis-6.131.9, astropy-header-0.2.2, filter-subpackage-0.2.0, cov-6.1.1\ncollecting ... collected 1 item\n\ntests/test_blueprints.py::test_blueprint_prefix_slash[/foo/--/foo/] ERROR [100%]\n\n==================================== ERRORS ====================================\n_________ ERROR at setup of test_blueprint_prefix_slash[/foo/--/foo/] __________\n\napp = <Flask 'flask_test'>\n\n    @pytest.fixture\n    def client(app):\n>       return app.test_client()\n\ntests/conftest.py:70: \n_ _ _ _ _ _ _ _ _ _ _ _ _ _ _ _ _ _ _ _ _ _ _ _ _ _ _ _ _ _ _ _ _ _ _ _ _ _ _ _ \nsrc/flask/app.py:963: in test_client\n    return cls(  # type: ignore\n_ _ _ _ _ _ _ _ _ _ _ _ _ _ _ _ _ _ _ _ _ _ _ _ _ _ _ _ _ _ _ _ _ _ _ _ _ _ _ _ \n\nself = <FlaskClient <Flask 'flask_test'>>\nargs = (<Flask 'flask_test'>, <class 'flask.wrappers.Response'>)\nkwargs = {'use_cookies': True}\n\n    def __init__(self, *args: t.Any, **kwargs: t.Any) -> None:\n        super().__init__(*args, **kwargs)\n        self.preserve_context = False\n        self._new_contexts: t.List[t.ContextManager[t.Any]] = []\n        self._context_stack = ExitStack()\n        self.environ_base = {\n            \"REMOTE_ADDR\": \"127.0.0.1\",\n>           \"HTTP_USER_AGENT\": f\"werkzeug/{werkzeug.__version__}\",\n        }\nE       AttributeError: module 'werkzeug' has no attribute '__version__'\n\nsrc/flask/testing.py:117: AttributeError\n=========================== short test summary info ============================\nERROR tests/test_blueprints.py::test_blueprint_prefix_slash[/foo/--/foo/] - AttributeError: module 'werkzeug' has no attribute '__version__'\n=============================== 1 error in 0.41s ===============================\n",
      "stderr": ""
    },
    {
      "test_file": "tests/test_blueprints.py",
      "test_case": "test_blueprint_prefix_slash[-/bar-/bar]",
      "test_type": "PASS_TO_PASS",
      "exit_code": 1,
      "stdout": "============================= test session starts ==============================\nplatform linux -- Python 3.10.17, pytest-8.3.5, pluggy-1.5.0 -- /usr/local/bin/python\ncachedir: .pytest_cache\nhypothesis profile 'default' -> database=DirectoryBasedExampleDatabase(PosixPath('/app/repo/.hypothesis/examples'))\nrootdir: /app/repo\nconfigfile: pyproject.toml\nplugins: asdf-4.1.0, arraydiff-0.6.1, astropy-0.11.0, mock-3.14.0, remotedata-0.4.1, doctestplus-1.4.0, hypothesis-6.131.9, astropy-header-0.2.2, filter-subpackage-0.2.0, cov-6.1.1\ncollecting ... collected 1 item\n\ntests/test_blueprints.py::test_blueprint_prefix_slash[-/bar-/bar] ERROR  [100%]\n\n==================================== ERRORS ====================================\n__________ ERROR at setup of test_blueprint_prefix_slash[-/bar-/bar] ___________\n\napp = <Flask 'flask_test'>\n\n    @pytest.fixture\n    def client(app):\n>       return app.test_client()\n\ntests/conftest.py:70: \n_ _ _ _ _ _ _ _ _ _ _ _ _ _ _ _ _ _ _ _ _ _ _ _ _ _ _ _ _ _ _ _ _ _ _ _ _ _ _ _ \nsrc/flask/app.py:963: in test_client\n    return cls(  # type: ignore\n_ _ _ _ _ _ _ _ _ _ _ _ _ _ _ _ _ _ _ _ _ _ _ _ _ _ _ _ _ _ _ _ _ _ _ _ _ _ _ _ \n\nself = <FlaskClient <Flask 'flask_test'>>\nargs = (<Flask 'flask_test'>, <class 'flask.wrappers.Response'>)\nkwargs = {'use_cookies': True}\n\n    def __init__(self, *args: t.Any, **kwargs: t.Any) -> None:\n        super().__init__(*args, **kwargs)\n        self.preserve_context = False\n        self._new_contexts: t.List[t.ContextManager[t.Any]] = []\n        self._context_stack = ExitStack()\n        self.environ_base = {\n            \"REMOTE_ADDR\": \"127.0.0.1\",\n>           \"HTTP_USER_AGENT\": f\"werkzeug/{werkzeug.__version__}\",\n        }\nE       AttributeError: module 'werkzeug' has no attribute '__version__'\n\nsrc/flask/testing.py:117: AttributeError\n=========================== short test summary info ============================\nERROR tests/test_blueprints.py::test_blueprint_prefix_slash[-/bar-/bar] - AttributeError: module 'werkzeug' has no attribute '__version__'\n=============================== 1 error in 0.42s ===============================\n",
      "stderr": ""
    },
    {
      "test_file": "tests/test_blueprints.py",
      "test_case": "test_blueprint_prefix_slash[/foo/-/bar-/foo/bar]",
      "test_type": "PASS_TO_PASS",
      "exit_code": 1,
      "stdout": "============================= test session starts ==============================\nplatform linux -- Python 3.10.17, pytest-8.3.5, pluggy-1.5.0 -- /usr/local/bin/python\ncachedir: .pytest_cache\nhypothesis profile 'default' -> database=DirectoryBasedExampleDatabase(PosixPath('/app/repo/.hypothesis/examples'))\nrootdir: /app/repo\nconfigfile: pyproject.toml\nplugins: asdf-4.1.0, arraydiff-0.6.1, astropy-0.11.0, mock-3.14.0, remotedata-0.4.1, doctestplus-1.4.0, hypothesis-6.131.9, astropy-header-0.2.2, filter-subpackage-0.2.0, cov-6.1.1\ncollecting ... collected 1 item\n\ntests/test_blueprints.py::test_blueprint_prefix_slash[/foo/-/bar-/foo/bar] ERROR [100%]\n\n==================================== ERRORS ====================================\n______ ERROR at setup of test_blueprint_prefix_slash[/foo/-/bar-/foo/bar] ______\n\napp = <Flask 'flask_test'>\n\n    @pytest.fixture\n    def client(app):\n>       return app.test_client()\n\ntests/conftest.py:70: \n_ _ _ _ _ _ _ _ _ _ _ _ _ _ _ _ _ _ _ _ _ _ _ _ _ _ _ _ _ _ _ _ _ _ _ _ _ _ _ _ \nsrc/flask/app.py:963: in test_client\n    return cls(  # type: ignore\n_ _ _ _ _ _ _ _ _ _ _ _ _ _ _ _ _ _ _ _ _ _ _ _ _ _ _ _ _ _ _ _ _ _ _ _ _ _ _ _ \n\nself = <FlaskClient <Flask 'flask_test'>>\nargs = (<Flask 'flask_test'>, <class 'flask.wrappers.Response'>)\nkwargs = {'use_cookies': True}\n\n    def __init__(self, *args: t.Any, **kwargs: t.Any) -> None:\n        super().__init__(*args, **kwargs)\n        self.preserve_context = False\n        self._new_contexts: t.List[t.ContextManager[t.Any]] = []\n        self._context_stack = ExitStack()\n        self.environ_base = {\n            \"REMOTE_ADDR\": \"127.0.0.1\",\n>           \"HTTP_USER_AGENT\": f\"werkzeug/{werkzeug.__version__}\",\n        }\nE       AttributeError: module 'werkzeug' has no attribute '__version__'\n\nsrc/flask/testing.py:117: AttributeError\n=========================== short test summary info ============================\nERROR tests/test_blueprints.py::test_blueprint_prefix_slash[/foo/-/bar-/foo/bar] - AttributeError: module 'werkzeug' has no attribute '__version__'\n=============================== 1 error in 0.45s ===============================\n",
      "stderr": ""
    },
    {
      "test_file": "tests/test_blueprints.py",
      "test_case": "test_blueprint_prefix_slash[/foo/-bar-/foo/bar]",
      "test_type": "PASS_TO_PASS",
      "exit_code": 1,
      "stdout": "============================= test session starts ==============================\nplatform linux -- Python 3.10.17, pytest-8.3.5, pluggy-1.5.0 -- /usr/local/bin/python\ncachedir: .pytest_cache\nhypothesis profile 'default' -> database=DirectoryBasedExampleDatabase(PosixPath('/app/repo/.hypothesis/examples'))\nrootdir: /app/repo\nconfigfile: pyproject.toml\nplugins: asdf-4.1.0, arraydiff-0.6.1, astropy-0.11.0, mock-3.14.0, remotedata-0.4.1, doctestplus-1.4.0, hypothesis-6.131.9, astropy-header-0.2.2, filter-subpackage-0.2.0, cov-6.1.1\ncollecting ... collected 1 item\n\ntests/test_blueprints.py::test_blueprint_prefix_slash[/foo/-bar-/foo/bar] ERROR [100%]\n\n==================================== ERRORS ====================================\n______ ERROR at setup of test_blueprint_prefix_slash[/foo/-bar-/foo/bar] _______\n\napp = <Flask 'flask_test'>\n\n    @pytest.fixture\n    def client(app):\n>       return app.test_client()\n\ntests/conftest.py:70: \n_ _ _ _ _ _ _ _ _ _ _ _ _ _ _ _ _ _ _ _ _ _ _ _ _ _ _ _ _ _ _ _ _ _ _ _ _ _ _ _ \nsrc/flask/app.py:963: in test_client\n    return cls(  # type: ignore\n_ _ _ _ _ _ _ _ _ _ _ _ _ _ _ _ _ _ _ _ _ _ _ _ _ _ _ _ _ _ _ _ _ _ _ _ _ _ _ _ \n\nself = <FlaskClient <Flask 'flask_test'>>\nargs = (<Flask 'flask_test'>, <class 'flask.wrappers.Response'>)\nkwargs = {'use_cookies': True}\n\n    def __init__(self, *args: t.Any, **kwargs: t.Any) -> None:\n        super().__init__(*args, **kwargs)\n        self.preserve_context = False\n        self._new_contexts: t.List[t.ContextManager[t.Any]] = []\n        self._context_stack = ExitStack()\n        self.environ_base = {\n            \"REMOTE_ADDR\": \"127.0.0.1\",\n>           \"HTTP_USER_AGENT\": f\"werkzeug/{werkzeug.__version__}\",\n        }\nE       AttributeError: module 'werkzeug' has no attribute '__version__'\n\nsrc/flask/testing.py:117: AttributeError\n=========================== short test summary info ============================\nERROR tests/test_blueprints.py::test_blueprint_prefix_slash[/foo/-bar-/foo/bar] - AttributeError: module 'werkzeug' has no attribute '__version__'\n=============================== 1 error in 0.46s ===============================\n",
      "stderr": ""
    },
    {
      "test_file": "tests/test_blueprints.py",
      "test_case": "test_blueprint_prefix_slash[/foo-/bar-/foo/bar]",
      "test_type": "PASS_TO_PASS",
      "exit_code": 1,
      "stdout": "============================= test session starts ==============================\nplatform linux -- Python 3.10.17, pytest-8.3.5, pluggy-1.5.0 -- /usr/local/bin/python\ncachedir: .pytest_cache\nhypothesis profile 'default' -> database=DirectoryBasedExampleDatabase(PosixPath('/app/repo/.hypothesis/examples'))\nrootdir: /app/repo\nconfigfile: pyproject.toml\nplugins: asdf-4.1.0, arraydiff-0.6.1, astropy-0.11.0, mock-3.14.0, remotedata-0.4.1, doctestplus-1.4.0, hypothesis-6.131.9, astropy-header-0.2.2, filter-subpackage-0.2.0, cov-6.1.1\ncollecting ... collected 1 item\n\ntests/test_blueprints.py::test_blueprint_prefix_slash[/foo-/bar-/foo/bar] ERROR [100%]\n\n==================================== ERRORS ====================================\n______ ERROR at setup of test_blueprint_prefix_slash[/foo-/bar-/foo/bar] _______\n\napp = <Flask 'flask_test'>\n\n    @pytest.fixture\n    def client(app):\n>       return app.test_client()\n\ntests/conftest.py:70: \n_ _ _ _ _ _ _ _ _ _ _ _ _ _ _ _ _ _ _ _ _ _ _ _ _ _ _ _ _ _ _ _ _ _ _ _ _ _ _ _ \nsrc/flask/app.py:963: in test_client\n    return cls(  # type: ignore\n_ _ _ _ _ _ _ _ _ _ _ _ _ _ _ _ _ _ _ _ _ _ _ _ _ _ _ _ _ _ _ _ _ _ _ _ _ _ _ _ \n\nself = <FlaskClient <Flask 'flask_test'>>\nargs = (<Flask 'flask_test'>, <class 'flask.wrappers.Response'>)\nkwargs = {'use_cookies': True}\n\n    def __init__(self, *args: t.Any, **kwargs: t.Any) -> None:\n        super().__init__(*args, **kwargs)\n        self.preserve_context = False\n        self._new_contexts: t.List[t.ContextManager[t.Any]] = []\n        self._context_stack = ExitStack()\n        self.environ_base = {\n            \"REMOTE_ADDR\": \"127.0.0.1\",\n>           \"HTTP_USER_AGENT\": f\"werkzeug/{werkzeug.__version__}\",\n        }\nE       AttributeError: module 'werkzeug' has no attribute '__version__'\n\nsrc/flask/testing.py:117: AttributeError\n=========================== short test summary info ============================\nERROR tests/test_blueprints.py::test_blueprint_prefix_slash[/foo-/bar-/foo/bar] - AttributeError: module 'werkzeug' has no attribute '__version__'\n=============================== 1 error in 0.44s ===============================\n",
      "stderr": ""
    },
    {
      "test_file": "tests/test_blueprints.py",
      "test_case": "test_blueprint_prefix_slash[/foo/-//bar-/foo/bar]",
      "test_type": "PASS_TO_PASS",
      "exit_code": 1,
      "stdout": "============================= test session starts ==============================\nplatform linux -- Python 3.10.17, pytest-8.3.5, pluggy-1.5.0 -- /usr/local/bin/python\ncachedir: .pytest_cache\nhypothesis profile 'default' -> database=DirectoryBasedExampleDatabase(PosixPath('/app/repo/.hypothesis/examples'))\nrootdir: /app/repo\nconfigfile: pyproject.toml\nplugins: asdf-4.1.0, arraydiff-0.6.1, astropy-0.11.0, mock-3.14.0, remotedata-0.4.1, doctestplus-1.4.0, hypothesis-6.131.9, astropy-header-0.2.2, filter-subpackage-0.2.0, cov-6.1.1\ncollecting ... collected 1 item\n\ntests/test_blueprints.py::test_blueprint_prefix_slash[/foo/-//bar-/foo/bar] ERROR [100%]\n\n==================================== ERRORS ====================================\n_____ ERROR at setup of test_blueprint_prefix_slash[/foo/-//bar-/foo/bar] ______\n\napp = <Flask 'flask_test'>\n\n    @pytest.fixture\n    def client(app):\n>       return app.test_client()\n\ntests/conftest.py:70: \n_ _ _ _ _ _ _ _ _ _ _ _ _ _ _ _ _ _ _ _ _ _ _ _ _ _ _ _ _ _ _ _ _ _ _ _ _ _ _ _ \nsrc/flask/app.py:963: in test_client\n    return cls(  # type: ignore\n_ _ _ _ _ _ _ _ _ _ _ _ _ _ _ _ _ _ _ _ _ _ _ _ _ _ _ _ _ _ _ _ _ _ _ _ _ _ _ _ \n\nself = <FlaskClient <Flask 'flask_test'>>\nargs = (<Flask 'flask_test'>, <class 'flask.wrappers.Response'>)\nkwargs = {'use_cookies': True}\n\n    def __init__(self, *args: t.Any, **kwargs: t.Any) -> None:\n        super().__init__(*args, **kwargs)\n        self.preserve_context = False\n        self._new_contexts: t.List[t.ContextManager[t.Any]] = []\n        self._context_stack = ExitStack()\n        self.environ_base = {\n            \"REMOTE_ADDR\": \"127.0.0.1\",\n>           \"HTTP_USER_AGENT\": f\"werkzeug/{werkzeug.__version__}\",\n        }\nE       AttributeError: module 'werkzeug' has no attribute '__version__'\n\nsrc/flask/testing.py:117: AttributeError\n=========================== short test summary info ============================\nERROR tests/test_blueprints.py::test_blueprint_prefix_slash[/foo/-//bar-/foo/bar] - AttributeError: module 'werkzeug' has no attribute '__version__'\n=============================== 1 error in 0.42s ===============================\n",
      "stderr": ""
    },
    {
      "test_file": "tests/test_blueprints.py",
      "test_case": "test_blueprint_prefix_slash[/foo//-/bar-/foo/bar]",
      "test_type": "PASS_TO_PASS",
      "exit_code": 1,
      "stdout": "============================= test session starts ==============================\nplatform linux -- Python 3.10.17, pytest-8.3.5, pluggy-1.5.0 -- /usr/local/bin/python\ncachedir: .pytest_cache\nhypothesis profile 'default' -> database=DirectoryBasedExampleDatabase(PosixPath('/app/repo/.hypothesis/examples'))\nrootdir: /app/repo\nconfigfile: pyproject.toml\nplugins: asdf-4.1.0, arraydiff-0.6.1, astropy-0.11.0, mock-3.14.0, remotedata-0.4.1, doctestplus-1.4.0, hypothesis-6.131.9, astropy-header-0.2.2, filter-subpackage-0.2.0, cov-6.1.1\ncollecting ... collected 1 item\n\ntests/test_blueprints.py::test_blueprint_prefix_slash[/foo//-/bar-/foo/bar] ERROR [100%]\n\n==================================== ERRORS ====================================\n_____ ERROR at setup of test_blueprint_prefix_slash[/foo//-/bar-/foo/bar] ______\n\napp = <Flask 'flask_test'>\n\n    @pytest.fixture\n    def client(app):\n>       return app.test_client()\n\ntests/conftest.py:70: \n_ _ _ _ _ _ _ _ _ _ _ _ _ _ _ _ _ _ _ _ _ _ _ _ _ _ _ _ _ _ _ _ _ _ _ _ _ _ _ _ \nsrc/flask/app.py:963: in test_client\n    return cls(  # type: ignore\n_ _ _ _ _ _ _ _ _ _ _ _ _ _ _ _ _ _ _ _ _ _ _ _ _ _ _ _ _ _ _ _ _ _ _ _ _ _ _ _ \n\nself = <FlaskClient <Flask 'flask_test'>>\nargs = (<Flask 'flask_test'>, <class 'flask.wrappers.Response'>)\nkwargs = {'use_cookies': True}\n\n    def __init__(self, *args: t.Any, **kwargs: t.Any) -> None:\n        super().__init__(*args, **kwargs)\n        self.preserve_context = False\n        self._new_contexts: t.List[t.ContextManager[t.Any]] = []\n        self._context_stack = ExitStack()\n        self.environ_base = {\n            \"REMOTE_ADDR\": \"127.0.0.1\",\n>           \"HTTP_USER_AGENT\": f\"werkzeug/{werkzeug.__version__}\",\n        }\nE       AttributeError: module 'werkzeug' has no attribute '__version__'\n\nsrc/flask/testing.py:117: AttributeError\n=========================== short test summary info ============================\nERROR tests/test_blueprints.py::test_blueprint_prefix_slash[/foo//-/bar-/foo/bar] - AttributeError: module 'werkzeug' has no attribute '__version__'\n=============================== 1 error in 0.42s ===============================\n",
      "stderr": ""
    },
    {
      "test_file": "tests/test_blueprints.py",
      "test_case": "test_blueprint_url_defaults",
      "test_type": "PASS_TO_PASS",
      "exit_code": 1,
      "stdout": "============================= test session starts ==============================\nplatform linux -- Python 3.10.17, pytest-8.3.5, pluggy-1.5.0 -- /usr/local/bin/python\ncachedir: .pytest_cache\nhypothesis profile 'default' -> database=DirectoryBasedExampleDatabase(PosixPath('/app/repo/.hypothesis/examples'))\nrootdir: /app/repo\nconfigfile: pyproject.toml\nplugins: asdf-4.1.0, arraydiff-0.6.1, astropy-0.11.0, mock-3.14.0, remotedata-0.4.1, doctestplus-1.4.0, hypothesis-6.131.9, astropy-header-0.2.2, filter-subpackage-0.2.0, cov-6.1.1\ncollecting ... collected 1 item\n\ntests/test_blueprints.py::test_blueprint_url_defaults ERROR              [100%]\n\n==================================== ERRORS ====================================\n________________ ERROR at setup of test_blueprint_url_defaults _________________\n\napp = <Flask 'flask_test'>\n\n    @pytest.fixture\n    def client(app):\n>       return app.test_client()\n\ntests/conftest.py:70: \n_ _ _ _ _ _ _ _ _ _ _ _ _ _ _ _ _ _ _ _ _ _ _ _ _ _ _ _ _ _ _ _ _ _ _ _ _ _ _ _ \nsrc/flask/app.py:963: in test_client\n    return cls(  # type: ignore\n_ _ _ _ _ _ _ _ _ _ _ _ _ _ _ _ _ _ _ _ _ _ _ _ _ _ _ _ _ _ _ _ _ _ _ _ _ _ _ _ \n\nself = <FlaskClient <Flask 'flask_test'>>\nargs = (<Flask 'flask_test'>, <class 'flask.wrappers.Response'>)\nkwargs = {'use_cookies': True}\n\n    def __init__(self, *args: t.Any, **kwargs: t.Any) -> None:\n        super().__init__(*args, **kwargs)\n        self.preserve_context = False\n        self._new_contexts: t.List[t.ContextManager[t.Any]] = []\n        self._context_stack = ExitStack()\n        self.environ_base = {\n            \"REMOTE_ADDR\": \"127.0.0.1\",\n>           \"HTTP_USER_AGENT\": f\"werkzeug/{werkzeug.__version__}\",\n        }\nE       AttributeError: module 'werkzeug' has no attribute '__version__'\n\nsrc/flask/testing.py:117: AttributeError\n=========================== short test summary info ============================\nERROR tests/test_blueprints.py::test_blueprint_url_defaults - AttributeError: module 'werkzeug' has no attribute '__version__'\n=============================== 1 error in 0.42s ===============================\n",
      "stderr": ""
    },
    {
      "test_file": "tests/test_blueprints.py",
      "test_case": "test_blueprint_url_processors",
      "test_type": "PASS_TO_PASS",
      "exit_code": 1,
      "stdout": "============================= test session starts ==============================\nplatform linux -- Python 3.10.17, pytest-8.3.5, pluggy-1.5.0 -- /usr/local/bin/python\ncachedir: .pytest_cache\nhypothesis profile 'default' -> database=DirectoryBasedExampleDatabase(PosixPath('/app/repo/.hypothesis/examples'))\nrootdir: /app/repo\nconfigfile: pyproject.toml\nplugins: asdf-4.1.0, arraydiff-0.6.1, astropy-0.11.0, mock-3.14.0, remotedata-0.4.1, doctestplus-1.4.0, hypothesis-6.131.9, astropy-header-0.2.2, filter-subpackage-0.2.0, cov-6.1.1\ncollecting ... collected 1 item\n\ntests/test_blueprints.py::test_blueprint_url_processors ERROR            [100%]\n\n==================================== ERRORS ====================================\n_______________ ERROR at setup of test_blueprint_url_processors ________________\n\napp = <Flask 'flask_test'>\n\n    @pytest.fixture\n    def client(app):\n>       return app.test_client()\n\ntests/conftest.py:70: \n_ _ _ _ _ _ _ _ _ _ _ _ _ _ _ _ _ _ _ _ _ _ _ _ _ _ _ _ _ _ _ _ _ _ _ _ _ _ _ _ \nsrc/flask/app.py:963: in test_client\n    return cls(  # type: ignore\n_ _ _ _ _ _ _ _ _ _ _ _ _ _ _ _ _ _ _ _ _ _ _ _ _ _ _ _ _ _ _ _ _ _ _ _ _ _ _ _ \n\nself = <FlaskClient <Flask 'flask_test'>>\nargs = (<Flask 'flask_test'>, <class 'flask.wrappers.Response'>)\nkwargs = {'use_cookies': True}\n\n    def __init__(self, *args: t.Any, **kwargs: t.Any) -> None:\n        super().__init__(*args, **kwargs)\n        self.preserve_context = False\n        self._new_contexts: t.List[t.ContextManager[t.Any]] = []\n        self._context_stack = ExitStack()\n        self.environ_base = {\n            \"REMOTE_ADDR\": \"127.0.0.1\",\n>           \"HTTP_USER_AGENT\": f\"werkzeug/{werkzeug.__version__}\",\n        }\nE       AttributeError: module 'werkzeug' has no attribute '__version__'\n\nsrc/flask/testing.py:117: AttributeError\n=========================== short test summary info ============================\nERROR tests/test_blueprints.py::test_blueprint_url_processors - AttributeError: module 'werkzeug' has no attribute '__version__'\n=============================== 1 error in 0.43s ===============================\n",
      "stderr": ""
    },
    {
      "test_file": "tests/test_blueprints.py",
      "test_case": "test_templates_and_static",
      "test_type": "PASS_TO_PASS",
      "exit_code": 1,
      "stdout": "============================= test session starts ==============================\nplatform linux -- Python 3.10.17, pytest-8.3.5, pluggy-1.5.0 -- /usr/local/bin/python\ncachedir: .pytest_cache\nhypothesis profile 'default' -> database=DirectoryBasedExampleDatabase(PosixPath('/app/repo/.hypothesis/examples'))\nrootdir: /app/repo\nconfigfile: pyproject.toml\nplugins: asdf-4.1.0, arraydiff-0.6.1, astropy-0.11.0, mock-3.14.0, remotedata-0.4.1, doctestplus-1.4.0, hypothesis-6.131.9, astropy-header-0.2.2, filter-subpackage-0.2.0, cov-6.1.1\ncollecting ... collected 1 item\n\ntests/test_blueprints.py::test_templates_and_static FAILED               [100%]\n\n=================================== FAILURES ===================================\n__________________________ test_templates_and_static ___________________________\n\ntest_apps = None\n\n    def test_templates_and_static(test_apps):\n        from blueprintapp import app\n    \n>       client = app.test_client()\n\ntests/test_blueprints.py:179: \n_ _ _ _ _ _ _ _ _ _ _ _ _ _ _ _ _ _ _ _ _ _ _ _ _ _ _ _ _ _ _ _ _ _ _ _ _ _ _ _ \nsrc/flask/app.py:963: in test_client\n    return cls(  # type: ignore\n_ _ _ _ _ _ _ _ _ _ _ _ _ _ _ _ _ _ _ _ _ _ _ _ _ _ _ _ _ _ _ _ _ _ _ _ _ _ _ _ \n\nself = <FlaskClient <Flask 'blueprintapp'>>\nargs = (<Flask 'blueprintapp'>, <class 'flask.wrappers.Response'>)\nkwargs = {'use_cookies': True}\n\n    def __init__(self, *args: t.Any, **kwargs: t.Any) -> None:\n        super().__init__(*args, **kwargs)\n        self.preserve_context = False\n        self._new_contexts: t.List[t.ContextManager[t.Any]] = []\n        self._context_stack = ExitStack()\n        self.environ_base = {\n            \"REMOTE_ADDR\": \"127.0.0.1\",\n>           \"HTTP_USER_AGENT\": f\"werkzeug/{werkzeug.__version__}\",\n        }\nE       AttributeError: module 'werkzeug' has no attribute '__version__'\n\nsrc/flask/testing.py:117: AttributeError\n=========================== short test summary info ============================\nFAILED tests/test_blueprints.py::test_templates_and_static - AttributeError: module 'werkzeug' has no attribute '__version__'\n============================== 1 failed in 0.42s ===============================\n",
      "stderr": ""
    },
    {
      "test_file": "tests/test_blueprints.py",
      "test_case": "test_default_static_max_age",
      "test_type": "PASS_TO_PASS",
      "exit_code": 0,
      "stdout": "============================= test session starts ==============================\nplatform linux -- Python 3.10.17, pytest-8.3.5, pluggy-1.5.0 -- /usr/local/bin/python\ncachedir: .pytest_cache\nhypothesis profile 'default' -> database=DirectoryBasedExampleDatabase(PosixPath('/app/repo/.hypothesis/examples'))\nrootdir: /app/repo\nconfigfile: pyproject.toml\nplugins: asdf-4.1.0, arraydiff-0.6.1, astropy-0.11.0, mock-3.14.0, remotedata-0.4.1, doctestplus-1.4.0, hypothesis-6.131.9, astropy-header-0.2.2, filter-subpackage-0.2.0, cov-6.1.1\ncollecting ... collected 1 item\n\ntests/test_blueprints.py::test_default_static_max_age PASSED             [100%]\n\n============================== 1 passed in 0.39s ===============================\n",
      "stderr": ""
    },
    {
      "test_file": "tests/test_blueprints.py",
      "test_case": "test_templates_list",
      "test_type": "PASS_TO_PASS",
      "exit_code": 0,
      "stdout": "============================= test session starts ==============================\nplatform linux -- Python 3.10.17, pytest-8.3.5, pluggy-1.5.0 -- /usr/local/bin/python\ncachedir: .pytest_cache\nhypothesis profile 'default' -> database=DirectoryBasedExampleDatabase(PosixPath('/app/repo/.hypothesis/examples'))\nrootdir: /app/repo\nconfigfile: pyproject.toml\nplugins: asdf-4.1.0, arraydiff-0.6.1, astropy-0.11.0, mock-3.14.0, remotedata-0.4.1, doctestplus-1.4.0, hypothesis-6.131.9, astropy-header-0.2.2, filter-subpackage-0.2.0, cov-6.1.1\ncollecting ... collected 1 item\n\ntests/test_blueprints.py::test_templates_list PASSED                     [100%]\n\n============================== 1 passed in 0.40s ===============================\n",
      "stderr": ""
    },
    {
      "test_file": "tests/test_blueprints.py",
      "test_case": "test_dotted_name_not_allowed",
      "test_type": "PASS_TO_PASS",
      "exit_code": 1,
      "stdout": "============================= test session starts ==============================\nplatform linux -- Python 3.10.17, pytest-8.3.5, pluggy-1.5.0 -- /usr/local/bin/python\ncachedir: .pytest_cache\nhypothesis profile 'default' -> database=DirectoryBasedExampleDatabase(PosixPath('/app/repo/.hypothesis/examples'))\nrootdir: /app/repo\nconfigfile: pyproject.toml\nplugins: asdf-4.1.0, arraydiff-0.6.1, astropy-0.11.0, mock-3.14.0, remotedata-0.4.1, doctestplus-1.4.0, hypothesis-6.131.9, astropy-header-0.2.2, filter-subpackage-0.2.0, cov-6.1.1\ncollecting ... collected 1 item\n\ntests/test_blueprints.py::test_dotted_name_not_allowed ERROR             [100%]\n\n==================================== ERRORS ====================================\n________________ ERROR at setup of test_dotted_name_not_allowed ________________\n\napp = <Flask 'flask_test'>\n\n    @pytest.fixture\n    def client(app):\n>       return app.test_client()\n\ntests/conftest.py:70: \n_ _ _ _ _ _ _ _ _ _ _ _ _ _ _ _ _ _ _ _ _ _ _ _ _ _ _ _ _ _ _ _ _ _ _ _ _ _ _ _ \nsrc/flask/app.py:963: in test_client\n    return cls(  # type: ignore\n_ _ _ _ _ _ _ _ _ _ _ _ _ _ _ _ _ _ _ _ _ _ _ _ _ _ _ _ _ _ _ _ _ _ _ _ _ _ _ _ \n\nself = <FlaskClient <Flask 'flask_test'>>\nargs = (<Flask 'flask_test'>, <class 'flask.wrappers.Response'>)\nkwargs = {'use_cookies': True}\n\n    def __init__(self, *args: t.Any, **kwargs: t.Any) -> None:\n        super().__init__(*args, **kwargs)\n        self.preserve_context = False\n        self._new_contexts: t.List[t.ContextManager[t.Any]] = []\n        self._context_stack = ExitStack()\n        self.environ_base = {\n            \"REMOTE_ADDR\": \"127.0.0.1\",\n>           \"HTTP_USER_AGENT\": f\"werkzeug/{werkzeug.__version__}\",\n        }\nE       AttributeError: module 'werkzeug' has no attribute '__version__'\n\nsrc/flask/testing.py:117: AttributeError\n=========================== short test summary info ============================\nERROR tests/test_blueprints.py::test_dotted_name_not_allowed - AttributeError: module 'werkzeug' has no attribute '__version__'\n=============================== 1 error in 0.42s ===============================\n",
      "stderr": ""
    },
    {
      "test_file": "tests/test_blueprints.py",
      "test_case": "test_dotted_names_from_app",
      "test_type": "PASS_TO_PASS",
      "exit_code": 1,
      "stdout": "============================= test session starts ==============================\nplatform linux -- Python 3.10.17, pytest-8.3.5, pluggy-1.5.0 -- /usr/local/bin/python\ncachedir: .pytest_cache\nhypothesis profile 'default' -> database=DirectoryBasedExampleDatabase(PosixPath('/app/repo/.hypothesis/examples'))\nrootdir: /app/repo\nconfigfile: pyproject.toml\nplugins: asdf-4.1.0, arraydiff-0.6.1, astropy-0.11.0, mock-3.14.0, remotedata-0.4.1, doctestplus-1.4.0, hypothesis-6.131.9, astropy-header-0.2.2, filter-subpackage-0.2.0, cov-6.1.1\ncollecting ... collected 1 item\n\ntests/test_blueprints.py::test_dotted_names_from_app ERROR               [100%]\n\n==================================== ERRORS ====================================\n_________________ ERROR at setup of test_dotted_names_from_app _________________\n\napp = <Flask 'flask_test'>\n\n    @pytest.fixture\n    def client(app):\n>       return app.test_client()\n\ntests/conftest.py:70: \n_ _ _ _ _ _ _ _ _ _ _ _ _ _ _ _ _ _ _ _ _ _ _ _ _ _ _ _ _ _ _ _ _ _ _ _ _ _ _ _ \nsrc/flask/app.py:963: in test_client\n    return cls(  # type: ignore\n_ _ _ _ _ _ _ _ _ _ _ _ _ _ _ _ _ _ _ _ _ _ _ _ _ _ _ _ _ _ _ _ _ _ _ _ _ _ _ _ \n\nself = <FlaskClient <Flask 'flask_test'>>\nargs = (<Flask 'flask_test'>, <class 'flask.wrappers.Response'>)\nkwargs = {'use_cookies': True}\n\n    def __init__(self, *args: t.Any, **kwargs: t.Any) -> None:\n        super().__init__(*args, **kwargs)\n        self.preserve_context = False\n        self._new_contexts: t.List[t.ContextManager[t.Any]] = []\n        self._context_stack = ExitStack()\n        self.environ_base = {\n            \"REMOTE_ADDR\": \"127.0.0.1\",\n>           \"HTTP_USER_AGENT\": f\"werkzeug/{werkzeug.__version__}\",\n        }\nE       AttributeError: module 'werkzeug' has no attribute '__version__'\n\nsrc/flask/testing.py:117: AttributeError\n=========================== short test summary info ============================\nERROR tests/test_blueprints.py::test_dotted_names_from_app - AttributeError: module 'werkzeug' has no attribute '__version__'\n=============================== 1 error in 0.41s ===============================\n",
      "stderr": ""
    },
    {
      "test_file": "tests/test_blueprints.py",
      "test_case": "test_empty_url_defaults",
      "test_type": "PASS_TO_PASS",
      "exit_code": 1,
      "stdout": "============================= test session starts ==============================\nplatform linux -- Python 3.10.17, pytest-8.3.5, pluggy-1.5.0 -- /usr/local/bin/python\ncachedir: .pytest_cache\nhypothesis profile 'default' -> database=DirectoryBasedExampleDatabase(PosixPath('/app/repo/.hypothesis/examples'))\nrootdir: /app/repo\nconfigfile: pyproject.toml\nplugins: asdf-4.1.0, arraydiff-0.6.1, astropy-0.11.0, mock-3.14.0, remotedata-0.4.1, doctestplus-1.4.0, hypothesis-6.131.9, astropy-header-0.2.2, filter-subpackage-0.2.0, cov-6.1.1\ncollecting ... collected 1 item\n\ntests/test_blueprints.py::test_empty_url_defaults ERROR                  [100%]\n\n==================================== ERRORS ====================================\n__________________ ERROR at setup of test_empty_url_defaults ___________________\n\napp = <Flask 'flask_test'>\n\n    @pytest.fixture\n    def client(app):\n>       return app.test_client()\n\ntests/conftest.py:70: \n_ _ _ _ _ _ _ _ _ _ _ _ _ _ _ _ _ _ _ _ _ _ _ _ _ _ _ _ _ _ _ _ _ _ _ _ _ _ _ _ \nsrc/flask/app.py:963: in test_client\n    return cls(  # type: ignore\n_ _ _ _ _ _ _ _ _ _ _ _ _ _ _ _ _ _ _ _ _ _ _ _ _ _ _ _ _ _ _ _ _ _ _ _ _ _ _ _ \n\nself = <FlaskClient <Flask 'flask_test'>>\nargs = (<Flask 'flask_test'>, <class 'flask.wrappers.Response'>)\nkwargs = {'use_cookies': True}\n\n    def __init__(self, *args: t.Any, **kwargs: t.Any) -> None:\n        super().__init__(*args, **kwargs)\n        self.preserve_context = False\n        self._new_contexts: t.List[t.ContextManager[t.Any]] = []\n        self._context_stack = ExitStack()\n        self.environ_base = {\n            \"REMOTE_ADDR\": \"127.0.0.1\",\n>           \"HTTP_USER_AGENT\": f\"werkzeug/{werkzeug.__version__}\",\n        }\nE       AttributeError: module 'werkzeug' has no attribute '__version__'\n\nsrc/flask/testing.py:117: AttributeError\n=========================== short test summary info ============================\nERROR tests/test_blueprints.py::test_empty_url_defaults - AttributeError: module 'werkzeug' has no attribute '__version__'\n=============================== 1 error in 0.43s ===============================\n",
      "stderr": ""
    },
    {
      "test_file": "tests/test_blueprints.py",
      "test_case": "test_route_decorator_custom_endpoint",
      "test_type": "PASS_TO_PASS",
      "exit_code": 1,
      "stdout": "============================= test session starts ==============================\nplatform linux -- Python 3.10.17, pytest-8.3.5, pluggy-1.5.0 -- /usr/local/bin/python\ncachedir: .pytest_cache\nhypothesis profile 'default' -> database=DirectoryBasedExampleDatabase(PosixPath('/app/repo/.hypothesis/examples'))\nrootdir: /app/repo\nconfigfile: pyproject.toml\nplugins: asdf-4.1.0, arraydiff-0.6.1, astropy-0.11.0, mock-3.14.0, remotedata-0.4.1, doctestplus-1.4.0, hypothesis-6.131.9, astropy-header-0.2.2, filter-subpackage-0.2.0, cov-6.1.1\ncollecting ... collected 1 item\n\ntests/test_blueprints.py::test_route_decorator_custom_endpoint ERROR     [100%]\n\n==================================== ERRORS ====================================\n____________ ERROR at setup of test_route_decorator_custom_endpoint ____________\n\napp = <Flask 'flask_test'>\n\n    @pytest.fixture\n    def client(app):\n>       return app.test_client()\n\ntests/conftest.py:70: \n_ _ _ _ _ _ _ _ _ _ _ _ _ _ _ _ _ _ _ _ _ _ _ _ _ _ _ _ _ _ _ _ _ _ _ _ _ _ _ _ \nsrc/flask/app.py:963: in test_client\n    return cls(  # type: ignore\n_ _ _ _ _ _ _ _ _ _ _ _ _ _ _ _ _ _ _ _ _ _ _ _ _ _ _ _ _ _ _ _ _ _ _ _ _ _ _ _ \n\nself = <FlaskClient <Flask 'flask_test'>>\nargs = (<Flask 'flask_test'>, <class 'flask.wrappers.Response'>)\nkwargs = {'use_cookies': True}\n\n    def __init__(self, *args: t.Any, **kwargs: t.Any) -> None:\n        super().__init__(*args, **kwargs)\n        self.preserve_context = False\n        self._new_contexts: t.List[t.ContextManager[t.Any]] = []\n        self._context_stack = ExitStack()\n        self.environ_base = {\n            \"REMOTE_ADDR\": \"127.0.0.1\",\n>           \"HTTP_USER_AGENT\": f\"werkzeug/{werkzeug.__version__}\",\n        }\nE       AttributeError: module 'werkzeug' has no attribute '__version__'\n\nsrc/flask/testing.py:117: AttributeError\n=========================== short test summary info ============================\nERROR tests/test_blueprints.py::test_route_decorator_custom_endpoint - AttributeError: module 'werkzeug' has no attribute '__version__'\n=============================== 1 error in 0.41s ===============================\n",
      "stderr": ""
    },
    {
      "test_file": "tests/test_blueprints.py",
      "test_case": "test_route_decorator_custom_endpoint_with_dots",
      "test_type": "PASS_TO_PASS",
      "exit_code": 1,
      "stdout": "============================= test session starts ==============================\nplatform linux -- Python 3.10.17, pytest-8.3.5, pluggy-1.5.0 -- /usr/local/bin/python\ncachedir: .pytest_cache\nhypothesis profile 'default' -> database=DirectoryBasedExampleDatabase(PosixPath('/app/repo/.hypothesis/examples'))\nrootdir: /app/repo\nconfigfile: pyproject.toml\nplugins: asdf-4.1.0, arraydiff-0.6.1, astropy-0.11.0, mock-3.14.0, remotedata-0.4.1, doctestplus-1.4.0, hypothesis-6.131.9, astropy-header-0.2.2, filter-subpackage-0.2.0, cov-6.1.1\ncollecting ... collected 1 item\n\ntests/test_blueprints.py::test_route_decorator_custom_endpoint_with_dots ERROR [100%]\n\n==================================== ERRORS ====================================\n_______ ERROR at setup of test_route_decorator_custom_endpoint_with_dots _______\n\napp = <Flask 'flask_test'>\n\n    @pytest.fixture\n    def client(app):\n>       return app.test_client()\n\ntests/conftest.py:70: \n_ _ _ _ _ _ _ _ _ _ _ _ _ _ _ _ _ _ _ _ _ _ _ _ _ _ _ _ _ _ _ _ _ _ _ _ _ _ _ _ \nsrc/flask/app.py:963: in test_client\n    return cls(  # type: ignore\n_ _ _ _ _ _ _ _ _ _ _ _ _ _ _ _ _ _ _ _ _ _ _ _ _ _ _ _ _ _ _ _ _ _ _ _ _ _ _ _ \n\nself = <FlaskClient <Flask 'flask_test'>>\nargs = (<Flask 'flask_test'>, <class 'flask.wrappers.Response'>)\nkwargs = {'use_cookies': True}\n\n    def __init__(self, *args: t.Any, **kwargs: t.Any) -> None:\n        super().__init__(*args, **kwargs)\n        self.preserve_context = False\n        self._new_contexts: t.List[t.ContextManager[t.Any]] = []\n        self._context_stack = ExitStack()\n        self.environ_base = {\n            \"REMOTE_ADDR\": \"127.0.0.1\",\n>           \"HTTP_USER_AGENT\": f\"werkzeug/{werkzeug.__version__}\",\n        }\nE       AttributeError: module 'werkzeug' has no attribute '__version__'\n\nsrc/flask/testing.py:117: AttributeError\n=========================== short test summary info ============================\nERROR tests/test_blueprints.py::test_route_decorator_custom_endpoint_with_dots - AttributeError: module 'werkzeug' has no attribute '__version__'\n=============================== 1 error in 0.44s ===============================\n",
      "stderr": ""
    },
    {
      "test_file": "tests/test_blueprints.py",
      "test_case": "test_endpoint_decorator",
      "test_type": "PASS_TO_PASS",
      "exit_code": 1,
      "stdout": "============================= test session starts ==============================\nplatform linux -- Python 3.10.17, pytest-8.3.5, pluggy-1.5.0 -- /usr/local/bin/python\ncachedir: .pytest_cache\nhypothesis profile 'default' -> database=DirectoryBasedExampleDatabase(PosixPath('/app/repo/.hypothesis/examples'))\nrootdir: /app/repo\nconfigfile: pyproject.toml\nplugins: asdf-4.1.0, arraydiff-0.6.1, astropy-0.11.0, mock-3.14.0, remotedata-0.4.1, doctestplus-1.4.0, hypothesis-6.131.9, astropy-header-0.2.2, filter-subpackage-0.2.0, cov-6.1.1\ncollecting ... collected 1 item\n\ntests/test_blueprints.py::test_endpoint_decorator ERROR                  [100%]\n\n==================================== ERRORS ====================================\n__________________ ERROR at setup of test_endpoint_decorator ___________________\n\napp = <Flask 'flask_test'>\n\n    @pytest.fixture\n    def client(app):\n>       return app.test_client()\n\ntests/conftest.py:70: \n_ _ _ _ _ _ _ _ _ _ _ _ _ _ _ _ _ _ _ _ _ _ _ _ _ _ _ _ _ _ _ _ _ _ _ _ _ _ _ _ \nsrc/flask/app.py:963: in test_client\n    return cls(  # type: ignore\n_ _ _ _ _ _ _ _ _ _ _ _ _ _ _ _ _ _ _ _ _ _ _ _ _ _ _ _ _ _ _ _ _ _ _ _ _ _ _ _ \n\nself = <FlaskClient <Flask 'flask_test'>>\nargs = (<Flask 'flask_test'>, <class 'flask.wrappers.Response'>)\nkwargs = {'use_cookies': True}\n\n    def __init__(self, *args: t.Any, **kwargs: t.Any) -> None:\n        super().__init__(*args, **kwargs)\n        self.preserve_context = False\n        self._new_contexts: t.List[t.ContextManager[t.Any]] = []\n        self._context_stack = ExitStack()\n        self.environ_base = {\n            \"REMOTE_ADDR\": \"127.0.0.1\",\n>           \"HTTP_USER_AGENT\": f\"werkzeug/{werkzeug.__version__}\",\n        }\nE       AttributeError: module 'werkzeug' has no attribute '__version__'\n\nsrc/flask/testing.py:117: AttributeError\n=========================== short test summary info ============================\nERROR tests/test_blueprints.py::test_endpoint_decorator - AttributeError: module 'werkzeug' has no attribute '__version__'\n=============================== 1 error in 0.43s ===============================\n",
      "stderr": ""
    },
    {
      "test_file": "tests/test_blueprints.py",
      "test_case": "test_template_filter",
      "test_type": "PASS_TO_PASS",
      "exit_code": 0,
      "stdout": "============================= test session starts ==============================\nplatform linux -- Python 3.10.17, pytest-8.3.5, pluggy-1.5.0 -- /usr/local/bin/python\ncachedir: .pytest_cache\nhypothesis profile 'default' -> database=DirectoryBasedExampleDatabase(PosixPath('/app/repo/.hypothesis/examples'))\nrootdir: /app/repo\nconfigfile: pyproject.toml\nplugins: asdf-4.1.0, arraydiff-0.6.1, astropy-0.11.0, mock-3.14.0, remotedata-0.4.1, doctestplus-1.4.0, hypothesis-6.131.9, astropy-header-0.2.2, filter-subpackage-0.2.0, cov-6.1.1\ncollecting ... collected 1 item\n\ntests/test_blueprints.py::test_template_filter PASSED                    [100%]\n\n============================== 1 passed in 0.38s ===============================\n",
      "stderr": ""
    },
    {
      "test_file": "tests/test_blueprints.py",
      "test_case": "test_add_template_filter",
      "test_type": "PASS_TO_PASS",
      "exit_code": 0,
      "stdout": "============================= test session starts ==============================\nplatform linux -- Python 3.10.17, pytest-8.3.5, pluggy-1.5.0 -- /usr/local/bin/python\ncachedir: .pytest_cache\nhypothesis profile 'default' -> database=DirectoryBasedExampleDatabase(PosixPath('/app/repo/.hypothesis/examples'))\nrootdir: /app/repo\nconfigfile: pyproject.toml\nplugins: asdf-4.1.0, arraydiff-0.6.1, astropy-0.11.0, mock-3.14.0, remotedata-0.4.1, doctestplus-1.4.0, hypothesis-6.131.9, astropy-header-0.2.2, filter-subpackage-0.2.0, cov-6.1.1\ncollecting ... collected 1 item\n\ntests/test_blueprints.py::test_add_template_filter PASSED                [100%]\n\n============================== 1 passed in 0.41s ===============================\n",
      "stderr": ""
    },
    {
      "test_file": "tests/test_blueprints.py",
      "test_case": "test_template_filter_with_name",
      "test_type": "PASS_TO_PASS",
      "exit_code": 0,
      "stdout": "============================= test session starts ==============================\nplatform linux -- Python 3.10.17, pytest-8.3.5, pluggy-1.5.0 -- /usr/local/bin/python\ncachedir: .pytest_cache\nhypothesis profile 'default' -> database=DirectoryBasedExampleDatabase(PosixPath('/app/repo/.hypothesis/examples'))\nrootdir: /app/repo\nconfigfile: pyproject.toml\nplugins: asdf-4.1.0, arraydiff-0.6.1, astropy-0.11.0, mock-3.14.0, remotedata-0.4.1, doctestplus-1.4.0, hypothesis-6.131.9, astropy-header-0.2.2, filter-subpackage-0.2.0, cov-6.1.1\ncollecting ... collected 1 item\n\ntests/test_blueprints.py::test_template_filter_with_name PASSED          [100%]\n\n============================== 1 passed in 0.43s ===============================\n",
      "stderr": ""
    },
    {
      "test_file": "tests/test_blueprints.py",
      "test_case": "test_add_template_filter_with_name",
      "test_type": "PASS_TO_PASS",
      "exit_code": 0,
      "stdout": "============================= test session starts ==============================\nplatform linux -- Python 3.10.17, pytest-8.3.5, pluggy-1.5.0 -- /usr/local/bin/python\ncachedir: .pytest_cache\nhypothesis profile 'default' -> database=DirectoryBasedExampleDatabase(PosixPath('/app/repo/.hypothesis/examples'))\nrootdir: /app/repo\nconfigfile: pyproject.toml\nplugins: asdf-4.1.0, arraydiff-0.6.1, astropy-0.11.0, mock-3.14.0, remotedata-0.4.1, doctestplus-1.4.0, hypothesis-6.131.9, astropy-header-0.2.2, filter-subpackage-0.2.0, cov-6.1.1\ncollecting ... collected 1 item\n\ntests/test_blueprints.py::test_add_template_filter_with_name PASSED      [100%]\n\n============================== 1 passed in 0.41s ===============================\n",
      "stderr": ""
    },
    {
      "test_file": "tests/test_blueprints.py",
      "test_case": "test_template_filter_with_template",
      "test_type": "PASS_TO_PASS",
      "exit_code": 1,
      "stdout": "============================= test session starts ==============================\nplatform linux -- Python 3.10.17, pytest-8.3.5, pluggy-1.5.0 -- /usr/local/bin/python\ncachedir: .pytest_cache\nhypothesis profile 'default' -> database=DirectoryBasedExampleDatabase(PosixPath('/app/repo/.hypothesis/examples'))\nrootdir: /app/repo\nconfigfile: pyproject.toml\nplugins: asdf-4.1.0, arraydiff-0.6.1, astropy-0.11.0, mock-3.14.0, remotedata-0.4.1, doctestplus-1.4.0, hypothesis-6.131.9, astropy-header-0.2.2, filter-subpackage-0.2.0, cov-6.1.1\ncollecting ... collected 1 item\n\ntests/test_blueprints.py::test_template_filter_with_template ERROR       [100%]\n\n==================================== ERRORS ====================================\n_____________ ERROR at setup of test_template_filter_with_template _____________\n\napp = <Flask 'flask_test'>\n\n    @pytest.fixture\n    def client(app):\n>       return app.test_client()\n\ntests/conftest.py:70: \n_ _ _ _ _ _ _ _ _ _ _ _ _ _ _ _ _ _ _ _ _ _ _ _ _ _ _ _ _ _ _ _ _ _ _ _ _ _ _ _ \nsrc/flask/app.py:963: in test_client\n    return cls(  # type: ignore\n_ _ _ _ _ _ _ _ _ _ _ _ _ _ _ _ _ _ _ _ _ _ _ _ _ _ _ _ _ _ _ _ _ _ _ _ _ _ _ _ \n\nself = <FlaskClient <Flask 'flask_test'>>\nargs = (<Flask 'flask_test'>, <class 'flask.wrappers.Response'>)\nkwargs = {'use_cookies': True}\n\n    def __init__(self, *args: t.Any, **kwargs: t.Any) -> None:\n        super().__init__(*args, **kwargs)\n        self.preserve_context = False\n        self._new_contexts: t.List[t.ContextManager[t.Any]] = []\n        self._context_stack = ExitStack()\n        self.environ_base = {\n            \"REMOTE_ADDR\": \"127.0.0.1\",\n>           \"HTTP_USER_AGENT\": f\"werkzeug/{werkzeug.__version__}\",\n        }\nE       AttributeError: module 'werkzeug' has no attribute '__version__'\n\nsrc/flask/testing.py:117: AttributeError\n=========================== short test summary info ============================\nERROR tests/test_blueprints.py::test_template_filter_with_template - AttributeError: module 'werkzeug' has no attribute '__version__'\n=============================== 1 error in 0.41s ===============================\n",
      "stderr": ""
    },
    {
      "test_file": "tests/test_blueprints.py",
      "test_case": "test_template_filter_after_route_with_template",
      "test_type": "PASS_TO_PASS",
      "exit_code": 1,
      "stdout": "============================= test session starts ==============================\nplatform linux -- Python 3.10.17, pytest-8.3.5, pluggy-1.5.0 -- /usr/local/bin/python\ncachedir: .pytest_cache\nhypothesis profile 'default' -> database=DirectoryBasedExampleDatabase(PosixPath('/app/repo/.hypothesis/examples'))\nrootdir: /app/repo\nconfigfile: pyproject.toml\nplugins: asdf-4.1.0, arraydiff-0.6.1, astropy-0.11.0, mock-3.14.0, remotedata-0.4.1, doctestplus-1.4.0, hypothesis-6.131.9, astropy-header-0.2.2, filter-subpackage-0.2.0, cov-6.1.1\ncollecting ... collected 1 item\n\ntests/test_blueprints.py::test_template_filter_after_route_with_template ERROR [100%]\n\n==================================== ERRORS ====================================\n_______ ERROR at setup of test_template_filter_after_route_with_template _______\n\napp = <Flask 'flask_test'>\n\n    @pytest.fixture\n    def client(app):\n>       return app.test_client()\n\ntests/conftest.py:70: \n_ _ _ _ _ _ _ _ _ _ _ _ _ _ _ _ _ _ _ _ _ _ _ _ _ _ _ _ _ _ _ _ _ _ _ _ _ _ _ _ \nsrc/flask/app.py:963: in test_client\n    return cls(  # type: ignore\n_ _ _ _ _ _ _ _ _ _ _ _ _ _ _ _ _ _ _ _ _ _ _ _ _ _ _ _ _ _ _ _ _ _ _ _ _ _ _ _ \n\nself = <FlaskClient <Flask 'flask_test'>>\nargs = (<Flask 'flask_test'>, <class 'flask.wrappers.Response'>)\nkwargs = {'use_cookies': True}\n\n    def __init__(self, *args: t.Any, **kwargs: t.Any) -> None:\n        super().__init__(*args, **kwargs)\n        self.preserve_context = False\n        self._new_contexts: t.List[t.ContextManager[t.Any]] = []\n        self._context_stack = ExitStack()\n        self.environ_base = {\n            \"REMOTE_ADDR\": \"127.0.0.1\",\n>           \"HTTP_USER_AGENT\": f\"werkzeug/{werkzeug.__version__}\",\n        }\nE       AttributeError: module 'werkzeug' has no attribute '__version__'\n\nsrc/flask/testing.py:117: AttributeError\n=========================== short test summary info ============================\nERROR tests/test_blueprints.py::test_template_filter_after_route_with_template - AttributeError: module 'werkzeug' has no attribute '__version__'\n=============================== 1 error in 0.43s ===============================\n",
      "stderr": ""
    },
    {
      "test_file": "tests/test_blueprints.py",
      "test_case": "test_add_template_filter_with_template",
      "test_type": "PASS_TO_PASS",
      "exit_code": 1,
      "stdout": "============================= test session starts ==============================\nplatform linux -- Python 3.10.17, pytest-8.3.5, pluggy-1.5.0 -- /usr/local/bin/python\ncachedir: .pytest_cache\nhypothesis profile 'default' -> database=DirectoryBasedExampleDatabase(PosixPath('/app/repo/.hypothesis/examples'))\nrootdir: /app/repo\nconfigfile: pyproject.toml\nplugins: asdf-4.1.0, arraydiff-0.6.1, astropy-0.11.0, mock-3.14.0, remotedata-0.4.1, doctestplus-1.4.0, hypothesis-6.131.9, astropy-header-0.2.2, filter-subpackage-0.2.0, cov-6.1.1\ncollecting ... collected 1 item\n\ntests/test_blueprints.py::test_add_template_filter_with_template ERROR   [100%]\n\n==================================== ERRORS ====================================\n___________ ERROR at setup of test_add_template_filter_with_template ___________\n\napp = <Flask 'flask_test'>\n\n    @pytest.fixture\n    def client(app):\n>       return app.test_client()\n\ntests/conftest.py:70: \n_ _ _ _ _ _ _ _ _ _ _ _ _ _ _ _ _ _ _ _ _ _ _ _ _ _ _ _ _ _ _ _ _ _ _ _ _ _ _ _ \nsrc/flask/app.py:963: in test_client\n    return cls(  # type: ignore\n_ _ _ _ _ _ _ _ _ _ _ _ _ _ _ _ _ _ _ _ _ _ _ _ _ _ _ _ _ _ _ _ _ _ _ _ _ _ _ _ \n\nself = <FlaskClient <Flask 'flask_test'>>\nargs = (<Flask 'flask_test'>, <class 'flask.wrappers.Response'>)\nkwargs = {'use_cookies': True}\n\n    def __init__(self, *args: t.Any, **kwargs: t.Any) -> None:\n        super().__init__(*args, **kwargs)\n        self.preserve_context = False\n        self._new_contexts: t.List[t.ContextManager[t.Any]] = []\n        self._context_stack = ExitStack()\n        self.environ_base = {\n            \"REMOTE_ADDR\": \"127.0.0.1\",\n>           \"HTTP_USER_AGENT\": f\"werkzeug/{werkzeug.__version__}\",\n        }\nE       AttributeError: module 'werkzeug' has no attribute '__version__'\n\nsrc/flask/testing.py:117: AttributeError\n=========================== short test summary info ============================\nERROR tests/test_blueprints.py::test_add_template_filter_with_template - AttributeError: module 'werkzeug' has no attribute '__version__'\n=============================== 1 error in 0.42s ===============================\n",
      "stderr": ""
    },
    {
      "test_file": "tests/test_blueprints.py",
      "test_case": "test_template_filter_with_name_and_template",
      "test_type": "PASS_TO_PASS",
      "exit_code": 1,
      "stdout": "============================= test session starts ==============================\nplatform linux -- Python 3.10.17, pytest-8.3.5, pluggy-1.5.0 -- /usr/local/bin/python\ncachedir: .pytest_cache\nhypothesis profile 'default' -> database=DirectoryBasedExampleDatabase(PosixPath('/app/repo/.hypothesis/examples'))\nrootdir: /app/repo\nconfigfile: pyproject.toml\nplugins: asdf-4.1.0, arraydiff-0.6.1, astropy-0.11.0, mock-3.14.0, remotedata-0.4.1, doctestplus-1.4.0, hypothesis-6.131.9, astropy-header-0.2.2, filter-subpackage-0.2.0, cov-6.1.1\ncollecting ... collected 1 item\n\ntests/test_blueprints.py::test_template_filter_with_name_and_template ERROR [100%]\n\n==================================== ERRORS ====================================\n________ ERROR at setup of test_template_filter_with_name_and_template _________\n\napp = <Flask 'flask_test'>\n\n    @pytest.fixture\n    def client(app):\n>       return app.test_client()\n\ntests/conftest.py:70: \n_ _ _ _ _ _ _ _ _ _ _ _ _ _ _ _ _ _ _ _ _ _ _ _ _ _ _ _ _ _ _ _ _ _ _ _ _ _ _ _ \nsrc/flask/app.py:963: in test_client\n    return cls(  # type: ignore\n_ _ _ _ _ _ _ _ _ _ _ _ _ _ _ _ _ _ _ _ _ _ _ _ _ _ _ _ _ _ _ _ _ _ _ _ _ _ _ _ \n\nself = <FlaskClient <Flask 'flask_test'>>\nargs = (<Flask 'flask_test'>, <class 'flask.wrappers.Response'>)\nkwargs = {'use_cookies': True}\n\n    def __init__(self, *args: t.Any, **kwargs: t.Any) -> None:\n        super().__init__(*args, **kwargs)\n        self.preserve_context = False\n        self._new_contexts: t.List[t.ContextManager[t.Any]] = []\n        self._context_stack = ExitStack()\n        self.environ_base = {\n            \"REMOTE_ADDR\": \"127.0.0.1\",\n>           \"HTTP_USER_AGENT\": f\"werkzeug/{werkzeug.__version__}\",\n        }\nE       AttributeError: module 'werkzeug' has no attribute '__version__'\n\nsrc/flask/testing.py:117: AttributeError\n=========================== short test summary info ============================\nERROR tests/test_blueprints.py::test_template_filter_with_name_and_template - AttributeError: module 'werkzeug' has no attribute '__version__'\n=============================== 1 error in 0.41s ===============================\n",
      "stderr": ""
    },
    {
      "test_file": "tests/test_blueprints.py",
      "test_case": "test_add_template_filter_with_name_and_template",
      "test_type": "PASS_TO_PASS",
      "exit_code": 1,
      "stdout": "============================= test session starts ==============================\nplatform linux -- Python 3.10.17, pytest-8.3.5, pluggy-1.5.0 -- /usr/local/bin/python\ncachedir: .pytest_cache\nhypothesis profile 'default' -> database=DirectoryBasedExampleDatabase(PosixPath('/app/repo/.hypothesis/examples'))\nrootdir: /app/repo\nconfigfile: pyproject.toml\nplugins: asdf-4.1.0, arraydiff-0.6.1, astropy-0.11.0, mock-3.14.0, remotedata-0.4.1, doctestplus-1.4.0, hypothesis-6.131.9, astropy-header-0.2.2, filter-subpackage-0.2.0, cov-6.1.1\ncollecting ... collected 1 item\n\ntests/test_blueprints.py::test_add_template_filter_with_name_and_template ERROR [100%]\n\n==================================== ERRORS ====================================\n______ ERROR at setup of test_add_template_filter_with_name_and_template _______\n\napp = <Flask 'flask_test'>\n\n    @pytest.fixture\n    def client(app):\n>       return app.test_client()\n\ntests/conftest.py:70: \n_ _ _ _ _ _ _ _ _ _ _ _ _ _ _ _ _ _ _ _ _ _ _ _ _ _ _ _ _ _ _ _ _ _ _ _ _ _ _ _ \nsrc/flask/app.py:963: in test_client\n    return cls(  # type: ignore\n_ _ _ _ _ _ _ _ _ _ _ _ _ _ _ _ _ _ _ _ _ _ _ _ _ _ _ _ _ _ _ _ _ _ _ _ _ _ _ _ \n\nself = <FlaskClient <Flask 'flask_test'>>\nargs = (<Flask 'flask_test'>, <class 'flask.wrappers.Response'>)\nkwargs = {'use_cookies': True}\n\n    def __init__(self, *args: t.Any, **kwargs: t.Any) -> None:\n        super().__init__(*args, **kwargs)\n        self.preserve_context = False\n        self._new_contexts: t.List[t.ContextManager[t.Any]] = []\n        self._context_stack = ExitStack()\n        self.environ_base = {\n            \"REMOTE_ADDR\": \"127.0.0.1\",\n>           \"HTTP_USER_AGENT\": f\"werkzeug/{werkzeug.__version__}\",\n        }\nE       AttributeError: module 'werkzeug' has no attribute '__version__'\n\nsrc/flask/testing.py:117: AttributeError\n=========================== short test summary info ============================\nERROR tests/test_blueprints.py::test_add_template_filter_with_name_and_template - AttributeError: module 'werkzeug' has no attribute '__version__'\n=============================== 1 error in 0.45s ===============================\n",
      "stderr": ""
    },
    {
      "test_file": "tests/test_blueprints.py",
      "test_case": "test_template_test",
      "test_type": "PASS_TO_PASS",
      "exit_code": 0,
      "stdout": "============================= test session starts ==============================\nplatform linux -- Python 3.10.17, pytest-8.3.5, pluggy-1.5.0 -- /usr/local/bin/python\ncachedir: .pytest_cache\nhypothesis profile 'default' -> database=DirectoryBasedExampleDatabase(PosixPath('/app/repo/.hypothesis/examples'))\nrootdir: /app/repo\nconfigfile: pyproject.toml\nplugins: asdf-4.1.0, arraydiff-0.6.1, astropy-0.11.0, mock-3.14.0, remotedata-0.4.1, doctestplus-1.4.0, hypothesis-6.131.9, astropy-header-0.2.2, filter-subpackage-0.2.0, cov-6.1.1\ncollecting ... collected 1 item\n\ntests/test_blueprints.py::test_template_test PASSED                      [100%]\n\n============================== 1 passed in 0.39s ===============================\n",
      "stderr": ""
    },
    {
      "test_file": "tests/test_blueprints.py",
      "test_case": "test_add_template_test",
      "test_type": "PASS_TO_PASS",
      "exit_code": 0,
      "stdout": "============================= test session starts ==============================\nplatform linux -- Python 3.10.17, pytest-8.3.5, pluggy-1.5.0 -- /usr/local/bin/python\ncachedir: .pytest_cache\nhypothesis profile 'default' -> database=DirectoryBasedExampleDatabase(PosixPath('/app/repo/.hypothesis/examples'))\nrootdir: /app/repo\nconfigfile: pyproject.toml\nplugins: asdf-4.1.0, arraydiff-0.6.1, astropy-0.11.0, mock-3.14.0, remotedata-0.4.1, doctestplus-1.4.0, hypothesis-6.131.9, astropy-header-0.2.2, filter-subpackage-0.2.0, cov-6.1.1\ncollecting ... collected 1 item\n\ntests/test_blueprints.py::test_add_template_test PASSED                  [100%]\n\n============================== 1 passed in 0.40s ===============================\n",
      "stderr": ""
    },
    {
      "test_file": "tests/test_blueprints.py",
      "test_case": "test_template_test_with_name",
      "test_type": "PASS_TO_PASS",
      "exit_code": 0,
      "stdout": "============================= test session starts ==============================\nplatform linux -- Python 3.10.17, pytest-8.3.5, pluggy-1.5.0 -- /usr/local/bin/python\ncachedir: .pytest_cache\nhypothesis profile 'default' -> database=DirectoryBasedExampleDatabase(PosixPath('/app/repo/.hypothesis/examples'))\nrootdir: /app/repo\nconfigfile: pyproject.toml\nplugins: asdf-4.1.0, arraydiff-0.6.1, astropy-0.11.0, mock-3.14.0, remotedata-0.4.1, doctestplus-1.4.0, hypothesis-6.131.9, astropy-header-0.2.2, filter-subpackage-0.2.0, cov-6.1.1\ncollecting ... collected 1 item\n\ntests/test_blueprints.py::test_template_test_with_name PASSED            [100%]\n\n============================== 1 passed in 0.39s ===============================\n",
      "stderr": ""
    },
    {
      "test_file": "tests/test_blueprints.py",
      "test_case": "test_add_template_test_with_name",
      "test_type": "PASS_TO_PASS",
      "exit_code": 0,
      "stdout": "============================= test session starts ==============================\nplatform linux -- Python 3.10.17, pytest-8.3.5, pluggy-1.5.0 -- /usr/local/bin/python\ncachedir: .pytest_cache\nhypothesis profile 'default' -> database=DirectoryBasedExampleDatabase(PosixPath('/app/repo/.hypothesis/examples'))\nrootdir: /app/repo\nconfigfile: pyproject.toml\nplugins: asdf-4.1.0, arraydiff-0.6.1, astropy-0.11.0, mock-3.14.0, remotedata-0.4.1, doctestplus-1.4.0, hypothesis-6.131.9, astropy-header-0.2.2, filter-subpackage-0.2.0, cov-6.1.1\ncollecting ... collected 1 item\n\ntests/test_blueprints.py::test_add_template_test_with_name PASSED        [100%]\n\n============================== 1 passed in 0.38s ===============================\n",
      "stderr": ""
    },
    {
      "test_file": "tests/test_blueprints.py",
      "test_case": "test_template_test_with_template",
      "test_type": "PASS_TO_PASS",
      "exit_code": 1,
      "stdout": "============================= test session starts ==============================\nplatform linux -- Python 3.10.17, pytest-8.3.5, pluggy-1.5.0 -- /usr/local/bin/python\ncachedir: .pytest_cache\nhypothesis profile 'default' -> database=DirectoryBasedExampleDatabase(PosixPath('/app/repo/.hypothesis/examples'))\nrootdir: /app/repo\nconfigfile: pyproject.toml\nplugins: asdf-4.1.0, arraydiff-0.6.1, astropy-0.11.0, mock-3.14.0, remotedata-0.4.1, doctestplus-1.4.0, hypothesis-6.131.9, astropy-header-0.2.2, filter-subpackage-0.2.0, cov-6.1.1\ncollecting ... collected 1 item\n\ntests/test_blueprints.py::test_template_test_with_template ERROR         [100%]\n\n==================================== ERRORS ====================================\n______________ ERROR at setup of test_template_test_with_template ______________\n\napp = <Flask 'flask_test'>\n\n    @pytest.fixture\n    def client(app):\n>       return app.test_client()\n\ntests/conftest.py:70: \n_ _ _ _ _ _ _ _ _ _ _ _ _ _ _ _ _ _ _ _ _ _ _ _ _ _ _ _ _ _ _ _ _ _ _ _ _ _ _ _ \nsrc/flask/app.py:963: in test_client\n    return cls(  # type: ignore\n_ _ _ _ _ _ _ _ _ _ _ _ _ _ _ _ _ _ _ _ _ _ _ _ _ _ _ _ _ _ _ _ _ _ _ _ _ _ _ _ \n\nself = <FlaskClient <Flask 'flask_test'>>\nargs = (<Flask 'flask_test'>, <class 'flask.wrappers.Response'>)\nkwargs = {'use_cookies': True}\n\n    def __init__(self, *args: t.Any, **kwargs: t.Any) -> None:\n        super().__init__(*args, **kwargs)\n        self.preserve_context = False\n        self._new_contexts: t.List[t.ContextManager[t.Any]] = []\n        self._context_stack = ExitStack()\n        self.environ_base = {\n            \"REMOTE_ADDR\": \"127.0.0.1\",\n>           \"HTTP_USER_AGENT\": f\"werkzeug/{werkzeug.__version__}\",\n        }\nE       AttributeError: module 'werkzeug' has no attribute '__version__'\n\nsrc/flask/testing.py:117: AttributeError\n=========================== short test summary info ============================\nERROR tests/test_blueprints.py::test_template_test_with_template - AttributeError: module 'werkzeug' has no attribute '__version__'\n=============================== 1 error in 0.41s ===============================\n",
      "stderr": ""
    },
    {
      "test_file": "tests/test_blueprints.py",
      "test_case": "test_template_test_after_route_with_template",
      "test_type": "PASS_TO_PASS",
      "exit_code": 1,
      "stdout": "============================= test session starts ==============================\nplatform linux -- Python 3.10.17, pytest-8.3.5, pluggy-1.5.0 -- /usr/local/bin/python\ncachedir: .pytest_cache\nhypothesis profile 'default' -> database=DirectoryBasedExampleDatabase(PosixPath('/app/repo/.hypothesis/examples'))\nrootdir: /app/repo\nconfigfile: pyproject.toml\nplugins: asdf-4.1.0, arraydiff-0.6.1, astropy-0.11.0, mock-3.14.0, remotedata-0.4.1, doctestplus-1.4.0, hypothesis-6.131.9, astropy-header-0.2.2, filter-subpackage-0.2.0, cov-6.1.1\ncollecting ... collected 1 item\n\ntests/test_blueprints.py::test_template_test_after_route_with_template ERROR [100%]\n\n==================================== ERRORS ====================================\n________ ERROR at setup of test_template_test_after_route_with_template ________\n\napp = <Flask 'flask_test'>\n\n    @pytest.fixture\n    def client(app):\n>       return app.test_client()\n\ntests/conftest.py:70: \n_ _ _ _ _ _ _ _ _ _ _ _ _ _ _ _ _ _ _ _ _ _ _ _ _ _ _ _ _ _ _ _ _ _ _ _ _ _ _ _ \nsrc/flask/app.py:963: in test_client\n    return cls(  # type: ignore\n_ _ _ _ _ _ _ _ _ _ _ _ _ _ _ _ _ _ _ _ _ _ _ _ _ _ _ _ _ _ _ _ _ _ _ _ _ _ _ _ \n\nself = <FlaskClient <Flask 'flask_test'>>\nargs = (<Flask 'flask_test'>, <class 'flask.wrappers.Response'>)\nkwargs = {'use_cookies': True}\n\n    def __init__(self, *args: t.Any, **kwargs: t.Any) -> None:\n        super().__init__(*args, **kwargs)\n        self.preserve_context = False\n        self._new_contexts: t.List[t.ContextManager[t.Any]] = []\n        self._context_stack = ExitStack()\n        self.environ_base = {\n            \"REMOTE_ADDR\": \"127.0.0.1\",\n>           \"HTTP_USER_AGENT\": f\"werkzeug/{werkzeug.__version__}\",\n        }\nE       AttributeError: module 'werkzeug' has no attribute '__version__'\n\nsrc/flask/testing.py:117: AttributeError\n=========================== short test summary info ============================\nERROR tests/test_blueprints.py::test_template_test_after_route_with_template - AttributeError: module 'werkzeug' has no attribute '__version__'\n=============================== 1 error in 0.43s ===============================\n",
      "stderr": ""
    },
    {
      "test_file": "tests/test_blueprints.py",
      "test_case": "test_add_template_test_with_template",
      "test_type": "PASS_TO_PASS",
      "exit_code": 1,
      "stdout": "============================= test session starts ==============================\nplatform linux -- Python 3.10.17, pytest-8.3.5, pluggy-1.5.0 -- /usr/local/bin/python\ncachedir: .pytest_cache\nhypothesis profile 'default' -> database=DirectoryBasedExampleDatabase(PosixPath('/app/repo/.hypothesis/examples'))\nrootdir: /app/repo\nconfigfile: pyproject.toml\nplugins: asdf-4.1.0, arraydiff-0.6.1, astropy-0.11.0, mock-3.14.0, remotedata-0.4.1, doctestplus-1.4.0, hypothesis-6.131.9, astropy-header-0.2.2, filter-subpackage-0.2.0, cov-6.1.1\ncollecting ... collected 1 item\n\ntests/test_blueprints.py::test_add_template_test_with_template ERROR     [100%]\n\n==================================== ERRORS ====================================\n____________ ERROR at setup of test_add_template_test_with_template ____________\n\napp = <Flask 'flask_test'>\n\n    @pytest.fixture\n    def client(app):\n>       return app.test_client()\n\ntests/conftest.py:70: \n_ _ _ _ _ _ _ _ _ _ _ _ _ _ _ _ _ _ _ _ _ _ _ _ _ _ _ _ _ _ _ _ _ _ _ _ _ _ _ _ \nsrc/flask/app.py:963: in test_client\n    return cls(  # type: ignore\n_ _ _ _ _ _ _ _ _ _ _ _ _ _ _ _ _ _ _ _ _ _ _ _ _ _ _ _ _ _ _ _ _ _ _ _ _ _ _ _ \n\nself = <FlaskClient <Flask 'flask_test'>>\nargs = (<Flask 'flask_test'>, <class 'flask.wrappers.Response'>)\nkwargs = {'use_cookies': True}\n\n    def __init__(self, *args: t.Any, **kwargs: t.Any) -> None:\n        super().__init__(*args, **kwargs)\n        self.preserve_context = False\n        self._new_contexts: t.List[t.ContextManager[t.Any]] = []\n        self._context_stack = ExitStack()\n        self.environ_base = {\n            \"REMOTE_ADDR\": \"127.0.0.1\",\n>           \"HTTP_USER_AGENT\": f\"werkzeug/{werkzeug.__version__}\",\n        }\nE       AttributeError: module 'werkzeug' has no attribute '__version__'\n\nsrc/flask/testing.py:117: AttributeError\n=========================== short test summary info ============================\nERROR tests/test_blueprints.py::test_add_template_test_with_template - AttributeError: module 'werkzeug' has no attribute '__version__'\n=============================== 1 error in 0.42s ===============================\n",
      "stderr": ""
    },
    {
      "test_file": "tests/test_blueprints.py",
      "test_case": "test_template_test_with_name_and_template",
      "test_type": "PASS_TO_PASS",
      "exit_code": 1,
      "stdout": "============================= test session starts ==============================\nplatform linux -- Python 3.10.17, pytest-8.3.5, pluggy-1.5.0 -- /usr/local/bin/python\ncachedir: .pytest_cache\nhypothesis profile 'default' -> database=DirectoryBasedExampleDatabase(PosixPath('/app/repo/.hypothesis/examples'))\nrootdir: /app/repo\nconfigfile: pyproject.toml\nplugins: asdf-4.1.0, arraydiff-0.6.1, astropy-0.11.0, mock-3.14.0, remotedata-0.4.1, doctestplus-1.4.0, hypothesis-6.131.9, astropy-header-0.2.2, filter-subpackage-0.2.0, cov-6.1.1\ncollecting ... collected 1 item\n\ntests/test_blueprints.py::test_template_test_with_name_and_template ERROR [100%]\n\n==================================== ERRORS ====================================\n_________ ERROR at setup of test_template_test_with_name_and_template __________\n\napp = <Flask 'flask_test'>\n\n    @pytest.fixture\n    def client(app):\n>       return app.test_client()\n\ntests/conftest.py:70: \n_ _ _ _ _ _ _ _ _ _ _ _ _ _ _ _ _ _ _ _ _ _ _ _ _ _ _ _ _ _ _ _ _ _ _ _ _ _ _ _ \nsrc/flask/app.py:963: in test_client\n    return cls(  # type: ignore\n_ _ _ _ _ _ _ _ _ _ _ _ _ _ _ _ _ _ _ _ _ _ _ _ _ _ _ _ _ _ _ _ _ _ _ _ _ _ _ _ \n\nself = <FlaskClient <Flask 'flask_test'>>\nargs = (<Flask 'flask_test'>, <class 'flask.wrappers.Response'>)\nkwargs = {'use_cookies': True}\n\n    def __init__(self, *args: t.Any, **kwargs: t.Any) -> None:\n        super().__init__(*args, **kwargs)\n        self.preserve_context = False\n        self._new_contexts: t.List[t.ContextManager[t.Any]] = []\n        self._context_stack = ExitStack()\n        self.environ_base = {\n            \"REMOTE_ADDR\": \"127.0.0.1\",\n>           \"HTTP_USER_AGENT\": f\"werkzeug/{werkzeug.__version__}\",\n        }\nE       AttributeError: module 'werkzeug' has no attribute '__version__'\n\nsrc/flask/testing.py:117: AttributeError\n=========================== short test summary info ============================\nERROR tests/test_blueprints.py::test_template_test_with_name_and_template - AttributeError: module 'werkzeug' has no attribute '__version__'\n=============================== 1 error in 0.41s ===============================\n",
      "stderr": ""
    },
    {
      "test_file": "tests/test_blueprints.py",
      "test_case": "test_add_template_test_with_name_and_template",
      "test_type": "PASS_TO_PASS",
      "exit_code": 1,
      "stdout": "============================= test session starts ==============================\nplatform linux -- Python 3.10.17, pytest-8.3.5, pluggy-1.5.0 -- /usr/local/bin/python\ncachedir: .pytest_cache\nhypothesis profile 'default' -> database=DirectoryBasedExampleDatabase(PosixPath('/app/repo/.hypothesis/examples'))\nrootdir: /app/repo\nconfigfile: pyproject.toml\nplugins: asdf-4.1.0, arraydiff-0.6.1, astropy-0.11.0, mock-3.14.0, remotedata-0.4.1, doctestplus-1.4.0, hypothesis-6.131.9, astropy-header-0.2.2, filter-subpackage-0.2.0, cov-6.1.1\ncollecting ... collected 1 item\n\ntests/test_blueprints.py::test_add_template_test_with_name_and_template ERROR [100%]\n\n==================================== ERRORS ====================================\n_______ ERROR at setup of test_add_template_test_with_name_and_template ________\n\napp = <Flask 'flask_test'>\n\n    @pytest.fixture\n    def client(app):\n>       return app.test_client()\n\ntests/conftest.py:70: \n_ _ _ _ _ _ _ _ _ _ _ _ _ _ _ _ _ _ _ _ _ _ _ _ _ _ _ _ _ _ _ _ _ _ _ _ _ _ _ _ \nsrc/flask/app.py:963: in test_client\n    return cls(  # type: ignore\n_ _ _ _ _ _ _ _ _ _ _ _ _ _ _ _ _ _ _ _ _ _ _ _ _ _ _ _ _ _ _ _ _ _ _ _ _ _ _ _ \n\nself = <FlaskClient <Flask 'flask_test'>>\nargs = (<Flask 'flask_test'>, <class 'flask.wrappers.Response'>)\nkwargs = {'use_cookies': True}\n\n    def __init__(self, *args: t.Any, **kwargs: t.Any) -> None:\n        super().__init__(*args, **kwargs)\n        self.preserve_context = False\n        self._new_contexts: t.List[t.ContextManager[t.Any]] = []\n        self._context_stack = ExitStack()\n        self.environ_base = {\n            \"REMOTE_ADDR\": \"127.0.0.1\",\n>           \"HTTP_USER_AGENT\": f\"werkzeug/{werkzeug.__version__}\",\n        }\nE       AttributeError: module 'werkzeug' has no attribute '__version__'\n\nsrc/flask/testing.py:117: AttributeError\n=========================== short test summary info ============================\nERROR tests/test_blueprints.py::test_add_template_test_with_name_and_template - AttributeError: module 'werkzeug' has no attribute '__version__'\n=============================== 1 error in 0.45s ===============================\n",
      "stderr": ""
    },
    {
      "test_file": "tests/test_blueprints.py",
      "test_case": "test_context_processing",
      "test_type": "PASS_TO_PASS",
      "exit_code": 1,
      "stdout": "============================= test session starts ==============================\nplatform linux -- Python 3.10.17, pytest-8.3.5, pluggy-1.5.0 -- /usr/local/bin/python\ncachedir: .pytest_cache\nhypothesis profile 'default' -> database=DirectoryBasedExampleDatabase(PosixPath('/app/repo/.hypothesis/examples'))\nrootdir: /app/repo\nconfigfile: pyproject.toml\nplugins: asdf-4.1.0, arraydiff-0.6.1, astropy-0.11.0, mock-3.14.0, remotedata-0.4.1, doctestplus-1.4.0, hypothesis-6.131.9, astropy-header-0.2.2, filter-subpackage-0.2.0, cov-6.1.1\ncollecting ... collected 1 item\n\ntests/test_blueprints.py::test_context_processing ERROR                  [100%]\n\n==================================== ERRORS ====================================\n__________________ ERROR at setup of test_context_processing ___________________\n\napp = <Flask 'flask_test'>\n\n    @pytest.fixture\n    def client(app):\n>       return app.test_client()\n\ntests/conftest.py:70: \n_ _ _ _ _ _ _ _ _ _ _ _ _ _ _ _ _ _ _ _ _ _ _ _ _ _ _ _ _ _ _ _ _ _ _ _ _ _ _ _ \nsrc/flask/app.py:963: in test_client\n    return cls(  # type: ignore\n_ _ _ _ _ _ _ _ _ _ _ _ _ _ _ _ _ _ _ _ _ _ _ _ _ _ _ _ _ _ _ _ _ _ _ _ _ _ _ _ \n\nself = <FlaskClient <Flask 'flask_test'>>\nargs = (<Flask 'flask_test'>, <class 'flask.wrappers.Response'>)\nkwargs = {'use_cookies': True}\n\n    def __init__(self, *args: t.Any, **kwargs: t.Any) -> None:\n        super().__init__(*args, **kwargs)\n        self.preserve_context = False\n        self._new_contexts: t.List[t.ContextManager[t.Any]] = []\n        self._context_stack = ExitStack()\n        self.environ_base = {\n            \"REMOTE_ADDR\": \"127.0.0.1\",\n>           \"HTTP_USER_AGENT\": f\"werkzeug/{werkzeug.__version__}\",\n        }\nE       AttributeError: module 'werkzeug' has no attribute '__version__'\n\nsrc/flask/testing.py:117: AttributeError\n=========================== short test summary info ============================\nERROR tests/test_blueprints.py::test_context_processing - AttributeError: module 'werkzeug' has no attribute '__version__'\n=============================== 1 error in 0.43s ===============================\n",
      "stderr": ""
    },
    {
      "test_file": "tests/test_blueprints.py",
      "test_case": "test_template_global",
      "test_type": "PASS_TO_PASS",
      "exit_code": 0,
      "stdout": "============================= test session starts ==============================\nplatform linux -- Python 3.10.17, pytest-8.3.5, pluggy-1.5.0 -- /usr/local/bin/python\ncachedir: .pytest_cache\nhypothesis profile 'default' -> database=DirectoryBasedExampleDatabase(PosixPath('/app/repo/.hypothesis/examples'))\nrootdir: /app/repo\nconfigfile: pyproject.toml\nplugins: asdf-4.1.0, arraydiff-0.6.1, astropy-0.11.0, mock-3.14.0, remotedata-0.4.1, doctestplus-1.4.0, hypothesis-6.131.9, astropy-header-0.2.2, filter-subpackage-0.2.0, cov-6.1.1\ncollecting ... collected 1 item\n\ntests/test_blueprints.py::test_template_global PASSED                    [100%]\n\n============================== 1 passed in 0.38s ===============================\n",
      "stderr": ""
    },
    {
      "test_file": "tests/test_blueprints.py",
      "test_case": "test_request_processing",
      "test_type": "PASS_TO_PASS",
      "exit_code": 1,
      "stdout": "============================= test session starts ==============================\nplatform linux -- Python 3.10.17, pytest-8.3.5, pluggy-1.5.0 -- /usr/local/bin/python\ncachedir: .pytest_cache\nhypothesis profile 'default' -> database=DirectoryBasedExampleDatabase(PosixPath('/app/repo/.hypothesis/examples'))\nrootdir: /app/repo\nconfigfile: pyproject.toml\nplugins: asdf-4.1.0, arraydiff-0.6.1, astropy-0.11.0, mock-3.14.0, remotedata-0.4.1, doctestplus-1.4.0, hypothesis-6.131.9, astropy-header-0.2.2, filter-subpackage-0.2.0, cov-6.1.1\ncollecting ... collected 1 item\n\ntests/test_blueprints.py::test_request_processing ERROR                  [100%]\n\n==================================== ERRORS ====================================\n__________________ ERROR at setup of test_request_processing ___________________\n\napp = <Flask 'flask_test'>\n\n    @pytest.fixture\n    def client(app):\n>       return app.test_client()\n\ntests/conftest.py:70: \n_ _ _ _ _ _ _ _ _ _ _ _ _ _ _ _ _ _ _ _ _ _ _ _ _ _ _ _ _ _ _ _ _ _ _ _ _ _ _ _ \nsrc/flask/app.py:963: in test_client\n    return cls(  # type: ignore\n_ _ _ _ _ _ _ _ _ _ _ _ _ _ _ _ _ _ _ _ _ _ _ _ _ _ _ _ _ _ _ _ _ _ _ _ _ _ _ _ \n\nself = <FlaskClient <Flask 'flask_test'>>\nargs = (<Flask 'flask_test'>, <class 'flask.wrappers.Response'>)\nkwargs = {'use_cookies': True}\n\n    def __init__(self, *args: t.Any, **kwargs: t.Any) -> None:\n        super().__init__(*args, **kwargs)\n        self.preserve_context = False\n        self._new_contexts: t.List[t.ContextManager[t.Any]] = []\n        self._context_stack = ExitStack()\n        self.environ_base = {\n            \"REMOTE_ADDR\": \"127.0.0.1\",\n>           \"HTTP_USER_AGENT\": f\"werkzeug/{werkzeug.__version__}\",\n        }\nE       AttributeError: module 'werkzeug' has no attribute '__version__'\n\nsrc/flask/testing.py:117: AttributeError\n=========================== short test summary info ============================\nERROR tests/test_blueprints.py::test_request_processing - AttributeError: module 'werkzeug' has no attribute '__version__'\n=============================== 1 error in 0.42s ===============================\n",
      "stderr": ""
    },
    {
      "test_file": "tests/test_blueprints.py",
      "test_case": "test_app_request_processing",
      "test_type": "PASS_TO_PASS",
      "exit_code": 1,
      "stdout": "============================= test session starts ==============================\nplatform linux -- Python 3.10.17, pytest-8.3.5, pluggy-1.5.0 -- /usr/local/bin/python\ncachedir: .pytest_cache\nhypothesis profile 'default' -> database=DirectoryBasedExampleDatabase(PosixPath('/app/repo/.hypothesis/examples'))\nrootdir: /app/repo\nconfigfile: pyproject.toml\nplugins: asdf-4.1.0, arraydiff-0.6.1, astropy-0.11.0, mock-3.14.0, remotedata-0.4.1, doctestplus-1.4.0, hypothesis-6.131.9, astropy-header-0.2.2, filter-subpackage-0.2.0, cov-6.1.1\ncollecting ... collected 1 item\n\ntests/test_blueprints.py::test_app_request_processing ERROR              [100%]\n\n==================================== ERRORS ====================================\n________________ ERROR at setup of test_app_request_processing _________________\n\napp = <Flask 'flask_test'>\n\n    @pytest.fixture\n    def client(app):\n>       return app.test_client()\n\ntests/conftest.py:70: \n_ _ _ _ _ _ _ _ _ _ _ _ _ _ _ _ _ _ _ _ _ _ _ _ _ _ _ _ _ _ _ _ _ _ _ _ _ _ _ _ \nsrc/flask/app.py:963: in test_client\n    return cls(  # type: ignore\n_ _ _ _ _ _ _ _ _ _ _ _ _ _ _ _ _ _ _ _ _ _ _ _ _ _ _ _ _ _ _ _ _ _ _ _ _ _ _ _ \n\nself = <FlaskClient <Flask 'flask_test'>>\nargs = (<Flask 'flask_test'>, <class 'flask.wrappers.Response'>)\nkwargs = {'use_cookies': True}\n\n    def __init__(self, *args: t.Any, **kwargs: t.Any) -> None:\n        super().__init__(*args, **kwargs)\n        self.preserve_context = False\n        self._new_contexts: t.List[t.ContextManager[t.Any]] = []\n        self._context_stack = ExitStack()\n        self.environ_base = {\n            \"REMOTE_ADDR\": \"127.0.0.1\",\n>           \"HTTP_USER_AGENT\": f\"werkzeug/{werkzeug.__version__}\",\n        }\nE       AttributeError: module 'werkzeug' has no attribute '__version__'\n\nsrc/flask/testing.py:117: AttributeError\n=========================== short test summary info ============================\nERROR tests/test_blueprints.py::test_app_request_processing - AttributeError: module 'werkzeug' has no attribute '__version__'\n=============================== 1 error in 0.42s ===============================\n",
      "stderr": ""
    },
    {
      "test_file": "tests/test_blueprints.py",
      "test_case": "test_app_url_processors",
      "test_type": "PASS_TO_PASS",
      "exit_code": 1,
      "stdout": "============================= test session starts ==============================\nplatform linux -- Python 3.10.17, pytest-8.3.5, pluggy-1.5.0 -- /usr/local/bin/python\ncachedir: .pytest_cache\nhypothesis profile 'default' -> database=DirectoryBasedExampleDatabase(PosixPath('/app/repo/.hypothesis/examples'))\nrootdir: /app/repo\nconfigfile: pyproject.toml\nplugins: asdf-4.1.0, arraydiff-0.6.1, astropy-0.11.0, mock-3.14.0, remotedata-0.4.1, doctestplus-1.4.0, hypothesis-6.131.9, astropy-header-0.2.2, filter-subpackage-0.2.0, cov-6.1.1\ncollecting ... collected 1 item\n\ntests/test_blueprints.py::test_app_url_processors ERROR                  [100%]\n\n==================================== ERRORS ====================================\n__________________ ERROR at setup of test_app_url_processors ___________________\n\napp = <Flask 'flask_test'>\n\n    @pytest.fixture\n    def client(app):\n>       return app.test_client()\n\ntests/conftest.py:70: \n_ _ _ _ _ _ _ _ _ _ _ _ _ _ _ _ _ _ _ _ _ _ _ _ _ _ _ _ _ _ _ _ _ _ _ _ _ _ _ _ \nsrc/flask/app.py:963: in test_client\n    return cls(  # type: ignore\n_ _ _ _ _ _ _ _ _ _ _ _ _ _ _ _ _ _ _ _ _ _ _ _ _ _ _ _ _ _ _ _ _ _ _ _ _ _ _ _ \n\nself = <FlaskClient <Flask 'flask_test'>>\nargs = (<Flask 'flask_test'>, <class 'flask.wrappers.Response'>)\nkwargs = {'use_cookies': True}\n\n    def __init__(self, *args: t.Any, **kwargs: t.Any) -> None:\n        super().__init__(*args, **kwargs)\n        self.preserve_context = False\n        self._new_contexts: t.List[t.ContextManager[t.Any]] = []\n        self._context_stack = ExitStack()\n        self.environ_base = {\n            \"REMOTE_ADDR\": \"127.0.0.1\",\n>           \"HTTP_USER_AGENT\": f\"werkzeug/{werkzeug.__version__}\",\n        }\nE       AttributeError: module 'werkzeug' has no attribute '__version__'\n\nsrc/flask/testing.py:117: AttributeError\n=========================== short test summary info ============================\nERROR tests/test_blueprints.py::test_app_url_processors - AttributeError: module 'werkzeug' has no attribute '__version__'\n=============================== 1 error in 0.44s ===============================\n",
      "stderr": ""
    },
    {
      "test_file": "tests/test_blueprints.py",
      "test_case": "test_nested_blueprint",
      "test_type": "PASS_TO_PASS",
      "exit_code": 1,
      "stdout": "============================= test session starts ==============================\nplatform linux -- Python 3.10.17, pytest-8.3.5, pluggy-1.5.0 -- /usr/local/bin/python\ncachedir: .pytest_cache\nhypothesis profile 'default' -> database=DirectoryBasedExampleDatabase(PosixPath('/app/repo/.hypothesis/examples'))\nrootdir: /app/repo\nconfigfile: pyproject.toml\nplugins: asdf-4.1.0, arraydiff-0.6.1, astropy-0.11.0, mock-3.14.0, remotedata-0.4.1, doctestplus-1.4.0, hypothesis-6.131.9, astropy-header-0.2.2, filter-subpackage-0.2.0, cov-6.1.1\ncollecting ... collected 1 item\n\ntests/test_blueprints.py::test_nested_blueprint ERROR                    [100%]\n\n==================================== ERRORS ====================================\n___________________ ERROR at setup of test_nested_blueprint ____________________\n\napp = <Flask 'flask_test'>\n\n    @pytest.fixture\n    def client(app):\n>       return app.test_client()\n\ntests/conftest.py:70: \n_ _ _ _ _ _ _ _ _ _ _ _ _ _ _ _ _ _ _ _ _ _ _ _ _ _ _ _ _ _ _ _ _ _ _ _ _ _ _ _ \nsrc/flask/app.py:963: in test_client\n    return cls(  # type: ignore\n_ _ _ _ _ _ _ _ _ _ _ _ _ _ _ _ _ _ _ _ _ _ _ _ _ _ _ _ _ _ _ _ _ _ _ _ _ _ _ _ \n\nself = <FlaskClient <Flask 'flask_test'>>\nargs = (<Flask 'flask_test'>, <class 'flask.wrappers.Response'>)\nkwargs = {'use_cookies': True}\n\n    def __init__(self, *args: t.Any, **kwargs: t.Any) -> None:\n        super().__init__(*args, **kwargs)\n        self.preserve_context = False\n        self._new_contexts: t.List[t.ContextManager[t.Any]] = []\n        self._context_stack = ExitStack()\n        self.environ_base = {\n            \"REMOTE_ADDR\": \"127.0.0.1\",\n>           \"HTTP_USER_AGENT\": f\"werkzeug/{werkzeug.__version__}\",\n        }\nE       AttributeError: module 'werkzeug' has no attribute '__version__'\n\nsrc/flask/testing.py:117: AttributeError\n=========================== short test summary info ============================\nERROR tests/test_blueprints.py::test_nested_blueprint - AttributeError: module 'werkzeug' has no attribute '__version__'\n=============================== 1 error in 0.41s ===============================\n",
      "stderr": ""
    },
    {
      "test_file": "tests/test_blueprints.py",
      "test_case": "test_nested_callback_order",
      "test_type": "PASS_TO_PASS",
      "exit_code": 1,
      "stdout": "============================= test session starts ==============================\nplatform linux -- Python 3.10.17, pytest-8.3.5, pluggy-1.5.0 -- /usr/local/bin/python\ncachedir: .pytest_cache\nhypothesis profile 'default' -> database=DirectoryBasedExampleDatabase(PosixPath('/app/repo/.hypothesis/examples'))\nrootdir: /app/repo\nconfigfile: pyproject.toml\nplugins: asdf-4.1.0, arraydiff-0.6.1, astropy-0.11.0, mock-3.14.0, remotedata-0.4.1, doctestplus-1.4.0, hypothesis-6.131.9, astropy-header-0.2.2, filter-subpackage-0.2.0, cov-6.1.1\ncollecting ... collected 1 item\n\ntests/test_blueprints.py::test_nested_callback_order ERROR               [100%]\n\n==================================== ERRORS ====================================\n_________________ ERROR at setup of test_nested_callback_order _________________\n\napp = <Flask 'flask_test'>\n\n    @pytest.fixture\n    def client(app):\n>       return app.test_client()\n\ntests/conftest.py:70: \n_ _ _ _ _ _ _ _ _ _ _ _ _ _ _ _ _ _ _ _ _ _ _ _ _ _ _ _ _ _ _ _ _ _ _ _ _ _ _ _ \nsrc/flask/app.py:963: in test_client\n    return cls(  # type: ignore\n_ _ _ _ _ _ _ _ _ _ _ _ _ _ _ _ _ _ _ _ _ _ _ _ _ _ _ _ _ _ _ _ _ _ _ _ _ _ _ _ \n\nself = <FlaskClient <Flask 'flask_test'>>\nargs = (<Flask 'flask_test'>, <class 'flask.wrappers.Response'>)\nkwargs = {'use_cookies': True}\n\n    def __init__(self, *args: t.Any, **kwargs: t.Any) -> None:\n        super().__init__(*args, **kwargs)\n        self.preserve_context = False\n        self._new_contexts: t.List[t.ContextManager[t.Any]] = []\n        self._context_stack = ExitStack()\n        self.environ_base = {\n            \"REMOTE_ADDR\": \"127.0.0.1\",\n>           \"HTTP_USER_AGENT\": f\"werkzeug/{werkzeug.__version__}\",\n        }\nE       AttributeError: module 'werkzeug' has no attribute '__version__'\n\nsrc/flask/testing.py:117: AttributeError\n=========================== short test summary info ============================\nERROR tests/test_blueprints.py::test_nested_callback_order - AttributeError: module 'werkzeug' has no attribute '__version__'\n=============================== 1 error in 0.42s ===============================\n",
      "stderr": ""
    },
    {
      "test_file": "tests/test_blueprints.py",
      "test_case": "test_nesting_url_prefixes[/parent-/child-None-None]",
      "test_type": "PASS_TO_PASS",
      "exit_code": 1,
      "stdout": "============================= test session starts ==============================\nplatform linux -- Python 3.10.17, pytest-8.3.5, pluggy-1.5.0 -- /usr/local/bin/python\ncachedir: .pytest_cache\nhypothesis profile 'default' -> database=DirectoryBasedExampleDatabase(PosixPath('/app/repo/.hypothesis/examples'))\nrootdir: /app/repo\nconfigfile: pyproject.toml\nplugins: asdf-4.1.0, arraydiff-0.6.1, astropy-0.11.0, mock-3.14.0, remotedata-0.4.1, doctestplus-1.4.0, hypothesis-6.131.9, astropy-header-0.2.2, filter-subpackage-0.2.0, cov-6.1.1\ncollecting ... collected 1 item\n\ntests/test_blueprints.py::test_nesting_url_prefixes[/parent-/child-None-None] ERROR [100%]\n\n==================================== ERRORS ====================================\n____ ERROR at setup of test_nesting_url_prefixes[/parent-/child-None-None] _____\n\napp = <Flask 'flask_test'>\n\n    @pytest.fixture\n    def client(app):\n>       return app.test_client()\n\ntests/conftest.py:70: \n_ _ _ _ _ _ _ _ _ _ _ _ _ _ _ _ _ _ _ _ _ _ _ _ _ _ _ _ _ _ _ _ _ _ _ _ _ _ _ _ \nsrc/flask/app.py:963: in test_client\n    return cls(  # type: ignore\n_ _ _ _ _ _ _ _ _ _ _ _ _ _ _ _ _ _ _ _ _ _ _ _ _ _ _ _ _ _ _ _ _ _ _ _ _ _ _ _ \n\nself = <FlaskClient <Flask 'flask_test'>>\nargs = (<Flask 'flask_test'>, <class 'flask.wrappers.Response'>)\nkwargs = {'use_cookies': True}\n\n    def __init__(self, *args: t.Any, **kwargs: t.Any) -> None:\n        super().__init__(*args, **kwargs)\n        self.preserve_context = False\n        self._new_contexts: t.List[t.ContextManager[t.Any]] = []\n        self._context_stack = ExitStack()\n        self.environ_base = {\n            \"REMOTE_ADDR\": \"127.0.0.1\",\n>           \"HTTP_USER_AGENT\": f\"werkzeug/{werkzeug.__version__}\",\n        }\nE       AttributeError: module 'werkzeug' has no attribute '__version__'\n\nsrc/flask/testing.py:117: AttributeError\n=========================== short test summary info ============================\nERROR tests/test_blueprints.py::test_nesting_url_prefixes[/parent-/child-None-None] - AttributeError: module 'werkzeug' has no attribute '__version__'\n=============================== 1 error in 0.41s ===============================\n",
      "stderr": ""
    },
    {
      "test_file": "tests/test_blueprints.py",
      "test_case": "test_nesting_url_prefixes[/parent-None-None-/child]",
      "test_type": "PASS_TO_PASS",
      "exit_code": 1,
      "stdout": "============================= test session starts ==============================\nplatform linux -- Python 3.10.17, pytest-8.3.5, pluggy-1.5.0 -- /usr/local/bin/python\ncachedir: .pytest_cache\nhypothesis profile 'default' -> database=DirectoryBasedExampleDatabase(PosixPath('/app/repo/.hypothesis/examples'))\nrootdir: /app/repo\nconfigfile: pyproject.toml\nplugins: asdf-4.1.0, arraydiff-0.6.1, astropy-0.11.0, mock-3.14.0, remotedata-0.4.1, doctestplus-1.4.0, hypothesis-6.131.9, astropy-header-0.2.2, filter-subpackage-0.2.0, cov-6.1.1\ncollecting ... collected 1 item\n\ntests/test_blueprints.py::test_nesting_url_prefixes[/parent-None-None-/child] ERROR [100%]\n\n==================================== ERRORS ====================================\n____ ERROR at setup of test_nesting_url_prefixes[/parent-None-None-/child] _____\n\napp = <Flask 'flask_test'>\n\n    @pytest.fixture\n    def client(app):\n>       return app.test_client()\n\ntests/conftest.py:70: \n_ _ _ _ _ _ _ _ _ _ _ _ _ _ _ _ _ _ _ _ _ _ _ _ _ _ _ _ _ _ _ _ _ _ _ _ _ _ _ _ \nsrc/flask/app.py:963: in test_client\n    return cls(  # type: ignore\n_ _ _ _ _ _ _ _ _ _ _ _ _ _ _ _ _ _ _ _ _ _ _ _ _ _ _ _ _ _ _ _ _ _ _ _ _ _ _ _ \n\nself = <FlaskClient <Flask 'flask_test'>>\nargs = (<Flask 'flask_test'>, <class 'flask.wrappers.Response'>)\nkwargs = {'use_cookies': True}\n\n    def __init__(self, *args: t.Any, **kwargs: t.Any) -> None:\n        super().__init__(*args, **kwargs)\n        self.preserve_context = False\n        self._new_contexts: t.List[t.ContextManager[t.Any]] = []\n        self._context_stack = ExitStack()\n        self.environ_base = {\n            \"REMOTE_ADDR\": \"127.0.0.1\",\n>           \"HTTP_USER_AGENT\": f\"werkzeug/{werkzeug.__version__}\",\n        }\nE       AttributeError: module 'werkzeug' has no attribute '__version__'\n\nsrc/flask/testing.py:117: AttributeError\n=========================== short test summary info ============================\nERROR tests/test_blueprints.py::test_nesting_url_prefixes[/parent-None-None-/child] - AttributeError: module 'werkzeug' has no attribute '__version__'\n=============================== 1 error in 0.43s ===============================\n",
      "stderr": ""
    },
    {
      "test_file": "tests/test_blueprints.py",
      "test_case": "test_nesting_url_prefixes[None-None-/parent-/child]",
      "test_type": "PASS_TO_PASS",
      "exit_code": 1,
      "stdout": "============================= test session starts ==============================\nplatform linux -- Python 3.10.17, pytest-8.3.5, pluggy-1.5.0 -- /usr/local/bin/python\ncachedir: .pytest_cache\nhypothesis profile 'default' -> database=DirectoryBasedExampleDatabase(PosixPath('/app/repo/.hypothesis/examples'))\nrootdir: /app/repo\nconfigfile: pyproject.toml\nplugins: asdf-4.1.0, arraydiff-0.6.1, astropy-0.11.0, mock-3.14.0, remotedata-0.4.1, doctestplus-1.4.0, hypothesis-6.131.9, astropy-header-0.2.2, filter-subpackage-0.2.0, cov-6.1.1\ncollecting ... collected 1 item\n\ntests/test_blueprints.py::test_nesting_url_prefixes[None-None-/parent-/child] ERROR [100%]\n\n==================================== ERRORS ====================================\n____ ERROR at setup of test_nesting_url_prefixes[None-None-/parent-/child] _____\n\napp = <Flask 'flask_test'>\n\n    @pytest.fixture\n    def client(app):\n>       return app.test_client()\n\ntests/conftest.py:70: \n_ _ _ _ _ _ _ _ _ _ _ _ _ _ _ _ _ _ _ _ _ _ _ _ _ _ _ _ _ _ _ _ _ _ _ _ _ _ _ _ \nsrc/flask/app.py:963: in test_client\n    return cls(  # type: ignore\n_ _ _ _ _ _ _ _ _ _ _ _ _ _ _ _ _ _ _ _ _ _ _ _ _ _ _ _ _ _ _ _ _ _ _ _ _ _ _ _ \n\nself = <FlaskClient <Flask 'flask_test'>>\nargs = (<Flask 'flask_test'>, <class 'flask.wrappers.Response'>)\nkwargs = {'use_cookies': True}\n\n    def __init__(self, *args: t.Any, **kwargs: t.Any) -> None:\n        super().__init__(*args, **kwargs)\n        self.preserve_context = False\n        self._new_contexts: t.List[t.ContextManager[t.Any]] = []\n        self._context_stack = ExitStack()\n        self.environ_base = {\n            \"REMOTE_ADDR\": \"127.0.0.1\",\n>           \"HTTP_USER_AGENT\": f\"werkzeug/{werkzeug.__version__}\",\n        }\nE       AttributeError: module 'werkzeug' has no attribute '__version__'\n\nsrc/flask/testing.py:117: AttributeError\n=========================== short test summary info ============================\nERROR tests/test_blueprints.py::test_nesting_url_prefixes[None-None-/parent-/child] - AttributeError: module 'werkzeug' has no attribute '__version__'\n=============================== 1 error in 0.42s ===============================\n",
      "stderr": ""
    },
    {
      "test_file": "tests/test_blueprints.py",
      "test_case": "test_nesting_url_prefixes[/other-/something-/parent-/child]",
      "test_type": "PASS_TO_PASS",
      "exit_code": 1,
      "stdout": "============================= test session starts ==============================\nplatform linux -- Python 3.10.17, pytest-8.3.5, pluggy-1.5.0 -- /usr/local/bin/python\ncachedir: .pytest_cache\nhypothesis profile 'default' -> database=DirectoryBasedExampleDatabase(PosixPath('/app/repo/.hypothesis/examples'))\nrootdir: /app/repo\nconfigfile: pyproject.toml\nplugins: asdf-4.1.0, arraydiff-0.6.1, astropy-0.11.0, mock-3.14.0, remotedata-0.4.1, doctestplus-1.4.0, hypothesis-6.131.9, astropy-header-0.2.2, filter-subpackage-0.2.0, cov-6.1.1\ncollecting ... collected 1 item\n\ntests/test_blueprints.py::test_nesting_url_prefixes[/other-/something-/parent-/child] ERROR [100%]\n\n==================================== ERRORS ====================================\n_ ERROR at setup of test_nesting_url_prefixes[/other-/something-/parent-/child] _\n\napp = <Flask 'flask_test'>\n\n    @pytest.fixture\n    def client(app):\n>       return app.test_client()\n\ntests/conftest.py:70: \n_ _ _ _ _ _ _ _ _ _ _ _ _ _ _ _ _ _ _ _ _ _ _ _ _ _ _ _ _ _ _ _ _ _ _ _ _ _ _ _ \nsrc/flask/app.py:963: in test_client\n    return cls(  # type: ignore\n_ _ _ _ _ _ _ _ _ _ _ _ _ _ _ _ _ _ _ _ _ _ _ _ _ _ _ _ _ _ _ _ _ _ _ _ _ _ _ _ \n\nself = <FlaskClient <Flask 'flask_test'>>\nargs = (<Flask 'flask_test'>, <class 'flask.wrappers.Response'>)\nkwargs = {'use_cookies': True}\n\n    def __init__(self, *args: t.Any, **kwargs: t.Any) -> None:\n        super().__init__(*args, **kwargs)\n        self.preserve_context = False\n        self._new_contexts: t.List[t.ContextManager[t.Any]] = []\n        self._context_stack = ExitStack()\n        self.environ_base = {\n            \"REMOTE_ADDR\": \"127.0.0.1\",\n>           \"HTTP_USER_AGENT\": f\"werkzeug/{werkzeug.__version__}\",\n        }\nE       AttributeError: module 'werkzeug' has no attribute '__version__'\n\nsrc/flask/testing.py:117: AttributeError\n=========================== short test summary info ============================\nERROR tests/test_blueprints.py::test_nesting_url_prefixes[/other-/something-/parent-/child] - AttributeError: module 'werkzeug' has no attribute '__version__'\n=============================== 1 error in 0.42s ===============================\n",
      "stderr": ""
    },
    {
      "test_file": "tests/test_blueprints.py",
      "test_case": "test_nesting_subdomains",
      "test_type": "PASS_TO_PASS",
      "exit_code": 1,
      "stdout": "============================= test session starts ==============================\nplatform linux -- Python 3.10.17, pytest-8.3.5, pluggy-1.5.0 -- /usr/local/bin/python\ncachedir: .pytest_cache\nhypothesis profile 'default' -> database=DirectoryBasedExampleDatabase(PosixPath('/app/repo/.hypothesis/examples'))\nrootdir: /app/repo\nconfigfile: pyproject.toml\nplugins: asdf-4.1.0, arraydiff-0.6.1, astropy-0.11.0, mock-3.14.0, remotedata-0.4.1, doctestplus-1.4.0, hypothesis-6.131.9, astropy-header-0.2.2, filter-subpackage-0.2.0, cov-6.1.1\ncollecting ... collected 1 item\n\ntests/test_blueprints.py::test_nesting_subdomains ERROR                  [100%]\n\n==================================== ERRORS ====================================\n__________________ ERROR at setup of test_nesting_subdomains ___________________\n\napp = <Flask 'flask_test'>\n\n    @pytest.fixture\n    def client(app):\n>       return app.test_client()\n\ntests/conftest.py:70: \n_ _ _ _ _ _ _ _ _ _ _ _ _ _ _ _ _ _ _ _ _ _ _ _ _ _ _ _ _ _ _ _ _ _ _ _ _ _ _ _ \nsrc/flask/app.py:963: in test_client\n    return cls(  # type: ignore\n_ _ _ _ _ _ _ _ _ _ _ _ _ _ _ _ _ _ _ _ _ _ _ _ _ _ _ _ _ _ _ _ _ _ _ _ _ _ _ _ \n\nself = <FlaskClient <Flask 'flask_test'>>\nargs = (<Flask 'flask_test'>, <class 'flask.wrappers.Response'>)\nkwargs = {'use_cookies': True}\n\n    def __init__(self, *args: t.Any, **kwargs: t.Any) -> None:\n        super().__init__(*args, **kwargs)\n        self.preserve_context = False\n        self._new_contexts: t.List[t.ContextManager[t.Any]] = []\n        self._context_stack = ExitStack()\n        self.environ_base = {\n            \"REMOTE_ADDR\": \"127.0.0.1\",\n>           \"HTTP_USER_AGENT\": f\"werkzeug/{werkzeug.__version__}\",\n        }\nE       AttributeError: module 'werkzeug' has no attribute '__version__'\n\nsrc/flask/testing.py:117: AttributeError\n=========================== short test summary info ============================\nERROR tests/test_blueprints.py::test_nesting_subdomains - AttributeError: module 'werkzeug' has no attribute '__version__'\n=============================== 1 error in 0.45s ===============================\n",
      "stderr": ""
    },
    {
      "test_file": "tests/test_blueprints.py",
      "test_case": "test_child_and_parent_subdomain",
      "test_type": "PASS_TO_PASS",
      "exit_code": 1,
      "stdout": "============================= test session starts ==============================\nplatform linux -- Python 3.10.17, pytest-8.3.5, pluggy-1.5.0 -- /usr/local/bin/python\ncachedir: .pytest_cache\nhypothesis profile 'default' -> database=DirectoryBasedExampleDatabase(PosixPath('/app/repo/.hypothesis/examples'))\nrootdir: /app/repo\nconfigfile: pyproject.toml\nplugins: asdf-4.1.0, arraydiff-0.6.1, astropy-0.11.0, mock-3.14.0, remotedata-0.4.1, doctestplus-1.4.0, hypothesis-6.131.9, astropy-header-0.2.2, filter-subpackage-0.2.0, cov-6.1.1\ncollecting ... collected 1 item\n\ntests/test_blueprints.py::test_child_and_parent_subdomain ERROR          [100%]\n\n==================================== ERRORS ====================================\n______________ ERROR at setup of test_child_and_parent_subdomain _______________\n\napp = <Flask 'flask_test'>\n\n    @pytest.fixture\n    def client(app):\n>       return app.test_client()\n\ntests/conftest.py:70: \n_ _ _ _ _ _ _ _ _ _ _ _ _ _ _ _ _ _ _ _ _ _ _ _ _ _ _ _ _ _ _ _ _ _ _ _ _ _ _ _ \nsrc/flask/app.py:963: in test_client\n    return cls(  # type: ignore\n_ _ _ _ _ _ _ _ _ _ _ _ _ _ _ _ _ _ _ _ _ _ _ _ _ _ _ _ _ _ _ _ _ _ _ _ _ _ _ _ \n\nself = <FlaskClient <Flask 'flask_test'>>\nargs = (<Flask 'flask_test'>, <class 'flask.wrappers.Response'>)\nkwargs = {'use_cookies': True}\n\n    def __init__(self, *args: t.Any, **kwargs: t.Any) -> None:\n        super().__init__(*args, **kwargs)\n        self.preserve_context = False\n        self._new_contexts: t.List[t.ContextManager[t.Any]] = []\n        self._context_stack = ExitStack()\n        self.environ_base = {\n            \"REMOTE_ADDR\": \"127.0.0.1\",\n>           \"HTTP_USER_AGENT\": f\"werkzeug/{werkzeug.__version__}\",\n        }\nE       AttributeError: module 'werkzeug' has no attribute '__version__'\n\nsrc/flask/testing.py:117: AttributeError\n=========================== short test summary info ============================\nERROR tests/test_blueprints.py::test_child_and_parent_subdomain - AttributeError: module 'werkzeug' has no attribute '__version__'\n=============================== 1 error in 0.41s ===============================\n",
      "stderr": ""
    },
    {
      "test_file": "tests/test_blueprints.py",
      "test_case": "test_unique_blueprint_names",
      "test_type": "PASS_TO_PASS",
      "exit_code": 1,
      "stdout": "============================= test session starts ==============================\nplatform linux -- Python 3.10.17, pytest-8.3.5, pluggy-1.5.0 -- /usr/local/bin/python\ncachedir: .pytest_cache\nhypothesis profile 'default' -> database=DirectoryBasedExampleDatabase(PosixPath('/app/repo/.hypothesis/examples'))\nrootdir: /app/repo\nconfigfile: pyproject.toml\nplugins: asdf-4.1.0, arraydiff-0.6.1, astropy-0.11.0, mock-3.14.0, remotedata-0.4.1, doctestplus-1.4.0, hypothesis-6.131.9, astropy-header-0.2.2, filter-subpackage-0.2.0, cov-6.1.1\ncollecting ... collected 1 item\n\ntests/test_blueprints.py::test_unique_blueprint_names ERROR              [100%]\n\n==================================== ERRORS ====================================\n________________ ERROR at setup of test_unique_blueprint_names _________________\n\napp = <Flask 'flask_test'>\n\n    @pytest.fixture\n    def client(app):\n>       return app.test_client()\n\ntests/conftest.py:70: \n_ _ _ _ _ _ _ _ _ _ _ _ _ _ _ _ _ _ _ _ _ _ _ _ _ _ _ _ _ _ _ _ _ _ _ _ _ _ _ _ \nsrc/flask/app.py:963: in test_client\n    return cls(  # type: ignore\n_ _ _ _ _ _ _ _ _ _ _ _ _ _ _ _ _ _ _ _ _ _ _ _ _ _ _ _ _ _ _ _ _ _ _ _ _ _ _ _ \n\nself = <FlaskClient <Flask 'flask_test'>>\nargs = (<Flask 'flask_test'>, <class 'flask.wrappers.Response'>)\nkwargs = {'use_cookies': True}\n\n    def __init__(self, *args: t.Any, **kwargs: t.Any) -> None:\n        super().__init__(*args, **kwargs)\n        self.preserve_context = False\n        self._new_contexts: t.List[t.ContextManager[t.Any]] = []\n        self._context_stack = ExitStack()\n        self.environ_base = {\n            \"REMOTE_ADDR\": \"127.0.0.1\",\n>           \"HTTP_USER_AGENT\": f\"werkzeug/{werkzeug.__version__}\",\n        }\nE       AttributeError: module 'werkzeug' has no attribute '__version__'\n\nsrc/flask/testing.py:117: AttributeError\n=========================== short test summary info ============================\nERROR tests/test_blueprints.py::test_unique_blueprint_names - AttributeError: module 'werkzeug' has no attribute '__version__'\n=============================== 1 error in 0.41s ===============================\n",
      "stderr": ""
    },
    {
      "test_file": "tests/test_blueprints.py",
      "test_case": "test_self_registration",
      "test_type": "PASS_TO_PASS",
      "exit_code": 1,
      "stdout": "============================= test session starts ==============================\nplatform linux -- Python 3.10.17, pytest-8.3.5, pluggy-1.5.0 -- /usr/local/bin/python\ncachedir: .pytest_cache\nhypothesis profile 'default' -> database=DirectoryBasedExampleDatabase(PosixPath('/app/repo/.hypothesis/examples'))\nrootdir: /app/repo\nconfigfile: pyproject.toml\nplugins: asdf-4.1.0, arraydiff-0.6.1, astropy-0.11.0, mock-3.14.0, remotedata-0.4.1, doctestplus-1.4.0, hypothesis-6.131.9, astropy-header-0.2.2, filter-subpackage-0.2.0, cov-6.1.1\ncollecting ... collected 1 item\n\ntests/test_blueprints.py::test_self_registration ERROR                   [100%]\n\n==================================== ERRORS ====================================\n___________________ ERROR at setup of test_self_registration ___________________\n\napp = <Flask 'flask_test'>\n\n    @pytest.fixture\n    def client(app):\n>       return app.test_client()\n\ntests/conftest.py:70: \n_ _ _ _ _ _ _ _ _ _ _ _ _ _ _ _ _ _ _ _ _ _ _ _ _ _ _ _ _ _ _ _ _ _ _ _ _ _ _ _ \nsrc/flask/app.py:963: in test_client\n    return cls(  # type: ignore\n_ _ _ _ _ _ _ _ _ _ _ _ _ _ _ _ _ _ _ _ _ _ _ _ _ _ _ _ _ _ _ _ _ _ _ _ _ _ _ _ \n\nself = <FlaskClient <Flask 'flask_test'>>\nargs = (<Flask 'flask_test'>, <class 'flask.wrappers.Response'>)\nkwargs = {'use_cookies': True}\n\n    def __init__(self, *args: t.Any, **kwargs: t.Any) -> None:\n        super().__init__(*args, **kwargs)\n        self.preserve_context = False\n        self._new_contexts: t.List[t.ContextManager[t.Any]] = []\n        self._context_stack = ExitStack()\n        self.environ_base = {\n            \"REMOTE_ADDR\": \"127.0.0.1\",\n>           \"HTTP_USER_AGENT\": f\"werkzeug/{werkzeug.__version__}\",\n        }\nE       AttributeError: module 'werkzeug' has no attribute '__version__'\n\nsrc/flask/testing.py:117: AttributeError\n=========================== short test summary info ============================\nERROR tests/test_blueprints.py::test_self_registration - AttributeError: module 'werkzeug' has no attribute '__version__'\n=============================== 1 error in 0.43s ===============================\n",
      "stderr": ""
    },
    {
      "test_file": "tests/test_blueprints.py",
      "test_case": "test_blueprint_renaming",
      "test_type": "PASS_TO_PASS",
      "exit_code": 1,
      "stdout": "============================= test session starts ==============================\nplatform linux -- Python 3.10.17, pytest-8.3.5, pluggy-1.5.0 -- /usr/local/bin/python\ncachedir: .pytest_cache\nhypothesis profile 'default' -> database=DirectoryBasedExampleDatabase(PosixPath('/app/repo/.hypothesis/examples'))\nrootdir: /app/repo\nconfigfile: pyproject.toml\nplugins: asdf-4.1.0, arraydiff-0.6.1, astropy-0.11.0, mock-3.14.0, remotedata-0.4.1, doctestplus-1.4.0, hypothesis-6.131.9, astropy-header-0.2.2, filter-subpackage-0.2.0, cov-6.1.1\ncollecting ... collected 1 item\n\ntests/test_blueprints.py::test_blueprint_renaming ERROR                  [100%]\n\n==================================== ERRORS ====================================\n__________________ ERROR at setup of test_blueprint_renaming ___________________\n\napp = <Flask 'flask_test'>\n\n    @pytest.fixture\n    def client(app):\n>       return app.test_client()\n\ntests/conftest.py:70: \n_ _ _ _ _ _ _ _ _ _ _ _ _ _ _ _ _ _ _ _ _ _ _ _ _ _ _ _ _ _ _ _ _ _ _ _ _ _ _ _ \nsrc/flask/app.py:963: in test_client\n    return cls(  # type: ignore\n_ _ _ _ _ _ _ _ _ _ _ _ _ _ _ _ _ _ _ _ _ _ _ _ _ _ _ _ _ _ _ _ _ _ _ _ _ _ _ _ \n\nself = <FlaskClient <Flask 'flask_test'>>\nargs = (<Flask 'flask_test'>, <class 'flask.wrappers.Response'>)\nkwargs = {'use_cookies': True}\n\n    def __init__(self, *args: t.Any, **kwargs: t.Any) -> None:\n        super().__init__(*args, **kwargs)\n        self.preserve_context = False\n        self._new_contexts: t.List[t.ContextManager[t.Any]] = []\n        self._context_stack = ExitStack()\n        self.environ_base = {\n            \"REMOTE_ADDR\": \"127.0.0.1\",\n>           \"HTTP_USER_AGENT\": f\"werkzeug/{werkzeug.__version__}\",\n        }\nE       AttributeError: module 'werkzeug' has no attribute '__version__'\n\nsrc/flask/testing.py:117: AttributeError\n=========================== short test summary info ============================\nERROR tests/test_blueprints.py::test_blueprint_renaming - AttributeError: module 'werkzeug' has no attribute '__version__'\n=============================== 1 error in 0.41s ===============================\n",
      "stderr": ""
    }
  ]
}