{
  "instance_id": "pytest-dev__pytest-5787",
  "results": [
    {
      "test_file": "testing/code/test_code.py",
      "test_case": "test_ne",
      "test_type": "PASS_TO_PASS",
      "exit_code": 1,
      "stdout": "",
      "stderr": "Traceback (most recent call last):\n  File \"/usr/local/bin/pytest\", line 8, in <module>\n    sys.exit(main())\n  File \"/app/repo/src/_pytest/config/__init__.py\", line 59, in main\n    config = _prepareconfig(args, plugins)\n  File \"/app/repo/src/_pytest/config/__init__.py\", line 208, in _prepareconfig\n    return pluginmanager.hook.pytest_cmdline_parse(\n  File \"/usr/local/lib/python3.10/site-packages/pluggy/hooks.py\", line 286, in __call__\n    return self._hookexec(self, self.get_hookimpls(), kwargs)\n  File \"/usr/local/lib/python3.10/site-packages/pluggy/manager.py\", line 93, in _hookexec\n    return self._inner_hookexec(hook, methods, kwargs)\n  File \"/usr/local/lib/python3.10/site-packages/pluggy/manager.py\", line 84, in <lambda>\n    self._inner_hookexec = lambda hook, methods, kwargs: hook.multicall(\n  File \"/usr/local/lib/python3.10/site-packages/pluggy/callers.py\", line 203, in _multicall\n    gen.send(outcome)\n  File \"/app/repo/src/_pytest/helpconfig.py\", line 89, in pytest_cmdline_parse\n    config = outcome.get_result()\n  File \"/usr/local/lib/python3.10/site-packages/pluggy/callers.py\", line 80, in get_result\n    raise ex[1].with_traceback(ex[2])\n  File \"/usr/local/lib/python3.10/site-packages/pluggy/callers.py\", line 187, in _multicall\n    res = hook_impl.function(*args)\n  File \"/app/repo/src/_pytest/config/__init__.py\", line 720, in pytest_cmdline_parse\n    self.parse(args)\n  File \"/app/repo/src/_pytest/config/__init__.py\", line 928, in parse\n    self._preparse(args, addopts=addopts)\n  File \"/app/repo/src/_pytest/config/__init__.py\", line 870, in _preparse\n    self.pluginmanager.consider_preparse(args)\n  File \"/app/repo/src/_pytest/config/__init__.py\", line 490, in consider_preparse\n    self.consider_pluginarg(parg)\n  File \"/app/repo/src/_pytest/config/__init__.py\", line 515, in consider_pluginarg\n    self.import_plugin(arg, consider_entry_points=True)\n  File \"/app/repo/src/_pytest/config/__init__.py\", line 556, in import_plugin\n    __import__(importspec)\n  File \"<frozen importlib._bootstrap>\", line 1027, in _find_and_load\n  File \"<frozen importlib._bootstrap>\", line 1006, in _find_and_load_unlocked\n  File \"<frozen importlib._bootstrap>\", line 688, in _load_unlocked\n  File \"/app/repo/src/_pytest/assertion/rewrite.py\", line 131, in exec_module\n    source_stat, co = _rewrite_test(fn, self.config)\n  File \"/app/repo/src/_pytest/assertion/rewrite.py\", line 282, in _rewrite_test\n    co = compile(tree, fn, \"exec\", dont_inherit=True)\nTypeError: required field \"lineno\" missing from alias\n"
    },
    {
      "test_file": "testing/code/test_code.py",
      "test_case": "test_code_gives_back_name_for_not_existing_file",
      "test_type": "PASS_TO_PASS",
      "exit_code": 1,
      "stdout": "",
      "stderr": "Traceback (most recent call last):\n  File \"/usr/local/bin/pytest\", line 8, in <module>\n    sys.exit(main())\n  File \"/app/repo/src/_pytest/config/__init__.py\", line 59, in main\n    config = _prepareconfig(args, plugins)\n  File \"/app/repo/src/_pytest/config/__init__.py\", line 208, in _prepareconfig\n    return pluginmanager.hook.pytest_cmdline_parse(\n  File \"/usr/local/lib/python3.10/site-packages/pluggy/hooks.py\", line 286, in __call__\n    return self._hookexec(self, self.get_hookimpls(), kwargs)\n  File \"/usr/local/lib/python3.10/site-packages/pluggy/manager.py\", line 93, in _hookexec\n    return self._inner_hookexec(hook, methods, kwargs)\n  File \"/usr/local/lib/python3.10/site-packages/pluggy/manager.py\", line 84, in <lambda>\n    self._inner_hookexec = lambda hook, methods, kwargs: hook.multicall(\n  File \"/usr/local/lib/python3.10/site-packages/pluggy/callers.py\", line 203, in _multicall\n    gen.send(outcome)\n  File \"/app/repo/src/_pytest/helpconfig.py\", line 89, in pytest_cmdline_parse\n    config = outcome.get_result()\n  File \"/usr/local/lib/python3.10/site-packages/pluggy/callers.py\", line 80, in get_result\n    raise ex[1].with_traceback(ex[2])\n  File \"/usr/local/lib/python3.10/site-packages/pluggy/callers.py\", line 187, in _multicall\n    res = hook_impl.function(*args)\n  File \"/app/repo/src/_pytest/config/__init__.py\", line 720, in pytest_cmdline_parse\n    self.parse(args)\n  File \"/app/repo/src/_pytest/config/__init__.py\", line 928, in parse\n    self._preparse(args, addopts=addopts)\n  File \"/app/repo/src/_pytest/config/__init__.py\", line 870, in _preparse\n    self.pluginmanager.consider_preparse(args)\n  File \"/app/repo/src/_pytest/config/__init__.py\", line 490, in consider_preparse\n    self.consider_pluginarg(parg)\n  File \"/app/repo/src/_pytest/config/__init__.py\", line 515, in consider_pluginarg\n    self.import_plugin(arg, consider_entry_points=True)\n  File \"/app/repo/src/_pytest/config/__init__.py\", line 556, in import_plugin\n    __import__(importspec)\n  File \"<frozen importlib._bootstrap>\", line 1027, in _find_and_load\n  File \"<frozen importlib._bootstrap>\", line 1006, in _find_and_load_unlocked\n  File \"<frozen importlib._bootstrap>\", line 688, in _load_unlocked\n  File \"/app/repo/src/_pytest/assertion/rewrite.py\", line 131, in exec_module\n    source_stat, co = _rewrite_test(fn, self.config)\n  File \"/app/repo/src/_pytest/assertion/rewrite.py\", line 282, in _rewrite_test\n    co = compile(tree, fn, \"exec\", dont_inherit=True)\nTypeError: required field \"lineno\" missing from alias\n"
    },
    {
      "test_file": "testing/code/test_code.py",
      "test_case": "test_code_with_class",
      "test_type": "PASS_TO_PASS",
      "exit_code": 1,
      "stdout": "",
      "stderr": "Traceback (most recent call last):\n  File \"/usr/local/bin/pytest\", line 8, in <module>\n    sys.exit(main())\n  File \"/app/repo/src/_pytest/config/__init__.py\", line 59, in main\n    config = _prepareconfig(args, plugins)\n  File \"/app/repo/src/_pytest/config/__init__.py\", line 208, in _prepareconfig\n    return pluginmanager.hook.pytest_cmdline_parse(\n  File \"/usr/local/lib/python3.10/site-packages/pluggy/hooks.py\", line 286, in __call__\n    return self._hookexec(self, self.get_hookimpls(), kwargs)\n  File \"/usr/local/lib/python3.10/site-packages/pluggy/manager.py\", line 93, in _hookexec\n    return self._inner_hookexec(hook, methods, kwargs)\n  File \"/usr/local/lib/python3.10/site-packages/pluggy/manager.py\", line 84, in <lambda>\n    self._inner_hookexec = lambda hook, methods, kwargs: hook.multicall(\n  File \"/usr/local/lib/python3.10/site-packages/pluggy/callers.py\", line 203, in _multicall\n    gen.send(outcome)\n  File \"/app/repo/src/_pytest/helpconfig.py\", line 89, in pytest_cmdline_parse\n    config = outcome.get_result()\n  File \"/usr/local/lib/python3.10/site-packages/pluggy/callers.py\", line 80, in get_result\n    raise ex[1].with_traceback(ex[2])\n  File \"/usr/local/lib/python3.10/site-packages/pluggy/callers.py\", line 187, in _multicall\n    res = hook_impl.function(*args)\n  File \"/app/repo/src/_pytest/config/__init__.py\", line 720, in pytest_cmdline_parse\n    self.parse(args)\n  File \"/app/repo/src/_pytest/config/__init__.py\", line 928, in parse\n    self._preparse(args, addopts=addopts)\n  File \"/app/repo/src/_pytest/config/__init__.py\", line 870, in _preparse\n    self.pluginmanager.consider_preparse(args)\n  File \"/app/repo/src/_pytest/config/__init__.py\", line 490, in consider_preparse\n    self.consider_pluginarg(parg)\n  File \"/app/repo/src/_pytest/config/__init__.py\", line 515, in consider_pluginarg\n    self.import_plugin(arg, consider_entry_points=True)\n  File \"/app/repo/src/_pytest/config/__init__.py\", line 556, in import_plugin\n    __import__(importspec)\n  File \"<frozen importlib._bootstrap>\", line 1027, in _find_and_load\n  File \"<frozen importlib._bootstrap>\", line 1006, in _find_and_load_unlocked\n  File \"<frozen importlib._bootstrap>\", line 688, in _load_unlocked\n  File \"/app/repo/src/_pytest/assertion/rewrite.py\", line 131, in exec_module\n    source_stat, co = _rewrite_test(fn, self.config)\n  File \"/app/repo/src/_pytest/assertion/rewrite.py\", line 282, in _rewrite_test\n    co = compile(tree, fn, \"exec\", dont_inherit=True)\nTypeError: required field \"lineno\" missing from alias\n"
    },
    {
      "test_file": "testing/code/test_code.py",
      "test_case": "test_code_fullsource",
      "test_type": "PASS_TO_PASS",
      "exit_code": 1,
      "stdout": "",
      "stderr": "Traceback (most recent call last):\n  File \"/usr/local/bin/pytest\", line 8, in <module>\n    sys.exit(main())\n  File \"/app/repo/src/_pytest/config/__init__.py\", line 59, in main\n    config = _prepareconfig(args, plugins)\n  File \"/app/repo/src/_pytest/config/__init__.py\", line 208, in _prepareconfig\n    return pluginmanager.hook.pytest_cmdline_parse(\n  File \"/usr/local/lib/python3.10/site-packages/pluggy/hooks.py\", line 286, in __call__\n    return self._hookexec(self, self.get_hookimpls(), kwargs)\n  File \"/usr/local/lib/python3.10/site-packages/pluggy/manager.py\", line 93, in _hookexec\n    return self._inner_hookexec(hook, methods, kwargs)\n  File \"/usr/local/lib/python3.10/site-packages/pluggy/manager.py\", line 84, in <lambda>\n    self._inner_hookexec = lambda hook, methods, kwargs: hook.multicall(\n  File \"/usr/local/lib/python3.10/site-packages/pluggy/callers.py\", line 203, in _multicall\n    gen.send(outcome)\n  File \"/app/repo/src/_pytest/helpconfig.py\", line 89, in pytest_cmdline_parse\n    config = outcome.get_result()\n  File \"/usr/local/lib/python3.10/site-packages/pluggy/callers.py\", line 80, in get_result\n    raise ex[1].with_traceback(ex[2])\n  File \"/usr/local/lib/python3.10/site-packages/pluggy/callers.py\", line 187, in _multicall\n    res = hook_impl.function(*args)\n  File \"/app/repo/src/_pytest/config/__init__.py\", line 720, in pytest_cmdline_parse\n    self.parse(args)\n  File \"/app/repo/src/_pytest/config/__init__.py\", line 928, in parse\n    self._preparse(args, addopts=addopts)\n  File \"/app/repo/src/_pytest/config/__init__.py\", line 870, in _preparse\n    self.pluginmanager.consider_preparse(args)\n  File \"/app/repo/src/_pytest/config/__init__.py\", line 490, in consider_preparse\n    self.consider_pluginarg(parg)\n  File \"/app/repo/src/_pytest/config/__init__.py\", line 515, in consider_pluginarg\n    self.import_plugin(arg, consider_entry_points=True)\n  File \"/app/repo/src/_pytest/config/__init__.py\", line 556, in import_plugin\n    __import__(importspec)\n  File \"<frozen importlib._bootstrap>\", line 1027, in _find_and_load\n  File \"<frozen importlib._bootstrap>\", line 1006, in _find_and_load_unlocked\n  File \"<frozen importlib._bootstrap>\", line 688, in _load_unlocked\n  File \"/app/repo/src/_pytest/assertion/rewrite.py\", line 131, in exec_module\n    source_stat, co = _rewrite_test(fn, self.config)\n  File \"/app/repo/src/_pytest/assertion/rewrite.py\", line 282, in _rewrite_test\n    co = compile(tree, fn, \"exec\", dont_inherit=True)\nTypeError: required field \"lineno\" missing from alias\n"
    },
    {
      "test_file": "testing/code/test_code.py",
      "test_case": "test_code_source",
      "test_type": "PASS_TO_PASS",
      "exit_code": 1,
      "stdout": "",
      "stderr": "Traceback (most recent call last):\n  File \"/usr/local/bin/pytest\", line 8, in <module>\n    sys.exit(main())\n  File \"/app/repo/src/_pytest/config/__init__.py\", line 59, in main\n    config = _prepareconfig(args, plugins)\n  File \"/app/repo/src/_pytest/config/__init__.py\", line 208, in _prepareconfig\n    return pluginmanager.hook.pytest_cmdline_parse(\n  File \"/usr/local/lib/python3.10/site-packages/pluggy/hooks.py\", line 286, in __call__\n    return self._hookexec(self, self.get_hookimpls(), kwargs)\n  File \"/usr/local/lib/python3.10/site-packages/pluggy/manager.py\", line 93, in _hookexec\n    return self._inner_hookexec(hook, methods, kwargs)\n  File \"/usr/local/lib/python3.10/site-packages/pluggy/manager.py\", line 84, in <lambda>\n    self._inner_hookexec = lambda hook, methods, kwargs: hook.multicall(\n  File \"/usr/local/lib/python3.10/site-packages/pluggy/callers.py\", line 203, in _multicall\n    gen.send(outcome)\n  File \"/app/repo/src/_pytest/helpconfig.py\", line 89, in pytest_cmdline_parse\n    config = outcome.get_result()\n  File \"/usr/local/lib/python3.10/site-packages/pluggy/callers.py\", line 80, in get_result\n    raise ex[1].with_traceback(ex[2])\n  File \"/usr/local/lib/python3.10/site-packages/pluggy/callers.py\", line 187, in _multicall\n    res = hook_impl.function(*args)\n  File \"/app/repo/src/_pytest/config/__init__.py\", line 720, in pytest_cmdline_parse\n    self.parse(args)\n  File \"/app/repo/src/_pytest/config/__init__.py\", line 928, in parse\n    self._preparse(args, addopts=addopts)\n  File \"/app/repo/src/_pytest/config/__init__.py\", line 870, in _preparse\n    self.pluginmanager.consider_preparse(args)\n  File \"/app/repo/src/_pytest/config/__init__.py\", line 490, in consider_preparse\n    self.consider_pluginarg(parg)\n  File \"/app/repo/src/_pytest/config/__init__.py\", line 515, in consider_pluginarg\n    self.import_plugin(arg, consider_entry_points=True)\n  File \"/app/repo/src/_pytest/config/__init__.py\", line 556, in import_plugin\n    __import__(importspec)\n  File \"<frozen importlib._bootstrap>\", line 1027, in _find_and_load\n  File \"<frozen importlib._bootstrap>\", line 1006, in _find_and_load_unlocked\n  File \"<frozen importlib._bootstrap>\", line 688, in _load_unlocked\n  File \"/app/repo/src/_pytest/assertion/rewrite.py\", line 131, in exec_module\n    source_stat, co = _rewrite_test(fn, self.config)\n  File \"/app/repo/src/_pytest/assertion/rewrite.py\", line 282, in _rewrite_test\n    co = compile(tree, fn, \"exec\", dont_inherit=True)\nTypeError: required field \"lineno\" missing from alias\n"
    },
    {
      "test_file": "testing/code/test_code.py",
      "test_case": "test_frame_getsourcelineno_myself",
      "test_type": "PASS_TO_PASS",
      "exit_code": 1,
      "stdout": "",
      "stderr": "Traceback (most recent call last):\n  File \"/usr/local/bin/pytest\", line 8, in <module>\n    sys.exit(main())\n  File \"/app/repo/src/_pytest/config/__init__.py\", line 59, in main\n    config = _prepareconfig(args, plugins)\n  File \"/app/repo/src/_pytest/config/__init__.py\", line 208, in _prepareconfig\n    return pluginmanager.hook.pytest_cmdline_parse(\n  File \"/usr/local/lib/python3.10/site-packages/pluggy/hooks.py\", line 286, in __call__\n    return self._hookexec(self, self.get_hookimpls(), kwargs)\n  File \"/usr/local/lib/python3.10/site-packages/pluggy/manager.py\", line 93, in _hookexec\n    return self._inner_hookexec(hook, methods, kwargs)\n  File \"/usr/local/lib/python3.10/site-packages/pluggy/manager.py\", line 84, in <lambda>\n    self._inner_hookexec = lambda hook, methods, kwargs: hook.multicall(\n  File \"/usr/local/lib/python3.10/site-packages/pluggy/callers.py\", line 203, in _multicall\n    gen.send(outcome)\n  File \"/app/repo/src/_pytest/helpconfig.py\", line 89, in pytest_cmdline_parse\n    config = outcome.get_result()\n  File \"/usr/local/lib/python3.10/site-packages/pluggy/callers.py\", line 80, in get_result\n    raise ex[1].with_traceback(ex[2])\n  File \"/usr/local/lib/python3.10/site-packages/pluggy/callers.py\", line 187, in _multicall\n    res = hook_impl.function(*args)\n  File \"/app/repo/src/_pytest/config/__init__.py\", line 720, in pytest_cmdline_parse\n    self.parse(args)\n  File \"/app/repo/src/_pytest/config/__init__.py\", line 928, in parse\n    self._preparse(args, addopts=addopts)\n  File \"/app/repo/src/_pytest/config/__init__.py\", line 870, in _preparse\n    self.pluginmanager.consider_preparse(args)\n  File \"/app/repo/src/_pytest/config/__init__.py\", line 490, in consider_preparse\n    self.consider_pluginarg(parg)\n  File \"/app/repo/src/_pytest/config/__init__.py\", line 515, in consider_pluginarg\n    self.import_plugin(arg, consider_entry_points=True)\n  File \"/app/repo/src/_pytest/config/__init__.py\", line 556, in import_plugin\n    __import__(importspec)\n  File \"<frozen importlib._bootstrap>\", line 1027, in _find_and_load\n  File \"<frozen importlib._bootstrap>\", line 1006, in _find_and_load_unlocked\n  File \"<frozen importlib._bootstrap>\", line 688, in _load_unlocked\n  File \"/app/repo/src/_pytest/assertion/rewrite.py\", line 131, in exec_module\n    source_stat, co = _rewrite_test(fn, self.config)\n  File \"/app/repo/src/_pytest/assertion/rewrite.py\", line 282, in _rewrite_test\n    co = compile(tree, fn, \"exec\", dont_inherit=True)\nTypeError: required field \"lineno\" missing from alias\n"
    },
    {
      "test_file": "testing/code/test_code.py",
      "test_case": "test_getstatement_empty_fullsource",
      "test_type": "PASS_TO_PASS",
      "exit_code": 1,
      "stdout": "",
      "stderr": "Traceback (most recent call last):\n  File \"/usr/local/bin/pytest\", line 8, in <module>\n    sys.exit(main())\n  File \"/app/repo/src/_pytest/config/__init__.py\", line 59, in main\n    config = _prepareconfig(args, plugins)\n  File \"/app/repo/src/_pytest/config/__init__.py\", line 208, in _prepareconfig\n    return pluginmanager.hook.pytest_cmdline_parse(\n  File \"/usr/local/lib/python3.10/site-packages/pluggy/hooks.py\", line 286, in __call__\n    return self._hookexec(self, self.get_hookimpls(), kwargs)\n  File \"/usr/local/lib/python3.10/site-packages/pluggy/manager.py\", line 93, in _hookexec\n    return self._inner_hookexec(hook, methods, kwargs)\n  File \"/usr/local/lib/python3.10/site-packages/pluggy/manager.py\", line 84, in <lambda>\n    self._inner_hookexec = lambda hook, methods, kwargs: hook.multicall(\n  File \"/usr/local/lib/python3.10/site-packages/pluggy/callers.py\", line 203, in _multicall\n    gen.send(outcome)\n  File \"/app/repo/src/_pytest/helpconfig.py\", line 89, in pytest_cmdline_parse\n    config = outcome.get_result()\n  File \"/usr/local/lib/python3.10/site-packages/pluggy/callers.py\", line 80, in get_result\n    raise ex[1].with_traceback(ex[2])\n  File \"/usr/local/lib/python3.10/site-packages/pluggy/callers.py\", line 187, in _multicall\n    res = hook_impl.function(*args)\n  File \"/app/repo/src/_pytest/config/__init__.py\", line 720, in pytest_cmdline_parse\n    self.parse(args)\n  File \"/app/repo/src/_pytest/config/__init__.py\", line 928, in parse\n    self._preparse(args, addopts=addopts)\n  File \"/app/repo/src/_pytest/config/__init__.py\", line 870, in _preparse\n    self.pluginmanager.consider_preparse(args)\n  File \"/app/repo/src/_pytest/config/__init__.py\", line 490, in consider_preparse\n    self.consider_pluginarg(parg)\n  File \"/app/repo/src/_pytest/config/__init__.py\", line 515, in consider_pluginarg\n    self.import_plugin(arg, consider_entry_points=True)\n  File \"/app/repo/src/_pytest/config/__init__.py\", line 556, in import_plugin\n    __import__(importspec)\n  File \"<frozen importlib._bootstrap>\", line 1027, in _find_and_load\n  File \"<frozen importlib._bootstrap>\", line 1006, in _find_and_load_unlocked\n  File \"<frozen importlib._bootstrap>\", line 688, in _load_unlocked\n  File \"/app/repo/src/_pytest/assertion/rewrite.py\", line 131, in exec_module\n    source_stat, co = _rewrite_test(fn, self.config)\n  File \"/app/repo/src/_pytest/assertion/rewrite.py\", line 282, in _rewrite_test\n    co = compile(tree, fn, \"exec\", dont_inherit=True)\nTypeError: required field \"lineno\" missing from alias\n"
    },
    {
      "test_file": "testing/code/test_code.py",
      "test_case": "test_code_from_func",
      "test_type": "PASS_TO_PASS",
      "exit_code": 1,
      "stdout": "",
      "stderr": "Traceback (most recent call last):\n  File \"/usr/local/bin/pytest\", line 8, in <module>\n    sys.exit(main())\n  File \"/app/repo/src/_pytest/config/__init__.py\", line 59, in main\n    config = _prepareconfig(args, plugins)\n  File \"/app/repo/src/_pytest/config/__init__.py\", line 208, in _prepareconfig\n    return pluginmanager.hook.pytest_cmdline_parse(\n  File \"/usr/local/lib/python3.10/site-packages/pluggy/hooks.py\", line 286, in __call__\n    return self._hookexec(self, self.get_hookimpls(), kwargs)\n  File \"/usr/local/lib/python3.10/site-packages/pluggy/manager.py\", line 93, in _hookexec\n    return self._inner_hookexec(hook, methods, kwargs)\n  File \"/usr/local/lib/python3.10/site-packages/pluggy/manager.py\", line 84, in <lambda>\n    self._inner_hookexec = lambda hook, methods, kwargs: hook.multicall(\n  File \"/usr/local/lib/python3.10/site-packages/pluggy/callers.py\", line 203, in _multicall\n    gen.send(outcome)\n  File \"/app/repo/src/_pytest/helpconfig.py\", line 89, in pytest_cmdline_parse\n    config = outcome.get_result()\n  File \"/usr/local/lib/python3.10/site-packages/pluggy/callers.py\", line 80, in get_result\n    raise ex[1].with_traceback(ex[2])\n  File \"/usr/local/lib/python3.10/site-packages/pluggy/callers.py\", line 187, in _multicall\n    res = hook_impl.function(*args)\n  File \"/app/repo/src/_pytest/config/__init__.py\", line 720, in pytest_cmdline_parse\n    self.parse(args)\n  File \"/app/repo/src/_pytest/config/__init__.py\", line 928, in parse\n    self._preparse(args, addopts=addopts)\n  File \"/app/repo/src/_pytest/config/__init__.py\", line 870, in _preparse\n    self.pluginmanager.consider_preparse(args)\n  File \"/app/repo/src/_pytest/config/__init__.py\", line 490, in consider_preparse\n    self.consider_pluginarg(parg)\n  File \"/app/repo/src/_pytest/config/__init__.py\", line 515, in consider_pluginarg\n    self.import_plugin(arg, consider_entry_points=True)\n  File \"/app/repo/src/_pytest/config/__init__.py\", line 556, in import_plugin\n    __import__(importspec)\n  File \"<frozen importlib._bootstrap>\", line 1027, in _find_and_load\n  File \"<frozen importlib._bootstrap>\", line 1006, in _find_and_load_unlocked\n  File \"<frozen importlib._bootstrap>\", line 688, in _load_unlocked\n  File \"/app/repo/src/_pytest/assertion/rewrite.py\", line 131, in exec_module\n    source_stat, co = _rewrite_test(fn, self.config)\n  File \"/app/repo/src/_pytest/assertion/rewrite.py\", line 282, in _rewrite_test\n    co = compile(tree, fn, \"exec\", dont_inherit=True)\nTypeError: required field \"lineno\" missing from alias\n"
    },
    {
      "test_file": "testing/code/test_code.py",
      "test_case": "test_unicode_handling",
      "test_type": "PASS_TO_PASS",
      "exit_code": 1,
      "stdout": "",
      "stderr": "Traceback (most recent call last):\n  File \"/usr/local/bin/pytest\", line 8, in <module>\n    sys.exit(main())\n  File \"/app/repo/src/_pytest/config/__init__.py\", line 59, in main\n    config = _prepareconfig(args, plugins)\n  File \"/app/repo/src/_pytest/config/__init__.py\", line 208, in _prepareconfig\n    return pluginmanager.hook.pytest_cmdline_parse(\n  File \"/usr/local/lib/python3.10/site-packages/pluggy/hooks.py\", line 286, in __call__\n    return self._hookexec(self, self.get_hookimpls(), kwargs)\n  File \"/usr/local/lib/python3.10/site-packages/pluggy/manager.py\", line 93, in _hookexec\n    return self._inner_hookexec(hook, methods, kwargs)\n  File \"/usr/local/lib/python3.10/site-packages/pluggy/manager.py\", line 84, in <lambda>\n    self._inner_hookexec = lambda hook, methods, kwargs: hook.multicall(\n  File \"/usr/local/lib/python3.10/site-packages/pluggy/callers.py\", line 203, in _multicall\n    gen.send(outcome)\n  File \"/app/repo/src/_pytest/helpconfig.py\", line 89, in pytest_cmdline_parse\n    config = outcome.get_result()\n  File \"/usr/local/lib/python3.10/site-packages/pluggy/callers.py\", line 80, in get_result\n    raise ex[1].with_traceback(ex[2])\n  File \"/usr/local/lib/python3.10/site-packages/pluggy/callers.py\", line 187, in _multicall\n    res = hook_impl.function(*args)\n  File \"/app/repo/src/_pytest/config/__init__.py\", line 720, in pytest_cmdline_parse\n    self.parse(args)\n  File \"/app/repo/src/_pytest/config/__init__.py\", line 928, in parse\n    self._preparse(args, addopts=addopts)\n  File \"/app/repo/src/_pytest/config/__init__.py\", line 870, in _preparse\n    self.pluginmanager.consider_preparse(args)\n  File \"/app/repo/src/_pytest/config/__init__.py\", line 490, in consider_preparse\n    self.consider_pluginarg(parg)\n  File \"/app/repo/src/_pytest/config/__init__.py\", line 515, in consider_pluginarg\n    self.import_plugin(arg, consider_entry_points=True)\n  File \"/app/repo/src/_pytest/config/__init__.py\", line 556, in import_plugin\n    __import__(importspec)\n  File \"<frozen importlib._bootstrap>\", line 1027, in _find_and_load\n  File \"<frozen importlib._bootstrap>\", line 1006, in _find_and_load_unlocked\n  File \"<frozen importlib._bootstrap>\", line 688, in _load_unlocked\n  File \"/app/repo/src/_pytest/assertion/rewrite.py\", line 131, in exec_module\n    source_stat, co = _rewrite_test(fn, self.config)\n  File \"/app/repo/src/_pytest/assertion/rewrite.py\", line 282, in _rewrite_test\n    co = compile(tree, fn, \"exec\", dont_inherit=True)\nTypeError: required field \"lineno\" missing from alias\n"
    },
    {
      "test_file": "testing/code/test_code.py",
      "test_case": "test_code_getargs",
      "test_type": "PASS_TO_PASS",
      "exit_code": 1,
      "stdout": "",
      "stderr": "Traceback (most recent call last):\n  File \"/usr/local/bin/pytest\", line 8, in <module>\n    sys.exit(main())\n  File \"/app/repo/src/_pytest/config/__init__.py\", line 59, in main\n    config = _prepareconfig(args, plugins)\n  File \"/app/repo/src/_pytest/config/__init__.py\", line 208, in _prepareconfig\n    return pluginmanager.hook.pytest_cmdline_parse(\n  File \"/usr/local/lib/python3.10/site-packages/pluggy/hooks.py\", line 286, in __call__\n    return self._hookexec(self, self.get_hookimpls(), kwargs)\n  File \"/usr/local/lib/python3.10/site-packages/pluggy/manager.py\", line 93, in _hookexec\n    return self._inner_hookexec(hook, methods, kwargs)\n  File \"/usr/local/lib/python3.10/site-packages/pluggy/manager.py\", line 84, in <lambda>\n    self._inner_hookexec = lambda hook, methods, kwargs: hook.multicall(\n  File \"/usr/local/lib/python3.10/site-packages/pluggy/callers.py\", line 203, in _multicall\n    gen.send(outcome)\n  File \"/app/repo/src/_pytest/helpconfig.py\", line 89, in pytest_cmdline_parse\n    config = outcome.get_result()\n  File \"/usr/local/lib/python3.10/site-packages/pluggy/callers.py\", line 80, in get_result\n    raise ex[1].with_traceback(ex[2])\n  File \"/usr/local/lib/python3.10/site-packages/pluggy/callers.py\", line 187, in _multicall\n    res = hook_impl.function(*args)\n  File \"/app/repo/src/_pytest/config/__init__.py\", line 720, in pytest_cmdline_parse\n    self.parse(args)\n  File \"/app/repo/src/_pytest/config/__init__.py\", line 928, in parse\n    self._preparse(args, addopts=addopts)\n  File \"/app/repo/src/_pytest/config/__init__.py\", line 870, in _preparse\n    self.pluginmanager.consider_preparse(args)\n  File \"/app/repo/src/_pytest/config/__init__.py\", line 490, in consider_preparse\n    self.consider_pluginarg(parg)\n  File \"/app/repo/src/_pytest/config/__init__.py\", line 515, in consider_pluginarg\n    self.import_plugin(arg, consider_entry_points=True)\n  File \"/app/repo/src/_pytest/config/__init__.py\", line 556, in import_plugin\n    __import__(importspec)\n  File \"<frozen importlib._bootstrap>\", line 1027, in _find_and_load\n  File \"<frozen importlib._bootstrap>\", line 1006, in _find_and_load_unlocked\n  File \"<frozen importlib._bootstrap>\", line 688, in _load_unlocked\n  File \"/app/repo/src/_pytest/assertion/rewrite.py\", line 131, in exec_module\n    source_stat, co = _rewrite_test(fn, self.config)\n  File \"/app/repo/src/_pytest/assertion/rewrite.py\", line 282, in _rewrite_test\n    co = compile(tree, fn, \"exec\", dont_inherit=True)\nTypeError: required field \"lineno\" missing from alias\n"
    },
    {
      "test_file": "testing/code/test_code.py",
      "test_case": "test_frame_getargs",
      "test_type": "PASS_TO_PASS",
      "exit_code": 1,
      "stdout": "",
      "stderr": "Traceback (most recent call last):\n  File \"/usr/local/bin/pytest\", line 8, in <module>\n    sys.exit(main())\n  File \"/app/repo/src/_pytest/config/__init__.py\", line 59, in main\n    config = _prepareconfig(args, plugins)\n  File \"/app/repo/src/_pytest/config/__init__.py\", line 208, in _prepareconfig\n    return pluginmanager.hook.pytest_cmdline_parse(\n  File \"/usr/local/lib/python3.10/site-packages/pluggy/hooks.py\", line 286, in __call__\n    return self._hookexec(self, self.get_hookimpls(), kwargs)\n  File \"/usr/local/lib/python3.10/site-packages/pluggy/manager.py\", line 93, in _hookexec\n    return self._inner_hookexec(hook, methods, kwargs)\n  File \"/usr/local/lib/python3.10/site-packages/pluggy/manager.py\", line 84, in <lambda>\n    self._inner_hookexec = lambda hook, methods, kwargs: hook.multicall(\n  File \"/usr/local/lib/python3.10/site-packages/pluggy/callers.py\", line 203, in _multicall\n    gen.send(outcome)\n  File \"/app/repo/src/_pytest/helpconfig.py\", line 89, in pytest_cmdline_parse\n    config = outcome.get_result()\n  File \"/usr/local/lib/python3.10/site-packages/pluggy/callers.py\", line 80, in get_result\n    raise ex[1].with_traceback(ex[2])\n  File \"/usr/local/lib/python3.10/site-packages/pluggy/callers.py\", line 187, in _multicall\n    res = hook_impl.function(*args)\n  File \"/app/repo/src/_pytest/config/__init__.py\", line 720, in pytest_cmdline_parse\n    self.parse(args)\n  File \"/app/repo/src/_pytest/config/__init__.py\", line 928, in parse\n    self._preparse(args, addopts=addopts)\n  File \"/app/repo/src/_pytest/config/__init__.py\", line 870, in _preparse\n    self.pluginmanager.consider_preparse(args)\n  File \"/app/repo/src/_pytest/config/__init__.py\", line 490, in consider_preparse\n    self.consider_pluginarg(parg)\n  File \"/app/repo/src/_pytest/config/__init__.py\", line 515, in consider_pluginarg\n    self.import_plugin(arg, consider_entry_points=True)\n  File \"/app/repo/src/_pytest/config/__init__.py\", line 556, in import_plugin\n    __import__(importspec)\n  File \"<frozen importlib._bootstrap>\", line 1027, in _find_and_load\n  File \"<frozen importlib._bootstrap>\", line 1006, in _find_and_load_unlocked\n  File \"<frozen importlib._bootstrap>\", line 688, in _load_unlocked\n  File \"/app/repo/src/_pytest/assertion/rewrite.py\", line 131, in exec_module\n    source_stat, co = _rewrite_test(fn, self.config)\n  File \"/app/repo/src/_pytest/assertion/rewrite.py\", line 282, in _rewrite_test\n    co = compile(tree, fn, \"exec\", dont_inherit=True)\nTypeError: required field \"lineno\" missing from alias\n"
    },
    {
      "test_file": "testing/code/test_excinfo.py",
      "test_case": "test_excinfo_simple",
      "test_type": "PASS_TO_PASS",
      "exit_code": 1,
      "stdout": "",
      "stderr": "Traceback (most recent call last):\n  File \"/usr/local/bin/pytest\", line 8, in <module>\n    sys.exit(main())\n  File \"/app/repo/src/_pytest/config/__init__.py\", line 59, in main\n    config = _prepareconfig(args, plugins)\n  File \"/app/repo/src/_pytest/config/__init__.py\", line 208, in _prepareconfig\n    return pluginmanager.hook.pytest_cmdline_parse(\n  File \"/usr/local/lib/python3.10/site-packages/pluggy/hooks.py\", line 286, in __call__\n    return self._hookexec(self, self.get_hookimpls(), kwargs)\n  File \"/usr/local/lib/python3.10/site-packages/pluggy/manager.py\", line 93, in _hookexec\n    return self._inner_hookexec(hook, methods, kwargs)\n  File \"/usr/local/lib/python3.10/site-packages/pluggy/manager.py\", line 84, in <lambda>\n    self._inner_hookexec = lambda hook, methods, kwargs: hook.multicall(\n  File \"/usr/local/lib/python3.10/site-packages/pluggy/callers.py\", line 203, in _multicall\n    gen.send(outcome)\n  File \"/app/repo/src/_pytest/helpconfig.py\", line 89, in pytest_cmdline_parse\n    config = outcome.get_result()\n  File \"/usr/local/lib/python3.10/site-packages/pluggy/callers.py\", line 80, in get_result\n    raise ex[1].with_traceback(ex[2])\n  File \"/usr/local/lib/python3.10/site-packages/pluggy/callers.py\", line 187, in _multicall\n    res = hook_impl.function(*args)\n  File \"/app/repo/src/_pytest/config/__init__.py\", line 720, in pytest_cmdline_parse\n    self.parse(args)\n  File \"/app/repo/src/_pytest/config/__init__.py\", line 928, in parse\n    self._preparse(args, addopts=addopts)\n  File \"/app/repo/src/_pytest/config/__init__.py\", line 870, in _preparse\n    self.pluginmanager.consider_preparse(args)\n  File \"/app/repo/src/_pytest/config/__init__.py\", line 490, in consider_preparse\n    self.consider_pluginarg(parg)\n  File \"/app/repo/src/_pytest/config/__init__.py\", line 515, in consider_pluginarg\n    self.import_plugin(arg, consider_entry_points=True)\n  File \"/app/repo/src/_pytest/config/__init__.py\", line 556, in import_plugin\n    __import__(importspec)\n  File \"<frozen importlib._bootstrap>\", line 1027, in _find_and_load\n  File \"<frozen importlib._bootstrap>\", line 1006, in _find_and_load_unlocked\n  File \"<frozen importlib._bootstrap>\", line 688, in _load_unlocked\n  File \"/app/repo/src/_pytest/assertion/rewrite.py\", line 131, in exec_module\n    source_stat, co = _rewrite_test(fn, self.config)\n  File \"/app/repo/src/_pytest/assertion/rewrite.py\", line 282, in _rewrite_test\n    co = compile(tree, fn, \"exec\", dont_inherit=True)\nTypeError: required field \"lineno\" missing from alias\n"
    },
    {
      "test_file": "testing/code/test_excinfo.py",
      "test_case": "test_excinfo_from_exc_info_simple",
      "test_type": "PASS_TO_PASS",
      "exit_code": 1,
      "stdout": "",
      "stderr": "Traceback (most recent call last):\n  File \"/usr/local/bin/pytest\", line 8, in <module>\n    sys.exit(main())\n  File \"/app/repo/src/_pytest/config/__init__.py\", line 59, in main\n    config = _prepareconfig(args, plugins)\n  File \"/app/repo/src/_pytest/config/__init__.py\", line 208, in _prepareconfig\n    return pluginmanager.hook.pytest_cmdline_parse(\n  File \"/usr/local/lib/python3.10/site-packages/pluggy/hooks.py\", line 286, in __call__\n    return self._hookexec(self, self.get_hookimpls(), kwargs)\n  File \"/usr/local/lib/python3.10/site-packages/pluggy/manager.py\", line 93, in _hookexec\n    return self._inner_hookexec(hook, methods, kwargs)\n  File \"/usr/local/lib/python3.10/site-packages/pluggy/manager.py\", line 84, in <lambda>\n    self._inner_hookexec = lambda hook, methods, kwargs: hook.multicall(\n  File \"/usr/local/lib/python3.10/site-packages/pluggy/callers.py\", line 203, in _multicall\n    gen.send(outcome)\n  File \"/app/repo/src/_pytest/helpconfig.py\", line 89, in pytest_cmdline_parse\n    config = outcome.get_result()\n  File \"/usr/local/lib/python3.10/site-packages/pluggy/callers.py\", line 80, in get_result\n    raise ex[1].with_traceback(ex[2])\n  File \"/usr/local/lib/python3.10/site-packages/pluggy/callers.py\", line 187, in _multicall\n    res = hook_impl.function(*args)\n  File \"/app/repo/src/_pytest/config/__init__.py\", line 720, in pytest_cmdline_parse\n    self.parse(args)\n  File \"/app/repo/src/_pytest/config/__init__.py\", line 928, in parse\n    self._preparse(args, addopts=addopts)\n  File \"/app/repo/src/_pytest/config/__init__.py\", line 870, in _preparse\n    self.pluginmanager.consider_preparse(args)\n  File \"/app/repo/src/_pytest/config/__init__.py\", line 490, in consider_preparse\n    self.consider_pluginarg(parg)\n  File \"/app/repo/src/_pytest/config/__init__.py\", line 515, in consider_pluginarg\n    self.import_plugin(arg, consider_entry_points=True)\n  File \"/app/repo/src/_pytest/config/__init__.py\", line 556, in import_plugin\n    __import__(importspec)\n  File \"<frozen importlib._bootstrap>\", line 1027, in _find_and_load\n  File \"<frozen importlib._bootstrap>\", line 1006, in _find_and_load_unlocked\n  File \"<frozen importlib._bootstrap>\", line 688, in _load_unlocked\n  File \"/app/repo/src/_pytest/assertion/rewrite.py\", line 131, in exec_module\n    source_stat, co = _rewrite_test(fn, self.config)\n  File \"/app/repo/src/_pytest/assertion/rewrite.py\", line 282, in _rewrite_test\n    co = compile(tree, fn, \"exec\", dont_inherit=True)\nTypeError: required field \"lineno\" missing from alias\n"
    },
    {
      "test_file": "testing/code/test_excinfo.py",
      "test_case": "test_excinfo_getstatement",
      "test_type": "PASS_TO_PASS",
      "exit_code": 1,
      "stdout": "",
      "stderr": "Traceback (most recent call last):\n  File \"/usr/local/bin/pytest\", line 8, in <module>\n    sys.exit(main())\n  File \"/app/repo/src/_pytest/config/__init__.py\", line 59, in main\n    config = _prepareconfig(args, plugins)\n  File \"/app/repo/src/_pytest/config/__init__.py\", line 208, in _prepareconfig\n    return pluginmanager.hook.pytest_cmdline_parse(\n  File \"/usr/local/lib/python3.10/site-packages/pluggy/hooks.py\", line 286, in __call__\n    return self._hookexec(self, self.get_hookimpls(), kwargs)\n  File \"/usr/local/lib/python3.10/site-packages/pluggy/manager.py\", line 93, in _hookexec\n    return self._inner_hookexec(hook, methods, kwargs)\n  File \"/usr/local/lib/python3.10/site-packages/pluggy/manager.py\", line 84, in <lambda>\n    self._inner_hookexec = lambda hook, methods, kwargs: hook.multicall(\n  File \"/usr/local/lib/python3.10/site-packages/pluggy/callers.py\", line 203, in _multicall\n    gen.send(outcome)\n  File \"/app/repo/src/_pytest/helpconfig.py\", line 89, in pytest_cmdline_parse\n    config = outcome.get_result()\n  File \"/usr/local/lib/python3.10/site-packages/pluggy/callers.py\", line 80, in get_result\n    raise ex[1].with_traceback(ex[2])\n  File \"/usr/local/lib/python3.10/site-packages/pluggy/callers.py\", line 187, in _multicall\n    res = hook_impl.function(*args)\n  File \"/app/repo/src/_pytest/config/__init__.py\", line 720, in pytest_cmdline_parse\n    self.parse(args)\n  File \"/app/repo/src/_pytest/config/__init__.py\", line 928, in parse\n    self._preparse(args, addopts=addopts)\n  File \"/app/repo/src/_pytest/config/__init__.py\", line 870, in _preparse\n    self.pluginmanager.consider_preparse(args)\n  File \"/app/repo/src/_pytest/config/__init__.py\", line 490, in consider_preparse\n    self.consider_pluginarg(parg)\n  File \"/app/repo/src/_pytest/config/__init__.py\", line 515, in consider_pluginarg\n    self.import_plugin(arg, consider_entry_points=True)\n  File \"/app/repo/src/_pytest/config/__init__.py\", line 556, in import_plugin\n    __import__(importspec)\n  File \"<frozen importlib._bootstrap>\", line 1027, in _find_and_load\n  File \"<frozen importlib._bootstrap>\", line 1006, in _find_and_load_unlocked\n  File \"<frozen importlib._bootstrap>\", line 688, in _load_unlocked\n  File \"/app/repo/src/_pytest/assertion/rewrite.py\", line 131, in exec_module\n    source_stat, co = _rewrite_test(fn, self.config)\n  File \"/app/repo/src/_pytest/assertion/rewrite.py\", line 282, in _rewrite_test\n    co = compile(tree, fn, \"exec\", dont_inherit=True)\nTypeError: required field \"lineno\" missing from alias\n"
    },
    {
      "test_file": "testing/code/test_excinfo.py",
      "test_case": "test_excinfo_exconly",
      "test_type": "PASS_TO_PASS",
      "exit_code": 1,
      "stdout": "",
      "stderr": "Traceback (most recent call last):\n  File \"/usr/local/bin/pytest\", line 8, in <module>\n    sys.exit(main())\n  File \"/app/repo/src/_pytest/config/__init__.py\", line 59, in main\n    config = _prepareconfig(args, plugins)\n  File \"/app/repo/src/_pytest/config/__init__.py\", line 208, in _prepareconfig\n    return pluginmanager.hook.pytest_cmdline_parse(\n  File \"/usr/local/lib/python3.10/site-packages/pluggy/hooks.py\", line 286, in __call__\n    return self._hookexec(self, self.get_hookimpls(), kwargs)\n  File \"/usr/local/lib/python3.10/site-packages/pluggy/manager.py\", line 93, in _hookexec\n    return self._inner_hookexec(hook, methods, kwargs)\n  File \"/usr/local/lib/python3.10/site-packages/pluggy/manager.py\", line 84, in <lambda>\n    self._inner_hookexec = lambda hook, methods, kwargs: hook.multicall(\n  File \"/usr/local/lib/python3.10/site-packages/pluggy/callers.py\", line 203, in _multicall\n    gen.send(outcome)\n  File \"/app/repo/src/_pytest/helpconfig.py\", line 89, in pytest_cmdline_parse\n    config = outcome.get_result()\n  File \"/usr/local/lib/python3.10/site-packages/pluggy/callers.py\", line 80, in get_result\n    raise ex[1].with_traceback(ex[2])\n  File \"/usr/local/lib/python3.10/site-packages/pluggy/callers.py\", line 187, in _multicall\n    res = hook_impl.function(*args)\n  File \"/app/repo/src/_pytest/config/__init__.py\", line 720, in pytest_cmdline_parse\n    self.parse(args)\n  File \"/app/repo/src/_pytest/config/__init__.py\", line 928, in parse\n    self._preparse(args, addopts=addopts)\n  File \"/app/repo/src/_pytest/config/__init__.py\", line 870, in _preparse\n    self.pluginmanager.consider_preparse(args)\n  File \"/app/repo/src/_pytest/config/__init__.py\", line 490, in consider_preparse\n    self.consider_pluginarg(parg)\n  File \"/app/repo/src/_pytest/config/__init__.py\", line 515, in consider_pluginarg\n    self.import_plugin(arg, consider_entry_points=True)\n  File \"/app/repo/src/_pytest/config/__init__.py\", line 556, in import_plugin\n    __import__(importspec)\n  File \"<frozen importlib._bootstrap>\", line 1027, in _find_and_load\n  File \"<frozen importlib._bootstrap>\", line 1006, in _find_and_load_unlocked\n  File \"<frozen importlib._bootstrap>\", line 688, in _load_unlocked\n  File \"/app/repo/src/_pytest/assertion/rewrite.py\", line 131, in exec_module\n    source_stat, co = _rewrite_test(fn, self.config)\n  File \"/app/repo/src/_pytest/assertion/rewrite.py\", line 282, in _rewrite_test\n    co = compile(tree, fn, \"exec\", dont_inherit=True)\nTypeError: required field \"lineno\" missing from alias\n"
    },
    {
      "test_file": "testing/code/test_excinfo.py",
      "test_case": "test_excinfo_repr_str",
      "test_type": "PASS_TO_PASS",
      "exit_code": 1,
      "stdout": "",
      "stderr": "Traceback (most recent call last):\n  File \"/usr/local/bin/pytest\", line 8, in <module>\n    sys.exit(main())\n  File \"/app/repo/src/_pytest/config/__init__.py\", line 59, in main\n    config = _prepareconfig(args, plugins)\n  File \"/app/repo/src/_pytest/config/__init__.py\", line 208, in _prepareconfig\n    return pluginmanager.hook.pytest_cmdline_parse(\n  File \"/usr/local/lib/python3.10/site-packages/pluggy/hooks.py\", line 286, in __call__\n    return self._hookexec(self, self.get_hookimpls(), kwargs)\n  File \"/usr/local/lib/python3.10/site-packages/pluggy/manager.py\", line 93, in _hookexec\n    return self._inner_hookexec(hook, methods, kwargs)\n  File \"/usr/local/lib/python3.10/site-packages/pluggy/manager.py\", line 84, in <lambda>\n    self._inner_hookexec = lambda hook, methods, kwargs: hook.multicall(\n  File \"/usr/local/lib/python3.10/site-packages/pluggy/callers.py\", line 203, in _multicall\n    gen.send(outcome)\n  File \"/app/repo/src/_pytest/helpconfig.py\", line 89, in pytest_cmdline_parse\n    config = outcome.get_result()\n  File \"/usr/local/lib/python3.10/site-packages/pluggy/callers.py\", line 80, in get_result\n    raise ex[1].with_traceback(ex[2])\n  File \"/usr/local/lib/python3.10/site-packages/pluggy/callers.py\", line 187, in _multicall\n    res = hook_impl.function(*args)\n  File \"/app/repo/src/_pytest/config/__init__.py\", line 720, in pytest_cmdline_parse\n    self.parse(args)\n  File \"/app/repo/src/_pytest/config/__init__.py\", line 928, in parse\n    self._preparse(args, addopts=addopts)\n  File \"/app/repo/src/_pytest/config/__init__.py\", line 870, in _preparse\n    self.pluginmanager.consider_preparse(args)\n  File \"/app/repo/src/_pytest/config/__init__.py\", line 490, in consider_preparse\n    self.consider_pluginarg(parg)\n  File \"/app/repo/src/_pytest/config/__init__.py\", line 515, in consider_pluginarg\n    self.import_plugin(arg, consider_entry_points=True)\n  File \"/app/repo/src/_pytest/config/__init__.py\", line 556, in import_plugin\n    __import__(importspec)\n  File \"<frozen importlib._bootstrap>\", line 1027, in _find_and_load\n  File \"<frozen importlib._bootstrap>\", line 1006, in _find_and_load_unlocked\n  File \"<frozen importlib._bootstrap>\", line 688, in _load_unlocked\n  File \"/app/repo/src/_pytest/assertion/rewrite.py\", line 131, in exec_module\n    source_stat, co = _rewrite_test(fn, self.config)\n  File \"/app/repo/src/_pytest/assertion/rewrite.py\", line 282, in _rewrite_test\n    co = compile(tree, fn, \"exec\", dont_inherit=True)\nTypeError: required field \"lineno\" missing from alias\n"
    },
    {
      "test_file": "testing/code/test_excinfo.py",
      "test_case": "test_excinfo_for_later",
      "test_type": "PASS_TO_PASS",
      "exit_code": 1,
      "stdout": "",
      "stderr": "Traceback (most recent call last):\n  File \"/usr/local/bin/pytest\", line 8, in <module>\n    sys.exit(main())\n  File \"/app/repo/src/_pytest/config/__init__.py\", line 59, in main\n    config = _prepareconfig(args, plugins)\n  File \"/app/repo/src/_pytest/config/__init__.py\", line 208, in _prepareconfig\n    return pluginmanager.hook.pytest_cmdline_parse(\n  File \"/usr/local/lib/python3.10/site-packages/pluggy/hooks.py\", line 286, in __call__\n    return self._hookexec(self, self.get_hookimpls(), kwargs)\n  File \"/usr/local/lib/python3.10/site-packages/pluggy/manager.py\", line 93, in _hookexec\n    return self._inner_hookexec(hook, methods, kwargs)\n  File \"/usr/local/lib/python3.10/site-packages/pluggy/manager.py\", line 84, in <lambda>\n    self._inner_hookexec = lambda hook, methods, kwargs: hook.multicall(\n  File \"/usr/local/lib/python3.10/site-packages/pluggy/callers.py\", line 203, in _multicall\n    gen.send(outcome)\n  File \"/app/repo/src/_pytest/helpconfig.py\", line 89, in pytest_cmdline_parse\n    config = outcome.get_result()\n  File \"/usr/local/lib/python3.10/site-packages/pluggy/callers.py\", line 80, in get_result\n    raise ex[1].with_traceback(ex[2])\n  File \"/usr/local/lib/python3.10/site-packages/pluggy/callers.py\", line 187, in _multicall\n    res = hook_impl.function(*args)\n  File \"/app/repo/src/_pytest/config/__init__.py\", line 720, in pytest_cmdline_parse\n    self.parse(args)\n  File \"/app/repo/src/_pytest/config/__init__.py\", line 928, in parse\n    self._preparse(args, addopts=addopts)\n  File \"/app/repo/src/_pytest/config/__init__.py\", line 870, in _preparse\n    self.pluginmanager.consider_preparse(args)\n  File \"/app/repo/src/_pytest/config/__init__.py\", line 490, in consider_preparse\n    self.consider_pluginarg(parg)\n  File \"/app/repo/src/_pytest/config/__init__.py\", line 515, in consider_pluginarg\n    self.import_plugin(arg, consider_entry_points=True)\n  File \"/app/repo/src/_pytest/config/__init__.py\", line 556, in import_plugin\n    __import__(importspec)\n  File \"<frozen importlib._bootstrap>\", line 1027, in _find_and_load\n  File \"<frozen importlib._bootstrap>\", line 1006, in _find_and_load_unlocked\n  File \"<frozen importlib._bootstrap>\", line 688, in _load_unlocked\n  File \"/app/repo/src/_pytest/assertion/rewrite.py\", line 131, in exec_module\n    source_stat, co = _rewrite_test(fn, self.config)\n  File \"/app/repo/src/_pytest/assertion/rewrite.py\", line 282, in _rewrite_test\n    co = compile(tree, fn, \"exec\", dont_inherit=True)\nTypeError: required field \"lineno\" missing from alias\n"
    },
    {
      "test_file": "testing/code/test_excinfo.py",
      "test_case": "test_excinfo_errisinstance",
      "test_type": "PASS_TO_PASS",
      "exit_code": 1,
      "stdout": "",
      "stderr": "Traceback (most recent call last):\n  File \"/usr/local/bin/pytest\", line 8, in <module>\n    sys.exit(main())\n  File \"/app/repo/src/_pytest/config/__init__.py\", line 59, in main\n    config = _prepareconfig(args, plugins)\n  File \"/app/repo/src/_pytest/config/__init__.py\", line 208, in _prepareconfig\n    return pluginmanager.hook.pytest_cmdline_parse(\n  File \"/usr/local/lib/python3.10/site-packages/pluggy/hooks.py\", line 286, in __call__\n    return self._hookexec(self, self.get_hookimpls(), kwargs)\n  File \"/usr/local/lib/python3.10/site-packages/pluggy/manager.py\", line 93, in _hookexec\n    return self._inner_hookexec(hook, methods, kwargs)\n  File \"/usr/local/lib/python3.10/site-packages/pluggy/manager.py\", line 84, in <lambda>\n    self._inner_hookexec = lambda hook, methods, kwargs: hook.multicall(\n  File \"/usr/local/lib/python3.10/site-packages/pluggy/callers.py\", line 203, in _multicall\n    gen.send(outcome)\n  File \"/app/repo/src/_pytest/helpconfig.py\", line 89, in pytest_cmdline_parse\n    config = outcome.get_result()\n  File \"/usr/local/lib/python3.10/site-packages/pluggy/callers.py\", line 80, in get_result\n    raise ex[1].with_traceback(ex[2])\n  File \"/usr/local/lib/python3.10/site-packages/pluggy/callers.py\", line 187, in _multicall\n    res = hook_impl.function(*args)\n  File \"/app/repo/src/_pytest/config/__init__.py\", line 720, in pytest_cmdline_parse\n    self.parse(args)\n  File \"/app/repo/src/_pytest/config/__init__.py\", line 928, in parse\n    self._preparse(args, addopts=addopts)\n  File \"/app/repo/src/_pytest/config/__init__.py\", line 870, in _preparse\n    self.pluginmanager.consider_preparse(args)\n  File \"/app/repo/src/_pytest/config/__init__.py\", line 490, in consider_preparse\n    self.consider_pluginarg(parg)\n  File \"/app/repo/src/_pytest/config/__init__.py\", line 515, in consider_pluginarg\n    self.import_plugin(arg, consider_entry_points=True)\n  File \"/app/repo/src/_pytest/config/__init__.py\", line 556, in import_plugin\n    __import__(importspec)\n  File \"<frozen importlib._bootstrap>\", line 1027, in _find_and_load\n  File \"<frozen importlib._bootstrap>\", line 1006, in _find_and_load_unlocked\n  File \"<frozen importlib._bootstrap>\", line 688, in _load_unlocked\n  File \"/app/repo/src/_pytest/assertion/rewrite.py\", line 131, in exec_module\n    source_stat, co = _rewrite_test(fn, self.config)\n  File \"/app/repo/src/_pytest/assertion/rewrite.py\", line 282, in _rewrite_test\n    co = compile(tree, fn, \"exec\", dont_inherit=True)\nTypeError: required field \"lineno\" missing from alias\n"
    },
    {
      "test_file": "testing/code/test_excinfo.py",
      "test_case": "test_excinfo_no_sourcecode",
      "test_type": "PASS_TO_PASS",
      "exit_code": 1,
      "stdout": "",
      "stderr": "Traceback (most recent call last):\n  File \"/usr/local/bin/pytest\", line 8, in <module>\n    sys.exit(main())\n  File \"/app/repo/src/_pytest/config/__init__.py\", line 59, in main\n    config = _prepareconfig(args, plugins)\n  File \"/app/repo/src/_pytest/config/__init__.py\", line 208, in _prepareconfig\n    return pluginmanager.hook.pytest_cmdline_parse(\n  File \"/usr/local/lib/python3.10/site-packages/pluggy/hooks.py\", line 286, in __call__\n    return self._hookexec(self, self.get_hookimpls(), kwargs)\n  File \"/usr/local/lib/python3.10/site-packages/pluggy/manager.py\", line 93, in _hookexec\n    return self._inner_hookexec(hook, methods, kwargs)\n  File \"/usr/local/lib/python3.10/site-packages/pluggy/manager.py\", line 84, in <lambda>\n    self._inner_hookexec = lambda hook, methods, kwargs: hook.multicall(\n  File \"/usr/local/lib/python3.10/site-packages/pluggy/callers.py\", line 203, in _multicall\n    gen.send(outcome)\n  File \"/app/repo/src/_pytest/helpconfig.py\", line 89, in pytest_cmdline_parse\n    config = outcome.get_result()\n  File \"/usr/local/lib/python3.10/site-packages/pluggy/callers.py\", line 80, in get_result\n    raise ex[1].with_traceback(ex[2])\n  File \"/usr/local/lib/python3.10/site-packages/pluggy/callers.py\", line 187, in _multicall\n    res = hook_impl.function(*args)\n  File \"/app/repo/src/_pytest/config/__init__.py\", line 720, in pytest_cmdline_parse\n    self.parse(args)\n  File \"/app/repo/src/_pytest/config/__init__.py\", line 928, in parse\n    self._preparse(args, addopts=addopts)\n  File \"/app/repo/src/_pytest/config/__init__.py\", line 870, in _preparse\n    self.pluginmanager.consider_preparse(args)\n  File \"/app/repo/src/_pytest/config/__init__.py\", line 490, in consider_preparse\n    self.consider_pluginarg(parg)\n  File \"/app/repo/src/_pytest/config/__init__.py\", line 515, in consider_pluginarg\n    self.import_plugin(arg, consider_entry_points=True)\n  File \"/app/repo/src/_pytest/config/__init__.py\", line 556, in import_plugin\n    __import__(importspec)\n  File \"<frozen importlib._bootstrap>\", line 1027, in _find_and_load\n  File \"<frozen importlib._bootstrap>\", line 1006, in _find_and_load_unlocked\n  File \"<frozen importlib._bootstrap>\", line 688, in _load_unlocked\n  File \"/app/repo/src/_pytest/assertion/rewrite.py\", line 131, in exec_module\n    source_stat, co = _rewrite_test(fn, self.config)\n  File \"/app/repo/src/_pytest/assertion/rewrite.py\", line 282, in _rewrite_test\n    co = compile(tree, fn, \"exec\", dont_inherit=True)\nTypeError: required field \"lineno\" missing from alias\n"
    },
    {
      "test_file": "testing/code/test_excinfo.py",
      "test_case": "test_entrysource_Queue_example",
      "test_type": "PASS_TO_PASS",
      "exit_code": 1,
      "stdout": "",
      "stderr": "Traceback (most recent call last):\n  File \"/usr/local/bin/pytest\", line 8, in <module>\n    sys.exit(main())\n  File \"/app/repo/src/_pytest/config/__init__.py\", line 59, in main\n    config = _prepareconfig(args, plugins)\n  File \"/app/repo/src/_pytest/config/__init__.py\", line 208, in _prepareconfig\n    return pluginmanager.hook.pytest_cmdline_parse(\n  File \"/usr/local/lib/python3.10/site-packages/pluggy/hooks.py\", line 286, in __call__\n    return self._hookexec(self, self.get_hookimpls(), kwargs)\n  File \"/usr/local/lib/python3.10/site-packages/pluggy/manager.py\", line 93, in _hookexec\n    return self._inner_hookexec(hook, methods, kwargs)\n  File \"/usr/local/lib/python3.10/site-packages/pluggy/manager.py\", line 84, in <lambda>\n    self._inner_hookexec = lambda hook, methods, kwargs: hook.multicall(\n  File \"/usr/local/lib/python3.10/site-packages/pluggy/callers.py\", line 203, in _multicall\n    gen.send(outcome)\n  File \"/app/repo/src/_pytest/helpconfig.py\", line 89, in pytest_cmdline_parse\n    config = outcome.get_result()\n  File \"/usr/local/lib/python3.10/site-packages/pluggy/callers.py\", line 80, in get_result\n    raise ex[1].with_traceback(ex[2])\n  File \"/usr/local/lib/python3.10/site-packages/pluggy/callers.py\", line 187, in _multicall\n    res = hook_impl.function(*args)\n  File \"/app/repo/src/_pytest/config/__init__.py\", line 720, in pytest_cmdline_parse\n    self.parse(args)\n  File \"/app/repo/src/_pytest/config/__init__.py\", line 928, in parse\n    self._preparse(args, addopts=addopts)\n  File \"/app/repo/src/_pytest/config/__init__.py\", line 870, in _preparse\n    self.pluginmanager.consider_preparse(args)\n  File \"/app/repo/src/_pytest/config/__init__.py\", line 490, in consider_preparse\n    self.consider_pluginarg(parg)\n  File \"/app/repo/src/_pytest/config/__init__.py\", line 515, in consider_pluginarg\n    self.import_plugin(arg, consider_entry_points=True)\n  File \"/app/repo/src/_pytest/config/__init__.py\", line 556, in import_plugin\n    __import__(importspec)\n  File \"<frozen importlib._bootstrap>\", line 1027, in _find_and_load\n  File \"<frozen importlib._bootstrap>\", line 1006, in _find_and_load_unlocked\n  File \"<frozen importlib._bootstrap>\", line 688, in _load_unlocked\n  File \"/app/repo/src/_pytest/assertion/rewrite.py\", line 131, in exec_module\n    source_stat, co = _rewrite_test(fn, self.config)\n  File \"/app/repo/src/_pytest/assertion/rewrite.py\", line 282, in _rewrite_test\n    co = compile(tree, fn, \"exec\", dont_inherit=True)\nTypeError: required field \"lineno\" missing from alias\n"
    },
    {
      "test_file": "testing/code/test_excinfo.py",
      "test_case": "test_codepath_Queue_example",
      "test_type": "PASS_TO_PASS",
      "exit_code": 1,
      "stdout": "",
      "stderr": "Traceback (most recent call last):\n  File \"/usr/local/bin/pytest\", line 8, in <module>\n    sys.exit(main())\n  File \"/app/repo/src/_pytest/config/__init__.py\", line 59, in main\n    config = _prepareconfig(args, plugins)\n  File \"/app/repo/src/_pytest/config/__init__.py\", line 208, in _prepareconfig\n    return pluginmanager.hook.pytest_cmdline_parse(\n  File \"/usr/local/lib/python3.10/site-packages/pluggy/hooks.py\", line 286, in __call__\n    return self._hookexec(self, self.get_hookimpls(), kwargs)\n  File \"/usr/local/lib/python3.10/site-packages/pluggy/manager.py\", line 93, in _hookexec\n    return self._inner_hookexec(hook, methods, kwargs)\n  File \"/usr/local/lib/python3.10/site-packages/pluggy/manager.py\", line 84, in <lambda>\n    self._inner_hookexec = lambda hook, methods, kwargs: hook.multicall(\n  File \"/usr/local/lib/python3.10/site-packages/pluggy/callers.py\", line 203, in _multicall\n    gen.send(outcome)\n  File \"/app/repo/src/_pytest/helpconfig.py\", line 89, in pytest_cmdline_parse\n    config = outcome.get_result()\n  File \"/usr/local/lib/python3.10/site-packages/pluggy/callers.py\", line 80, in get_result\n    raise ex[1].with_traceback(ex[2])\n  File \"/usr/local/lib/python3.10/site-packages/pluggy/callers.py\", line 187, in _multicall\n    res = hook_impl.function(*args)\n  File \"/app/repo/src/_pytest/config/__init__.py\", line 720, in pytest_cmdline_parse\n    self.parse(args)\n  File \"/app/repo/src/_pytest/config/__init__.py\", line 928, in parse\n    self._preparse(args, addopts=addopts)\n  File \"/app/repo/src/_pytest/config/__init__.py\", line 870, in _preparse\n    self.pluginmanager.consider_preparse(args)\n  File \"/app/repo/src/_pytest/config/__init__.py\", line 490, in consider_preparse\n    self.consider_pluginarg(parg)\n  File \"/app/repo/src/_pytest/config/__init__.py\", line 515, in consider_pluginarg\n    self.import_plugin(arg, consider_entry_points=True)\n  File \"/app/repo/src/_pytest/config/__init__.py\", line 556, in import_plugin\n    __import__(importspec)\n  File \"<frozen importlib._bootstrap>\", line 1027, in _find_and_load\n  File \"<frozen importlib._bootstrap>\", line 1006, in _find_and_load_unlocked\n  File \"<frozen importlib._bootstrap>\", line 688, in _load_unlocked\n  File \"/app/repo/src/_pytest/assertion/rewrite.py\", line 131, in exec_module\n    source_stat, co = _rewrite_test(fn, self.config)\n  File \"/app/repo/src/_pytest/assertion/rewrite.py\", line 282, in _rewrite_test\n    co = compile(tree, fn, \"exec\", dont_inherit=True)\nTypeError: required field \"lineno\" missing from alias\n"
    },
    {
      "test_file": "testing/code/test_excinfo.py",
      "test_case": "test_match_succeeds",
      "test_type": "PASS_TO_PASS",
      "exit_code": 1,
      "stdout": "",
      "stderr": "Traceback (most recent call last):\n  File \"/usr/local/bin/pytest\", line 8, in <module>\n    sys.exit(main())\n  File \"/app/repo/src/_pytest/config/__init__.py\", line 59, in main\n    config = _prepareconfig(args, plugins)\n  File \"/app/repo/src/_pytest/config/__init__.py\", line 208, in _prepareconfig\n    return pluginmanager.hook.pytest_cmdline_parse(\n  File \"/usr/local/lib/python3.10/site-packages/pluggy/hooks.py\", line 286, in __call__\n    return self._hookexec(self, self.get_hookimpls(), kwargs)\n  File \"/usr/local/lib/python3.10/site-packages/pluggy/manager.py\", line 93, in _hookexec\n    return self._inner_hookexec(hook, methods, kwargs)\n  File \"/usr/local/lib/python3.10/site-packages/pluggy/manager.py\", line 84, in <lambda>\n    self._inner_hookexec = lambda hook, methods, kwargs: hook.multicall(\n  File \"/usr/local/lib/python3.10/site-packages/pluggy/callers.py\", line 203, in _multicall\n    gen.send(outcome)\n  File \"/app/repo/src/_pytest/helpconfig.py\", line 89, in pytest_cmdline_parse\n    config = outcome.get_result()\n  File \"/usr/local/lib/python3.10/site-packages/pluggy/callers.py\", line 80, in get_result\n    raise ex[1].with_traceback(ex[2])\n  File \"/usr/local/lib/python3.10/site-packages/pluggy/callers.py\", line 187, in _multicall\n    res = hook_impl.function(*args)\n  File \"/app/repo/src/_pytest/config/__init__.py\", line 720, in pytest_cmdline_parse\n    self.parse(args)\n  File \"/app/repo/src/_pytest/config/__init__.py\", line 928, in parse\n    self._preparse(args, addopts=addopts)\n  File \"/app/repo/src/_pytest/config/__init__.py\", line 870, in _preparse\n    self.pluginmanager.consider_preparse(args)\n  File \"/app/repo/src/_pytest/config/__init__.py\", line 490, in consider_preparse\n    self.consider_pluginarg(parg)\n  File \"/app/repo/src/_pytest/config/__init__.py\", line 515, in consider_pluginarg\n    self.import_plugin(arg, consider_entry_points=True)\n  File \"/app/repo/src/_pytest/config/__init__.py\", line 556, in import_plugin\n    __import__(importspec)\n  File \"<frozen importlib._bootstrap>\", line 1027, in _find_and_load\n  File \"<frozen importlib._bootstrap>\", line 1006, in _find_and_load_unlocked\n  File \"<frozen importlib._bootstrap>\", line 688, in _load_unlocked\n  File \"/app/repo/src/_pytest/assertion/rewrite.py\", line 131, in exec_module\n    source_stat, co = _rewrite_test(fn, self.config)\n  File \"/app/repo/src/_pytest/assertion/rewrite.py\", line 282, in _rewrite_test\n    co = compile(tree, fn, \"exec\", dont_inherit=True)\nTypeError: required field \"lineno\" missing from alias\n"
    },
    {
      "test_file": "testing/code/test_excinfo.py",
      "test_case": "test_repr_traceback_with_unicode[None-short]",
      "test_type": "PASS_TO_PASS",
      "exit_code": 1,
      "stdout": "",
      "stderr": "Traceback (most recent call last):\n  File \"/usr/local/bin/pytest\", line 8, in <module>\n    sys.exit(main())\n  File \"/app/repo/src/_pytest/config/__init__.py\", line 59, in main\n    config = _prepareconfig(args, plugins)\n  File \"/app/repo/src/_pytest/config/__init__.py\", line 208, in _prepareconfig\n    return pluginmanager.hook.pytest_cmdline_parse(\n  File \"/usr/local/lib/python3.10/site-packages/pluggy/hooks.py\", line 286, in __call__\n    return self._hookexec(self, self.get_hookimpls(), kwargs)\n  File \"/usr/local/lib/python3.10/site-packages/pluggy/manager.py\", line 93, in _hookexec\n    return self._inner_hookexec(hook, methods, kwargs)\n  File \"/usr/local/lib/python3.10/site-packages/pluggy/manager.py\", line 84, in <lambda>\n    self._inner_hookexec = lambda hook, methods, kwargs: hook.multicall(\n  File \"/usr/local/lib/python3.10/site-packages/pluggy/callers.py\", line 203, in _multicall\n    gen.send(outcome)\n  File \"/app/repo/src/_pytest/helpconfig.py\", line 89, in pytest_cmdline_parse\n    config = outcome.get_result()\n  File \"/usr/local/lib/python3.10/site-packages/pluggy/callers.py\", line 80, in get_result\n    raise ex[1].with_traceback(ex[2])\n  File \"/usr/local/lib/python3.10/site-packages/pluggy/callers.py\", line 187, in _multicall\n    res = hook_impl.function(*args)\n  File \"/app/repo/src/_pytest/config/__init__.py\", line 720, in pytest_cmdline_parse\n    self.parse(args)\n  File \"/app/repo/src/_pytest/config/__init__.py\", line 928, in parse\n    self._preparse(args, addopts=addopts)\n  File \"/app/repo/src/_pytest/config/__init__.py\", line 870, in _preparse\n    self.pluginmanager.consider_preparse(args)\n  File \"/app/repo/src/_pytest/config/__init__.py\", line 490, in consider_preparse\n    self.consider_pluginarg(parg)\n  File \"/app/repo/src/_pytest/config/__init__.py\", line 515, in consider_pluginarg\n    self.import_plugin(arg, consider_entry_points=True)\n  File \"/app/repo/src/_pytest/config/__init__.py\", line 556, in import_plugin\n    __import__(importspec)\n  File \"<frozen importlib._bootstrap>\", line 1027, in _find_and_load\n  File \"<frozen importlib._bootstrap>\", line 1006, in _find_and_load_unlocked\n  File \"<frozen importlib._bootstrap>\", line 688, in _load_unlocked\n  File \"/app/repo/src/_pytest/assertion/rewrite.py\", line 131, in exec_module\n    source_stat, co = _rewrite_test(fn, self.config)\n  File \"/app/repo/src/_pytest/assertion/rewrite.py\", line 282, in _rewrite_test\n    co = compile(tree, fn, \"exec\", dont_inherit=True)\nTypeError: required field \"lineno\" missing from alias\n"
    },
    {
      "test_file": "testing/code/test_excinfo.py",
      "test_case": "test_repr_traceback_with_unicode[None-long]",
      "test_type": "PASS_TO_PASS",
      "exit_code": 1,
      "stdout": "",
      "stderr": "Traceback (most recent call last):\n  File \"/usr/local/bin/pytest\", line 8, in <module>\n    sys.exit(main())\n  File \"/app/repo/src/_pytest/config/__init__.py\", line 59, in main\n    config = _prepareconfig(args, plugins)\n  File \"/app/repo/src/_pytest/config/__init__.py\", line 208, in _prepareconfig\n    return pluginmanager.hook.pytest_cmdline_parse(\n  File \"/usr/local/lib/python3.10/site-packages/pluggy/hooks.py\", line 286, in __call__\n    return self._hookexec(self, self.get_hookimpls(), kwargs)\n  File \"/usr/local/lib/python3.10/site-packages/pluggy/manager.py\", line 93, in _hookexec\n    return self._inner_hookexec(hook, methods, kwargs)\n  File \"/usr/local/lib/python3.10/site-packages/pluggy/manager.py\", line 84, in <lambda>\n    self._inner_hookexec = lambda hook, methods, kwargs: hook.multicall(\n  File \"/usr/local/lib/python3.10/site-packages/pluggy/callers.py\", line 203, in _multicall\n    gen.send(outcome)\n  File \"/app/repo/src/_pytest/helpconfig.py\", line 89, in pytest_cmdline_parse\n    config = outcome.get_result()\n  File \"/usr/local/lib/python3.10/site-packages/pluggy/callers.py\", line 80, in get_result\n    raise ex[1].with_traceback(ex[2])\n  File \"/usr/local/lib/python3.10/site-packages/pluggy/callers.py\", line 187, in _multicall\n    res = hook_impl.function(*args)\n  File \"/app/repo/src/_pytest/config/__init__.py\", line 720, in pytest_cmdline_parse\n    self.parse(args)\n  File \"/app/repo/src/_pytest/config/__init__.py\", line 928, in parse\n    self._preparse(args, addopts=addopts)\n  File \"/app/repo/src/_pytest/config/__init__.py\", line 870, in _preparse\n    self.pluginmanager.consider_preparse(args)\n  File \"/app/repo/src/_pytest/config/__init__.py\", line 490, in consider_preparse\n    self.consider_pluginarg(parg)\n  File \"/app/repo/src/_pytest/config/__init__.py\", line 515, in consider_pluginarg\n    self.import_plugin(arg, consider_entry_points=True)\n  File \"/app/repo/src/_pytest/config/__init__.py\", line 556, in import_plugin\n    __import__(importspec)\n  File \"<frozen importlib._bootstrap>\", line 1027, in _find_and_load\n  File \"<frozen importlib._bootstrap>\", line 1006, in _find_and_load_unlocked\n  File \"<frozen importlib._bootstrap>\", line 688, in _load_unlocked\n  File \"/app/repo/src/_pytest/assertion/rewrite.py\", line 131, in exec_module\n    source_stat, co = _rewrite_test(fn, self.config)\n  File \"/app/repo/src/_pytest/assertion/rewrite.py\", line 282, in _rewrite_test\n    co = compile(tree, fn, \"exec\", dont_inherit=True)\nTypeError: required field \"lineno\" missing from alias\n"
    },
    {
      "test_file": "testing/code/test_excinfo.py",
      "test_case": "test_repr_traceback_with_unicode[utf8-short]",
      "test_type": "PASS_TO_PASS",
      "exit_code": 1,
      "stdout": "",
      "stderr": "Traceback (most recent call last):\n  File \"/usr/local/bin/pytest\", line 8, in <module>\n    sys.exit(main())\n  File \"/app/repo/src/_pytest/config/__init__.py\", line 59, in main\n    config = _prepareconfig(args, plugins)\n  File \"/app/repo/src/_pytest/config/__init__.py\", line 208, in _prepareconfig\n    return pluginmanager.hook.pytest_cmdline_parse(\n  File \"/usr/local/lib/python3.10/site-packages/pluggy/hooks.py\", line 286, in __call__\n    return self._hookexec(self, self.get_hookimpls(), kwargs)\n  File \"/usr/local/lib/python3.10/site-packages/pluggy/manager.py\", line 93, in _hookexec\n    return self._inner_hookexec(hook, methods, kwargs)\n  File \"/usr/local/lib/python3.10/site-packages/pluggy/manager.py\", line 84, in <lambda>\n    self._inner_hookexec = lambda hook, methods, kwargs: hook.multicall(\n  File \"/usr/local/lib/python3.10/site-packages/pluggy/callers.py\", line 203, in _multicall\n    gen.send(outcome)\n  File \"/app/repo/src/_pytest/helpconfig.py\", line 89, in pytest_cmdline_parse\n    config = outcome.get_result()\n  File \"/usr/local/lib/python3.10/site-packages/pluggy/callers.py\", line 80, in get_result\n    raise ex[1].with_traceback(ex[2])\n  File \"/usr/local/lib/python3.10/site-packages/pluggy/callers.py\", line 187, in _multicall\n    res = hook_impl.function(*args)\n  File \"/app/repo/src/_pytest/config/__init__.py\", line 720, in pytest_cmdline_parse\n    self.parse(args)\n  File \"/app/repo/src/_pytest/config/__init__.py\", line 928, in parse\n    self._preparse(args, addopts=addopts)\n  File \"/app/repo/src/_pytest/config/__init__.py\", line 870, in _preparse\n    self.pluginmanager.consider_preparse(args)\n  File \"/app/repo/src/_pytest/config/__init__.py\", line 490, in consider_preparse\n    self.consider_pluginarg(parg)\n  File \"/app/repo/src/_pytest/config/__init__.py\", line 515, in consider_pluginarg\n    self.import_plugin(arg, consider_entry_points=True)\n  File \"/app/repo/src/_pytest/config/__init__.py\", line 556, in import_plugin\n    __import__(importspec)\n  File \"<frozen importlib._bootstrap>\", line 1027, in _find_and_load\n  File \"<frozen importlib._bootstrap>\", line 1006, in _find_and_load_unlocked\n  File \"<frozen importlib._bootstrap>\", line 688, in _load_unlocked\n  File \"/app/repo/src/_pytest/assertion/rewrite.py\", line 131, in exec_module\n    source_stat, co = _rewrite_test(fn, self.config)\n  File \"/app/repo/src/_pytest/assertion/rewrite.py\", line 282, in _rewrite_test\n    co = compile(tree, fn, \"exec\", dont_inherit=True)\nTypeError: required field \"lineno\" missing from alias\n"
    },
    {
      "test_file": "testing/code/test_excinfo.py",
      "test_case": "test_repr_traceback_with_unicode[utf8-long]",
      "test_type": "PASS_TO_PASS",
      "exit_code": 1,
      "stdout": "",
      "stderr": "Traceback (most recent call last):\n  File \"/usr/local/bin/pytest\", line 8, in <module>\n    sys.exit(main())\n  File \"/app/repo/src/_pytest/config/__init__.py\", line 59, in main\n    config = _prepareconfig(args, plugins)\n  File \"/app/repo/src/_pytest/config/__init__.py\", line 208, in _prepareconfig\n    return pluginmanager.hook.pytest_cmdline_parse(\n  File \"/usr/local/lib/python3.10/site-packages/pluggy/hooks.py\", line 286, in __call__\n    return self._hookexec(self, self.get_hookimpls(), kwargs)\n  File \"/usr/local/lib/python3.10/site-packages/pluggy/manager.py\", line 93, in _hookexec\n    return self._inner_hookexec(hook, methods, kwargs)\n  File \"/usr/local/lib/python3.10/site-packages/pluggy/manager.py\", line 84, in <lambda>\n    self._inner_hookexec = lambda hook, methods, kwargs: hook.multicall(\n  File \"/usr/local/lib/python3.10/site-packages/pluggy/callers.py\", line 203, in _multicall\n    gen.send(outcome)\n  File \"/app/repo/src/_pytest/helpconfig.py\", line 89, in pytest_cmdline_parse\n    config = outcome.get_result()\n  File \"/usr/local/lib/python3.10/site-packages/pluggy/callers.py\", line 80, in get_result\n    raise ex[1].with_traceback(ex[2])\n  File \"/usr/local/lib/python3.10/site-packages/pluggy/callers.py\", line 187, in _multicall\n    res = hook_impl.function(*args)\n  File \"/app/repo/src/_pytest/config/__init__.py\", line 720, in pytest_cmdline_parse\n    self.parse(args)\n  File \"/app/repo/src/_pytest/config/__init__.py\", line 928, in parse\n    self._preparse(args, addopts=addopts)\n  File \"/app/repo/src/_pytest/config/__init__.py\", line 870, in _preparse\n    self.pluginmanager.consider_preparse(args)\n  File \"/app/repo/src/_pytest/config/__init__.py\", line 490, in consider_preparse\n    self.consider_pluginarg(parg)\n  File \"/app/repo/src/_pytest/config/__init__.py\", line 515, in consider_pluginarg\n    self.import_plugin(arg, consider_entry_points=True)\n  File \"/app/repo/src/_pytest/config/__init__.py\", line 556, in import_plugin\n    __import__(importspec)\n  File \"<frozen importlib._bootstrap>\", line 1027, in _find_and_load\n  File \"<frozen importlib._bootstrap>\", line 1006, in _find_and_load_unlocked\n  File \"<frozen importlib._bootstrap>\", line 688, in _load_unlocked\n  File \"/app/repo/src/_pytest/assertion/rewrite.py\", line 131, in exec_module\n    source_stat, co = _rewrite_test(fn, self.config)\n  File \"/app/repo/src/_pytest/assertion/rewrite.py\", line 282, in _rewrite_test\n    co = compile(tree, fn, \"exec\", dont_inherit=True)\nTypeError: required field \"lineno\" missing from alias\n"
    },
    {
      "test_file": "testing/code/test_excinfo.py",
      "test_case": "test_repr_traceback_with_unicode[utf16-short]",
      "test_type": "PASS_TO_PASS",
      "exit_code": 1,
      "stdout": "",
      "stderr": "Traceback (most recent call last):\n  File \"/usr/local/bin/pytest\", line 8, in <module>\n    sys.exit(main())\n  File \"/app/repo/src/_pytest/config/__init__.py\", line 59, in main\n    config = _prepareconfig(args, plugins)\n  File \"/app/repo/src/_pytest/config/__init__.py\", line 208, in _prepareconfig\n    return pluginmanager.hook.pytest_cmdline_parse(\n  File \"/usr/local/lib/python3.10/site-packages/pluggy/hooks.py\", line 286, in __call__\n    return self._hookexec(self, self.get_hookimpls(), kwargs)\n  File \"/usr/local/lib/python3.10/site-packages/pluggy/manager.py\", line 93, in _hookexec\n    return self._inner_hookexec(hook, methods, kwargs)\n  File \"/usr/local/lib/python3.10/site-packages/pluggy/manager.py\", line 84, in <lambda>\n    self._inner_hookexec = lambda hook, methods, kwargs: hook.multicall(\n  File \"/usr/local/lib/python3.10/site-packages/pluggy/callers.py\", line 203, in _multicall\n    gen.send(outcome)\n  File \"/app/repo/src/_pytest/helpconfig.py\", line 89, in pytest_cmdline_parse\n    config = outcome.get_result()\n  File \"/usr/local/lib/python3.10/site-packages/pluggy/callers.py\", line 80, in get_result\n    raise ex[1].with_traceback(ex[2])\n  File \"/usr/local/lib/python3.10/site-packages/pluggy/callers.py\", line 187, in _multicall\n    res = hook_impl.function(*args)\n  File \"/app/repo/src/_pytest/config/__init__.py\", line 720, in pytest_cmdline_parse\n    self.parse(args)\n  File \"/app/repo/src/_pytest/config/__init__.py\", line 928, in parse\n    self._preparse(args, addopts=addopts)\n  File \"/app/repo/src/_pytest/config/__init__.py\", line 870, in _preparse\n    self.pluginmanager.consider_preparse(args)\n  File \"/app/repo/src/_pytest/config/__init__.py\", line 490, in consider_preparse\n    self.consider_pluginarg(parg)\n  File \"/app/repo/src/_pytest/config/__init__.py\", line 515, in consider_pluginarg\n    self.import_plugin(arg, consider_entry_points=True)\n  File \"/app/repo/src/_pytest/config/__init__.py\", line 556, in import_plugin\n    __import__(importspec)\n  File \"<frozen importlib._bootstrap>\", line 1027, in _find_and_load\n  File \"<frozen importlib._bootstrap>\", line 1006, in _find_and_load_unlocked\n  File \"<frozen importlib._bootstrap>\", line 688, in _load_unlocked\n  File \"/app/repo/src/_pytest/assertion/rewrite.py\", line 131, in exec_module\n    source_stat, co = _rewrite_test(fn, self.config)\n  File \"/app/repo/src/_pytest/assertion/rewrite.py\", line 282, in _rewrite_test\n    co = compile(tree, fn, \"exec\", dont_inherit=True)\nTypeError: required field \"lineno\" missing from alias\n"
    },
    {
      "test_file": "testing/code/test_excinfo.py",
      "test_case": "test_repr_traceback_with_unicode[utf16-long]",
      "test_type": "PASS_TO_PASS",
      "exit_code": 1,
      "stdout": "",
      "stderr": "Traceback (most recent call last):\n  File \"/usr/local/bin/pytest\", line 8, in <module>\n    sys.exit(main())\n  File \"/app/repo/src/_pytest/config/__init__.py\", line 59, in main\n    config = _prepareconfig(args, plugins)\n  File \"/app/repo/src/_pytest/config/__init__.py\", line 208, in _prepareconfig\n    return pluginmanager.hook.pytest_cmdline_parse(\n  File \"/usr/local/lib/python3.10/site-packages/pluggy/hooks.py\", line 286, in __call__\n    return self._hookexec(self, self.get_hookimpls(), kwargs)\n  File \"/usr/local/lib/python3.10/site-packages/pluggy/manager.py\", line 93, in _hookexec\n    return self._inner_hookexec(hook, methods, kwargs)\n  File \"/usr/local/lib/python3.10/site-packages/pluggy/manager.py\", line 84, in <lambda>\n    self._inner_hookexec = lambda hook, methods, kwargs: hook.multicall(\n  File \"/usr/local/lib/python3.10/site-packages/pluggy/callers.py\", line 203, in _multicall\n    gen.send(outcome)\n  File \"/app/repo/src/_pytest/helpconfig.py\", line 89, in pytest_cmdline_parse\n    config = outcome.get_result()\n  File \"/usr/local/lib/python3.10/site-packages/pluggy/callers.py\", line 80, in get_result\n    raise ex[1].with_traceback(ex[2])\n  File \"/usr/local/lib/python3.10/site-packages/pluggy/callers.py\", line 187, in _multicall\n    res = hook_impl.function(*args)\n  File \"/app/repo/src/_pytest/config/__init__.py\", line 720, in pytest_cmdline_parse\n    self.parse(args)\n  File \"/app/repo/src/_pytest/config/__init__.py\", line 928, in parse\n    self._preparse(args, addopts=addopts)\n  File \"/app/repo/src/_pytest/config/__init__.py\", line 870, in _preparse\n    self.pluginmanager.consider_preparse(args)\n  File \"/app/repo/src/_pytest/config/__init__.py\", line 490, in consider_preparse\n    self.consider_pluginarg(parg)\n  File \"/app/repo/src/_pytest/config/__init__.py\", line 515, in consider_pluginarg\n    self.import_plugin(arg, consider_entry_points=True)\n  File \"/app/repo/src/_pytest/config/__init__.py\", line 556, in import_plugin\n    __import__(importspec)\n  File \"<frozen importlib._bootstrap>\", line 1027, in _find_and_load\n  File \"<frozen importlib._bootstrap>\", line 1006, in _find_and_load_unlocked\n  File \"<frozen importlib._bootstrap>\", line 688, in _load_unlocked\n  File \"/app/repo/src/_pytest/assertion/rewrite.py\", line 131, in exec_module\n    source_stat, co = _rewrite_test(fn, self.config)\n  File \"/app/repo/src/_pytest/assertion/rewrite.py\", line 282, in _rewrite_test\n    co = compile(tree, fn, \"exec\", dont_inherit=True)\nTypeError: required field \"lineno\" missing from alias\n"
    },
    {
      "test_file": "testing/code/test_excinfo.py",
      "test_case": "test_exception_repr_extraction_error_on_recursion",
      "test_type": "PASS_TO_PASS",
      "exit_code": 1,
      "stdout": "",
      "stderr": "Traceback (most recent call last):\n  File \"/usr/local/bin/pytest\", line 8, in <module>\n    sys.exit(main())\n  File \"/app/repo/src/_pytest/config/__init__.py\", line 59, in main\n    config = _prepareconfig(args, plugins)\n  File \"/app/repo/src/_pytest/config/__init__.py\", line 208, in _prepareconfig\n    return pluginmanager.hook.pytest_cmdline_parse(\n  File \"/usr/local/lib/python3.10/site-packages/pluggy/hooks.py\", line 286, in __call__\n    return self._hookexec(self, self.get_hookimpls(), kwargs)\n  File \"/usr/local/lib/python3.10/site-packages/pluggy/manager.py\", line 93, in _hookexec\n    return self._inner_hookexec(hook, methods, kwargs)\n  File \"/usr/local/lib/python3.10/site-packages/pluggy/manager.py\", line 84, in <lambda>\n    self._inner_hookexec = lambda hook, methods, kwargs: hook.multicall(\n  File \"/usr/local/lib/python3.10/site-packages/pluggy/callers.py\", line 203, in _multicall\n    gen.send(outcome)\n  File \"/app/repo/src/_pytest/helpconfig.py\", line 89, in pytest_cmdline_parse\n    config = outcome.get_result()\n  File \"/usr/local/lib/python3.10/site-packages/pluggy/callers.py\", line 80, in get_result\n    raise ex[1].with_traceback(ex[2])\n  File \"/usr/local/lib/python3.10/site-packages/pluggy/callers.py\", line 187, in _multicall\n    res = hook_impl.function(*args)\n  File \"/app/repo/src/_pytest/config/__init__.py\", line 720, in pytest_cmdline_parse\n    self.parse(args)\n  File \"/app/repo/src/_pytest/config/__init__.py\", line 928, in parse\n    self._preparse(args, addopts=addopts)\n  File \"/app/repo/src/_pytest/config/__init__.py\", line 870, in _preparse\n    self.pluginmanager.consider_preparse(args)\n  File \"/app/repo/src/_pytest/config/__init__.py\", line 490, in consider_preparse\n    self.consider_pluginarg(parg)\n  File \"/app/repo/src/_pytest/config/__init__.py\", line 515, in consider_pluginarg\n    self.import_plugin(arg, consider_entry_points=True)\n  File \"/app/repo/src/_pytest/config/__init__.py\", line 556, in import_plugin\n    __import__(importspec)\n  File \"<frozen importlib._bootstrap>\", line 1027, in _find_and_load\n  File \"<frozen importlib._bootstrap>\", line 1006, in _find_and_load_unlocked\n  File \"<frozen importlib._bootstrap>\", line 688, in _load_unlocked\n  File \"/app/repo/src/_pytest/assertion/rewrite.py\", line 131, in exec_module\n    source_stat, co = _rewrite_test(fn, self.config)\n  File \"/app/repo/src/_pytest/assertion/rewrite.py\", line 282, in _rewrite_test\n    co = compile(tree, fn, \"exec\", dont_inherit=True)\nTypeError: required field \"lineno\" missing from alias\n"
    },
    {
      "test_file": "testing/code/test_excinfo.py",
      "test_case": "test_no_recursion_index_on_recursion_error",
      "test_type": "PASS_TO_PASS",
      "exit_code": 1,
      "stdout": "",
      "stderr": "Traceback (most recent call last):\n  File \"/usr/local/bin/pytest\", line 8, in <module>\n    sys.exit(main())\n  File \"/app/repo/src/_pytest/config/__init__.py\", line 59, in main\n    config = _prepareconfig(args, plugins)\n  File \"/app/repo/src/_pytest/config/__init__.py\", line 208, in _prepareconfig\n    return pluginmanager.hook.pytest_cmdline_parse(\n  File \"/usr/local/lib/python3.10/site-packages/pluggy/hooks.py\", line 286, in __call__\n    return self._hookexec(self, self.get_hookimpls(), kwargs)\n  File \"/usr/local/lib/python3.10/site-packages/pluggy/manager.py\", line 93, in _hookexec\n    return self._inner_hookexec(hook, methods, kwargs)\n  File \"/usr/local/lib/python3.10/site-packages/pluggy/manager.py\", line 84, in <lambda>\n    self._inner_hookexec = lambda hook, methods, kwargs: hook.multicall(\n  File \"/usr/local/lib/python3.10/site-packages/pluggy/callers.py\", line 203, in _multicall\n    gen.send(outcome)\n  File \"/app/repo/src/_pytest/helpconfig.py\", line 89, in pytest_cmdline_parse\n    config = outcome.get_result()\n  File \"/usr/local/lib/python3.10/site-packages/pluggy/callers.py\", line 80, in get_result\n    raise ex[1].with_traceback(ex[2])\n  File \"/usr/local/lib/python3.10/site-packages/pluggy/callers.py\", line 187, in _multicall\n    res = hook_impl.function(*args)\n  File \"/app/repo/src/_pytest/config/__init__.py\", line 720, in pytest_cmdline_parse\n    self.parse(args)\n  File \"/app/repo/src/_pytest/config/__init__.py\", line 928, in parse\n    self._preparse(args, addopts=addopts)\n  File \"/app/repo/src/_pytest/config/__init__.py\", line 870, in _preparse\n    self.pluginmanager.consider_preparse(args)\n  File \"/app/repo/src/_pytest/config/__init__.py\", line 490, in consider_preparse\n    self.consider_pluginarg(parg)\n  File \"/app/repo/src/_pytest/config/__init__.py\", line 515, in consider_pluginarg\n    self.import_plugin(arg, consider_entry_points=True)\n  File \"/app/repo/src/_pytest/config/__init__.py\", line 556, in import_plugin\n    __import__(importspec)\n  File \"<frozen importlib._bootstrap>\", line 1027, in _find_and_load\n  File \"<frozen importlib._bootstrap>\", line 1006, in _find_and_load_unlocked\n  File \"<frozen importlib._bootstrap>\", line 688, in _load_unlocked\n  File \"/app/repo/src/_pytest/assertion/rewrite.py\", line 131, in exec_module\n    source_stat, co = _rewrite_test(fn, self.config)\n  File \"/app/repo/src/_pytest/assertion/rewrite.py\", line 282, in _rewrite_test\n    co = compile(tree, fn, \"exec\", dont_inherit=True)\nTypeError: required field \"lineno\" missing from alias\n"
    },
    {
      "test_file": "testing/code/test_excinfo.py",
      "test_case": "test_match_raises_error",
      "test_type": "PASS_TO_PASS",
      "exit_code": 1,
      "stdout": "",
      "stderr": "Traceback (most recent call last):\n  File \"/usr/local/bin/pytest\", line 8, in <module>\n    sys.exit(main())\n  File \"/app/repo/src/_pytest/config/__init__.py\", line 59, in main\n    config = _prepareconfig(args, plugins)\n  File \"/app/repo/src/_pytest/config/__init__.py\", line 208, in _prepareconfig\n    return pluginmanager.hook.pytest_cmdline_parse(\n  File \"/usr/local/lib/python3.10/site-packages/pluggy/hooks.py\", line 286, in __call__\n    return self._hookexec(self, self.get_hookimpls(), kwargs)\n  File \"/usr/local/lib/python3.10/site-packages/pluggy/manager.py\", line 93, in _hookexec\n    return self._inner_hookexec(hook, methods, kwargs)\n  File \"/usr/local/lib/python3.10/site-packages/pluggy/manager.py\", line 84, in <lambda>\n    self._inner_hookexec = lambda hook, methods, kwargs: hook.multicall(\n  File \"/usr/local/lib/python3.10/site-packages/pluggy/callers.py\", line 203, in _multicall\n    gen.send(outcome)\n  File \"/app/repo/src/_pytest/helpconfig.py\", line 89, in pytest_cmdline_parse\n    config = outcome.get_result()\n  File \"/usr/local/lib/python3.10/site-packages/pluggy/callers.py\", line 80, in get_result\n    raise ex[1].with_traceback(ex[2])\n  File \"/usr/local/lib/python3.10/site-packages/pluggy/callers.py\", line 187, in _multicall\n    res = hook_impl.function(*args)\n  File \"/app/repo/src/_pytest/config/__init__.py\", line 720, in pytest_cmdline_parse\n    self.parse(args)\n  File \"/app/repo/src/_pytest/config/__init__.py\", line 928, in parse\n    self._preparse(args, addopts=addopts)\n  File \"/app/repo/src/_pytest/config/__init__.py\", line 870, in _preparse\n    self.pluginmanager.consider_preparse(args)\n  File \"/app/repo/src/_pytest/config/__init__.py\", line 490, in consider_preparse\n    self.consider_pluginarg(parg)\n  File \"/app/repo/src/_pytest/config/__init__.py\", line 515, in consider_pluginarg\n    self.import_plugin(arg, consider_entry_points=True)\n  File \"/app/repo/src/_pytest/config/__init__.py\", line 556, in import_plugin\n    __import__(importspec)\n  File \"<frozen importlib._bootstrap>\", line 1027, in _find_and_load\n  File \"<frozen importlib._bootstrap>\", line 1006, in _find_and_load_unlocked\n  File \"<frozen importlib._bootstrap>\", line 688, in _load_unlocked\n  File \"/app/repo/src/_pytest/assertion/rewrite.py\", line 131, in exec_module\n    source_stat, co = _rewrite_test(fn, self.config)\n  File \"/app/repo/src/_pytest/assertion/rewrite.py\", line 282, in _rewrite_test\n    co = compile(tree, fn, \"exec\", dont_inherit=True)\nTypeError: required field \"lineno\" missing from alias\n"
    },
    {
      "test_file": "testing/code/test_excinfo.py",
      "test_case": "test_cwd_deleted",
      "test_type": "PASS_TO_PASS",
      "exit_code": 1,
      "stdout": "",
      "stderr": "Traceback (most recent call last):\n  File \"/usr/local/bin/pytest\", line 8, in <module>\n    sys.exit(main())\n  File \"/app/repo/src/_pytest/config/__init__.py\", line 59, in main\n    config = _prepareconfig(args, plugins)\n  File \"/app/repo/src/_pytest/config/__init__.py\", line 208, in _prepareconfig\n    return pluginmanager.hook.pytest_cmdline_parse(\n  File \"/usr/local/lib/python3.10/site-packages/pluggy/hooks.py\", line 286, in __call__\n    return self._hookexec(self, self.get_hookimpls(), kwargs)\n  File \"/usr/local/lib/python3.10/site-packages/pluggy/manager.py\", line 93, in _hookexec\n    return self._inner_hookexec(hook, methods, kwargs)\n  File \"/usr/local/lib/python3.10/site-packages/pluggy/manager.py\", line 84, in <lambda>\n    self._inner_hookexec = lambda hook, methods, kwargs: hook.multicall(\n  File \"/usr/local/lib/python3.10/site-packages/pluggy/callers.py\", line 203, in _multicall\n    gen.send(outcome)\n  File \"/app/repo/src/_pytest/helpconfig.py\", line 89, in pytest_cmdline_parse\n    config = outcome.get_result()\n  File \"/usr/local/lib/python3.10/site-packages/pluggy/callers.py\", line 80, in get_result\n    raise ex[1].with_traceback(ex[2])\n  File \"/usr/local/lib/python3.10/site-packages/pluggy/callers.py\", line 187, in _multicall\n    res = hook_impl.function(*args)\n  File \"/app/repo/src/_pytest/config/__init__.py\", line 720, in pytest_cmdline_parse\n    self.parse(args)\n  File \"/app/repo/src/_pytest/config/__init__.py\", line 928, in parse\n    self._preparse(args, addopts=addopts)\n  File \"/app/repo/src/_pytest/config/__init__.py\", line 870, in _preparse\n    self.pluginmanager.consider_preparse(args)\n  File \"/app/repo/src/_pytest/config/__init__.py\", line 490, in consider_preparse\n    self.consider_pluginarg(parg)\n  File \"/app/repo/src/_pytest/config/__init__.py\", line 515, in consider_pluginarg\n    self.import_plugin(arg, consider_entry_points=True)\n  File \"/app/repo/src/_pytest/config/__init__.py\", line 556, in import_plugin\n    __import__(importspec)\n  File \"<frozen importlib._bootstrap>\", line 1027, in _find_and_load\n  File \"<frozen importlib._bootstrap>\", line 1006, in _find_and_load_unlocked\n  File \"<frozen importlib._bootstrap>\", line 688, in _load_unlocked\n  File \"/app/repo/src/_pytest/assertion/rewrite.py\", line 131, in exec_module\n    source_stat, co = _rewrite_test(fn, self.config)\n  File \"/app/repo/src/_pytest/assertion/rewrite.py\", line 282, in _rewrite_test\n    co = compile(tree, fn, \"exec\", dont_inherit=True)\nTypeError: required field \"lineno\" missing from alias\n"
    }
  ]
}