{
  "instance_id": "sphinx-doc__sphinx-8621",
  "results": [
    {
      "test_file": "tests/test_markup.py",
      "test_case": "test_inline[verify-:kbd:`Alt+^`-<p><kbd",
      "test_type": "FAIL_TO_PASS",
      "exit_code": 1,
      "stdout": "",
      "stderr": "Traceback (most recent call last):\n  File \"/usr/local/lib/python3.10/site-packages/_pytest/config/__init__.py\", line 858, in import_plugin\n    __import__(importspec)\n  File \"/usr/local/lib/python3.10/site-packages/_pytest/assertion/rewrite.py\", line 185, in exec_module\n    exec(co, module.__dict__)\n  File \"/app/repo/sphinx/testing/fixtures.py\", line 21, in <module>\n    from sphinx.testing import util\n  File \"/app/repo/sphinx/testing/util.py\", line 23, in <module>\n    from sphinx import application, locale\n  File \"/app/repo/sphinx/application.py\", line 43, in <module>\n    from sphinx.registry import SphinxComponentRegistry\n  File \"/app/repo/sphinx/registry.py\", line 24, in <module>\n    from sphinx.builders import Builder\n  File \"/app/repo/sphinx/builders/__init__.py\", line 26, in <module>\n    from sphinx.util import import_object, logging, progress_message, rst, status_iterator\n  File \"/app/repo/sphinx/util/rst.py\", line 21, in <module>\n    from jinja2 import Environment, environmentfilter\nImportError: cannot import name 'environmentfilter' from 'jinja2' (/usr/local/lib/python3.10/site-packages/jinja2/__init__.py)\n\nThe above exception was the direct cause of the following exception:\n\nTraceback (most recent call last):\n  File \"/usr/local/bin/pytest\", line 8, in <module>\n    sys.exit(console_main())\n  File \"/usr/local/lib/python3.10/site-packages/_pytest/config/__init__.py\", line 201, in console_main\n    code = main()\n  File \"/usr/local/lib/python3.10/site-packages/_pytest/config/__init__.py\", line 156, in main\n    config = _prepareconfig(args, plugins)\n  File \"/usr/local/lib/python3.10/site-packages/_pytest/config/__init__.py\", line 341, in _prepareconfig\n    config = pluginmanager.hook.pytest_cmdline_parse(\n  File \"/usr/local/lib/python3.10/site-packages/pluggy/_hooks.py\", line 513, in __call__\n    return self._hookexec(self.name, self._hookimpls.copy(), kwargs, firstresult)\n  File \"/usr/local/lib/python3.10/site-packages/pluggy/_manager.py\", line 120, in _hookexec\n    return self._inner_hookexec(hook_name, methods, kwargs, firstresult)\n  File \"/usr/local/lib/python3.10/site-packages/pluggy/_callers.py\", line 139, in _multicall\n    raise exception.with_traceback(exception.__traceback__)\n  File \"/usr/local/lib/python3.10/site-packages/pluggy/_callers.py\", line 122, in _multicall\n    teardown.throw(exception)  # type: ignore[union-attr]\n  File \"/usr/local/lib/python3.10/site-packages/_pytest/helpconfig.py\", line 105, in pytest_cmdline_parse\n    config = yield\n  File \"/usr/local/lib/python3.10/site-packages/pluggy/_callers.py\", line 103, in _multicall\n    res = hook_impl.function(*args)\n  File \"/usr/local/lib/python3.10/site-packages/_pytest/config/__init__.py\", line 1140, in pytest_cmdline_parse\n    self.parse(args)\n  File \"/usr/local/lib/python3.10/site-packages/_pytest/config/__init__.py\", line 1494, in parse\n    self._preparse(args, addopts=addopts)\n  File \"/usr/local/lib/python3.10/site-packages/_pytest/config/__init__.py\", line 1398, in _preparse\n    self.hook.pytest_load_initial_conftests(\n  File \"/usr/local/lib/python3.10/site-packages/pluggy/_hooks.py\", line 513, in __call__\n    return self._hookexec(self.name, self._hookimpls.copy(), kwargs, firstresult)\n  File \"/usr/local/lib/python3.10/site-packages/pluggy/_manager.py\", line 120, in _hookexec\n    return self._inner_hookexec(hook_name, methods, kwargs, firstresult)\n  File \"/usr/local/lib/python3.10/site-packages/pluggy/_callers.py\", line 139, in _multicall\n    raise exception.with_traceback(exception.__traceback__)\n  File \"/usr/local/lib/python3.10/site-packages/pluggy/_callers.py\", line 122, in _multicall\n    teardown.throw(exception)  # type: ignore[union-attr]\n  File \"/usr/local/lib/python3.10/site-packages/_pytest/capture.py\", line 172, in pytest_load_initial_conftests\n    yield\n  File \"/usr/local/lib/python3.10/site-packages/pluggy/_callers.py\", line 103, in _multicall\n    res = hook_impl.function(*args)\n  File \"/usr/local/lib/python3.10/site-packages/_pytest/config/__init__.py\", line 1222, in pytest_load_initial_conftests\n    self.pluginmanager._set_initial_conftests(\n  File \"/usr/local/lib/python3.10/site-packages/_pytest/config/__init__.py\", line 581, in _set_initial_conftests\n    self._try_load_conftest(\n  File \"/usr/local/lib/python3.10/site-packages/_pytest/config/__init__.py\", line 619, in _try_load_conftest\n    self._loadconftestmodules(\n  File \"/usr/local/lib/python3.10/site-packages/_pytest/config/__init__.py\", line 659, in _loadconftestmodules\n    mod = self._importconftest(\n  File \"/usr/local/lib/python3.10/site-packages/_pytest/config/__init__.py\", line 735, in _importconftest\n    self.consider_conftest(mod, registration_name=conftestpath_plugin_name)\n  File \"/usr/local/lib/python3.10/site-packages/_pytest/config/__init__.py\", line 816, in consider_conftest\n    self.register(conftestmodule, name=registration_name)\n  File \"/usr/local/lib/python3.10/site-packages/_pytest/config/__init__.py\", line 512, in register\n    self.consider_module(plugin)\n  File \"/usr/local/lib/python3.10/site-packages/_pytest/config/__init__.py\", line 824, in consider_module\n    self._import_plugin_specs(getattr(mod, \"pytest_plugins\", []))\n  File \"/usr/local/lib/python3.10/site-packages/_pytest/config/__init__.py\", line 831, in _import_plugin_specs\n    self.import_plugin(import_spec)\n  File \"/usr/local/lib/python3.10/site-packages/_pytest/config/__init__.py\", line 860, in import_plugin\n    raise ImportError(\n  File \"/usr/local/lib/python3.10/site-packages/_pytest/config/__init__.py\", line 858, in import_plugin\n    __import__(importspec)\n  File \"/usr/local/lib/python3.10/site-packages/_pytest/assertion/rewrite.py\", line 185, in exec_module\n    exec(co, module.__dict__)\n  File \"/app/repo/sphinx/testing/fixtures.py\", line 21, in <module>\n    from sphinx.testing import util\n  File \"/app/repo/sphinx/testing/util.py\", line 23, in <module>\n    from sphinx import application, locale\n  File \"/app/repo/sphinx/application.py\", line 43, in <module>\n    from sphinx.registry import SphinxComponentRegistry\n  File \"/app/repo/sphinx/registry.py\", line 24, in <module>\n    from sphinx.builders import Builder\n  File \"/app/repo/sphinx/builders/__init__.py\", line 26, in <module>\n    from sphinx.util import import_object, logging, progress_message, rst, status_iterator\n  File \"/app/repo/sphinx/util/rst.py\", line 21, in <module>\n    from jinja2 import Environment, environmentfilter\nImportError: Error importing plugin \"sphinx.testing.fixtures\": cannot import name 'environmentfilter' from 'jinja2' (/usr/local/lib/python3.10/site-packages/jinja2/__init__.py)\n"
    },
    {
      "test_file": "tests/test_markup.py",
      "test_case": "test_inline[verify-:kbd:`-`-<p><kbd",
      "test_type": "FAIL_TO_PASS",
      "exit_code": 1,
      "stdout": "",
      "stderr": "Traceback (most recent call last):\n  File \"/usr/local/lib/python3.10/site-packages/_pytest/config/__init__.py\", line 858, in import_plugin\n    __import__(importspec)\n  File \"/usr/local/lib/python3.10/site-packages/_pytest/assertion/rewrite.py\", line 185, in exec_module\n    exec(co, module.__dict__)\n  File \"/app/repo/sphinx/testing/fixtures.py\", line 21, in <module>\n    from sphinx.testing import util\n  File \"/app/repo/sphinx/testing/util.py\", line 23, in <module>\n    from sphinx import application, locale\n  File \"/app/repo/sphinx/application.py\", line 43, in <module>\n    from sphinx.registry import SphinxComponentRegistry\n  File \"/app/repo/sphinx/registry.py\", line 24, in <module>\n    from sphinx.builders import Builder\n  File \"/app/repo/sphinx/builders/__init__.py\", line 26, in <module>\n    from sphinx.util import import_object, logging, progress_message, rst, status_iterator\n  File \"/app/repo/sphinx/util/rst.py\", line 21, in <module>\n    from jinja2 import Environment, environmentfilter\nImportError: cannot import name 'environmentfilter' from 'jinja2' (/usr/local/lib/python3.10/site-packages/jinja2/__init__.py)\n\nThe above exception was the direct cause of the following exception:\n\nTraceback (most recent call last):\n  File \"/usr/local/bin/pytest\", line 8, in <module>\n    sys.exit(console_main())\n  File \"/usr/local/lib/python3.10/site-packages/_pytest/config/__init__.py\", line 201, in console_main\n    code = main()\n  File \"/usr/local/lib/python3.10/site-packages/_pytest/config/__init__.py\", line 156, in main\n    config = _prepareconfig(args, plugins)\n  File \"/usr/local/lib/python3.10/site-packages/_pytest/config/__init__.py\", line 341, in _prepareconfig\n    config = pluginmanager.hook.pytest_cmdline_parse(\n  File \"/usr/local/lib/python3.10/site-packages/pluggy/_hooks.py\", line 513, in __call__\n    return self._hookexec(self.name, self._hookimpls.copy(), kwargs, firstresult)\n  File \"/usr/local/lib/python3.10/site-packages/pluggy/_manager.py\", line 120, in _hookexec\n    return self._inner_hookexec(hook_name, methods, kwargs, firstresult)\n  File \"/usr/local/lib/python3.10/site-packages/pluggy/_callers.py\", line 139, in _multicall\n    raise exception.with_traceback(exception.__traceback__)\n  File \"/usr/local/lib/python3.10/site-packages/pluggy/_callers.py\", line 122, in _multicall\n    teardown.throw(exception)  # type: ignore[union-attr]\n  File \"/usr/local/lib/python3.10/site-packages/_pytest/helpconfig.py\", line 105, in pytest_cmdline_parse\n    config = yield\n  File \"/usr/local/lib/python3.10/site-packages/pluggy/_callers.py\", line 103, in _multicall\n    res = hook_impl.function(*args)\n  File \"/usr/local/lib/python3.10/site-packages/_pytest/config/__init__.py\", line 1140, in pytest_cmdline_parse\n    self.parse(args)\n  File \"/usr/local/lib/python3.10/site-packages/_pytest/config/__init__.py\", line 1494, in parse\n    self._preparse(args, addopts=addopts)\n  File \"/usr/local/lib/python3.10/site-packages/_pytest/config/__init__.py\", line 1398, in _preparse\n    self.hook.pytest_load_initial_conftests(\n  File \"/usr/local/lib/python3.10/site-packages/pluggy/_hooks.py\", line 513, in __call__\n    return self._hookexec(self.name, self._hookimpls.copy(), kwargs, firstresult)\n  File \"/usr/local/lib/python3.10/site-packages/pluggy/_manager.py\", line 120, in _hookexec\n    return self._inner_hookexec(hook_name, methods, kwargs, firstresult)\n  File \"/usr/local/lib/python3.10/site-packages/pluggy/_callers.py\", line 139, in _multicall\n    raise exception.with_traceback(exception.__traceback__)\n  File \"/usr/local/lib/python3.10/site-packages/pluggy/_callers.py\", line 122, in _multicall\n    teardown.throw(exception)  # type: ignore[union-attr]\n  File \"/usr/local/lib/python3.10/site-packages/_pytest/capture.py\", line 172, in pytest_load_initial_conftests\n    yield\n  File \"/usr/local/lib/python3.10/site-packages/pluggy/_callers.py\", line 103, in _multicall\n    res = hook_impl.function(*args)\n  File \"/usr/local/lib/python3.10/site-packages/_pytest/config/__init__.py\", line 1222, in pytest_load_initial_conftests\n    self.pluginmanager._set_initial_conftests(\n  File \"/usr/local/lib/python3.10/site-packages/_pytest/config/__init__.py\", line 581, in _set_initial_conftests\n    self._try_load_conftest(\n  File \"/usr/local/lib/python3.10/site-packages/_pytest/config/__init__.py\", line 619, in _try_load_conftest\n    self._loadconftestmodules(\n  File \"/usr/local/lib/python3.10/site-packages/_pytest/config/__init__.py\", line 659, in _loadconftestmodules\n    mod = self._importconftest(\n  File \"/usr/local/lib/python3.10/site-packages/_pytest/config/__init__.py\", line 735, in _importconftest\n    self.consider_conftest(mod, registration_name=conftestpath_plugin_name)\n  File \"/usr/local/lib/python3.10/site-packages/_pytest/config/__init__.py\", line 816, in consider_conftest\n    self.register(conftestmodule, name=registration_name)\n  File \"/usr/local/lib/python3.10/site-packages/_pytest/config/__init__.py\", line 512, in register\n    self.consider_module(plugin)\n  File \"/usr/local/lib/python3.10/site-packages/_pytest/config/__init__.py\", line 824, in consider_module\n    self._import_plugin_specs(getattr(mod, \"pytest_plugins\", []))\n  File \"/usr/local/lib/python3.10/site-packages/_pytest/config/__init__.py\", line 831, in _import_plugin_specs\n    self.import_plugin(import_spec)\n  File \"/usr/local/lib/python3.10/site-packages/_pytest/config/__init__.py\", line 860, in import_plugin\n    raise ImportError(\n  File \"/usr/local/lib/python3.10/site-packages/_pytest/config/__init__.py\", line 858, in import_plugin\n    __import__(importspec)\n  File \"/usr/local/lib/python3.10/site-packages/_pytest/assertion/rewrite.py\", line 185, in exec_module\n    exec(co, module.__dict__)\n  File \"/app/repo/sphinx/testing/fixtures.py\", line 21, in <module>\n    from sphinx.testing import util\n  File \"/app/repo/sphinx/testing/util.py\", line 23, in <module>\n    from sphinx import application, locale\n  File \"/app/repo/sphinx/application.py\", line 43, in <module>\n    from sphinx.registry import SphinxComponentRegistry\n  File \"/app/repo/sphinx/registry.py\", line 24, in <module>\n    from sphinx.builders import Builder\n  File \"/app/repo/sphinx/builders/__init__.py\", line 26, in <module>\n    from sphinx.util import import_object, logging, progress_message, rst, status_iterator\n  File \"/app/repo/sphinx/util/rst.py\", line 21, in <module>\n    from jinja2 import Environment, environmentfilter\nImportError: Error importing plugin \"sphinx.testing.fixtures\": cannot import name 'environmentfilter' from 'jinja2' (/usr/local/lib/python3.10/site-packages/jinja2/__init__.py)\n"
    },
    {
      "test_file": "tests/test_markup.py",
      "test_case": "test_inline[verify-:rfc:`2324`-<p><span",
      "test_type": "PASS_TO_PASS",
      "exit_code": 1,
      "stdout": "",
      "stderr": "Traceback (most recent call last):\n  File \"/usr/local/lib/python3.10/site-packages/_pytest/config/__init__.py\", line 858, in import_plugin\n    __import__(importspec)\n  File \"/usr/local/lib/python3.10/site-packages/_pytest/assertion/rewrite.py\", line 185, in exec_module\n    exec(co, module.__dict__)\n  File \"/app/repo/sphinx/testing/fixtures.py\", line 21, in <module>\n    from sphinx.testing import util\n  File \"/app/repo/sphinx/testing/util.py\", line 23, in <module>\n    from sphinx import application, locale\n  File \"/app/repo/sphinx/application.py\", line 43, in <module>\n    from sphinx.registry import SphinxComponentRegistry\n  File \"/app/repo/sphinx/registry.py\", line 24, in <module>\n    from sphinx.builders import Builder\n  File \"/app/repo/sphinx/builders/__init__.py\", line 26, in <module>\n    from sphinx.util import import_object, logging, progress_message, rst, status_iterator\n  File \"/app/repo/sphinx/util/rst.py\", line 21, in <module>\n    from jinja2 import Environment, environmentfilter\nImportError: cannot import name 'environmentfilter' from 'jinja2' (/usr/local/lib/python3.10/site-packages/jinja2/__init__.py)\n\nThe above exception was the direct cause of the following exception:\n\nTraceback (most recent call last):\n  File \"/usr/local/bin/pytest\", line 8, in <module>\n    sys.exit(console_main())\n  File \"/usr/local/lib/python3.10/site-packages/_pytest/config/__init__.py\", line 201, in console_main\n    code = main()\n  File \"/usr/local/lib/python3.10/site-packages/_pytest/config/__init__.py\", line 156, in main\n    config = _prepareconfig(args, plugins)\n  File \"/usr/local/lib/python3.10/site-packages/_pytest/config/__init__.py\", line 341, in _prepareconfig\n    config = pluginmanager.hook.pytest_cmdline_parse(\n  File \"/usr/local/lib/python3.10/site-packages/pluggy/_hooks.py\", line 513, in __call__\n    return self._hookexec(self.name, self._hookimpls.copy(), kwargs, firstresult)\n  File \"/usr/local/lib/python3.10/site-packages/pluggy/_manager.py\", line 120, in _hookexec\n    return self._inner_hookexec(hook_name, methods, kwargs, firstresult)\n  File \"/usr/local/lib/python3.10/site-packages/pluggy/_callers.py\", line 139, in _multicall\n    raise exception.with_traceback(exception.__traceback__)\n  File \"/usr/local/lib/python3.10/site-packages/pluggy/_callers.py\", line 122, in _multicall\n    teardown.throw(exception)  # type: ignore[union-attr]\n  File \"/usr/local/lib/python3.10/site-packages/_pytest/helpconfig.py\", line 105, in pytest_cmdline_parse\n    config = yield\n  File \"/usr/local/lib/python3.10/site-packages/pluggy/_callers.py\", line 103, in _multicall\n    res = hook_impl.function(*args)\n  File \"/usr/local/lib/python3.10/site-packages/_pytest/config/__init__.py\", line 1140, in pytest_cmdline_parse\n    self.parse(args)\n  File \"/usr/local/lib/python3.10/site-packages/_pytest/config/__init__.py\", line 1494, in parse\n    self._preparse(args, addopts=addopts)\n  File \"/usr/local/lib/python3.10/site-packages/_pytest/config/__init__.py\", line 1398, in _preparse\n    self.hook.pytest_load_initial_conftests(\n  File \"/usr/local/lib/python3.10/site-packages/pluggy/_hooks.py\", line 513, in __call__\n    return self._hookexec(self.name, self._hookimpls.copy(), kwargs, firstresult)\n  File \"/usr/local/lib/python3.10/site-packages/pluggy/_manager.py\", line 120, in _hookexec\n    return self._inner_hookexec(hook_name, methods, kwargs, firstresult)\n  File \"/usr/local/lib/python3.10/site-packages/pluggy/_callers.py\", line 139, in _multicall\n    raise exception.with_traceback(exception.__traceback__)\n  File \"/usr/local/lib/python3.10/site-packages/pluggy/_callers.py\", line 122, in _multicall\n    teardown.throw(exception)  # type: ignore[union-attr]\n  File \"/usr/local/lib/python3.10/site-packages/_pytest/capture.py\", line 172, in pytest_load_initial_conftests\n    yield\n  File \"/usr/local/lib/python3.10/site-packages/pluggy/_callers.py\", line 103, in _multicall\n    res = hook_impl.function(*args)\n  File \"/usr/local/lib/python3.10/site-packages/_pytest/config/__init__.py\", line 1222, in pytest_load_initial_conftests\n    self.pluginmanager._set_initial_conftests(\n  File \"/usr/local/lib/python3.10/site-packages/_pytest/config/__init__.py\", line 581, in _set_initial_conftests\n    self._try_load_conftest(\n  File \"/usr/local/lib/python3.10/site-packages/_pytest/config/__init__.py\", line 619, in _try_load_conftest\n    self._loadconftestmodules(\n  File \"/usr/local/lib/python3.10/site-packages/_pytest/config/__init__.py\", line 659, in _loadconftestmodules\n    mod = self._importconftest(\n  File \"/usr/local/lib/python3.10/site-packages/_pytest/config/__init__.py\", line 735, in _importconftest\n    self.consider_conftest(mod, registration_name=conftestpath_plugin_name)\n  File \"/usr/local/lib/python3.10/site-packages/_pytest/config/__init__.py\", line 816, in consider_conftest\n    self.register(conftestmodule, name=registration_name)\n  File \"/usr/local/lib/python3.10/site-packages/_pytest/config/__init__.py\", line 512, in register\n    self.consider_module(plugin)\n  File \"/usr/local/lib/python3.10/site-packages/_pytest/config/__init__.py\", line 824, in consider_module\n    self._import_plugin_specs(getattr(mod, \"pytest_plugins\", []))\n  File \"/usr/local/lib/python3.10/site-packages/_pytest/config/__init__.py\", line 831, in _import_plugin_specs\n    self.import_plugin(import_spec)\n  File \"/usr/local/lib/python3.10/site-packages/_pytest/config/__init__.py\", line 860, in import_plugin\n    raise ImportError(\n  File \"/usr/local/lib/python3.10/site-packages/_pytest/config/__init__.py\", line 858, in import_plugin\n    __import__(importspec)\n  File \"/usr/local/lib/python3.10/site-packages/_pytest/assertion/rewrite.py\", line 185, in exec_module\n    exec(co, module.__dict__)\n  File \"/app/repo/sphinx/testing/fixtures.py\", line 21, in <module>\n    from sphinx.testing import util\n  File \"/app/repo/sphinx/testing/util.py\", line 23, in <module>\n    from sphinx import application, locale\n  File \"/app/repo/sphinx/application.py\", line 43, in <module>\n    from sphinx.registry import SphinxComponentRegistry\n  File \"/app/repo/sphinx/registry.py\", line 24, in <module>\n    from sphinx.builders import Builder\n  File \"/app/repo/sphinx/builders/__init__.py\", line 26, in <module>\n    from sphinx.util import import_object, logging, progress_message, rst, status_iterator\n  File \"/app/repo/sphinx/util/rst.py\", line 21, in <module>\n    from jinja2 import Environment, environmentfilter\nImportError: Error importing plugin \"sphinx.testing.fixtures\": cannot import name 'environmentfilter' from 'jinja2' (/usr/local/lib/python3.10/site-packages/jinja2/__init__.py)\n"
    },
    {
      "test_file": "tests/test_markup.py",
      "test_case": "test_inline[verify-:rfc:`2324#id1`-<p><span",
      "test_type": "PASS_TO_PASS",
      "exit_code": 1,
      "stdout": "",
      "stderr": "Traceback (most recent call last):\n  File \"/usr/local/lib/python3.10/site-packages/_pytest/config/__init__.py\", line 858, in import_plugin\n    __import__(importspec)\n  File \"/usr/local/lib/python3.10/site-packages/_pytest/assertion/rewrite.py\", line 185, in exec_module\n    exec(co, module.__dict__)\n  File \"/app/repo/sphinx/testing/fixtures.py\", line 21, in <module>\n    from sphinx.testing import util\n  File \"/app/repo/sphinx/testing/util.py\", line 23, in <module>\n    from sphinx import application, locale\n  File \"/app/repo/sphinx/application.py\", line 43, in <module>\n    from sphinx.registry import SphinxComponentRegistry\n  File \"/app/repo/sphinx/registry.py\", line 24, in <module>\n    from sphinx.builders import Builder\n  File \"/app/repo/sphinx/builders/__init__.py\", line 26, in <module>\n    from sphinx.util import import_object, logging, progress_message, rst, status_iterator\n  File \"/app/repo/sphinx/util/rst.py\", line 21, in <module>\n    from jinja2 import Environment, environmentfilter\nImportError: cannot import name 'environmentfilter' from 'jinja2' (/usr/local/lib/python3.10/site-packages/jinja2/__init__.py)\n\nThe above exception was the direct cause of the following exception:\n\nTraceback (most recent call last):\n  File \"/usr/local/bin/pytest\", line 8, in <module>\n    sys.exit(console_main())\n  File \"/usr/local/lib/python3.10/site-packages/_pytest/config/__init__.py\", line 201, in console_main\n    code = main()\n  File \"/usr/local/lib/python3.10/site-packages/_pytest/config/__init__.py\", line 156, in main\n    config = _prepareconfig(args, plugins)\n  File \"/usr/local/lib/python3.10/site-packages/_pytest/config/__init__.py\", line 341, in _prepareconfig\n    config = pluginmanager.hook.pytest_cmdline_parse(\n  File \"/usr/local/lib/python3.10/site-packages/pluggy/_hooks.py\", line 513, in __call__\n    return self._hookexec(self.name, self._hookimpls.copy(), kwargs, firstresult)\n  File \"/usr/local/lib/python3.10/site-packages/pluggy/_manager.py\", line 120, in _hookexec\n    return self._inner_hookexec(hook_name, methods, kwargs, firstresult)\n  File \"/usr/local/lib/python3.10/site-packages/pluggy/_callers.py\", line 139, in _multicall\n    raise exception.with_traceback(exception.__traceback__)\n  File \"/usr/local/lib/python3.10/site-packages/pluggy/_callers.py\", line 122, in _multicall\n    teardown.throw(exception)  # type: ignore[union-attr]\n  File \"/usr/local/lib/python3.10/site-packages/_pytest/helpconfig.py\", line 105, in pytest_cmdline_parse\n    config = yield\n  File \"/usr/local/lib/python3.10/site-packages/pluggy/_callers.py\", line 103, in _multicall\n    res = hook_impl.function(*args)\n  File \"/usr/local/lib/python3.10/site-packages/_pytest/config/__init__.py\", line 1140, in pytest_cmdline_parse\n    self.parse(args)\n  File \"/usr/local/lib/python3.10/site-packages/_pytest/config/__init__.py\", line 1494, in parse\n    self._preparse(args, addopts=addopts)\n  File \"/usr/local/lib/python3.10/site-packages/_pytest/config/__init__.py\", line 1398, in _preparse\n    self.hook.pytest_load_initial_conftests(\n  File \"/usr/local/lib/python3.10/site-packages/pluggy/_hooks.py\", line 513, in __call__\n    return self._hookexec(self.name, self._hookimpls.copy(), kwargs, firstresult)\n  File \"/usr/local/lib/python3.10/site-packages/pluggy/_manager.py\", line 120, in _hookexec\n    return self._inner_hookexec(hook_name, methods, kwargs, firstresult)\n  File \"/usr/local/lib/python3.10/site-packages/pluggy/_callers.py\", line 139, in _multicall\n    raise exception.with_traceback(exception.__traceback__)\n  File \"/usr/local/lib/python3.10/site-packages/pluggy/_callers.py\", line 122, in _multicall\n    teardown.throw(exception)  # type: ignore[union-attr]\n  File \"/usr/local/lib/python3.10/site-packages/_pytest/capture.py\", line 172, in pytest_load_initial_conftests\n    yield\n  File \"/usr/local/lib/python3.10/site-packages/pluggy/_callers.py\", line 103, in _multicall\n    res = hook_impl.function(*args)\n  File \"/usr/local/lib/python3.10/site-packages/_pytest/config/__init__.py\", line 1222, in pytest_load_initial_conftests\n    self.pluginmanager._set_initial_conftests(\n  File \"/usr/local/lib/python3.10/site-packages/_pytest/config/__init__.py\", line 581, in _set_initial_conftests\n    self._try_load_conftest(\n  File \"/usr/local/lib/python3.10/site-packages/_pytest/config/__init__.py\", line 619, in _try_load_conftest\n    self._loadconftestmodules(\n  File \"/usr/local/lib/python3.10/site-packages/_pytest/config/__init__.py\", line 659, in _loadconftestmodules\n    mod = self._importconftest(\n  File \"/usr/local/lib/python3.10/site-packages/_pytest/config/__init__.py\", line 735, in _importconftest\n    self.consider_conftest(mod, registration_name=conftestpath_plugin_name)\n  File \"/usr/local/lib/python3.10/site-packages/_pytest/config/__init__.py\", line 816, in consider_conftest\n    self.register(conftestmodule, name=registration_name)\n  File \"/usr/local/lib/python3.10/site-packages/_pytest/config/__init__.py\", line 512, in register\n    self.consider_module(plugin)\n  File \"/usr/local/lib/python3.10/site-packages/_pytest/config/__init__.py\", line 824, in consider_module\n    self._import_plugin_specs(getattr(mod, \"pytest_plugins\", []))\n  File \"/usr/local/lib/python3.10/site-packages/_pytest/config/__init__.py\", line 831, in _import_plugin_specs\n    self.import_plugin(import_spec)\n  File \"/usr/local/lib/python3.10/site-packages/_pytest/config/__init__.py\", line 860, in import_plugin\n    raise ImportError(\n  File \"/usr/local/lib/python3.10/site-packages/_pytest/config/__init__.py\", line 858, in import_plugin\n    __import__(importspec)\n  File \"/usr/local/lib/python3.10/site-packages/_pytest/assertion/rewrite.py\", line 185, in exec_module\n    exec(co, module.__dict__)\n  File \"/app/repo/sphinx/testing/fixtures.py\", line 21, in <module>\n    from sphinx.testing import util\n  File \"/app/repo/sphinx/testing/util.py\", line 23, in <module>\n    from sphinx import application, locale\n  File \"/app/repo/sphinx/application.py\", line 43, in <module>\n    from sphinx.registry import SphinxComponentRegistry\n  File \"/app/repo/sphinx/registry.py\", line 24, in <module>\n    from sphinx.builders import Builder\n  File \"/app/repo/sphinx/builders/__init__.py\", line 26, in <module>\n    from sphinx.util import import_object, logging, progress_message, rst, status_iterator\n  File \"/app/repo/sphinx/util/rst.py\", line 21, in <module>\n    from jinja2 import Environment, environmentfilter\nImportError: Error importing plugin \"sphinx.testing.fixtures\": cannot import name 'environmentfilter' from 'jinja2' (/usr/local/lib/python3.10/site-packages/jinja2/__init__.py)\n"
    },
    {
      "test_file": "tests/test_markup.py",
      "test_case": "test_inline[verify_re-``code",
      "test_type": "PASS_TO_PASS",
      "exit_code": 1,
      "stdout": "",
      "stderr": "Traceback (most recent call last):\n  File \"/usr/local/lib/python3.10/site-packages/_pytest/config/__init__.py\", line 858, in import_plugin\n    __import__(importspec)\n  File \"/usr/local/lib/python3.10/site-packages/_pytest/assertion/rewrite.py\", line 185, in exec_module\n    exec(co, module.__dict__)\n  File \"/app/repo/sphinx/testing/fixtures.py\", line 21, in <module>\n    from sphinx.testing import util\n  File \"/app/repo/sphinx/testing/util.py\", line 23, in <module>\n    from sphinx import application, locale\n  File \"/app/repo/sphinx/application.py\", line 43, in <module>\n    from sphinx.registry import SphinxComponentRegistry\n  File \"/app/repo/sphinx/registry.py\", line 24, in <module>\n    from sphinx.builders import Builder\n  File \"/app/repo/sphinx/builders/__init__.py\", line 26, in <module>\n    from sphinx.util import import_object, logging, progress_message, rst, status_iterator\n  File \"/app/repo/sphinx/util/rst.py\", line 21, in <module>\n    from jinja2 import Environment, environmentfilter\nImportError: cannot import name 'environmentfilter' from 'jinja2' (/usr/local/lib/python3.10/site-packages/jinja2/__init__.py)\n\nThe above exception was the direct cause of the following exception:\n\nTraceback (most recent call last):\n  File \"/usr/local/bin/pytest\", line 8, in <module>\n    sys.exit(console_main())\n  File \"/usr/local/lib/python3.10/site-packages/_pytest/config/__init__.py\", line 201, in console_main\n    code = main()\n  File \"/usr/local/lib/python3.10/site-packages/_pytest/config/__init__.py\", line 156, in main\n    config = _prepareconfig(args, plugins)\n  File \"/usr/local/lib/python3.10/site-packages/_pytest/config/__init__.py\", line 341, in _prepareconfig\n    config = pluginmanager.hook.pytest_cmdline_parse(\n  File \"/usr/local/lib/python3.10/site-packages/pluggy/_hooks.py\", line 513, in __call__\n    return self._hookexec(self.name, self._hookimpls.copy(), kwargs, firstresult)\n  File \"/usr/local/lib/python3.10/site-packages/pluggy/_manager.py\", line 120, in _hookexec\n    return self._inner_hookexec(hook_name, methods, kwargs, firstresult)\n  File \"/usr/local/lib/python3.10/site-packages/pluggy/_callers.py\", line 139, in _multicall\n    raise exception.with_traceback(exception.__traceback__)\n  File \"/usr/local/lib/python3.10/site-packages/pluggy/_callers.py\", line 122, in _multicall\n    teardown.throw(exception)  # type: ignore[union-attr]\n  File \"/usr/local/lib/python3.10/site-packages/_pytest/helpconfig.py\", line 105, in pytest_cmdline_parse\n    config = yield\n  File \"/usr/local/lib/python3.10/site-packages/pluggy/_callers.py\", line 103, in _multicall\n    res = hook_impl.function(*args)\n  File \"/usr/local/lib/python3.10/site-packages/_pytest/config/__init__.py\", line 1140, in pytest_cmdline_parse\n    self.parse(args)\n  File \"/usr/local/lib/python3.10/site-packages/_pytest/config/__init__.py\", line 1494, in parse\n    self._preparse(args, addopts=addopts)\n  File \"/usr/local/lib/python3.10/site-packages/_pytest/config/__init__.py\", line 1398, in _preparse\n    self.hook.pytest_load_initial_conftests(\n  File \"/usr/local/lib/python3.10/site-packages/pluggy/_hooks.py\", line 513, in __call__\n    return self._hookexec(self.name, self._hookimpls.copy(), kwargs, firstresult)\n  File \"/usr/local/lib/python3.10/site-packages/pluggy/_manager.py\", line 120, in _hookexec\n    return self._inner_hookexec(hook_name, methods, kwargs, firstresult)\n  File \"/usr/local/lib/python3.10/site-packages/pluggy/_callers.py\", line 139, in _multicall\n    raise exception.with_traceback(exception.__traceback__)\n  File \"/usr/local/lib/python3.10/site-packages/pluggy/_callers.py\", line 122, in _multicall\n    teardown.throw(exception)  # type: ignore[union-attr]\n  File \"/usr/local/lib/python3.10/site-packages/_pytest/capture.py\", line 172, in pytest_load_initial_conftests\n    yield\n  File \"/usr/local/lib/python3.10/site-packages/pluggy/_callers.py\", line 103, in _multicall\n    res = hook_impl.function(*args)\n  File \"/usr/local/lib/python3.10/site-packages/_pytest/config/__init__.py\", line 1222, in pytest_load_initial_conftests\n    self.pluginmanager._set_initial_conftests(\n  File \"/usr/local/lib/python3.10/site-packages/_pytest/config/__init__.py\", line 581, in _set_initial_conftests\n    self._try_load_conftest(\n  File \"/usr/local/lib/python3.10/site-packages/_pytest/config/__init__.py\", line 619, in _try_load_conftest\n    self._loadconftestmodules(\n  File \"/usr/local/lib/python3.10/site-packages/_pytest/config/__init__.py\", line 659, in _loadconftestmodules\n    mod = self._importconftest(\n  File \"/usr/local/lib/python3.10/site-packages/_pytest/config/__init__.py\", line 735, in _importconftest\n    self.consider_conftest(mod, registration_name=conftestpath_plugin_name)\n  File \"/usr/local/lib/python3.10/site-packages/_pytest/config/__init__.py\", line 816, in consider_conftest\n    self.register(conftestmodule, name=registration_name)\n  File \"/usr/local/lib/python3.10/site-packages/_pytest/config/__init__.py\", line 512, in register\n    self.consider_module(plugin)\n  File \"/usr/local/lib/python3.10/site-packages/_pytest/config/__init__.py\", line 824, in consider_module\n    self._import_plugin_specs(getattr(mod, \"pytest_plugins\", []))\n  File \"/usr/local/lib/python3.10/site-packages/_pytest/config/__init__.py\", line 831, in _import_plugin_specs\n    self.import_plugin(import_spec)\n  File \"/usr/local/lib/python3.10/site-packages/_pytest/config/__init__.py\", line 860, in import_plugin\n    raise ImportError(\n  File \"/usr/local/lib/python3.10/site-packages/_pytest/config/__init__.py\", line 858, in import_plugin\n    __import__(importspec)\n  File \"/usr/local/lib/python3.10/site-packages/_pytest/assertion/rewrite.py\", line 185, in exec_module\n    exec(co, module.__dict__)\n  File \"/app/repo/sphinx/testing/fixtures.py\", line 21, in <module>\n    from sphinx.testing import util\n  File \"/app/repo/sphinx/testing/util.py\", line 23, in <module>\n    from sphinx import application, locale\n  File \"/app/repo/sphinx/application.py\", line 43, in <module>\n    from sphinx.registry import SphinxComponentRegistry\n  File \"/app/repo/sphinx/registry.py\", line 24, in <module>\n    from sphinx.builders import Builder\n  File \"/app/repo/sphinx/builders/__init__.py\", line 26, in <module>\n    from sphinx.util import import_object, logging, progress_message, rst, status_iterator\n  File \"/app/repo/sphinx/util/rst.py\", line 21, in <module>\n    from jinja2 import Environment, environmentfilter\nImportError: Error importing plugin \"sphinx.testing.fixtures\": cannot import name 'environmentfilter' from 'jinja2' (/usr/local/lib/python3.10/site-packages/jinja2/__init__.py)\n"
    },
    {
      "test_file": "tests/test_markup.py",
      "test_case": "test_inline[verify-:menuselection:`a",
      "test_type": "PASS_TO_PASS",
      "exit_code": 1,
      "stdout": "",
      "stderr": "Traceback (most recent call last):\n  File \"/usr/local/lib/python3.10/site-packages/_pytest/config/__init__.py\", line 858, in import_plugin\n    __import__(importspec)\n  File \"/usr/local/lib/python3.10/site-packages/_pytest/assertion/rewrite.py\", line 185, in exec_module\n    exec(co, module.__dict__)\n  File \"/app/repo/sphinx/testing/fixtures.py\", line 21, in <module>\n    from sphinx.testing import util\n  File \"/app/repo/sphinx/testing/util.py\", line 23, in <module>\n    from sphinx import application, locale\n  File \"/app/repo/sphinx/application.py\", line 43, in <module>\n    from sphinx.registry import SphinxComponentRegistry\n  File \"/app/repo/sphinx/registry.py\", line 24, in <module>\n    from sphinx.builders import Builder\n  File \"/app/repo/sphinx/builders/__init__.py\", line 26, in <module>\n    from sphinx.util import import_object, logging, progress_message, rst, status_iterator\n  File \"/app/repo/sphinx/util/rst.py\", line 21, in <module>\n    from jinja2 import Environment, environmentfilter\nImportError: cannot import name 'environmentfilter' from 'jinja2' (/usr/local/lib/python3.10/site-packages/jinja2/__init__.py)\n\nThe above exception was the direct cause of the following exception:\n\nTraceback (most recent call last):\n  File \"/usr/local/bin/pytest\", line 8, in <module>\n    sys.exit(console_main())\n  File \"/usr/local/lib/python3.10/site-packages/_pytest/config/__init__.py\", line 201, in console_main\n    code = main()\n  File \"/usr/local/lib/python3.10/site-packages/_pytest/config/__init__.py\", line 156, in main\n    config = _prepareconfig(args, plugins)\n  File \"/usr/local/lib/python3.10/site-packages/_pytest/config/__init__.py\", line 341, in _prepareconfig\n    config = pluginmanager.hook.pytest_cmdline_parse(\n  File \"/usr/local/lib/python3.10/site-packages/pluggy/_hooks.py\", line 513, in __call__\n    return self._hookexec(self.name, self._hookimpls.copy(), kwargs, firstresult)\n  File \"/usr/local/lib/python3.10/site-packages/pluggy/_manager.py\", line 120, in _hookexec\n    return self._inner_hookexec(hook_name, methods, kwargs, firstresult)\n  File \"/usr/local/lib/python3.10/site-packages/pluggy/_callers.py\", line 139, in _multicall\n    raise exception.with_traceback(exception.__traceback__)\n  File \"/usr/local/lib/python3.10/site-packages/pluggy/_callers.py\", line 122, in _multicall\n    teardown.throw(exception)  # type: ignore[union-attr]\n  File \"/usr/local/lib/python3.10/site-packages/_pytest/helpconfig.py\", line 105, in pytest_cmdline_parse\n    config = yield\n  File \"/usr/local/lib/python3.10/site-packages/pluggy/_callers.py\", line 103, in _multicall\n    res = hook_impl.function(*args)\n  File \"/usr/local/lib/python3.10/site-packages/_pytest/config/__init__.py\", line 1140, in pytest_cmdline_parse\n    self.parse(args)\n  File \"/usr/local/lib/python3.10/site-packages/_pytest/config/__init__.py\", line 1494, in parse\n    self._preparse(args, addopts=addopts)\n  File \"/usr/local/lib/python3.10/site-packages/_pytest/config/__init__.py\", line 1398, in _preparse\n    self.hook.pytest_load_initial_conftests(\n  File \"/usr/local/lib/python3.10/site-packages/pluggy/_hooks.py\", line 513, in __call__\n    return self._hookexec(self.name, self._hookimpls.copy(), kwargs, firstresult)\n  File \"/usr/local/lib/python3.10/site-packages/pluggy/_manager.py\", line 120, in _hookexec\n    return self._inner_hookexec(hook_name, methods, kwargs, firstresult)\n  File \"/usr/local/lib/python3.10/site-packages/pluggy/_callers.py\", line 139, in _multicall\n    raise exception.with_traceback(exception.__traceback__)\n  File \"/usr/local/lib/python3.10/site-packages/pluggy/_callers.py\", line 122, in _multicall\n    teardown.throw(exception)  # type: ignore[union-attr]\n  File \"/usr/local/lib/python3.10/site-packages/_pytest/capture.py\", line 172, in pytest_load_initial_conftests\n    yield\n  File \"/usr/local/lib/python3.10/site-packages/pluggy/_callers.py\", line 103, in _multicall\n    res = hook_impl.function(*args)\n  File \"/usr/local/lib/python3.10/site-packages/_pytest/config/__init__.py\", line 1222, in pytest_load_initial_conftests\n    self.pluginmanager._set_initial_conftests(\n  File \"/usr/local/lib/python3.10/site-packages/_pytest/config/__init__.py\", line 581, in _set_initial_conftests\n    self._try_load_conftest(\n  File \"/usr/local/lib/python3.10/site-packages/_pytest/config/__init__.py\", line 619, in _try_load_conftest\n    self._loadconftestmodules(\n  File \"/usr/local/lib/python3.10/site-packages/_pytest/config/__init__.py\", line 659, in _loadconftestmodules\n    mod = self._importconftest(\n  File \"/usr/local/lib/python3.10/site-packages/_pytest/config/__init__.py\", line 735, in _importconftest\n    self.consider_conftest(mod, registration_name=conftestpath_plugin_name)\n  File \"/usr/local/lib/python3.10/site-packages/_pytest/config/__init__.py\", line 816, in consider_conftest\n    self.register(conftestmodule, name=registration_name)\n  File \"/usr/local/lib/python3.10/site-packages/_pytest/config/__init__.py\", line 512, in register\n    self.consider_module(plugin)\n  File \"/usr/local/lib/python3.10/site-packages/_pytest/config/__init__.py\", line 824, in consider_module\n    self._import_plugin_specs(getattr(mod, \"pytest_plugins\", []))\n  File \"/usr/local/lib/python3.10/site-packages/_pytest/config/__init__.py\", line 831, in _import_plugin_specs\n    self.import_plugin(import_spec)\n  File \"/usr/local/lib/python3.10/site-packages/_pytest/config/__init__.py\", line 860, in import_plugin\n    raise ImportError(\n  File \"/usr/local/lib/python3.10/site-packages/_pytest/config/__init__.py\", line 858, in import_plugin\n    __import__(importspec)\n  File \"/usr/local/lib/python3.10/site-packages/_pytest/assertion/rewrite.py\", line 185, in exec_module\n    exec(co, module.__dict__)\n  File \"/app/repo/sphinx/testing/fixtures.py\", line 21, in <module>\n    from sphinx.testing import util\n  File \"/app/repo/sphinx/testing/util.py\", line 23, in <module>\n    from sphinx import application, locale\n  File \"/app/repo/sphinx/application.py\", line 43, in <module>\n    from sphinx.registry import SphinxComponentRegistry\n  File \"/app/repo/sphinx/registry.py\", line 24, in <module>\n    from sphinx.builders import Builder\n  File \"/app/repo/sphinx/builders/__init__.py\", line 26, in <module>\n    from sphinx.util import import_object, logging, progress_message, rst, status_iterator\n  File \"/app/repo/sphinx/util/rst.py\", line 21, in <module>\n    from jinja2 import Environment, environmentfilter\nImportError: Error importing plugin \"sphinx.testing.fixtures\": cannot import name 'environmentfilter' from 'jinja2' (/usr/local/lib/python3.10/site-packages/jinja2/__init__.py)\n"
    },
    {
      "test_file": "tests/test_markup.py",
      "test_case": "test_inline[verify-:menuselection:`&Foo",
      "test_type": "PASS_TO_PASS",
      "exit_code": 1,
      "stdout": "",
      "stderr": "Traceback (most recent call last):\n  File \"/usr/local/lib/python3.10/site-packages/_pytest/config/__init__.py\", line 858, in import_plugin\n    __import__(importspec)\n  File \"/usr/local/lib/python3.10/site-packages/_pytest/assertion/rewrite.py\", line 185, in exec_module\n    exec(co, module.__dict__)\n  File \"/app/repo/sphinx/testing/fixtures.py\", line 21, in <module>\n    from sphinx.testing import util\n  File \"/app/repo/sphinx/testing/util.py\", line 23, in <module>\n    from sphinx import application, locale\n  File \"/app/repo/sphinx/application.py\", line 43, in <module>\n    from sphinx.registry import SphinxComponentRegistry\n  File \"/app/repo/sphinx/registry.py\", line 24, in <module>\n    from sphinx.builders import Builder\n  File \"/app/repo/sphinx/builders/__init__.py\", line 26, in <module>\n    from sphinx.util import import_object, logging, progress_message, rst, status_iterator\n  File \"/app/repo/sphinx/util/rst.py\", line 21, in <module>\n    from jinja2 import Environment, environmentfilter\nImportError: cannot import name 'environmentfilter' from 'jinja2' (/usr/local/lib/python3.10/site-packages/jinja2/__init__.py)\n\nThe above exception was the direct cause of the following exception:\n\nTraceback (most recent call last):\n  File \"/usr/local/bin/pytest\", line 8, in <module>\n    sys.exit(console_main())\n  File \"/usr/local/lib/python3.10/site-packages/_pytest/config/__init__.py\", line 201, in console_main\n    code = main()\n  File \"/usr/local/lib/python3.10/site-packages/_pytest/config/__init__.py\", line 156, in main\n    config = _prepareconfig(args, plugins)\n  File \"/usr/local/lib/python3.10/site-packages/_pytest/config/__init__.py\", line 341, in _prepareconfig\n    config = pluginmanager.hook.pytest_cmdline_parse(\n  File \"/usr/local/lib/python3.10/site-packages/pluggy/_hooks.py\", line 513, in __call__\n    return self._hookexec(self.name, self._hookimpls.copy(), kwargs, firstresult)\n  File \"/usr/local/lib/python3.10/site-packages/pluggy/_manager.py\", line 120, in _hookexec\n    return self._inner_hookexec(hook_name, methods, kwargs, firstresult)\n  File \"/usr/local/lib/python3.10/site-packages/pluggy/_callers.py\", line 139, in _multicall\n    raise exception.with_traceback(exception.__traceback__)\n  File \"/usr/local/lib/python3.10/site-packages/pluggy/_callers.py\", line 122, in _multicall\n    teardown.throw(exception)  # type: ignore[union-attr]\n  File \"/usr/local/lib/python3.10/site-packages/_pytest/helpconfig.py\", line 105, in pytest_cmdline_parse\n    config = yield\n  File \"/usr/local/lib/python3.10/site-packages/pluggy/_callers.py\", line 103, in _multicall\n    res = hook_impl.function(*args)\n  File \"/usr/local/lib/python3.10/site-packages/_pytest/config/__init__.py\", line 1140, in pytest_cmdline_parse\n    self.parse(args)\n  File \"/usr/local/lib/python3.10/site-packages/_pytest/config/__init__.py\", line 1494, in parse\n    self._preparse(args, addopts=addopts)\n  File \"/usr/local/lib/python3.10/site-packages/_pytest/config/__init__.py\", line 1398, in _preparse\n    self.hook.pytest_load_initial_conftests(\n  File \"/usr/local/lib/python3.10/site-packages/pluggy/_hooks.py\", line 513, in __call__\n    return self._hookexec(self.name, self._hookimpls.copy(), kwargs, firstresult)\n  File \"/usr/local/lib/python3.10/site-packages/pluggy/_manager.py\", line 120, in _hookexec\n    return self._inner_hookexec(hook_name, methods, kwargs, firstresult)\n  File \"/usr/local/lib/python3.10/site-packages/pluggy/_callers.py\", line 139, in _multicall\n    raise exception.with_traceback(exception.__traceback__)\n  File \"/usr/local/lib/python3.10/site-packages/pluggy/_callers.py\", line 122, in _multicall\n    teardown.throw(exception)  # type: ignore[union-attr]\n  File \"/usr/local/lib/python3.10/site-packages/_pytest/capture.py\", line 172, in pytest_load_initial_conftests\n    yield\n  File \"/usr/local/lib/python3.10/site-packages/pluggy/_callers.py\", line 103, in _multicall\n    res = hook_impl.function(*args)\n  File \"/usr/local/lib/python3.10/site-packages/_pytest/config/__init__.py\", line 1222, in pytest_load_initial_conftests\n    self.pluginmanager._set_initial_conftests(\n  File \"/usr/local/lib/python3.10/site-packages/_pytest/config/__init__.py\", line 581, in _set_initial_conftests\n    self._try_load_conftest(\n  File \"/usr/local/lib/python3.10/site-packages/_pytest/config/__init__.py\", line 619, in _try_load_conftest\n    self._loadconftestmodules(\n  File \"/usr/local/lib/python3.10/site-packages/_pytest/config/__init__.py\", line 659, in _loadconftestmodules\n    mod = self._importconftest(\n  File \"/usr/local/lib/python3.10/site-packages/_pytest/config/__init__.py\", line 735, in _importconftest\n    self.consider_conftest(mod, registration_name=conftestpath_plugin_name)\n  File \"/usr/local/lib/python3.10/site-packages/_pytest/config/__init__.py\", line 816, in consider_conftest\n    self.register(conftestmodule, name=registration_name)\n  File \"/usr/local/lib/python3.10/site-packages/_pytest/config/__init__.py\", line 512, in register\n    self.consider_module(plugin)\n  File \"/usr/local/lib/python3.10/site-packages/_pytest/config/__init__.py\", line 824, in consider_module\n    self._import_plugin_specs(getattr(mod, \"pytest_plugins\", []))\n  File \"/usr/local/lib/python3.10/site-packages/_pytest/config/__init__.py\", line 831, in _import_plugin_specs\n    self.import_plugin(import_spec)\n  File \"/usr/local/lib/python3.10/site-packages/_pytest/config/__init__.py\", line 860, in import_plugin\n    raise ImportError(\n  File \"/usr/local/lib/python3.10/site-packages/_pytest/config/__init__.py\", line 858, in import_plugin\n    __import__(importspec)\n  File \"/usr/local/lib/python3.10/site-packages/_pytest/assertion/rewrite.py\", line 185, in exec_module\n    exec(co, module.__dict__)\n  File \"/app/repo/sphinx/testing/fixtures.py\", line 21, in <module>\n    from sphinx.testing import util\n  File \"/app/repo/sphinx/testing/util.py\", line 23, in <module>\n    from sphinx import application, locale\n  File \"/app/repo/sphinx/application.py\", line 43, in <module>\n    from sphinx.registry import SphinxComponentRegistry\n  File \"/app/repo/sphinx/registry.py\", line 24, in <module>\n    from sphinx.builders import Builder\n  File \"/app/repo/sphinx/builders/__init__.py\", line 26, in <module>\n    from sphinx.util import import_object, logging, progress_message, rst, status_iterator\n  File \"/app/repo/sphinx/util/rst.py\", line 21, in <module>\n    from jinja2 import Environment, environmentfilter\nImportError: Error importing plugin \"sphinx.testing.fixtures\": cannot import name 'environmentfilter' from 'jinja2' (/usr/local/lib/python3.10/site-packages/jinja2/__init__.py)\n"
    },
    {
      "test_file": "tests/test_markup.py",
      "test_case": "test_inline[verify-:guilabel:`&Foo",
      "test_type": "PASS_TO_PASS",
      "exit_code": 1,
      "stdout": "",
      "stderr": "Traceback (most recent call last):\n  File \"/usr/local/lib/python3.10/site-packages/_pytest/config/__init__.py\", line 858, in import_plugin\n    __import__(importspec)\n  File \"/usr/local/lib/python3.10/site-packages/_pytest/assertion/rewrite.py\", line 185, in exec_module\n    exec(co, module.__dict__)\n  File \"/app/repo/sphinx/testing/fixtures.py\", line 21, in <module>\n    from sphinx.testing import util\n  File \"/app/repo/sphinx/testing/util.py\", line 23, in <module>\n    from sphinx import application, locale\n  File \"/app/repo/sphinx/application.py\", line 43, in <module>\n    from sphinx.registry import SphinxComponentRegistry\n  File \"/app/repo/sphinx/registry.py\", line 24, in <module>\n    from sphinx.builders import Builder\n  File \"/app/repo/sphinx/builders/__init__.py\", line 26, in <module>\n    from sphinx.util import import_object, logging, progress_message, rst, status_iterator\n  File \"/app/repo/sphinx/util/rst.py\", line 21, in <module>\n    from jinja2 import Environment, environmentfilter\nImportError: cannot import name 'environmentfilter' from 'jinja2' (/usr/local/lib/python3.10/site-packages/jinja2/__init__.py)\n\nThe above exception was the direct cause of the following exception:\n\nTraceback (most recent call last):\n  File \"/usr/local/bin/pytest\", line 8, in <module>\n    sys.exit(console_main())\n  File \"/usr/local/lib/python3.10/site-packages/_pytest/config/__init__.py\", line 201, in console_main\n    code = main()\n  File \"/usr/local/lib/python3.10/site-packages/_pytest/config/__init__.py\", line 156, in main\n    config = _prepareconfig(args, plugins)\n  File \"/usr/local/lib/python3.10/site-packages/_pytest/config/__init__.py\", line 341, in _prepareconfig\n    config = pluginmanager.hook.pytest_cmdline_parse(\n  File \"/usr/local/lib/python3.10/site-packages/pluggy/_hooks.py\", line 513, in __call__\n    return self._hookexec(self.name, self._hookimpls.copy(), kwargs, firstresult)\n  File \"/usr/local/lib/python3.10/site-packages/pluggy/_manager.py\", line 120, in _hookexec\n    return self._inner_hookexec(hook_name, methods, kwargs, firstresult)\n  File \"/usr/local/lib/python3.10/site-packages/pluggy/_callers.py\", line 139, in _multicall\n    raise exception.with_traceback(exception.__traceback__)\n  File \"/usr/local/lib/python3.10/site-packages/pluggy/_callers.py\", line 122, in _multicall\n    teardown.throw(exception)  # type: ignore[union-attr]\n  File \"/usr/local/lib/python3.10/site-packages/_pytest/helpconfig.py\", line 105, in pytest_cmdline_parse\n    config = yield\n  File \"/usr/local/lib/python3.10/site-packages/pluggy/_callers.py\", line 103, in _multicall\n    res = hook_impl.function(*args)\n  File \"/usr/local/lib/python3.10/site-packages/_pytest/config/__init__.py\", line 1140, in pytest_cmdline_parse\n    self.parse(args)\n  File \"/usr/local/lib/python3.10/site-packages/_pytest/config/__init__.py\", line 1494, in parse\n    self._preparse(args, addopts=addopts)\n  File \"/usr/local/lib/python3.10/site-packages/_pytest/config/__init__.py\", line 1398, in _preparse\n    self.hook.pytest_load_initial_conftests(\n  File \"/usr/local/lib/python3.10/site-packages/pluggy/_hooks.py\", line 513, in __call__\n    return self._hookexec(self.name, self._hookimpls.copy(), kwargs, firstresult)\n  File \"/usr/local/lib/python3.10/site-packages/pluggy/_manager.py\", line 120, in _hookexec\n    return self._inner_hookexec(hook_name, methods, kwargs, firstresult)\n  File \"/usr/local/lib/python3.10/site-packages/pluggy/_callers.py\", line 139, in _multicall\n    raise exception.with_traceback(exception.__traceback__)\n  File \"/usr/local/lib/python3.10/site-packages/pluggy/_callers.py\", line 122, in _multicall\n    teardown.throw(exception)  # type: ignore[union-attr]\n  File \"/usr/local/lib/python3.10/site-packages/_pytest/capture.py\", line 172, in pytest_load_initial_conftests\n    yield\n  File \"/usr/local/lib/python3.10/site-packages/pluggy/_callers.py\", line 103, in _multicall\n    res = hook_impl.function(*args)\n  File \"/usr/local/lib/python3.10/site-packages/_pytest/config/__init__.py\", line 1222, in pytest_load_initial_conftests\n    self.pluginmanager._set_initial_conftests(\n  File \"/usr/local/lib/python3.10/site-packages/_pytest/config/__init__.py\", line 581, in _set_initial_conftests\n    self._try_load_conftest(\n  File \"/usr/local/lib/python3.10/site-packages/_pytest/config/__init__.py\", line 619, in _try_load_conftest\n    self._loadconftestmodules(\n  File \"/usr/local/lib/python3.10/site-packages/_pytest/config/__init__.py\", line 659, in _loadconftestmodules\n    mod = self._importconftest(\n  File \"/usr/local/lib/python3.10/site-packages/_pytest/config/__init__.py\", line 735, in _importconftest\n    self.consider_conftest(mod, registration_name=conftestpath_plugin_name)\n  File \"/usr/local/lib/python3.10/site-packages/_pytest/config/__init__.py\", line 816, in consider_conftest\n    self.register(conftestmodule, name=registration_name)\n  File \"/usr/local/lib/python3.10/site-packages/_pytest/config/__init__.py\", line 512, in register\n    self.consider_module(plugin)\n  File \"/usr/local/lib/python3.10/site-packages/_pytest/config/__init__.py\", line 824, in consider_module\n    self._import_plugin_specs(getattr(mod, \"pytest_plugins\", []))\n  File \"/usr/local/lib/python3.10/site-packages/_pytest/config/__init__.py\", line 831, in _import_plugin_specs\n    self.import_plugin(import_spec)\n  File \"/usr/local/lib/python3.10/site-packages/_pytest/config/__init__.py\", line 860, in import_plugin\n    raise ImportError(\n  File \"/usr/local/lib/python3.10/site-packages/_pytest/config/__init__.py\", line 858, in import_plugin\n    __import__(importspec)\n  File \"/usr/local/lib/python3.10/site-packages/_pytest/assertion/rewrite.py\", line 185, in exec_module\n    exec(co, module.__dict__)\n  File \"/app/repo/sphinx/testing/fixtures.py\", line 21, in <module>\n    from sphinx.testing import util\n  File \"/app/repo/sphinx/testing/util.py\", line 23, in <module>\n    from sphinx import application, locale\n  File \"/app/repo/sphinx/application.py\", line 43, in <module>\n    from sphinx.registry import SphinxComponentRegistry\n  File \"/app/repo/sphinx/registry.py\", line 24, in <module>\n    from sphinx.builders import Builder\n  File \"/app/repo/sphinx/builders/__init__.py\", line 26, in <module>\n    from sphinx.util import import_object, logging, progress_message, rst, status_iterator\n  File \"/app/repo/sphinx/util/rst.py\", line 21, in <module>\n    from jinja2 import Environment, environmentfilter\nImportError: Error importing plugin \"sphinx.testing.fixtures\": cannot import name 'environmentfilter' from 'jinja2' (/usr/local/lib/python3.10/site-packages/jinja2/__init__.py)\n"
    },
    {
      "test_file": "tests/test_markup.py",
      "test_case": "test_inline[verify-:guilabel:`Foo`-<p><span",
      "test_type": "PASS_TO_PASS",
      "exit_code": 1,
      "stdout": "",
      "stderr": "Traceback (most recent call last):\n  File \"/usr/local/lib/python3.10/site-packages/_pytest/config/__init__.py\", line 858, in import_plugin\n    __import__(importspec)\n  File \"/usr/local/lib/python3.10/site-packages/_pytest/assertion/rewrite.py\", line 185, in exec_module\n    exec(co, module.__dict__)\n  File \"/app/repo/sphinx/testing/fixtures.py\", line 21, in <module>\n    from sphinx.testing import util\n  File \"/app/repo/sphinx/testing/util.py\", line 23, in <module>\n    from sphinx import application, locale\n  File \"/app/repo/sphinx/application.py\", line 43, in <module>\n    from sphinx.registry import SphinxComponentRegistry\n  File \"/app/repo/sphinx/registry.py\", line 24, in <module>\n    from sphinx.builders import Builder\n  File \"/app/repo/sphinx/builders/__init__.py\", line 26, in <module>\n    from sphinx.util import import_object, logging, progress_message, rst, status_iterator\n  File \"/app/repo/sphinx/util/rst.py\", line 21, in <module>\n    from jinja2 import Environment, environmentfilter\nImportError: cannot import name 'environmentfilter' from 'jinja2' (/usr/local/lib/python3.10/site-packages/jinja2/__init__.py)\n\nThe above exception was the direct cause of the following exception:\n\nTraceback (most recent call last):\n  File \"/usr/local/bin/pytest\", line 8, in <module>\n    sys.exit(console_main())\n  File \"/usr/local/lib/python3.10/site-packages/_pytest/config/__init__.py\", line 201, in console_main\n    code = main()\n  File \"/usr/local/lib/python3.10/site-packages/_pytest/config/__init__.py\", line 156, in main\n    config = _prepareconfig(args, plugins)\n  File \"/usr/local/lib/python3.10/site-packages/_pytest/config/__init__.py\", line 341, in _prepareconfig\n    config = pluginmanager.hook.pytest_cmdline_parse(\n  File \"/usr/local/lib/python3.10/site-packages/pluggy/_hooks.py\", line 513, in __call__\n    return self._hookexec(self.name, self._hookimpls.copy(), kwargs, firstresult)\n  File \"/usr/local/lib/python3.10/site-packages/pluggy/_manager.py\", line 120, in _hookexec\n    return self._inner_hookexec(hook_name, methods, kwargs, firstresult)\n  File \"/usr/local/lib/python3.10/site-packages/pluggy/_callers.py\", line 139, in _multicall\n    raise exception.with_traceback(exception.__traceback__)\n  File \"/usr/local/lib/python3.10/site-packages/pluggy/_callers.py\", line 122, in _multicall\n    teardown.throw(exception)  # type: ignore[union-attr]\n  File \"/usr/local/lib/python3.10/site-packages/_pytest/helpconfig.py\", line 105, in pytest_cmdline_parse\n    config = yield\n  File \"/usr/local/lib/python3.10/site-packages/pluggy/_callers.py\", line 103, in _multicall\n    res = hook_impl.function(*args)\n  File \"/usr/local/lib/python3.10/site-packages/_pytest/config/__init__.py\", line 1140, in pytest_cmdline_parse\n    self.parse(args)\n  File \"/usr/local/lib/python3.10/site-packages/_pytest/config/__init__.py\", line 1494, in parse\n    self._preparse(args, addopts=addopts)\n  File \"/usr/local/lib/python3.10/site-packages/_pytest/config/__init__.py\", line 1398, in _preparse\n    self.hook.pytest_load_initial_conftests(\n  File \"/usr/local/lib/python3.10/site-packages/pluggy/_hooks.py\", line 513, in __call__\n    return self._hookexec(self.name, self._hookimpls.copy(), kwargs, firstresult)\n  File \"/usr/local/lib/python3.10/site-packages/pluggy/_manager.py\", line 120, in _hookexec\n    return self._inner_hookexec(hook_name, methods, kwargs, firstresult)\n  File \"/usr/local/lib/python3.10/site-packages/pluggy/_callers.py\", line 139, in _multicall\n    raise exception.with_traceback(exception.__traceback__)\n  File \"/usr/local/lib/python3.10/site-packages/pluggy/_callers.py\", line 122, in _multicall\n    teardown.throw(exception)  # type: ignore[union-attr]\n  File \"/usr/local/lib/python3.10/site-packages/_pytest/capture.py\", line 172, in pytest_load_initial_conftests\n    yield\n  File \"/usr/local/lib/python3.10/site-packages/pluggy/_callers.py\", line 103, in _multicall\n    res = hook_impl.function(*args)\n  File \"/usr/local/lib/python3.10/site-packages/_pytest/config/__init__.py\", line 1222, in pytest_load_initial_conftests\n    self.pluginmanager._set_initial_conftests(\n  File \"/usr/local/lib/python3.10/site-packages/_pytest/config/__init__.py\", line 581, in _set_initial_conftests\n    self._try_load_conftest(\n  File \"/usr/local/lib/python3.10/site-packages/_pytest/config/__init__.py\", line 619, in _try_load_conftest\n    self._loadconftestmodules(\n  File \"/usr/local/lib/python3.10/site-packages/_pytest/config/__init__.py\", line 659, in _loadconftestmodules\n    mod = self._importconftest(\n  File \"/usr/local/lib/python3.10/site-packages/_pytest/config/__init__.py\", line 735, in _importconftest\n    self.consider_conftest(mod, registration_name=conftestpath_plugin_name)\n  File \"/usr/local/lib/python3.10/site-packages/_pytest/config/__init__.py\", line 816, in consider_conftest\n    self.register(conftestmodule, name=registration_name)\n  File \"/usr/local/lib/python3.10/site-packages/_pytest/config/__init__.py\", line 512, in register\n    self.consider_module(plugin)\n  File \"/usr/local/lib/python3.10/site-packages/_pytest/config/__init__.py\", line 824, in consider_module\n    self._import_plugin_specs(getattr(mod, \"pytest_plugins\", []))\n  File \"/usr/local/lib/python3.10/site-packages/_pytest/config/__init__.py\", line 831, in _import_plugin_specs\n    self.import_plugin(import_spec)\n  File \"/usr/local/lib/python3.10/site-packages/_pytest/config/__init__.py\", line 860, in import_plugin\n    raise ImportError(\n  File \"/usr/local/lib/python3.10/site-packages/_pytest/config/__init__.py\", line 858, in import_plugin\n    __import__(importspec)\n  File \"/usr/local/lib/python3.10/site-packages/_pytest/assertion/rewrite.py\", line 185, in exec_module\n    exec(co, module.__dict__)\n  File \"/app/repo/sphinx/testing/fixtures.py\", line 21, in <module>\n    from sphinx.testing import util\n  File \"/app/repo/sphinx/testing/util.py\", line 23, in <module>\n    from sphinx import application, locale\n  File \"/app/repo/sphinx/application.py\", line 43, in <module>\n    from sphinx.registry import SphinxComponentRegistry\n  File \"/app/repo/sphinx/registry.py\", line 24, in <module>\n    from sphinx.builders import Builder\n  File \"/app/repo/sphinx/builders/__init__.py\", line 26, in <module>\n    from sphinx.util import import_object, logging, progress_message, rst, status_iterator\n  File \"/app/repo/sphinx/util/rst.py\", line 21, in <module>\n    from jinja2 import Environment, environmentfilter\nImportError: Error importing plugin \"sphinx.testing.fixtures\": cannot import name 'environmentfilter' from 'jinja2' (/usr/local/lib/python3.10/site-packages/jinja2/__init__.py)\n"
    },
    {
      "test_file": "tests/test_markup.py",
      "test_case": "test_inline[verify-:kbd:`space`-<p><kbd",
      "test_type": "PASS_TO_PASS",
      "exit_code": 1,
      "stdout": "",
      "stderr": "Traceback (most recent call last):\n  File \"/usr/local/lib/python3.10/site-packages/_pytest/config/__init__.py\", line 858, in import_plugin\n    __import__(importspec)\n  File \"/usr/local/lib/python3.10/site-packages/_pytest/assertion/rewrite.py\", line 185, in exec_module\n    exec(co, module.__dict__)\n  File \"/app/repo/sphinx/testing/fixtures.py\", line 21, in <module>\n    from sphinx.testing import util\n  File \"/app/repo/sphinx/testing/util.py\", line 23, in <module>\n    from sphinx import application, locale\n  File \"/app/repo/sphinx/application.py\", line 43, in <module>\n    from sphinx.registry import SphinxComponentRegistry\n  File \"/app/repo/sphinx/registry.py\", line 24, in <module>\n    from sphinx.builders import Builder\n  File \"/app/repo/sphinx/builders/__init__.py\", line 26, in <module>\n    from sphinx.util import import_object, logging, progress_message, rst, status_iterator\n  File \"/app/repo/sphinx/util/rst.py\", line 21, in <module>\n    from jinja2 import Environment, environmentfilter\nImportError: cannot import name 'environmentfilter' from 'jinja2' (/usr/local/lib/python3.10/site-packages/jinja2/__init__.py)\n\nThe above exception was the direct cause of the following exception:\n\nTraceback (most recent call last):\n  File \"/usr/local/bin/pytest\", line 8, in <module>\n    sys.exit(console_main())\n  File \"/usr/local/lib/python3.10/site-packages/_pytest/config/__init__.py\", line 201, in console_main\n    code = main()\n  File \"/usr/local/lib/python3.10/site-packages/_pytest/config/__init__.py\", line 156, in main\n    config = _prepareconfig(args, plugins)\n  File \"/usr/local/lib/python3.10/site-packages/_pytest/config/__init__.py\", line 341, in _prepareconfig\n    config = pluginmanager.hook.pytest_cmdline_parse(\n  File \"/usr/local/lib/python3.10/site-packages/pluggy/_hooks.py\", line 513, in __call__\n    return self._hookexec(self.name, self._hookimpls.copy(), kwargs, firstresult)\n  File \"/usr/local/lib/python3.10/site-packages/pluggy/_manager.py\", line 120, in _hookexec\n    return self._inner_hookexec(hook_name, methods, kwargs, firstresult)\n  File \"/usr/local/lib/python3.10/site-packages/pluggy/_callers.py\", line 139, in _multicall\n    raise exception.with_traceback(exception.__traceback__)\n  File \"/usr/local/lib/python3.10/site-packages/pluggy/_callers.py\", line 122, in _multicall\n    teardown.throw(exception)  # type: ignore[union-attr]\n  File \"/usr/local/lib/python3.10/site-packages/_pytest/helpconfig.py\", line 105, in pytest_cmdline_parse\n    config = yield\n  File \"/usr/local/lib/python3.10/site-packages/pluggy/_callers.py\", line 103, in _multicall\n    res = hook_impl.function(*args)\n  File \"/usr/local/lib/python3.10/site-packages/_pytest/config/__init__.py\", line 1140, in pytest_cmdline_parse\n    self.parse(args)\n  File \"/usr/local/lib/python3.10/site-packages/_pytest/config/__init__.py\", line 1494, in parse\n    self._preparse(args, addopts=addopts)\n  File \"/usr/local/lib/python3.10/site-packages/_pytest/config/__init__.py\", line 1398, in _preparse\n    self.hook.pytest_load_initial_conftests(\n  File \"/usr/local/lib/python3.10/site-packages/pluggy/_hooks.py\", line 513, in __call__\n    return self._hookexec(self.name, self._hookimpls.copy(), kwargs, firstresult)\n  File \"/usr/local/lib/python3.10/site-packages/pluggy/_manager.py\", line 120, in _hookexec\n    return self._inner_hookexec(hook_name, methods, kwargs, firstresult)\n  File \"/usr/local/lib/python3.10/site-packages/pluggy/_callers.py\", line 139, in _multicall\n    raise exception.with_traceback(exception.__traceback__)\n  File \"/usr/local/lib/python3.10/site-packages/pluggy/_callers.py\", line 122, in _multicall\n    teardown.throw(exception)  # type: ignore[union-attr]\n  File \"/usr/local/lib/python3.10/site-packages/_pytest/capture.py\", line 172, in pytest_load_initial_conftests\n    yield\n  File \"/usr/local/lib/python3.10/site-packages/pluggy/_callers.py\", line 103, in _multicall\n    res = hook_impl.function(*args)\n  File \"/usr/local/lib/python3.10/site-packages/_pytest/config/__init__.py\", line 1222, in pytest_load_initial_conftests\n    self.pluginmanager._set_initial_conftests(\n  File \"/usr/local/lib/python3.10/site-packages/_pytest/config/__init__.py\", line 581, in _set_initial_conftests\n    self._try_load_conftest(\n  File \"/usr/local/lib/python3.10/site-packages/_pytest/config/__init__.py\", line 619, in _try_load_conftest\n    self._loadconftestmodules(\n  File \"/usr/local/lib/python3.10/site-packages/_pytest/config/__init__.py\", line 659, in _loadconftestmodules\n    mod = self._importconftest(\n  File \"/usr/local/lib/python3.10/site-packages/_pytest/config/__init__.py\", line 735, in _importconftest\n    self.consider_conftest(mod, registration_name=conftestpath_plugin_name)\n  File \"/usr/local/lib/python3.10/site-packages/_pytest/config/__init__.py\", line 816, in consider_conftest\n    self.register(conftestmodule, name=registration_name)\n  File \"/usr/local/lib/python3.10/site-packages/_pytest/config/__init__.py\", line 512, in register\n    self.consider_module(plugin)\n  File \"/usr/local/lib/python3.10/site-packages/_pytest/config/__init__.py\", line 824, in consider_module\n    self._import_plugin_specs(getattr(mod, \"pytest_plugins\", []))\n  File \"/usr/local/lib/python3.10/site-packages/_pytest/config/__init__.py\", line 831, in _import_plugin_specs\n    self.import_plugin(import_spec)\n  File \"/usr/local/lib/python3.10/site-packages/_pytest/config/__init__.py\", line 860, in import_plugin\n    raise ImportError(\n  File \"/usr/local/lib/python3.10/site-packages/_pytest/config/__init__.py\", line 858, in import_plugin\n    __import__(importspec)\n  File \"/usr/local/lib/python3.10/site-packages/_pytest/assertion/rewrite.py\", line 185, in exec_module\n    exec(co, module.__dict__)\n  File \"/app/repo/sphinx/testing/fixtures.py\", line 21, in <module>\n    from sphinx.testing import util\n  File \"/app/repo/sphinx/testing/util.py\", line 23, in <module>\n    from sphinx import application, locale\n  File \"/app/repo/sphinx/application.py\", line 43, in <module>\n    from sphinx.registry import SphinxComponentRegistry\n  File \"/app/repo/sphinx/registry.py\", line 24, in <module>\n    from sphinx.builders import Builder\n  File \"/app/repo/sphinx/builders/__init__.py\", line 26, in <module>\n    from sphinx.util import import_object, logging, progress_message, rst, status_iterator\n  File \"/app/repo/sphinx/util/rst.py\", line 21, in <module>\n    from jinja2 import Environment, environmentfilter\nImportError: Error importing plugin \"sphinx.testing.fixtures\": cannot import name 'environmentfilter' from 'jinja2' (/usr/local/lib/python3.10/site-packages/jinja2/__init__.py)\n"
    },
    {
      "test_file": "tests/test_markup.py",
      "test_case": "test_inline[verify-:kbd:`Control+X`-<p><kbd",
      "test_type": "PASS_TO_PASS",
      "exit_code": 1,
      "stdout": "",
      "stderr": "Traceback (most recent call last):\n  File \"/usr/local/lib/python3.10/site-packages/_pytest/config/__init__.py\", line 858, in import_plugin\n    __import__(importspec)\n  File \"/usr/local/lib/python3.10/site-packages/_pytest/assertion/rewrite.py\", line 185, in exec_module\n    exec(co, module.__dict__)\n  File \"/app/repo/sphinx/testing/fixtures.py\", line 21, in <module>\n    from sphinx.testing import util\n  File \"/app/repo/sphinx/testing/util.py\", line 23, in <module>\n    from sphinx import application, locale\n  File \"/app/repo/sphinx/application.py\", line 43, in <module>\n    from sphinx.registry import SphinxComponentRegistry\n  File \"/app/repo/sphinx/registry.py\", line 24, in <module>\n    from sphinx.builders import Builder\n  File \"/app/repo/sphinx/builders/__init__.py\", line 26, in <module>\n    from sphinx.util import import_object, logging, progress_message, rst, status_iterator\n  File \"/app/repo/sphinx/util/rst.py\", line 21, in <module>\n    from jinja2 import Environment, environmentfilter\nImportError: cannot import name 'environmentfilter' from 'jinja2' (/usr/local/lib/python3.10/site-packages/jinja2/__init__.py)\n\nThe above exception was the direct cause of the following exception:\n\nTraceback (most recent call last):\n  File \"/usr/local/bin/pytest\", line 8, in <module>\n    sys.exit(console_main())\n  File \"/usr/local/lib/python3.10/site-packages/_pytest/config/__init__.py\", line 201, in console_main\n    code = main()\n  File \"/usr/local/lib/python3.10/site-packages/_pytest/config/__init__.py\", line 156, in main\n    config = _prepareconfig(args, plugins)\n  File \"/usr/local/lib/python3.10/site-packages/_pytest/config/__init__.py\", line 341, in _prepareconfig\n    config = pluginmanager.hook.pytest_cmdline_parse(\n  File \"/usr/local/lib/python3.10/site-packages/pluggy/_hooks.py\", line 513, in __call__\n    return self._hookexec(self.name, self._hookimpls.copy(), kwargs, firstresult)\n  File \"/usr/local/lib/python3.10/site-packages/pluggy/_manager.py\", line 120, in _hookexec\n    return self._inner_hookexec(hook_name, methods, kwargs, firstresult)\n  File \"/usr/local/lib/python3.10/site-packages/pluggy/_callers.py\", line 139, in _multicall\n    raise exception.with_traceback(exception.__traceback__)\n  File \"/usr/local/lib/python3.10/site-packages/pluggy/_callers.py\", line 122, in _multicall\n    teardown.throw(exception)  # type: ignore[union-attr]\n  File \"/usr/local/lib/python3.10/site-packages/_pytest/helpconfig.py\", line 105, in pytest_cmdline_parse\n    config = yield\n  File \"/usr/local/lib/python3.10/site-packages/pluggy/_callers.py\", line 103, in _multicall\n    res = hook_impl.function(*args)\n  File \"/usr/local/lib/python3.10/site-packages/_pytest/config/__init__.py\", line 1140, in pytest_cmdline_parse\n    self.parse(args)\n  File \"/usr/local/lib/python3.10/site-packages/_pytest/config/__init__.py\", line 1494, in parse\n    self._preparse(args, addopts=addopts)\n  File \"/usr/local/lib/python3.10/site-packages/_pytest/config/__init__.py\", line 1398, in _preparse\n    self.hook.pytest_load_initial_conftests(\n  File \"/usr/local/lib/python3.10/site-packages/pluggy/_hooks.py\", line 513, in __call__\n    return self._hookexec(self.name, self._hookimpls.copy(), kwargs, firstresult)\n  File \"/usr/local/lib/python3.10/site-packages/pluggy/_manager.py\", line 120, in _hookexec\n    return self._inner_hookexec(hook_name, methods, kwargs, firstresult)\n  File \"/usr/local/lib/python3.10/site-packages/pluggy/_callers.py\", line 139, in _multicall\n    raise exception.with_traceback(exception.__traceback__)\n  File \"/usr/local/lib/python3.10/site-packages/pluggy/_callers.py\", line 122, in _multicall\n    teardown.throw(exception)  # type: ignore[union-attr]\n  File \"/usr/local/lib/python3.10/site-packages/_pytest/capture.py\", line 172, in pytest_load_initial_conftests\n    yield\n  File \"/usr/local/lib/python3.10/site-packages/pluggy/_callers.py\", line 103, in _multicall\n    res = hook_impl.function(*args)\n  File \"/usr/local/lib/python3.10/site-packages/_pytest/config/__init__.py\", line 1222, in pytest_load_initial_conftests\n    self.pluginmanager._set_initial_conftests(\n  File \"/usr/local/lib/python3.10/site-packages/_pytest/config/__init__.py\", line 581, in _set_initial_conftests\n    self._try_load_conftest(\n  File \"/usr/local/lib/python3.10/site-packages/_pytest/config/__init__.py\", line 619, in _try_load_conftest\n    self._loadconftestmodules(\n  File \"/usr/local/lib/python3.10/site-packages/_pytest/config/__init__.py\", line 659, in _loadconftestmodules\n    mod = self._importconftest(\n  File \"/usr/local/lib/python3.10/site-packages/_pytest/config/__init__.py\", line 735, in _importconftest\n    self.consider_conftest(mod, registration_name=conftestpath_plugin_name)\n  File \"/usr/local/lib/python3.10/site-packages/_pytest/config/__init__.py\", line 816, in consider_conftest\n    self.register(conftestmodule, name=registration_name)\n  File \"/usr/local/lib/python3.10/site-packages/_pytest/config/__init__.py\", line 512, in register\n    self.consider_module(plugin)\n  File \"/usr/local/lib/python3.10/site-packages/_pytest/config/__init__.py\", line 824, in consider_module\n    self._import_plugin_specs(getattr(mod, \"pytest_plugins\", []))\n  File \"/usr/local/lib/python3.10/site-packages/_pytest/config/__init__.py\", line 831, in _import_plugin_specs\n    self.import_plugin(import_spec)\n  File \"/usr/local/lib/python3.10/site-packages/_pytest/config/__init__.py\", line 860, in import_plugin\n    raise ImportError(\n  File \"/usr/local/lib/python3.10/site-packages/_pytest/config/__init__.py\", line 858, in import_plugin\n    __import__(importspec)\n  File \"/usr/local/lib/python3.10/site-packages/_pytest/assertion/rewrite.py\", line 185, in exec_module\n    exec(co, module.__dict__)\n  File \"/app/repo/sphinx/testing/fixtures.py\", line 21, in <module>\n    from sphinx.testing import util\n  File \"/app/repo/sphinx/testing/util.py\", line 23, in <module>\n    from sphinx import application, locale\n  File \"/app/repo/sphinx/application.py\", line 43, in <module>\n    from sphinx.registry import SphinxComponentRegistry\n  File \"/app/repo/sphinx/registry.py\", line 24, in <module>\n    from sphinx.builders import Builder\n  File \"/app/repo/sphinx/builders/__init__.py\", line 26, in <module>\n    from sphinx.util import import_object, logging, progress_message, rst, status_iterator\n  File \"/app/repo/sphinx/util/rst.py\", line 21, in <module>\n    from jinja2 import Environment, environmentfilter\nImportError: Error importing plugin \"sphinx.testing.fixtures\": cannot import name 'environmentfilter' from 'jinja2' (/usr/local/lib/python3.10/site-packages/jinja2/__init__.py)\n"
    },
    {
      "test_file": "tests/test_markup.py",
      "test_case": "test_inline[verify-:kbd:`M-x",
      "test_type": "PASS_TO_PASS",
      "exit_code": 1,
      "stdout": "",
      "stderr": "Traceback (most recent call last):\n  File \"/usr/local/lib/python3.10/site-packages/_pytest/config/__init__.py\", line 858, in import_plugin\n    __import__(importspec)\n  File \"/usr/local/lib/python3.10/site-packages/_pytest/assertion/rewrite.py\", line 185, in exec_module\n    exec(co, module.__dict__)\n  File \"/app/repo/sphinx/testing/fixtures.py\", line 21, in <module>\n    from sphinx.testing import util\n  File \"/app/repo/sphinx/testing/util.py\", line 23, in <module>\n    from sphinx import application, locale\n  File \"/app/repo/sphinx/application.py\", line 43, in <module>\n    from sphinx.registry import SphinxComponentRegistry\n  File \"/app/repo/sphinx/registry.py\", line 24, in <module>\n    from sphinx.builders import Builder\n  File \"/app/repo/sphinx/builders/__init__.py\", line 26, in <module>\n    from sphinx.util import import_object, logging, progress_message, rst, status_iterator\n  File \"/app/repo/sphinx/util/rst.py\", line 21, in <module>\n    from jinja2 import Environment, environmentfilter\nImportError: cannot import name 'environmentfilter' from 'jinja2' (/usr/local/lib/python3.10/site-packages/jinja2/__init__.py)\n\nThe above exception was the direct cause of the following exception:\n\nTraceback (most recent call last):\n  File \"/usr/local/bin/pytest\", line 8, in <module>\n    sys.exit(console_main())\n  File \"/usr/local/lib/python3.10/site-packages/_pytest/config/__init__.py\", line 201, in console_main\n    code = main()\n  File \"/usr/local/lib/python3.10/site-packages/_pytest/config/__init__.py\", line 156, in main\n    config = _prepareconfig(args, plugins)\n  File \"/usr/local/lib/python3.10/site-packages/_pytest/config/__init__.py\", line 341, in _prepareconfig\n    config = pluginmanager.hook.pytest_cmdline_parse(\n  File \"/usr/local/lib/python3.10/site-packages/pluggy/_hooks.py\", line 513, in __call__\n    return self._hookexec(self.name, self._hookimpls.copy(), kwargs, firstresult)\n  File \"/usr/local/lib/python3.10/site-packages/pluggy/_manager.py\", line 120, in _hookexec\n    return self._inner_hookexec(hook_name, methods, kwargs, firstresult)\n  File \"/usr/local/lib/python3.10/site-packages/pluggy/_callers.py\", line 139, in _multicall\n    raise exception.with_traceback(exception.__traceback__)\n  File \"/usr/local/lib/python3.10/site-packages/pluggy/_callers.py\", line 122, in _multicall\n    teardown.throw(exception)  # type: ignore[union-attr]\n  File \"/usr/local/lib/python3.10/site-packages/_pytest/helpconfig.py\", line 105, in pytest_cmdline_parse\n    config = yield\n  File \"/usr/local/lib/python3.10/site-packages/pluggy/_callers.py\", line 103, in _multicall\n    res = hook_impl.function(*args)\n  File \"/usr/local/lib/python3.10/site-packages/_pytest/config/__init__.py\", line 1140, in pytest_cmdline_parse\n    self.parse(args)\n  File \"/usr/local/lib/python3.10/site-packages/_pytest/config/__init__.py\", line 1494, in parse\n    self._preparse(args, addopts=addopts)\n  File \"/usr/local/lib/python3.10/site-packages/_pytest/config/__init__.py\", line 1398, in _preparse\n    self.hook.pytest_load_initial_conftests(\n  File \"/usr/local/lib/python3.10/site-packages/pluggy/_hooks.py\", line 513, in __call__\n    return self._hookexec(self.name, self._hookimpls.copy(), kwargs, firstresult)\n  File \"/usr/local/lib/python3.10/site-packages/pluggy/_manager.py\", line 120, in _hookexec\n    return self._inner_hookexec(hook_name, methods, kwargs, firstresult)\n  File \"/usr/local/lib/python3.10/site-packages/pluggy/_callers.py\", line 139, in _multicall\n    raise exception.with_traceback(exception.__traceback__)\n  File \"/usr/local/lib/python3.10/site-packages/pluggy/_callers.py\", line 122, in _multicall\n    teardown.throw(exception)  # type: ignore[union-attr]\n  File \"/usr/local/lib/python3.10/site-packages/_pytest/capture.py\", line 172, in pytest_load_initial_conftests\n    yield\n  File \"/usr/local/lib/python3.10/site-packages/pluggy/_callers.py\", line 103, in _multicall\n    res = hook_impl.function(*args)\n  File \"/usr/local/lib/python3.10/site-packages/_pytest/config/__init__.py\", line 1222, in pytest_load_initial_conftests\n    self.pluginmanager._set_initial_conftests(\n  File \"/usr/local/lib/python3.10/site-packages/_pytest/config/__init__.py\", line 581, in _set_initial_conftests\n    self._try_load_conftest(\n  File \"/usr/local/lib/python3.10/site-packages/_pytest/config/__init__.py\", line 619, in _try_load_conftest\n    self._loadconftestmodules(\n  File \"/usr/local/lib/python3.10/site-packages/_pytest/config/__init__.py\", line 659, in _loadconftestmodules\n    mod = self._importconftest(\n  File \"/usr/local/lib/python3.10/site-packages/_pytest/config/__init__.py\", line 735, in _importconftest\n    self.consider_conftest(mod, registration_name=conftestpath_plugin_name)\n  File \"/usr/local/lib/python3.10/site-packages/_pytest/config/__init__.py\", line 816, in consider_conftest\n    self.register(conftestmodule, name=registration_name)\n  File \"/usr/local/lib/python3.10/site-packages/_pytest/config/__init__.py\", line 512, in register\n    self.consider_module(plugin)\n  File \"/usr/local/lib/python3.10/site-packages/_pytest/config/__init__.py\", line 824, in consider_module\n    self._import_plugin_specs(getattr(mod, \"pytest_plugins\", []))\n  File \"/usr/local/lib/python3.10/site-packages/_pytest/config/__init__.py\", line 831, in _import_plugin_specs\n    self.import_plugin(import_spec)\n  File \"/usr/local/lib/python3.10/site-packages/_pytest/config/__init__.py\", line 860, in import_plugin\n    raise ImportError(\n  File \"/usr/local/lib/python3.10/site-packages/_pytest/config/__init__.py\", line 858, in import_plugin\n    __import__(importspec)\n  File \"/usr/local/lib/python3.10/site-packages/_pytest/assertion/rewrite.py\", line 185, in exec_module\n    exec(co, module.__dict__)\n  File \"/app/repo/sphinx/testing/fixtures.py\", line 21, in <module>\n    from sphinx.testing import util\n  File \"/app/repo/sphinx/testing/util.py\", line 23, in <module>\n    from sphinx import application, locale\n  File \"/app/repo/sphinx/application.py\", line 43, in <module>\n    from sphinx.registry import SphinxComponentRegistry\n  File \"/app/repo/sphinx/registry.py\", line 24, in <module>\n    from sphinx.builders import Builder\n  File \"/app/repo/sphinx/builders/__init__.py\", line 26, in <module>\n    from sphinx.util import import_object, logging, progress_message, rst, status_iterator\n  File \"/app/repo/sphinx/util/rst.py\", line 21, in <module>\n    from jinja2 import Environment, environmentfilter\nImportError: Error importing plugin \"sphinx.testing.fixtures\": cannot import name 'environmentfilter' from 'jinja2' (/usr/local/lib/python3.10/site-packages/jinja2/__init__.py)\n"
    },
    {
      "test_file": "tests/test_markup.py",
      "test_case": "test_inline[verify_re-:option:`--with-option`-<p><code(",
      "test_type": "PASS_TO_PASS",
      "exit_code": 1,
      "stdout": "",
      "stderr": "Traceback (most recent call last):\n  File \"/usr/local/lib/python3.10/site-packages/_pytest/config/__init__.py\", line 858, in import_plugin\n    __import__(importspec)\n  File \"/usr/local/lib/python3.10/site-packages/_pytest/assertion/rewrite.py\", line 185, in exec_module\n    exec(co, module.__dict__)\n  File \"/app/repo/sphinx/testing/fixtures.py\", line 21, in <module>\n    from sphinx.testing import util\n  File \"/app/repo/sphinx/testing/util.py\", line 23, in <module>\n    from sphinx import application, locale\n  File \"/app/repo/sphinx/application.py\", line 43, in <module>\n    from sphinx.registry import SphinxComponentRegistry\n  File \"/app/repo/sphinx/registry.py\", line 24, in <module>\n    from sphinx.builders import Builder\n  File \"/app/repo/sphinx/builders/__init__.py\", line 26, in <module>\n    from sphinx.util import import_object, logging, progress_message, rst, status_iterator\n  File \"/app/repo/sphinx/util/rst.py\", line 21, in <module>\n    from jinja2 import Environment, environmentfilter\nImportError: cannot import name 'environmentfilter' from 'jinja2' (/usr/local/lib/python3.10/site-packages/jinja2/__init__.py)\n\nThe above exception was the direct cause of the following exception:\n\nTraceback (most recent call last):\n  File \"/usr/local/bin/pytest\", line 8, in <module>\n    sys.exit(console_main())\n  File \"/usr/local/lib/python3.10/site-packages/_pytest/config/__init__.py\", line 201, in console_main\n    code = main()\n  File \"/usr/local/lib/python3.10/site-packages/_pytest/config/__init__.py\", line 156, in main\n    config = _prepareconfig(args, plugins)\n  File \"/usr/local/lib/python3.10/site-packages/_pytest/config/__init__.py\", line 341, in _prepareconfig\n    config = pluginmanager.hook.pytest_cmdline_parse(\n  File \"/usr/local/lib/python3.10/site-packages/pluggy/_hooks.py\", line 513, in __call__\n    return self._hookexec(self.name, self._hookimpls.copy(), kwargs, firstresult)\n  File \"/usr/local/lib/python3.10/site-packages/pluggy/_manager.py\", line 120, in _hookexec\n    return self._inner_hookexec(hook_name, methods, kwargs, firstresult)\n  File \"/usr/local/lib/python3.10/site-packages/pluggy/_callers.py\", line 139, in _multicall\n    raise exception.with_traceback(exception.__traceback__)\n  File \"/usr/local/lib/python3.10/site-packages/pluggy/_callers.py\", line 122, in _multicall\n    teardown.throw(exception)  # type: ignore[union-attr]\n  File \"/usr/local/lib/python3.10/site-packages/_pytest/helpconfig.py\", line 105, in pytest_cmdline_parse\n    config = yield\n  File \"/usr/local/lib/python3.10/site-packages/pluggy/_callers.py\", line 103, in _multicall\n    res = hook_impl.function(*args)\n  File \"/usr/local/lib/python3.10/site-packages/_pytest/config/__init__.py\", line 1140, in pytest_cmdline_parse\n    self.parse(args)\n  File \"/usr/local/lib/python3.10/site-packages/_pytest/config/__init__.py\", line 1494, in parse\n    self._preparse(args, addopts=addopts)\n  File \"/usr/local/lib/python3.10/site-packages/_pytest/config/__init__.py\", line 1398, in _preparse\n    self.hook.pytest_load_initial_conftests(\n  File \"/usr/local/lib/python3.10/site-packages/pluggy/_hooks.py\", line 513, in __call__\n    return self._hookexec(self.name, self._hookimpls.copy(), kwargs, firstresult)\n  File \"/usr/local/lib/python3.10/site-packages/pluggy/_manager.py\", line 120, in _hookexec\n    return self._inner_hookexec(hook_name, methods, kwargs, firstresult)\n  File \"/usr/local/lib/python3.10/site-packages/pluggy/_callers.py\", line 139, in _multicall\n    raise exception.with_traceback(exception.__traceback__)\n  File \"/usr/local/lib/python3.10/site-packages/pluggy/_callers.py\", line 122, in _multicall\n    teardown.throw(exception)  # type: ignore[union-attr]\n  File \"/usr/local/lib/python3.10/site-packages/_pytest/capture.py\", line 172, in pytest_load_initial_conftests\n    yield\n  File \"/usr/local/lib/python3.10/site-packages/pluggy/_callers.py\", line 103, in _multicall\n    res = hook_impl.function(*args)\n  File \"/usr/local/lib/python3.10/site-packages/_pytest/config/__init__.py\", line 1222, in pytest_load_initial_conftests\n    self.pluginmanager._set_initial_conftests(\n  File \"/usr/local/lib/python3.10/site-packages/_pytest/config/__init__.py\", line 581, in _set_initial_conftests\n    self._try_load_conftest(\n  File \"/usr/local/lib/python3.10/site-packages/_pytest/config/__init__.py\", line 619, in _try_load_conftest\n    self._loadconftestmodules(\n  File \"/usr/local/lib/python3.10/site-packages/_pytest/config/__init__.py\", line 659, in _loadconftestmodules\n    mod = self._importconftest(\n  File \"/usr/local/lib/python3.10/site-packages/_pytest/config/__init__.py\", line 735, in _importconftest\n    self.consider_conftest(mod, registration_name=conftestpath_plugin_name)\n  File \"/usr/local/lib/python3.10/site-packages/_pytest/config/__init__.py\", line 816, in consider_conftest\n    self.register(conftestmodule, name=registration_name)\n  File \"/usr/local/lib/python3.10/site-packages/_pytest/config/__init__.py\", line 512, in register\n    self.consider_module(plugin)\n  File \"/usr/local/lib/python3.10/site-packages/_pytest/config/__init__.py\", line 824, in consider_module\n    self._import_plugin_specs(getattr(mod, \"pytest_plugins\", []))\n  File \"/usr/local/lib/python3.10/site-packages/_pytest/config/__init__.py\", line 831, in _import_plugin_specs\n    self.import_plugin(import_spec)\n  File \"/usr/local/lib/python3.10/site-packages/_pytest/config/__init__.py\", line 860, in import_plugin\n    raise ImportError(\n  File \"/usr/local/lib/python3.10/site-packages/_pytest/config/__init__.py\", line 858, in import_plugin\n    __import__(importspec)\n  File \"/usr/local/lib/python3.10/site-packages/_pytest/assertion/rewrite.py\", line 185, in exec_module\n    exec(co, module.__dict__)\n  File \"/app/repo/sphinx/testing/fixtures.py\", line 21, in <module>\n    from sphinx.testing import util\n  File \"/app/repo/sphinx/testing/util.py\", line 23, in <module>\n    from sphinx import application, locale\n  File \"/app/repo/sphinx/application.py\", line 43, in <module>\n    from sphinx.registry import SphinxComponentRegistry\n  File \"/app/repo/sphinx/registry.py\", line 24, in <module>\n    from sphinx.builders import Builder\n  File \"/app/repo/sphinx/builders/__init__.py\", line 26, in <module>\n    from sphinx.util import import_object, logging, progress_message, rst, status_iterator\n  File \"/app/repo/sphinx/util/rst.py\", line 21, in <module>\n    from jinja2 import Environment, environmentfilter\nImportError: Error importing plugin \"sphinx.testing.fixtures\": cannot import name 'environmentfilter' from 'jinja2' (/usr/local/lib/python3.10/site-packages/jinja2/__init__.py)\n"
    },
    {
      "test_file": "tests/test_markup.py",
      "test_case": "test_inline[verify-\"John\"-<p>\\u201cJohn\\u201d</p>-\\u201cJohn\\u201d]",
      "test_type": "PASS_TO_PASS",
      "exit_code": 1,
      "stdout": "",
      "stderr": "Traceback (most recent call last):\n  File \"/usr/local/lib/python3.10/site-packages/_pytest/config/__init__.py\", line 858, in import_plugin\n    __import__(importspec)\n  File \"/usr/local/lib/python3.10/site-packages/_pytest/assertion/rewrite.py\", line 185, in exec_module\n    exec(co, module.__dict__)\n  File \"/app/repo/sphinx/testing/fixtures.py\", line 21, in <module>\n    from sphinx.testing import util\n  File \"/app/repo/sphinx/testing/util.py\", line 23, in <module>\n    from sphinx import application, locale\n  File \"/app/repo/sphinx/application.py\", line 43, in <module>\n    from sphinx.registry import SphinxComponentRegistry\n  File \"/app/repo/sphinx/registry.py\", line 24, in <module>\n    from sphinx.builders import Builder\n  File \"/app/repo/sphinx/builders/__init__.py\", line 26, in <module>\n    from sphinx.util import import_object, logging, progress_message, rst, status_iterator\n  File \"/app/repo/sphinx/util/rst.py\", line 21, in <module>\n    from jinja2 import Environment, environmentfilter\nImportError: cannot import name 'environmentfilter' from 'jinja2' (/usr/local/lib/python3.10/site-packages/jinja2/__init__.py)\n\nThe above exception was the direct cause of the following exception:\n\nTraceback (most recent call last):\n  File \"/usr/local/bin/pytest\", line 8, in <module>\n    sys.exit(console_main())\n  File \"/usr/local/lib/python3.10/site-packages/_pytest/config/__init__.py\", line 201, in console_main\n    code = main()\n  File \"/usr/local/lib/python3.10/site-packages/_pytest/config/__init__.py\", line 156, in main\n    config = _prepareconfig(args, plugins)\n  File \"/usr/local/lib/python3.10/site-packages/_pytest/config/__init__.py\", line 341, in _prepareconfig\n    config = pluginmanager.hook.pytest_cmdline_parse(\n  File \"/usr/local/lib/python3.10/site-packages/pluggy/_hooks.py\", line 513, in __call__\n    return self._hookexec(self.name, self._hookimpls.copy(), kwargs, firstresult)\n  File \"/usr/local/lib/python3.10/site-packages/pluggy/_manager.py\", line 120, in _hookexec\n    return self._inner_hookexec(hook_name, methods, kwargs, firstresult)\n  File \"/usr/local/lib/python3.10/site-packages/pluggy/_callers.py\", line 139, in _multicall\n    raise exception.with_traceback(exception.__traceback__)\n  File \"/usr/local/lib/python3.10/site-packages/pluggy/_callers.py\", line 122, in _multicall\n    teardown.throw(exception)  # type: ignore[union-attr]\n  File \"/usr/local/lib/python3.10/site-packages/_pytest/helpconfig.py\", line 105, in pytest_cmdline_parse\n    config = yield\n  File \"/usr/local/lib/python3.10/site-packages/pluggy/_callers.py\", line 103, in _multicall\n    res = hook_impl.function(*args)\n  File \"/usr/local/lib/python3.10/site-packages/_pytest/config/__init__.py\", line 1140, in pytest_cmdline_parse\n    self.parse(args)\n  File \"/usr/local/lib/python3.10/site-packages/_pytest/config/__init__.py\", line 1494, in parse\n    self._preparse(args, addopts=addopts)\n  File \"/usr/local/lib/python3.10/site-packages/_pytest/config/__init__.py\", line 1398, in _preparse\n    self.hook.pytest_load_initial_conftests(\n  File \"/usr/local/lib/python3.10/site-packages/pluggy/_hooks.py\", line 513, in __call__\n    return self._hookexec(self.name, self._hookimpls.copy(), kwargs, firstresult)\n  File \"/usr/local/lib/python3.10/site-packages/pluggy/_manager.py\", line 120, in _hookexec\n    return self._inner_hookexec(hook_name, methods, kwargs, firstresult)\n  File \"/usr/local/lib/python3.10/site-packages/pluggy/_callers.py\", line 139, in _multicall\n    raise exception.with_traceback(exception.__traceback__)\n  File \"/usr/local/lib/python3.10/site-packages/pluggy/_callers.py\", line 122, in _multicall\n    teardown.throw(exception)  # type: ignore[union-attr]\n  File \"/usr/local/lib/python3.10/site-packages/_pytest/capture.py\", line 172, in pytest_load_initial_conftests\n    yield\n  File \"/usr/local/lib/python3.10/site-packages/pluggy/_callers.py\", line 103, in _multicall\n    res = hook_impl.function(*args)\n  File \"/usr/local/lib/python3.10/site-packages/_pytest/config/__init__.py\", line 1222, in pytest_load_initial_conftests\n    self.pluginmanager._set_initial_conftests(\n  File \"/usr/local/lib/python3.10/site-packages/_pytest/config/__init__.py\", line 581, in _set_initial_conftests\n    self._try_load_conftest(\n  File \"/usr/local/lib/python3.10/site-packages/_pytest/config/__init__.py\", line 619, in _try_load_conftest\n    self._loadconftestmodules(\n  File \"/usr/local/lib/python3.10/site-packages/_pytest/config/__init__.py\", line 659, in _loadconftestmodules\n    mod = self._importconftest(\n  File \"/usr/local/lib/python3.10/site-packages/_pytest/config/__init__.py\", line 735, in _importconftest\n    self.consider_conftest(mod, registration_name=conftestpath_plugin_name)\n  File \"/usr/local/lib/python3.10/site-packages/_pytest/config/__init__.py\", line 816, in consider_conftest\n    self.register(conftestmodule, name=registration_name)\n  File \"/usr/local/lib/python3.10/site-packages/_pytest/config/__init__.py\", line 512, in register\n    self.consider_module(plugin)\n  File \"/usr/local/lib/python3.10/site-packages/_pytest/config/__init__.py\", line 824, in consider_module\n    self._import_plugin_specs(getattr(mod, \"pytest_plugins\", []))\n  File \"/usr/local/lib/python3.10/site-packages/_pytest/config/__init__.py\", line 831, in _import_plugin_specs\n    self.import_plugin(import_spec)\n  File \"/usr/local/lib/python3.10/site-packages/_pytest/config/__init__.py\", line 860, in import_plugin\n    raise ImportError(\n  File \"/usr/local/lib/python3.10/site-packages/_pytest/config/__init__.py\", line 858, in import_plugin\n    __import__(importspec)\n  File \"/usr/local/lib/python3.10/site-packages/_pytest/assertion/rewrite.py\", line 185, in exec_module\n    exec(co, module.__dict__)\n  File \"/app/repo/sphinx/testing/fixtures.py\", line 21, in <module>\n    from sphinx.testing import util\n  File \"/app/repo/sphinx/testing/util.py\", line 23, in <module>\n    from sphinx import application, locale\n  File \"/app/repo/sphinx/application.py\", line 43, in <module>\n    from sphinx.registry import SphinxComponentRegistry\n  File \"/app/repo/sphinx/registry.py\", line 24, in <module>\n    from sphinx.builders import Builder\n  File \"/app/repo/sphinx/builders/__init__.py\", line 26, in <module>\n    from sphinx.util import import_object, logging, progress_message, rst, status_iterator\n  File \"/app/repo/sphinx/util/rst.py\", line 21, in <module>\n    from jinja2 import Environment, environmentfilter\nImportError: Error importing plugin \"sphinx.testing.fixtures\": cannot import name 'environmentfilter' from 'jinja2' (/usr/local/lib/python3.10/site-packages/jinja2/__init__.py)\n"
    },
    {
      "test_file": "tests/test_markup.py",
      "test_case": "test_inline[verify-``\"John\"``-<p><code",
      "test_type": "PASS_TO_PASS",
      "exit_code": 1,
      "stdout": "",
      "stderr": "Traceback (most recent call last):\n  File \"/usr/local/lib/python3.10/site-packages/_pytest/config/__init__.py\", line 858, in import_plugin\n    __import__(importspec)\n  File \"/usr/local/lib/python3.10/site-packages/_pytest/assertion/rewrite.py\", line 185, in exec_module\n    exec(co, module.__dict__)\n  File \"/app/repo/sphinx/testing/fixtures.py\", line 21, in <module>\n    from sphinx.testing import util\n  File \"/app/repo/sphinx/testing/util.py\", line 23, in <module>\n    from sphinx import application, locale\n  File \"/app/repo/sphinx/application.py\", line 43, in <module>\n    from sphinx.registry import SphinxComponentRegistry\n  File \"/app/repo/sphinx/registry.py\", line 24, in <module>\n    from sphinx.builders import Builder\n  File \"/app/repo/sphinx/builders/__init__.py\", line 26, in <module>\n    from sphinx.util import import_object, logging, progress_message, rst, status_iterator\n  File \"/app/repo/sphinx/util/rst.py\", line 21, in <module>\n    from jinja2 import Environment, environmentfilter\nImportError: cannot import name 'environmentfilter' from 'jinja2' (/usr/local/lib/python3.10/site-packages/jinja2/__init__.py)\n\nThe above exception was the direct cause of the following exception:\n\nTraceback (most recent call last):\n  File \"/usr/local/bin/pytest\", line 8, in <module>\n    sys.exit(console_main())\n  File \"/usr/local/lib/python3.10/site-packages/_pytest/config/__init__.py\", line 201, in console_main\n    code = main()\n  File \"/usr/local/lib/python3.10/site-packages/_pytest/config/__init__.py\", line 156, in main\n    config = _prepareconfig(args, plugins)\n  File \"/usr/local/lib/python3.10/site-packages/_pytest/config/__init__.py\", line 341, in _prepareconfig\n    config = pluginmanager.hook.pytest_cmdline_parse(\n  File \"/usr/local/lib/python3.10/site-packages/pluggy/_hooks.py\", line 513, in __call__\n    return self._hookexec(self.name, self._hookimpls.copy(), kwargs, firstresult)\n  File \"/usr/local/lib/python3.10/site-packages/pluggy/_manager.py\", line 120, in _hookexec\n    return self._inner_hookexec(hook_name, methods, kwargs, firstresult)\n  File \"/usr/local/lib/python3.10/site-packages/pluggy/_callers.py\", line 139, in _multicall\n    raise exception.with_traceback(exception.__traceback__)\n  File \"/usr/local/lib/python3.10/site-packages/pluggy/_callers.py\", line 122, in _multicall\n    teardown.throw(exception)  # type: ignore[union-attr]\n  File \"/usr/local/lib/python3.10/site-packages/_pytest/helpconfig.py\", line 105, in pytest_cmdline_parse\n    config = yield\n  File \"/usr/local/lib/python3.10/site-packages/pluggy/_callers.py\", line 103, in _multicall\n    res = hook_impl.function(*args)\n  File \"/usr/local/lib/python3.10/site-packages/_pytest/config/__init__.py\", line 1140, in pytest_cmdline_parse\n    self.parse(args)\n  File \"/usr/local/lib/python3.10/site-packages/_pytest/config/__init__.py\", line 1494, in parse\n    self._preparse(args, addopts=addopts)\n  File \"/usr/local/lib/python3.10/site-packages/_pytest/config/__init__.py\", line 1398, in _preparse\n    self.hook.pytest_load_initial_conftests(\n  File \"/usr/local/lib/python3.10/site-packages/pluggy/_hooks.py\", line 513, in __call__\n    return self._hookexec(self.name, self._hookimpls.copy(), kwargs, firstresult)\n  File \"/usr/local/lib/python3.10/site-packages/pluggy/_manager.py\", line 120, in _hookexec\n    return self._inner_hookexec(hook_name, methods, kwargs, firstresult)\n  File \"/usr/local/lib/python3.10/site-packages/pluggy/_callers.py\", line 139, in _multicall\n    raise exception.with_traceback(exception.__traceback__)\n  File \"/usr/local/lib/python3.10/site-packages/pluggy/_callers.py\", line 122, in _multicall\n    teardown.throw(exception)  # type: ignore[union-attr]\n  File \"/usr/local/lib/python3.10/site-packages/_pytest/capture.py\", line 172, in pytest_load_initial_conftests\n    yield\n  File \"/usr/local/lib/python3.10/site-packages/pluggy/_callers.py\", line 103, in _multicall\n    res = hook_impl.function(*args)\n  File \"/usr/local/lib/python3.10/site-packages/_pytest/config/__init__.py\", line 1222, in pytest_load_initial_conftests\n    self.pluginmanager._set_initial_conftests(\n  File \"/usr/local/lib/python3.10/site-packages/_pytest/config/__init__.py\", line 581, in _set_initial_conftests\n    self._try_load_conftest(\n  File \"/usr/local/lib/python3.10/site-packages/_pytest/config/__init__.py\", line 619, in _try_load_conftest\n    self._loadconftestmodules(\n  File \"/usr/local/lib/python3.10/site-packages/_pytest/config/__init__.py\", line 659, in _loadconftestmodules\n    mod = self._importconftest(\n  File \"/usr/local/lib/python3.10/site-packages/_pytest/config/__init__.py\", line 735, in _importconftest\n    self.consider_conftest(mod, registration_name=conftestpath_plugin_name)\n  File \"/usr/local/lib/python3.10/site-packages/_pytest/config/__init__.py\", line 816, in consider_conftest\n    self.register(conftestmodule, name=registration_name)\n  File \"/usr/local/lib/python3.10/site-packages/_pytest/config/__init__.py\", line 512, in register\n    self.consider_module(plugin)\n  File \"/usr/local/lib/python3.10/site-packages/_pytest/config/__init__.py\", line 824, in consider_module\n    self._import_plugin_specs(getattr(mod, \"pytest_plugins\", []))\n  File \"/usr/local/lib/python3.10/site-packages/_pytest/config/__init__.py\", line 831, in _import_plugin_specs\n    self.import_plugin(import_spec)\n  File \"/usr/local/lib/python3.10/site-packages/_pytest/config/__init__.py\", line 860, in import_plugin\n    raise ImportError(\n  File \"/usr/local/lib/python3.10/site-packages/_pytest/config/__init__.py\", line 858, in import_plugin\n    __import__(importspec)\n  File \"/usr/local/lib/python3.10/site-packages/_pytest/assertion/rewrite.py\", line 185, in exec_module\n    exec(co, module.__dict__)\n  File \"/app/repo/sphinx/testing/fixtures.py\", line 21, in <module>\n    from sphinx.testing import util\n  File \"/app/repo/sphinx/testing/util.py\", line 23, in <module>\n    from sphinx import application, locale\n  File \"/app/repo/sphinx/application.py\", line 43, in <module>\n    from sphinx.registry import SphinxComponentRegistry\n  File \"/app/repo/sphinx/registry.py\", line 24, in <module>\n    from sphinx.builders import Builder\n  File \"/app/repo/sphinx/builders/__init__.py\", line 26, in <module>\n    from sphinx.util import import_object, logging, progress_message, rst, status_iterator\n  File \"/app/repo/sphinx/util/rst.py\", line 21, in <module>\n    from jinja2 import Environment, environmentfilter\nImportError: Error importing plugin \"sphinx.testing.fixtures\": cannot import name 'environmentfilter' from 'jinja2' (/usr/local/lib/python3.10/site-packages/jinja2/__init__.py)\n"
    },
    {
      "test_file": "tests/test_markup.py",
      "test_case": "test_inline[verify-:manpage:`mp(1)`-<p><em",
      "test_type": "PASS_TO_PASS",
      "exit_code": 1,
      "stdout": "",
      "stderr": "Traceback (most recent call last):\n  File \"/usr/local/lib/python3.10/site-packages/_pytest/config/__init__.py\", line 858, in import_plugin\n    __import__(importspec)\n  File \"/usr/local/lib/python3.10/site-packages/_pytest/assertion/rewrite.py\", line 185, in exec_module\n    exec(co, module.__dict__)\n  File \"/app/repo/sphinx/testing/fixtures.py\", line 21, in <module>\n    from sphinx.testing import util\n  File \"/app/repo/sphinx/testing/util.py\", line 23, in <module>\n    from sphinx import application, locale\n  File \"/app/repo/sphinx/application.py\", line 43, in <module>\n    from sphinx.registry import SphinxComponentRegistry\n  File \"/app/repo/sphinx/registry.py\", line 24, in <module>\n    from sphinx.builders import Builder\n  File \"/app/repo/sphinx/builders/__init__.py\", line 26, in <module>\n    from sphinx.util import import_object, logging, progress_message, rst, status_iterator\n  File \"/app/repo/sphinx/util/rst.py\", line 21, in <module>\n    from jinja2 import Environment, environmentfilter\nImportError: cannot import name 'environmentfilter' from 'jinja2' (/usr/local/lib/python3.10/site-packages/jinja2/__init__.py)\n\nThe above exception was the direct cause of the following exception:\n\nTraceback (most recent call last):\n  File \"/usr/local/bin/pytest\", line 8, in <module>\n    sys.exit(console_main())\n  File \"/usr/local/lib/python3.10/site-packages/_pytest/config/__init__.py\", line 201, in console_main\n    code = main()\n  File \"/usr/local/lib/python3.10/site-packages/_pytest/config/__init__.py\", line 156, in main\n    config = _prepareconfig(args, plugins)\n  File \"/usr/local/lib/python3.10/site-packages/_pytest/config/__init__.py\", line 341, in _prepareconfig\n    config = pluginmanager.hook.pytest_cmdline_parse(\n  File \"/usr/local/lib/python3.10/site-packages/pluggy/_hooks.py\", line 513, in __call__\n    return self._hookexec(self.name, self._hookimpls.copy(), kwargs, firstresult)\n  File \"/usr/local/lib/python3.10/site-packages/pluggy/_manager.py\", line 120, in _hookexec\n    return self._inner_hookexec(hook_name, methods, kwargs, firstresult)\n  File \"/usr/local/lib/python3.10/site-packages/pluggy/_callers.py\", line 139, in _multicall\n    raise exception.with_traceback(exception.__traceback__)\n  File \"/usr/local/lib/python3.10/site-packages/pluggy/_callers.py\", line 122, in _multicall\n    teardown.throw(exception)  # type: ignore[union-attr]\n  File \"/usr/local/lib/python3.10/site-packages/_pytest/helpconfig.py\", line 105, in pytest_cmdline_parse\n    config = yield\n  File \"/usr/local/lib/python3.10/site-packages/pluggy/_callers.py\", line 103, in _multicall\n    res = hook_impl.function(*args)\n  File \"/usr/local/lib/python3.10/site-packages/_pytest/config/__init__.py\", line 1140, in pytest_cmdline_parse\n    self.parse(args)\n  File \"/usr/local/lib/python3.10/site-packages/_pytest/config/__init__.py\", line 1494, in parse\n    self._preparse(args, addopts=addopts)\n  File \"/usr/local/lib/python3.10/site-packages/_pytest/config/__init__.py\", line 1398, in _preparse\n    self.hook.pytest_load_initial_conftests(\n  File \"/usr/local/lib/python3.10/site-packages/pluggy/_hooks.py\", line 513, in __call__\n    return self._hookexec(self.name, self._hookimpls.copy(), kwargs, firstresult)\n  File \"/usr/local/lib/python3.10/site-packages/pluggy/_manager.py\", line 120, in _hookexec\n    return self._inner_hookexec(hook_name, methods, kwargs, firstresult)\n  File \"/usr/local/lib/python3.10/site-packages/pluggy/_callers.py\", line 139, in _multicall\n    raise exception.with_traceback(exception.__traceback__)\n  File \"/usr/local/lib/python3.10/site-packages/pluggy/_callers.py\", line 122, in _multicall\n    teardown.throw(exception)  # type: ignore[union-attr]\n  File \"/usr/local/lib/python3.10/site-packages/_pytest/capture.py\", line 172, in pytest_load_initial_conftests\n    yield\n  File \"/usr/local/lib/python3.10/site-packages/pluggy/_callers.py\", line 103, in _multicall\n    res = hook_impl.function(*args)\n  File \"/usr/local/lib/python3.10/site-packages/_pytest/config/__init__.py\", line 1222, in pytest_load_initial_conftests\n    self.pluginmanager._set_initial_conftests(\n  File \"/usr/local/lib/python3.10/site-packages/_pytest/config/__init__.py\", line 581, in _set_initial_conftests\n    self._try_load_conftest(\n  File \"/usr/local/lib/python3.10/site-packages/_pytest/config/__init__.py\", line 619, in _try_load_conftest\n    self._loadconftestmodules(\n  File \"/usr/local/lib/python3.10/site-packages/_pytest/config/__init__.py\", line 659, in _loadconftestmodules\n    mod = self._importconftest(\n  File \"/usr/local/lib/python3.10/site-packages/_pytest/config/__init__.py\", line 735, in _importconftest\n    self.consider_conftest(mod, registration_name=conftestpath_plugin_name)\n  File \"/usr/local/lib/python3.10/site-packages/_pytest/config/__init__.py\", line 816, in consider_conftest\n    self.register(conftestmodule, name=registration_name)\n  File \"/usr/local/lib/python3.10/site-packages/_pytest/config/__init__.py\", line 512, in register\n    self.consider_module(plugin)\n  File \"/usr/local/lib/python3.10/site-packages/_pytest/config/__init__.py\", line 824, in consider_module\n    self._import_plugin_specs(getattr(mod, \"pytest_plugins\", []))\n  File \"/usr/local/lib/python3.10/site-packages/_pytest/config/__init__.py\", line 831, in _import_plugin_specs\n    self.import_plugin(import_spec)\n  File \"/usr/local/lib/python3.10/site-packages/_pytest/config/__init__.py\", line 860, in import_plugin\n    raise ImportError(\n  File \"/usr/local/lib/python3.10/site-packages/_pytest/config/__init__.py\", line 858, in import_plugin\n    __import__(importspec)\n  File \"/usr/local/lib/python3.10/site-packages/_pytest/assertion/rewrite.py\", line 185, in exec_module\n    exec(co, module.__dict__)\n  File \"/app/repo/sphinx/testing/fixtures.py\", line 21, in <module>\n    from sphinx.testing import util\n  File \"/app/repo/sphinx/testing/util.py\", line 23, in <module>\n    from sphinx import application, locale\n  File \"/app/repo/sphinx/application.py\", line 43, in <module>\n    from sphinx.registry import SphinxComponentRegistry\n  File \"/app/repo/sphinx/registry.py\", line 24, in <module>\n    from sphinx.builders import Builder\n  File \"/app/repo/sphinx/builders/__init__.py\", line 26, in <module>\n    from sphinx.util import import_object, logging, progress_message, rst, status_iterator\n  File \"/app/repo/sphinx/util/rst.py\", line 21, in <module>\n    from jinja2 import Environment, environmentfilter\nImportError: Error importing plugin \"sphinx.testing.fixtures\": cannot import name 'environmentfilter' from 'jinja2' (/usr/local/lib/python3.10/site-packages/jinja2/__init__.py)\n"
    },
    {
      "test_file": "tests/test_markup.py",
      "test_case": "test_inline[verify-\\u0393\\\\\\\\\\u221e$-None-\\u0393\\\\textbackslash{}\\\\(\\\\infty\\\\)\\\\$]",
      "test_type": "PASS_TO_PASS",
      "exit_code": 1,
      "stdout": "",
      "stderr": "Traceback (most recent call last):\n  File \"/usr/local/lib/python3.10/site-packages/_pytest/config/__init__.py\", line 858, in import_plugin\n    __import__(importspec)\n  File \"/usr/local/lib/python3.10/site-packages/_pytest/assertion/rewrite.py\", line 185, in exec_module\n    exec(co, module.__dict__)\n  File \"/app/repo/sphinx/testing/fixtures.py\", line 21, in <module>\n    from sphinx.testing import util\n  File \"/app/repo/sphinx/testing/util.py\", line 23, in <module>\n    from sphinx import application, locale\n  File \"/app/repo/sphinx/application.py\", line 43, in <module>\n    from sphinx.registry import SphinxComponentRegistry\n  File \"/app/repo/sphinx/registry.py\", line 24, in <module>\n    from sphinx.builders import Builder\n  File \"/app/repo/sphinx/builders/__init__.py\", line 26, in <module>\n    from sphinx.util import import_object, logging, progress_message, rst, status_iterator\n  File \"/app/repo/sphinx/util/rst.py\", line 21, in <module>\n    from jinja2 import Environment, environmentfilter\nImportError: cannot import name 'environmentfilter' from 'jinja2' (/usr/local/lib/python3.10/site-packages/jinja2/__init__.py)\n\nThe above exception was the direct cause of the following exception:\n\nTraceback (most recent call last):\n  File \"/usr/local/bin/pytest\", line 8, in <module>\n    sys.exit(console_main())\n  File \"/usr/local/lib/python3.10/site-packages/_pytest/config/__init__.py\", line 201, in console_main\n    code = main()\n  File \"/usr/local/lib/python3.10/site-packages/_pytest/config/__init__.py\", line 156, in main\n    config = _prepareconfig(args, plugins)\n  File \"/usr/local/lib/python3.10/site-packages/_pytest/config/__init__.py\", line 341, in _prepareconfig\n    config = pluginmanager.hook.pytest_cmdline_parse(\n  File \"/usr/local/lib/python3.10/site-packages/pluggy/_hooks.py\", line 513, in __call__\n    return self._hookexec(self.name, self._hookimpls.copy(), kwargs, firstresult)\n  File \"/usr/local/lib/python3.10/site-packages/pluggy/_manager.py\", line 120, in _hookexec\n    return self._inner_hookexec(hook_name, methods, kwargs, firstresult)\n  File \"/usr/local/lib/python3.10/site-packages/pluggy/_callers.py\", line 139, in _multicall\n    raise exception.with_traceback(exception.__traceback__)\n  File \"/usr/local/lib/python3.10/site-packages/pluggy/_callers.py\", line 122, in _multicall\n    teardown.throw(exception)  # type: ignore[union-attr]\n  File \"/usr/local/lib/python3.10/site-packages/_pytest/helpconfig.py\", line 105, in pytest_cmdline_parse\n    config = yield\n  File \"/usr/local/lib/python3.10/site-packages/pluggy/_callers.py\", line 103, in _multicall\n    res = hook_impl.function(*args)\n  File \"/usr/local/lib/python3.10/site-packages/_pytest/config/__init__.py\", line 1140, in pytest_cmdline_parse\n    self.parse(args)\n  File \"/usr/local/lib/python3.10/site-packages/_pytest/config/__init__.py\", line 1494, in parse\n    self._preparse(args, addopts=addopts)\n  File \"/usr/local/lib/python3.10/site-packages/_pytest/config/__init__.py\", line 1398, in _preparse\n    self.hook.pytest_load_initial_conftests(\n  File \"/usr/local/lib/python3.10/site-packages/pluggy/_hooks.py\", line 513, in __call__\n    return self._hookexec(self.name, self._hookimpls.copy(), kwargs, firstresult)\n  File \"/usr/local/lib/python3.10/site-packages/pluggy/_manager.py\", line 120, in _hookexec\n    return self._inner_hookexec(hook_name, methods, kwargs, firstresult)\n  File \"/usr/local/lib/python3.10/site-packages/pluggy/_callers.py\", line 139, in _multicall\n    raise exception.with_traceback(exception.__traceback__)\n  File \"/usr/local/lib/python3.10/site-packages/pluggy/_callers.py\", line 122, in _multicall\n    teardown.throw(exception)  # type: ignore[union-attr]\n  File \"/usr/local/lib/python3.10/site-packages/_pytest/capture.py\", line 172, in pytest_load_initial_conftests\n    yield\n  File \"/usr/local/lib/python3.10/site-packages/pluggy/_callers.py\", line 103, in _multicall\n    res = hook_impl.function(*args)\n  File \"/usr/local/lib/python3.10/site-packages/_pytest/config/__init__.py\", line 1222, in pytest_load_initial_conftests\n    self.pluginmanager._set_initial_conftests(\n  File \"/usr/local/lib/python3.10/site-packages/_pytest/config/__init__.py\", line 581, in _set_initial_conftests\n    self._try_load_conftest(\n  File \"/usr/local/lib/python3.10/site-packages/_pytest/config/__init__.py\", line 619, in _try_load_conftest\n    self._loadconftestmodules(\n  File \"/usr/local/lib/python3.10/site-packages/_pytest/config/__init__.py\", line 659, in _loadconftestmodules\n    mod = self._importconftest(\n  File \"/usr/local/lib/python3.10/site-packages/_pytest/config/__init__.py\", line 735, in _importconftest\n    self.consider_conftest(mod, registration_name=conftestpath_plugin_name)\n  File \"/usr/local/lib/python3.10/site-packages/_pytest/config/__init__.py\", line 816, in consider_conftest\n    self.register(conftestmodule, name=registration_name)\n  File \"/usr/local/lib/python3.10/site-packages/_pytest/config/__init__.py\", line 512, in register\n    self.consider_module(plugin)\n  File \"/usr/local/lib/python3.10/site-packages/_pytest/config/__init__.py\", line 824, in consider_module\n    self._import_plugin_specs(getattr(mod, \"pytest_plugins\", []))\n  File \"/usr/local/lib/python3.10/site-packages/_pytest/config/__init__.py\", line 831, in _import_plugin_specs\n    self.import_plugin(import_spec)\n  File \"/usr/local/lib/python3.10/site-packages/_pytest/config/__init__.py\", line 860, in import_plugin\n    raise ImportError(\n  File \"/usr/local/lib/python3.10/site-packages/_pytest/config/__init__.py\", line 858, in import_plugin\n    __import__(importspec)\n  File \"/usr/local/lib/python3.10/site-packages/_pytest/assertion/rewrite.py\", line 185, in exec_module\n    exec(co, module.__dict__)\n  File \"/app/repo/sphinx/testing/fixtures.py\", line 21, in <module>\n    from sphinx.testing import util\n  File \"/app/repo/sphinx/testing/util.py\", line 23, in <module>\n    from sphinx import application, locale\n  File \"/app/repo/sphinx/application.py\", line 43, in <module>\n    from sphinx.registry import SphinxComponentRegistry\n  File \"/app/repo/sphinx/registry.py\", line 24, in <module>\n    from sphinx.builders import Builder\n  File \"/app/repo/sphinx/builders/__init__.py\", line 26, in <module>\n    from sphinx.util import import_object, logging, progress_message, rst, status_iterator\n  File \"/app/repo/sphinx/util/rst.py\", line 21, in <module>\n    from jinja2 import Environment, environmentfilter\nImportError: Error importing plugin \"sphinx.testing.fixtures\": cannot import name 'environmentfilter' from 'jinja2' (/usr/local/lib/python3.10/site-packages/jinja2/__init__.py)\n"
    },
    {
      "test_file": "tests/test_markup.py",
      "test_case": "test_inline[verify_re-`test",
      "test_type": "PASS_TO_PASS",
      "exit_code": 1,
      "stdout": "",
      "stderr": "Traceback (most recent call last):\n  File \"/usr/local/lib/python3.10/site-packages/_pytest/config/__init__.py\", line 858, in import_plugin\n    __import__(importspec)\n  File \"/usr/local/lib/python3.10/site-packages/_pytest/assertion/rewrite.py\", line 185, in exec_module\n    exec(co, module.__dict__)\n  File \"/app/repo/sphinx/testing/fixtures.py\", line 21, in <module>\n    from sphinx.testing import util\n  File \"/app/repo/sphinx/testing/util.py\", line 23, in <module>\n    from sphinx import application, locale\n  File \"/app/repo/sphinx/application.py\", line 43, in <module>\n    from sphinx.registry import SphinxComponentRegistry\n  File \"/app/repo/sphinx/registry.py\", line 24, in <module>\n    from sphinx.builders import Builder\n  File \"/app/repo/sphinx/builders/__init__.py\", line 26, in <module>\n    from sphinx.util import import_object, logging, progress_message, rst, status_iterator\n  File \"/app/repo/sphinx/util/rst.py\", line 21, in <module>\n    from jinja2 import Environment, environmentfilter\nImportError: cannot import name 'environmentfilter' from 'jinja2' (/usr/local/lib/python3.10/site-packages/jinja2/__init__.py)\n\nThe above exception was the direct cause of the following exception:\n\nTraceback (most recent call last):\n  File \"/usr/local/bin/pytest\", line 8, in <module>\n    sys.exit(console_main())\n  File \"/usr/local/lib/python3.10/site-packages/_pytest/config/__init__.py\", line 201, in console_main\n    code = main()\n  File \"/usr/local/lib/python3.10/site-packages/_pytest/config/__init__.py\", line 156, in main\n    config = _prepareconfig(args, plugins)\n  File \"/usr/local/lib/python3.10/site-packages/_pytest/config/__init__.py\", line 341, in _prepareconfig\n    config = pluginmanager.hook.pytest_cmdline_parse(\n  File \"/usr/local/lib/python3.10/site-packages/pluggy/_hooks.py\", line 513, in __call__\n    return self._hookexec(self.name, self._hookimpls.copy(), kwargs, firstresult)\n  File \"/usr/local/lib/python3.10/site-packages/pluggy/_manager.py\", line 120, in _hookexec\n    return self._inner_hookexec(hook_name, methods, kwargs, firstresult)\n  File \"/usr/local/lib/python3.10/site-packages/pluggy/_callers.py\", line 139, in _multicall\n    raise exception.with_traceback(exception.__traceback__)\n  File \"/usr/local/lib/python3.10/site-packages/pluggy/_callers.py\", line 122, in _multicall\n    teardown.throw(exception)  # type: ignore[union-attr]\n  File \"/usr/local/lib/python3.10/site-packages/_pytest/helpconfig.py\", line 105, in pytest_cmdline_parse\n    config = yield\n  File \"/usr/local/lib/python3.10/site-packages/pluggy/_callers.py\", line 103, in _multicall\n    res = hook_impl.function(*args)\n  File \"/usr/local/lib/python3.10/site-packages/_pytest/config/__init__.py\", line 1140, in pytest_cmdline_parse\n    self.parse(args)\n  File \"/usr/local/lib/python3.10/site-packages/_pytest/config/__init__.py\", line 1494, in parse\n    self._preparse(args, addopts=addopts)\n  File \"/usr/local/lib/python3.10/site-packages/_pytest/config/__init__.py\", line 1398, in _preparse\n    self.hook.pytest_load_initial_conftests(\n  File \"/usr/local/lib/python3.10/site-packages/pluggy/_hooks.py\", line 513, in __call__\n    return self._hookexec(self.name, self._hookimpls.copy(), kwargs, firstresult)\n  File \"/usr/local/lib/python3.10/site-packages/pluggy/_manager.py\", line 120, in _hookexec\n    return self._inner_hookexec(hook_name, methods, kwargs, firstresult)\n  File \"/usr/local/lib/python3.10/site-packages/pluggy/_callers.py\", line 139, in _multicall\n    raise exception.with_traceback(exception.__traceback__)\n  File \"/usr/local/lib/python3.10/site-packages/pluggy/_callers.py\", line 122, in _multicall\n    teardown.throw(exception)  # type: ignore[union-attr]\n  File \"/usr/local/lib/python3.10/site-packages/_pytest/capture.py\", line 172, in pytest_load_initial_conftests\n    yield\n  File \"/usr/local/lib/python3.10/site-packages/pluggy/_callers.py\", line 103, in _multicall\n    res = hook_impl.function(*args)\n  File \"/usr/local/lib/python3.10/site-packages/_pytest/config/__init__.py\", line 1222, in pytest_load_initial_conftests\n    self.pluginmanager._set_initial_conftests(\n  File \"/usr/local/lib/python3.10/site-packages/_pytest/config/__init__.py\", line 581, in _set_initial_conftests\n    self._try_load_conftest(\n  File \"/usr/local/lib/python3.10/site-packages/_pytest/config/__init__.py\", line 619, in _try_load_conftest\n    self._loadconftestmodules(\n  File \"/usr/local/lib/python3.10/site-packages/_pytest/config/__init__.py\", line 659, in _loadconftestmodules\n    mod = self._importconftest(\n  File \"/usr/local/lib/python3.10/site-packages/_pytest/config/__init__.py\", line 735, in _importconftest\n    self.consider_conftest(mod, registration_name=conftestpath_plugin_name)\n  File \"/usr/local/lib/python3.10/site-packages/_pytest/config/__init__.py\", line 816, in consider_conftest\n    self.register(conftestmodule, name=registration_name)\n  File \"/usr/local/lib/python3.10/site-packages/_pytest/config/__init__.py\", line 512, in register\n    self.consider_module(plugin)\n  File \"/usr/local/lib/python3.10/site-packages/_pytest/config/__init__.py\", line 824, in consider_module\n    self._import_plugin_specs(getattr(mod, \"pytest_plugins\", []))\n  File \"/usr/local/lib/python3.10/site-packages/_pytest/config/__init__.py\", line 831, in _import_plugin_specs\n    self.import_plugin(import_spec)\n  File \"/usr/local/lib/python3.10/site-packages/_pytest/config/__init__.py\", line 860, in import_plugin\n    raise ImportError(\n  File \"/usr/local/lib/python3.10/site-packages/_pytest/config/__init__.py\", line 858, in import_plugin\n    __import__(importspec)\n  File \"/usr/local/lib/python3.10/site-packages/_pytest/assertion/rewrite.py\", line 185, in exec_module\n    exec(co, module.__dict__)\n  File \"/app/repo/sphinx/testing/fixtures.py\", line 21, in <module>\n    from sphinx.testing import util\n  File \"/app/repo/sphinx/testing/util.py\", line 23, in <module>\n    from sphinx import application, locale\n  File \"/app/repo/sphinx/application.py\", line 43, in <module>\n    from sphinx.registry import SphinxComponentRegistry\n  File \"/app/repo/sphinx/registry.py\", line 24, in <module>\n    from sphinx.builders import Builder\n  File \"/app/repo/sphinx/builders/__init__.py\", line 26, in <module>\n    from sphinx.util import import_object, logging, progress_message, rst, status_iterator\n  File \"/app/repo/sphinx/util/rst.py\", line 21, in <module>\n    from jinja2 import Environment, environmentfilter\nImportError: Error importing plugin \"sphinx.testing.fixtures\": cannot import name 'environmentfilter' from 'jinja2' (/usr/local/lib/python3.10/site-packages/jinja2/__init__.py)\n"
    },
    {
      "test_file": "tests/test_markup.py",
      "test_case": "test_inline[verify-term\\n",
      "test_type": "PASS_TO_PASS",
      "exit_code": 1,
      "stdout": "",
      "stderr": "Traceback (most recent call last):\n  File \"/usr/local/lib/python3.10/site-packages/_pytest/config/__init__.py\", line 858, in import_plugin\n    __import__(importspec)\n  File \"/usr/local/lib/python3.10/site-packages/_pytest/assertion/rewrite.py\", line 185, in exec_module\n    exec(co, module.__dict__)\n  File \"/app/repo/sphinx/testing/fixtures.py\", line 21, in <module>\n    from sphinx.testing import util\n  File \"/app/repo/sphinx/testing/util.py\", line 23, in <module>\n    from sphinx import application, locale\n  File \"/app/repo/sphinx/application.py\", line 43, in <module>\n    from sphinx.registry import SphinxComponentRegistry\n  File \"/app/repo/sphinx/registry.py\", line 24, in <module>\n    from sphinx.builders import Builder\n  File \"/app/repo/sphinx/builders/__init__.py\", line 26, in <module>\n    from sphinx.util import import_object, logging, progress_message, rst, status_iterator\n  File \"/app/repo/sphinx/util/rst.py\", line 21, in <module>\n    from jinja2 import Environment, environmentfilter\nImportError: cannot import name 'environmentfilter' from 'jinja2' (/usr/local/lib/python3.10/site-packages/jinja2/__init__.py)\n\nThe above exception was the direct cause of the following exception:\n\nTraceback (most recent call last):\n  File \"/usr/local/bin/pytest\", line 8, in <module>\n    sys.exit(console_main())\n  File \"/usr/local/lib/python3.10/site-packages/_pytest/config/__init__.py\", line 201, in console_main\n    code = main()\n  File \"/usr/local/lib/python3.10/site-packages/_pytest/config/__init__.py\", line 156, in main\n    config = _prepareconfig(args, plugins)\n  File \"/usr/local/lib/python3.10/site-packages/_pytest/config/__init__.py\", line 341, in _prepareconfig\n    config = pluginmanager.hook.pytest_cmdline_parse(\n  File \"/usr/local/lib/python3.10/site-packages/pluggy/_hooks.py\", line 513, in __call__\n    return self._hookexec(self.name, self._hookimpls.copy(), kwargs, firstresult)\n  File \"/usr/local/lib/python3.10/site-packages/pluggy/_manager.py\", line 120, in _hookexec\n    return self._inner_hookexec(hook_name, methods, kwargs, firstresult)\n  File \"/usr/local/lib/python3.10/site-packages/pluggy/_callers.py\", line 139, in _multicall\n    raise exception.with_traceback(exception.__traceback__)\n  File \"/usr/local/lib/python3.10/site-packages/pluggy/_callers.py\", line 122, in _multicall\n    teardown.throw(exception)  # type: ignore[union-attr]\n  File \"/usr/local/lib/python3.10/site-packages/_pytest/helpconfig.py\", line 105, in pytest_cmdline_parse\n    config = yield\n  File \"/usr/local/lib/python3.10/site-packages/pluggy/_callers.py\", line 103, in _multicall\n    res = hook_impl.function(*args)\n  File \"/usr/local/lib/python3.10/site-packages/_pytest/config/__init__.py\", line 1140, in pytest_cmdline_parse\n    self.parse(args)\n  File \"/usr/local/lib/python3.10/site-packages/_pytest/config/__init__.py\", line 1494, in parse\n    self._preparse(args, addopts=addopts)\n  File \"/usr/local/lib/python3.10/site-packages/_pytest/config/__init__.py\", line 1398, in _preparse\n    self.hook.pytest_load_initial_conftests(\n  File \"/usr/local/lib/python3.10/site-packages/pluggy/_hooks.py\", line 513, in __call__\n    return self._hookexec(self.name, self._hookimpls.copy(), kwargs, firstresult)\n  File \"/usr/local/lib/python3.10/site-packages/pluggy/_manager.py\", line 120, in _hookexec\n    return self._inner_hookexec(hook_name, methods, kwargs, firstresult)\n  File \"/usr/local/lib/python3.10/site-packages/pluggy/_callers.py\", line 139, in _multicall\n    raise exception.with_traceback(exception.__traceback__)\n  File \"/usr/local/lib/python3.10/site-packages/pluggy/_callers.py\", line 122, in _multicall\n    teardown.throw(exception)  # type: ignore[union-attr]\n  File \"/usr/local/lib/python3.10/site-packages/_pytest/capture.py\", line 172, in pytest_load_initial_conftests\n    yield\n  File \"/usr/local/lib/python3.10/site-packages/pluggy/_callers.py\", line 103, in _multicall\n    res = hook_impl.function(*args)\n  File \"/usr/local/lib/python3.10/site-packages/_pytest/config/__init__.py\", line 1222, in pytest_load_initial_conftests\n    self.pluginmanager._set_initial_conftests(\n  File \"/usr/local/lib/python3.10/site-packages/_pytest/config/__init__.py\", line 581, in _set_initial_conftests\n    self._try_load_conftest(\n  File \"/usr/local/lib/python3.10/site-packages/_pytest/config/__init__.py\", line 619, in _try_load_conftest\n    self._loadconftestmodules(\n  File \"/usr/local/lib/python3.10/site-packages/_pytest/config/__init__.py\", line 659, in _loadconftestmodules\n    mod = self._importconftest(\n  File \"/usr/local/lib/python3.10/site-packages/_pytest/config/__init__.py\", line 735, in _importconftest\n    self.consider_conftest(mod, registration_name=conftestpath_plugin_name)\n  File \"/usr/local/lib/python3.10/site-packages/_pytest/config/__init__.py\", line 816, in consider_conftest\n    self.register(conftestmodule, name=registration_name)\n  File \"/usr/local/lib/python3.10/site-packages/_pytest/config/__init__.py\", line 512, in register\n    self.consider_module(plugin)\n  File \"/usr/local/lib/python3.10/site-packages/_pytest/config/__init__.py\", line 824, in consider_module\n    self._import_plugin_specs(getattr(mod, \"pytest_plugins\", []))\n  File \"/usr/local/lib/python3.10/site-packages/_pytest/config/__init__.py\", line 831, in _import_plugin_specs\n    self.import_plugin(import_spec)\n  File \"/usr/local/lib/python3.10/site-packages/_pytest/config/__init__.py\", line 860, in import_plugin\n    raise ImportError(\n  File \"/usr/local/lib/python3.10/site-packages/_pytest/config/__init__.py\", line 858, in import_plugin\n    __import__(importspec)\n  File \"/usr/local/lib/python3.10/site-packages/_pytest/assertion/rewrite.py\", line 185, in exec_module\n    exec(co, module.__dict__)\n  File \"/app/repo/sphinx/testing/fixtures.py\", line 21, in <module>\n    from sphinx.testing import util\n  File \"/app/repo/sphinx/testing/util.py\", line 23, in <module>\n    from sphinx import application, locale\n  File \"/app/repo/sphinx/application.py\", line 43, in <module>\n    from sphinx.registry import SphinxComponentRegistry\n  File \"/app/repo/sphinx/registry.py\", line 24, in <module>\n    from sphinx.builders import Builder\n  File \"/app/repo/sphinx/builders/__init__.py\", line 26, in <module>\n    from sphinx.util import import_object, logging, progress_message, rst, status_iterator\n  File \"/app/repo/sphinx/util/rst.py\", line 21, in <module>\n    from jinja2 import Environment, environmentfilter\nImportError: Error importing plugin \"sphinx.testing.fixtures\": cannot import name 'environmentfilter' from 'jinja2' (/usr/local/lib/python3.10/site-packages/jinja2/__init__.py)\n"
    },
    {
      "test_file": "tests/test_markup.py",
      "test_case": "test_inline[verify-term",
      "test_type": "PASS_TO_PASS",
      "exit_code": 1,
      "stdout": "",
      "stderr": "Traceback (most recent call last):\n  File \"/usr/local/lib/python3.10/site-packages/_pytest/config/__init__.py\", line 858, in import_plugin\n    __import__(importspec)\n  File \"/usr/local/lib/python3.10/site-packages/_pytest/assertion/rewrite.py\", line 185, in exec_module\n    exec(co, module.__dict__)\n  File \"/app/repo/sphinx/testing/fixtures.py\", line 21, in <module>\n    from sphinx.testing import util\n  File \"/app/repo/sphinx/testing/util.py\", line 23, in <module>\n    from sphinx import application, locale\n  File \"/app/repo/sphinx/application.py\", line 43, in <module>\n    from sphinx.registry import SphinxComponentRegistry\n  File \"/app/repo/sphinx/registry.py\", line 24, in <module>\n    from sphinx.builders import Builder\n  File \"/app/repo/sphinx/builders/__init__.py\", line 26, in <module>\n    from sphinx.util import import_object, logging, progress_message, rst, status_iterator\n  File \"/app/repo/sphinx/util/rst.py\", line 21, in <module>\n    from jinja2 import Environment, environmentfilter\nImportError: cannot import name 'environmentfilter' from 'jinja2' (/usr/local/lib/python3.10/site-packages/jinja2/__init__.py)\n\nThe above exception was the direct cause of the following exception:\n\nTraceback (most recent call last):\n  File \"/usr/local/bin/pytest\", line 8, in <module>\n    sys.exit(console_main())\n  File \"/usr/local/lib/python3.10/site-packages/_pytest/config/__init__.py\", line 201, in console_main\n    code = main()\n  File \"/usr/local/lib/python3.10/site-packages/_pytest/config/__init__.py\", line 156, in main\n    config = _prepareconfig(args, plugins)\n  File \"/usr/local/lib/python3.10/site-packages/_pytest/config/__init__.py\", line 341, in _prepareconfig\n    config = pluginmanager.hook.pytest_cmdline_parse(\n  File \"/usr/local/lib/python3.10/site-packages/pluggy/_hooks.py\", line 513, in __call__\n    return self._hookexec(self.name, self._hookimpls.copy(), kwargs, firstresult)\n  File \"/usr/local/lib/python3.10/site-packages/pluggy/_manager.py\", line 120, in _hookexec\n    return self._inner_hookexec(hook_name, methods, kwargs, firstresult)\n  File \"/usr/local/lib/python3.10/site-packages/pluggy/_callers.py\", line 139, in _multicall\n    raise exception.with_traceback(exception.__traceback__)\n  File \"/usr/local/lib/python3.10/site-packages/pluggy/_callers.py\", line 122, in _multicall\n    teardown.throw(exception)  # type: ignore[union-attr]\n  File \"/usr/local/lib/python3.10/site-packages/_pytest/helpconfig.py\", line 105, in pytest_cmdline_parse\n    config = yield\n  File \"/usr/local/lib/python3.10/site-packages/pluggy/_callers.py\", line 103, in _multicall\n    res = hook_impl.function(*args)\n  File \"/usr/local/lib/python3.10/site-packages/_pytest/config/__init__.py\", line 1140, in pytest_cmdline_parse\n    self.parse(args)\n  File \"/usr/local/lib/python3.10/site-packages/_pytest/config/__init__.py\", line 1494, in parse\n    self._preparse(args, addopts=addopts)\n  File \"/usr/local/lib/python3.10/site-packages/_pytest/config/__init__.py\", line 1398, in _preparse\n    self.hook.pytest_load_initial_conftests(\n  File \"/usr/local/lib/python3.10/site-packages/pluggy/_hooks.py\", line 513, in __call__\n    return self._hookexec(self.name, self._hookimpls.copy(), kwargs, firstresult)\n  File \"/usr/local/lib/python3.10/site-packages/pluggy/_manager.py\", line 120, in _hookexec\n    return self._inner_hookexec(hook_name, methods, kwargs, firstresult)\n  File \"/usr/local/lib/python3.10/site-packages/pluggy/_callers.py\", line 139, in _multicall\n    raise exception.with_traceback(exception.__traceback__)\n  File \"/usr/local/lib/python3.10/site-packages/pluggy/_callers.py\", line 122, in _multicall\n    teardown.throw(exception)  # type: ignore[union-attr]\n  File \"/usr/local/lib/python3.10/site-packages/_pytest/capture.py\", line 172, in pytest_load_initial_conftests\n    yield\n  File \"/usr/local/lib/python3.10/site-packages/pluggy/_callers.py\", line 103, in _multicall\n    res = hook_impl.function(*args)\n  File \"/usr/local/lib/python3.10/site-packages/_pytest/config/__init__.py\", line 1222, in pytest_load_initial_conftests\n    self.pluginmanager._set_initial_conftests(\n  File \"/usr/local/lib/python3.10/site-packages/_pytest/config/__init__.py\", line 581, in _set_initial_conftests\n    self._try_load_conftest(\n  File \"/usr/local/lib/python3.10/site-packages/_pytest/config/__init__.py\", line 619, in _try_load_conftest\n    self._loadconftestmodules(\n  File \"/usr/local/lib/python3.10/site-packages/_pytest/config/__init__.py\", line 659, in _loadconftestmodules\n    mod = self._importconftest(\n  File \"/usr/local/lib/python3.10/site-packages/_pytest/config/__init__.py\", line 735, in _importconftest\n    self.consider_conftest(mod, registration_name=conftestpath_plugin_name)\n  File \"/usr/local/lib/python3.10/site-packages/_pytest/config/__init__.py\", line 816, in consider_conftest\n    self.register(conftestmodule, name=registration_name)\n  File \"/usr/local/lib/python3.10/site-packages/_pytest/config/__init__.py\", line 512, in register\n    self.consider_module(plugin)\n  File \"/usr/local/lib/python3.10/site-packages/_pytest/config/__init__.py\", line 824, in consider_module\n    self._import_plugin_specs(getattr(mod, \"pytest_plugins\", []))\n  File \"/usr/local/lib/python3.10/site-packages/_pytest/config/__init__.py\", line 831, in _import_plugin_specs\n    self.import_plugin(import_spec)\n  File \"/usr/local/lib/python3.10/site-packages/_pytest/config/__init__.py\", line 860, in import_plugin\n    raise ImportError(\n  File \"/usr/local/lib/python3.10/site-packages/_pytest/config/__init__.py\", line 858, in import_plugin\n    __import__(importspec)\n  File \"/usr/local/lib/python3.10/site-packages/_pytest/assertion/rewrite.py\", line 185, in exec_module\n    exec(co, module.__dict__)\n  File \"/app/repo/sphinx/testing/fixtures.py\", line 21, in <module>\n    from sphinx.testing import util\n  File \"/app/repo/sphinx/testing/util.py\", line 23, in <module>\n    from sphinx import application, locale\n  File \"/app/repo/sphinx/application.py\", line 43, in <module>\n    from sphinx.registry import SphinxComponentRegistry\n  File \"/app/repo/sphinx/registry.py\", line 24, in <module>\n    from sphinx.builders import Builder\n  File \"/app/repo/sphinx/builders/__init__.py\", line 26, in <module>\n    from sphinx.util import import_object, logging, progress_message, rst, status_iterator\n  File \"/app/repo/sphinx/util/rst.py\", line 21, in <module>\n    from jinja2 import Environment, environmentfilter\nImportError: Error importing plugin \"sphinx.testing.fixtures\": cannot import name 'environmentfilter' from 'jinja2' (/usr/local/lib/python3.10/site-packages/jinja2/__init__.py)\n"
    },
    {
      "test_file": "tests/test_markup.py",
      "test_case": "test_inline[verify-..",
      "test_type": "PASS_TO_PASS",
      "exit_code": 1,
      "stdout": "",
      "stderr": "Traceback (most recent call last):\n  File \"/usr/local/lib/python3.10/site-packages/_pytest/config/__init__.py\", line 858, in import_plugin\n    __import__(importspec)\n  File \"/usr/local/lib/python3.10/site-packages/_pytest/assertion/rewrite.py\", line 185, in exec_module\n    exec(co, module.__dict__)\n  File \"/app/repo/sphinx/testing/fixtures.py\", line 21, in <module>\n    from sphinx.testing import util\n  File \"/app/repo/sphinx/testing/util.py\", line 23, in <module>\n    from sphinx import application, locale\n  File \"/app/repo/sphinx/application.py\", line 43, in <module>\n    from sphinx.registry import SphinxComponentRegistry\n  File \"/app/repo/sphinx/registry.py\", line 24, in <module>\n    from sphinx.builders import Builder\n  File \"/app/repo/sphinx/builders/__init__.py\", line 26, in <module>\n    from sphinx.util import import_object, logging, progress_message, rst, status_iterator\n  File \"/app/repo/sphinx/util/rst.py\", line 21, in <module>\n    from jinja2 import Environment, environmentfilter\nImportError: cannot import name 'environmentfilter' from 'jinja2' (/usr/local/lib/python3.10/site-packages/jinja2/__init__.py)\n\nThe above exception was the direct cause of the following exception:\n\nTraceback (most recent call last):\n  File \"/usr/local/bin/pytest\", line 8, in <module>\n    sys.exit(console_main())\n  File \"/usr/local/lib/python3.10/site-packages/_pytest/config/__init__.py\", line 201, in console_main\n    code = main()\n  File \"/usr/local/lib/python3.10/site-packages/_pytest/config/__init__.py\", line 156, in main\n    config = _prepareconfig(args, plugins)\n  File \"/usr/local/lib/python3.10/site-packages/_pytest/config/__init__.py\", line 341, in _prepareconfig\n    config = pluginmanager.hook.pytest_cmdline_parse(\n  File \"/usr/local/lib/python3.10/site-packages/pluggy/_hooks.py\", line 513, in __call__\n    return self._hookexec(self.name, self._hookimpls.copy(), kwargs, firstresult)\n  File \"/usr/local/lib/python3.10/site-packages/pluggy/_manager.py\", line 120, in _hookexec\n    return self._inner_hookexec(hook_name, methods, kwargs, firstresult)\n  File \"/usr/local/lib/python3.10/site-packages/pluggy/_callers.py\", line 139, in _multicall\n    raise exception.with_traceback(exception.__traceback__)\n  File \"/usr/local/lib/python3.10/site-packages/pluggy/_callers.py\", line 122, in _multicall\n    teardown.throw(exception)  # type: ignore[union-attr]\n  File \"/usr/local/lib/python3.10/site-packages/_pytest/helpconfig.py\", line 105, in pytest_cmdline_parse\n    config = yield\n  File \"/usr/local/lib/python3.10/site-packages/pluggy/_callers.py\", line 103, in _multicall\n    res = hook_impl.function(*args)\n  File \"/usr/local/lib/python3.10/site-packages/_pytest/config/__init__.py\", line 1140, in pytest_cmdline_parse\n    self.parse(args)\n  File \"/usr/local/lib/python3.10/site-packages/_pytest/config/__init__.py\", line 1494, in parse\n    self._preparse(args, addopts=addopts)\n  File \"/usr/local/lib/python3.10/site-packages/_pytest/config/__init__.py\", line 1398, in _preparse\n    self.hook.pytest_load_initial_conftests(\n  File \"/usr/local/lib/python3.10/site-packages/pluggy/_hooks.py\", line 513, in __call__\n    return self._hookexec(self.name, self._hookimpls.copy(), kwargs, firstresult)\n  File \"/usr/local/lib/python3.10/site-packages/pluggy/_manager.py\", line 120, in _hookexec\n    return self._inner_hookexec(hook_name, methods, kwargs, firstresult)\n  File \"/usr/local/lib/python3.10/site-packages/pluggy/_callers.py\", line 139, in _multicall\n    raise exception.with_traceback(exception.__traceback__)\n  File \"/usr/local/lib/python3.10/site-packages/pluggy/_callers.py\", line 122, in _multicall\n    teardown.throw(exception)  # type: ignore[union-attr]\n  File \"/usr/local/lib/python3.10/site-packages/_pytest/capture.py\", line 172, in pytest_load_initial_conftests\n    yield\n  File \"/usr/local/lib/python3.10/site-packages/pluggy/_callers.py\", line 103, in _multicall\n    res = hook_impl.function(*args)\n  File \"/usr/local/lib/python3.10/site-packages/_pytest/config/__init__.py\", line 1222, in pytest_load_initial_conftests\n    self.pluginmanager._set_initial_conftests(\n  File \"/usr/local/lib/python3.10/site-packages/_pytest/config/__init__.py\", line 581, in _set_initial_conftests\n    self._try_load_conftest(\n  File \"/usr/local/lib/python3.10/site-packages/_pytest/config/__init__.py\", line 619, in _try_load_conftest\n    self._loadconftestmodules(\n  File \"/usr/local/lib/python3.10/site-packages/_pytest/config/__init__.py\", line 659, in _loadconftestmodules\n    mod = self._importconftest(\n  File \"/usr/local/lib/python3.10/site-packages/_pytest/config/__init__.py\", line 735, in _importconftest\n    self.consider_conftest(mod, registration_name=conftestpath_plugin_name)\n  File \"/usr/local/lib/python3.10/site-packages/_pytest/config/__init__.py\", line 816, in consider_conftest\n    self.register(conftestmodule, name=registration_name)\n  File \"/usr/local/lib/python3.10/site-packages/_pytest/config/__init__.py\", line 512, in register\n    self.consider_module(plugin)\n  File \"/usr/local/lib/python3.10/site-packages/_pytest/config/__init__.py\", line 824, in consider_module\n    self._import_plugin_specs(getattr(mod, \"pytest_plugins\", []))\n  File \"/usr/local/lib/python3.10/site-packages/_pytest/config/__init__.py\", line 831, in _import_plugin_specs\n    self.import_plugin(import_spec)\n  File \"/usr/local/lib/python3.10/site-packages/_pytest/config/__init__.py\", line 860, in import_plugin\n    raise ImportError(\n  File \"/usr/local/lib/python3.10/site-packages/_pytest/config/__init__.py\", line 858, in import_plugin\n    __import__(importspec)\n  File \"/usr/local/lib/python3.10/site-packages/_pytest/assertion/rewrite.py\", line 185, in exec_module\n    exec(co, module.__dict__)\n  File \"/app/repo/sphinx/testing/fixtures.py\", line 21, in <module>\n    from sphinx.testing import util\n  File \"/app/repo/sphinx/testing/util.py\", line 23, in <module>\n    from sphinx import application, locale\n  File \"/app/repo/sphinx/application.py\", line 43, in <module>\n    from sphinx.registry import SphinxComponentRegistry\n  File \"/app/repo/sphinx/registry.py\", line 24, in <module>\n    from sphinx.builders import Builder\n  File \"/app/repo/sphinx/builders/__init__.py\", line 26, in <module>\n    from sphinx.util import import_object, logging, progress_message, rst, status_iterator\n  File \"/app/repo/sphinx/util/rst.py\", line 21, in <module>\n    from jinja2 import Environment, environmentfilter\nImportError: Error importing plugin \"sphinx.testing.fixtures\": cannot import name 'environmentfilter' from 'jinja2' (/usr/local/lib/python3.10/site-packages/jinja2/__init__.py)\n"
    },
    {
      "test_file": "tests/test_markup.py",
      "test_case": "test_inline_docutils16[verify-4",
      "test_type": "PASS_TO_PASS",
      "exit_code": 1,
      "stdout": "",
      "stderr": "Traceback (most recent call last):\n  File \"/usr/local/lib/python3.10/site-packages/_pytest/config/__init__.py\", line 858, in import_plugin\n    __import__(importspec)\n  File \"/usr/local/lib/python3.10/site-packages/_pytest/assertion/rewrite.py\", line 185, in exec_module\n    exec(co, module.__dict__)\n  File \"/app/repo/sphinx/testing/fixtures.py\", line 21, in <module>\n    from sphinx.testing import util\n  File \"/app/repo/sphinx/testing/util.py\", line 23, in <module>\n    from sphinx import application, locale\n  File \"/app/repo/sphinx/application.py\", line 43, in <module>\n    from sphinx.registry import SphinxComponentRegistry\n  File \"/app/repo/sphinx/registry.py\", line 24, in <module>\n    from sphinx.builders import Builder\n  File \"/app/repo/sphinx/builders/__init__.py\", line 26, in <module>\n    from sphinx.util import import_object, logging, progress_message, rst, status_iterator\n  File \"/app/repo/sphinx/util/rst.py\", line 21, in <module>\n    from jinja2 import Environment, environmentfilter\nImportError: cannot import name 'environmentfilter' from 'jinja2' (/usr/local/lib/python3.10/site-packages/jinja2/__init__.py)\n\nThe above exception was the direct cause of the following exception:\n\nTraceback (most recent call last):\n  File \"/usr/local/bin/pytest\", line 8, in <module>\n    sys.exit(console_main())\n  File \"/usr/local/lib/python3.10/site-packages/_pytest/config/__init__.py\", line 201, in console_main\n    code = main()\n  File \"/usr/local/lib/python3.10/site-packages/_pytest/config/__init__.py\", line 156, in main\n    config = _prepareconfig(args, plugins)\n  File \"/usr/local/lib/python3.10/site-packages/_pytest/config/__init__.py\", line 341, in _prepareconfig\n    config = pluginmanager.hook.pytest_cmdline_parse(\n  File \"/usr/local/lib/python3.10/site-packages/pluggy/_hooks.py\", line 513, in __call__\n    return self._hookexec(self.name, self._hookimpls.copy(), kwargs, firstresult)\n  File \"/usr/local/lib/python3.10/site-packages/pluggy/_manager.py\", line 120, in _hookexec\n    return self._inner_hookexec(hook_name, methods, kwargs, firstresult)\n  File \"/usr/local/lib/python3.10/site-packages/pluggy/_callers.py\", line 139, in _multicall\n    raise exception.with_traceback(exception.__traceback__)\n  File \"/usr/local/lib/python3.10/site-packages/pluggy/_callers.py\", line 122, in _multicall\n    teardown.throw(exception)  # type: ignore[union-attr]\n  File \"/usr/local/lib/python3.10/site-packages/_pytest/helpconfig.py\", line 105, in pytest_cmdline_parse\n    config = yield\n  File \"/usr/local/lib/python3.10/site-packages/pluggy/_callers.py\", line 103, in _multicall\n    res = hook_impl.function(*args)\n  File \"/usr/local/lib/python3.10/site-packages/_pytest/config/__init__.py\", line 1140, in pytest_cmdline_parse\n    self.parse(args)\n  File \"/usr/local/lib/python3.10/site-packages/_pytest/config/__init__.py\", line 1494, in parse\n    self._preparse(args, addopts=addopts)\n  File \"/usr/local/lib/python3.10/site-packages/_pytest/config/__init__.py\", line 1398, in _preparse\n    self.hook.pytest_load_initial_conftests(\n  File \"/usr/local/lib/python3.10/site-packages/pluggy/_hooks.py\", line 513, in __call__\n    return self._hookexec(self.name, self._hookimpls.copy(), kwargs, firstresult)\n  File \"/usr/local/lib/python3.10/site-packages/pluggy/_manager.py\", line 120, in _hookexec\n    return self._inner_hookexec(hook_name, methods, kwargs, firstresult)\n  File \"/usr/local/lib/python3.10/site-packages/pluggy/_callers.py\", line 139, in _multicall\n    raise exception.with_traceback(exception.__traceback__)\n  File \"/usr/local/lib/python3.10/site-packages/pluggy/_callers.py\", line 122, in _multicall\n    teardown.throw(exception)  # type: ignore[union-attr]\n  File \"/usr/local/lib/python3.10/site-packages/_pytest/capture.py\", line 172, in pytest_load_initial_conftests\n    yield\n  File \"/usr/local/lib/python3.10/site-packages/pluggy/_callers.py\", line 103, in _multicall\n    res = hook_impl.function(*args)\n  File \"/usr/local/lib/python3.10/site-packages/_pytest/config/__init__.py\", line 1222, in pytest_load_initial_conftests\n    self.pluginmanager._set_initial_conftests(\n  File \"/usr/local/lib/python3.10/site-packages/_pytest/config/__init__.py\", line 581, in _set_initial_conftests\n    self._try_load_conftest(\n  File \"/usr/local/lib/python3.10/site-packages/_pytest/config/__init__.py\", line 619, in _try_load_conftest\n    self._loadconftestmodules(\n  File \"/usr/local/lib/python3.10/site-packages/_pytest/config/__init__.py\", line 659, in _loadconftestmodules\n    mod = self._importconftest(\n  File \"/usr/local/lib/python3.10/site-packages/_pytest/config/__init__.py\", line 735, in _importconftest\n    self.consider_conftest(mod, registration_name=conftestpath_plugin_name)\n  File \"/usr/local/lib/python3.10/site-packages/_pytest/config/__init__.py\", line 816, in consider_conftest\n    self.register(conftestmodule, name=registration_name)\n  File \"/usr/local/lib/python3.10/site-packages/_pytest/config/__init__.py\", line 512, in register\n    self.consider_module(plugin)\n  File \"/usr/local/lib/python3.10/site-packages/_pytest/config/__init__.py\", line 824, in consider_module\n    self._import_plugin_specs(getattr(mod, \"pytest_plugins\", []))\n  File \"/usr/local/lib/python3.10/site-packages/_pytest/config/__init__.py\", line 831, in _import_plugin_specs\n    self.import_plugin(import_spec)\n  File \"/usr/local/lib/python3.10/site-packages/_pytest/config/__init__.py\", line 860, in import_plugin\n    raise ImportError(\n  File \"/usr/local/lib/python3.10/site-packages/_pytest/config/__init__.py\", line 858, in import_plugin\n    __import__(importspec)\n  File \"/usr/local/lib/python3.10/site-packages/_pytest/assertion/rewrite.py\", line 185, in exec_module\n    exec(co, module.__dict__)\n  File \"/app/repo/sphinx/testing/fixtures.py\", line 21, in <module>\n    from sphinx.testing import util\n  File \"/app/repo/sphinx/testing/util.py\", line 23, in <module>\n    from sphinx import application, locale\n  File \"/app/repo/sphinx/application.py\", line 43, in <module>\n    from sphinx.registry import SphinxComponentRegistry\n  File \"/app/repo/sphinx/registry.py\", line 24, in <module>\n    from sphinx.builders import Builder\n  File \"/app/repo/sphinx/builders/__init__.py\", line 26, in <module>\n    from sphinx.util import import_object, logging, progress_message, rst, status_iterator\n  File \"/app/repo/sphinx/util/rst.py\", line 21, in <module>\n    from jinja2 import Environment, environmentfilter\nImportError: Error importing plugin \"sphinx.testing.fixtures\": cannot import name 'environmentfilter' from 'jinja2' (/usr/local/lib/python3.10/site-packages/jinja2/__init__.py)\n"
    },
    {
      "test_file": "tests/test_markup.py",
      "test_case": "test_samp_role",
      "test_type": "PASS_TO_PASS",
      "exit_code": 1,
      "stdout": "",
      "stderr": "Traceback (most recent call last):\n  File \"/usr/local/lib/python3.10/site-packages/_pytest/config/__init__.py\", line 858, in import_plugin\n    __import__(importspec)\n  File \"/usr/local/lib/python3.10/site-packages/_pytest/assertion/rewrite.py\", line 185, in exec_module\n    exec(co, module.__dict__)\n  File \"/app/repo/sphinx/testing/fixtures.py\", line 21, in <module>\n    from sphinx.testing import util\n  File \"/app/repo/sphinx/testing/util.py\", line 23, in <module>\n    from sphinx import application, locale\n  File \"/app/repo/sphinx/application.py\", line 43, in <module>\n    from sphinx.registry import SphinxComponentRegistry\n  File \"/app/repo/sphinx/registry.py\", line 24, in <module>\n    from sphinx.builders import Builder\n  File \"/app/repo/sphinx/builders/__init__.py\", line 26, in <module>\n    from sphinx.util import import_object, logging, progress_message, rst, status_iterator\n  File \"/app/repo/sphinx/util/rst.py\", line 21, in <module>\n    from jinja2 import Environment, environmentfilter\nImportError: cannot import name 'environmentfilter' from 'jinja2' (/usr/local/lib/python3.10/site-packages/jinja2/__init__.py)\n\nThe above exception was the direct cause of the following exception:\n\nTraceback (most recent call last):\n  File \"/usr/local/bin/pytest\", line 8, in <module>\n    sys.exit(console_main())\n  File \"/usr/local/lib/python3.10/site-packages/_pytest/config/__init__.py\", line 201, in console_main\n    code = main()\n  File \"/usr/local/lib/python3.10/site-packages/_pytest/config/__init__.py\", line 156, in main\n    config = _prepareconfig(args, plugins)\n  File \"/usr/local/lib/python3.10/site-packages/_pytest/config/__init__.py\", line 341, in _prepareconfig\n    config = pluginmanager.hook.pytest_cmdline_parse(\n  File \"/usr/local/lib/python3.10/site-packages/pluggy/_hooks.py\", line 513, in __call__\n    return self._hookexec(self.name, self._hookimpls.copy(), kwargs, firstresult)\n  File \"/usr/local/lib/python3.10/site-packages/pluggy/_manager.py\", line 120, in _hookexec\n    return self._inner_hookexec(hook_name, methods, kwargs, firstresult)\n  File \"/usr/local/lib/python3.10/site-packages/pluggy/_callers.py\", line 139, in _multicall\n    raise exception.with_traceback(exception.__traceback__)\n  File \"/usr/local/lib/python3.10/site-packages/pluggy/_callers.py\", line 122, in _multicall\n    teardown.throw(exception)  # type: ignore[union-attr]\n  File \"/usr/local/lib/python3.10/site-packages/_pytest/helpconfig.py\", line 105, in pytest_cmdline_parse\n    config = yield\n  File \"/usr/local/lib/python3.10/site-packages/pluggy/_callers.py\", line 103, in _multicall\n    res = hook_impl.function(*args)\n  File \"/usr/local/lib/python3.10/site-packages/_pytest/config/__init__.py\", line 1140, in pytest_cmdline_parse\n    self.parse(args)\n  File \"/usr/local/lib/python3.10/site-packages/_pytest/config/__init__.py\", line 1494, in parse\n    self._preparse(args, addopts=addopts)\n  File \"/usr/local/lib/python3.10/site-packages/_pytest/config/__init__.py\", line 1398, in _preparse\n    self.hook.pytest_load_initial_conftests(\n  File \"/usr/local/lib/python3.10/site-packages/pluggy/_hooks.py\", line 513, in __call__\n    return self._hookexec(self.name, self._hookimpls.copy(), kwargs, firstresult)\n  File \"/usr/local/lib/python3.10/site-packages/pluggy/_manager.py\", line 120, in _hookexec\n    return self._inner_hookexec(hook_name, methods, kwargs, firstresult)\n  File \"/usr/local/lib/python3.10/site-packages/pluggy/_callers.py\", line 139, in _multicall\n    raise exception.with_traceback(exception.__traceback__)\n  File \"/usr/local/lib/python3.10/site-packages/pluggy/_callers.py\", line 122, in _multicall\n    teardown.throw(exception)  # type: ignore[union-attr]\n  File \"/usr/local/lib/python3.10/site-packages/_pytest/capture.py\", line 172, in pytest_load_initial_conftests\n    yield\n  File \"/usr/local/lib/python3.10/site-packages/pluggy/_callers.py\", line 103, in _multicall\n    res = hook_impl.function(*args)\n  File \"/usr/local/lib/python3.10/site-packages/_pytest/config/__init__.py\", line 1222, in pytest_load_initial_conftests\n    self.pluginmanager._set_initial_conftests(\n  File \"/usr/local/lib/python3.10/site-packages/_pytest/config/__init__.py\", line 581, in _set_initial_conftests\n    self._try_load_conftest(\n  File \"/usr/local/lib/python3.10/site-packages/_pytest/config/__init__.py\", line 619, in _try_load_conftest\n    self._loadconftestmodules(\n  File \"/usr/local/lib/python3.10/site-packages/_pytest/config/__init__.py\", line 659, in _loadconftestmodules\n    mod = self._importconftest(\n  File \"/usr/local/lib/python3.10/site-packages/_pytest/config/__init__.py\", line 735, in _importconftest\n    self.consider_conftest(mod, registration_name=conftestpath_plugin_name)\n  File \"/usr/local/lib/python3.10/site-packages/_pytest/config/__init__.py\", line 816, in consider_conftest\n    self.register(conftestmodule, name=registration_name)\n  File \"/usr/local/lib/python3.10/site-packages/_pytest/config/__init__.py\", line 512, in register\n    self.consider_module(plugin)\n  File \"/usr/local/lib/python3.10/site-packages/_pytest/config/__init__.py\", line 824, in consider_module\n    self._import_plugin_specs(getattr(mod, \"pytest_plugins\", []))\n  File \"/usr/local/lib/python3.10/site-packages/_pytest/config/__init__.py\", line 831, in _import_plugin_specs\n    self.import_plugin(import_spec)\n  File \"/usr/local/lib/python3.10/site-packages/_pytest/config/__init__.py\", line 860, in import_plugin\n    raise ImportError(\n  File \"/usr/local/lib/python3.10/site-packages/_pytest/config/__init__.py\", line 858, in import_plugin\n    __import__(importspec)\n  File \"/usr/local/lib/python3.10/site-packages/_pytest/assertion/rewrite.py\", line 185, in exec_module\n    exec(co, module.__dict__)\n  File \"/app/repo/sphinx/testing/fixtures.py\", line 21, in <module>\n    from sphinx.testing import util\n  File \"/app/repo/sphinx/testing/util.py\", line 23, in <module>\n    from sphinx import application, locale\n  File \"/app/repo/sphinx/application.py\", line 43, in <module>\n    from sphinx.registry import SphinxComponentRegistry\n  File \"/app/repo/sphinx/registry.py\", line 24, in <module>\n    from sphinx.builders import Builder\n  File \"/app/repo/sphinx/builders/__init__.py\", line 26, in <module>\n    from sphinx.util import import_object, logging, progress_message, rst, status_iterator\n  File \"/app/repo/sphinx/util/rst.py\", line 21, in <module>\n    from jinja2 import Environment, environmentfilter\nImportError: Error importing plugin \"sphinx.testing.fixtures\": cannot import name 'environmentfilter' from 'jinja2' (/usr/local/lib/python3.10/site-packages/jinja2/__init__.py)\n"
    },
    {
      "test_file": "tests/test_markup.py",
      "test_case": "test_download_role",
      "test_type": "PASS_TO_PASS",
      "exit_code": 1,
      "stdout": "",
      "stderr": "Traceback (most recent call last):\n  File \"/usr/local/lib/python3.10/site-packages/_pytest/config/__init__.py\", line 858, in import_plugin\n    __import__(importspec)\n  File \"/usr/local/lib/python3.10/site-packages/_pytest/assertion/rewrite.py\", line 185, in exec_module\n    exec(co, module.__dict__)\n  File \"/app/repo/sphinx/testing/fixtures.py\", line 21, in <module>\n    from sphinx.testing import util\n  File \"/app/repo/sphinx/testing/util.py\", line 23, in <module>\n    from sphinx import application, locale\n  File \"/app/repo/sphinx/application.py\", line 43, in <module>\n    from sphinx.registry import SphinxComponentRegistry\n  File \"/app/repo/sphinx/registry.py\", line 24, in <module>\n    from sphinx.builders import Builder\n  File \"/app/repo/sphinx/builders/__init__.py\", line 26, in <module>\n    from sphinx.util import import_object, logging, progress_message, rst, status_iterator\n  File \"/app/repo/sphinx/util/rst.py\", line 21, in <module>\n    from jinja2 import Environment, environmentfilter\nImportError: cannot import name 'environmentfilter' from 'jinja2' (/usr/local/lib/python3.10/site-packages/jinja2/__init__.py)\n\nThe above exception was the direct cause of the following exception:\n\nTraceback (most recent call last):\n  File \"/usr/local/bin/pytest\", line 8, in <module>\n    sys.exit(console_main())\n  File \"/usr/local/lib/python3.10/site-packages/_pytest/config/__init__.py\", line 201, in console_main\n    code = main()\n  File \"/usr/local/lib/python3.10/site-packages/_pytest/config/__init__.py\", line 156, in main\n    config = _prepareconfig(args, plugins)\n  File \"/usr/local/lib/python3.10/site-packages/_pytest/config/__init__.py\", line 341, in _prepareconfig\n    config = pluginmanager.hook.pytest_cmdline_parse(\n  File \"/usr/local/lib/python3.10/site-packages/pluggy/_hooks.py\", line 513, in __call__\n    return self._hookexec(self.name, self._hookimpls.copy(), kwargs, firstresult)\n  File \"/usr/local/lib/python3.10/site-packages/pluggy/_manager.py\", line 120, in _hookexec\n    return self._inner_hookexec(hook_name, methods, kwargs, firstresult)\n  File \"/usr/local/lib/python3.10/site-packages/pluggy/_callers.py\", line 139, in _multicall\n    raise exception.with_traceback(exception.__traceback__)\n  File \"/usr/local/lib/python3.10/site-packages/pluggy/_callers.py\", line 122, in _multicall\n    teardown.throw(exception)  # type: ignore[union-attr]\n  File \"/usr/local/lib/python3.10/site-packages/_pytest/helpconfig.py\", line 105, in pytest_cmdline_parse\n    config = yield\n  File \"/usr/local/lib/python3.10/site-packages/pluggy/_callers.py\", line 103, in _multicall\n    res = hook_impl.function(*args)\n  File \"/usr/local/lib/python3.10/site-packages/_pytest/config/__init__.py\", line 1140, in pytest_cmdline_parse\n    self.parse(args)\n  File \"/usr/local/lib/python3.10/site-packages/_pytest/config/__init__.py\", line 1494, in parse\n    self._preparse(args, addopts=addopts)\n  File \"/usr/local/lib/python3.10/site-packages/_pytest/config/__init__.py\", line 1398, in _preparse\n    self.hook.pytest_load_initial_conftests(\n  File \"/usr/local/lib/python3.10/site-packages/pluggy/_hooks.py\", line 513, in __call__\n    return self._hookexec(self.name, self._hookimpls.copy(), kwargs, firstresult)\n  File \"/usr/local/lib/python3.10/site-packages/pluggy/_manager.py\", line 120, in _hookexec\n    return self._inner_hookexec(hook_name, methods, kwargs, firstresult)\n  File \"/usr/local/lib/python3.10/site-packages/pluggy/_callers.py\", line 139, in _multicall\n    raise exception.with_traceback(exception.__traceback__)\n  File \"/usr/local/lib/python3.10/site-packages/pluggy/_callers.py\", line 122, in _multicall\n    teardown.throw(exception)  # type: ignore[union-attr]\n  File \"/usr/local/lib/python3.10/site-packages/_pytest/capture.py\", line 172, in pytest_load_initial_conftests\n    yield\n  File \"/usr/local/lib/python3.10/site-packages/pluggy/_callers.py\", line 103, in _multicall\n    res = hook_impl.function(*args)\n  File \"/usr/local/lib/python3.10/site-packages/_pytest/config/__init__.py\", line 1222, in pytest_load_initial_conftests\n    self.pluginmanager._set_initial_conftests(\n  File \"/usr/local/lib/python3.10/site-packages/_pytest/config/__init__.py\", line 581, in _set_initial_conftests\n    self._try_load_conftest(\n  File \"/usr/local/lib/python3.10/site-packages/_pytest/config/__init__.py\", line 619, in _try_load_conftest\n    self._loadconftestmodules(\n  File \"/usr/local/lib/python3.10/site-packages/_pytest/config/__init__.py\", line 659, in _loadconftestmodules\n    mod = self._importconftest(\n  File \"/usr/local/lib/python3.10/site-packages/_pytest/config/__init__.py\", line 735, in _importconftest\n    self.consider_conftest(mod, registration_name=conftestpath_plugin_name)\n  File \"/usr/local/lib/python3.10/site-packages/_pytest/config/__init__.py\", line 816, in consider_conftest\n    self.register(conftestmodule, name=registration_name)\n  File \"/usr/local/lib/python3.10/site-packages/_pytest/config/__init__.py\", line 512, in register\n    self.consider_module(plugin)\n  File \"/usr/local/lib/python3.10/site-packages/_pytest/config/__init__.py\", line 824, in consider_module\n    self._import_plugin_specs(getattr(mod, \"pytest_plugins\", []))\n  File \"/usr/local/lib/python3.10/site-packages/_pytest/config/__init__.py\", line 831, in _import_plugin_specs\n    self.import_plugin(import_spec)\n  File \"/usr/local/lib/python3.10/site-packages/_pytest/config/__init__.py\", line 860, in import_plugin\n    raise ImportError(\n  File \"/usr/local/lib/python3.10/site-packages/_pytest/config/__init__.py\", line 858, in import_plugin\n    __import__(importspec)\n  File \"/usr/local/lib/python3.10/site-packages/_pytest/assertion/rewrite.py\", line 185, in exec_module\n    exec(co, module.__dict__)\n  File \"/app/repo/sphinx/testing/fixtures.py\", line 21, in <module>\n    from sphinx.testing import util\n  File \"/app/repo/sphinx/testing/util.py\", line 23, in <module>\n    from sphinx import application, locale\n  File \"/app/repo/sphinx/application.py\", line 43, in <module>\n    from sphinx.registry import SphinxComponentRegistry\n  File \"/app/repo/sphinx/registry.py\", line 24, in <module>\n    from sphinx.builders import Builder\n  File \"/app/repo/sphinx/builders/__init__.py\", line 26, in <module>\n    from sphinx.util import import_object, logging, progress_message, rst, status_iterator\n  File \"/app/repo/sphinx/util/rst.py\", line 21, in <module>\n    from jinja2 import Environment, environmentfilter\nImportError: Error importing plugin \"sphinx.testing.fixtures\": cannot import name 'environmentfilter' from 'jinja2' (/usr/local/lib/python3.10/site-packages/jinja2/__init__.py)\n"
    },
    {
      "test_file": "tests/test_markup.py",
      "test_case": "test_XRefRole",
      "test_type": "PASS_TO_PASS",
      "exit_code": 1,
      "stdout": "",
      "stderr": "Traceback (most recent call last):\n  File \"/usr/local/lib/python3.10/site-packages/_pytest/config/__init__.py\", line 858, in import_plugin\n    __import__(importspec)\n  File \"/usr/local/lib/python3.10/site-packages/_pytest/assertion/rewrite.py\", line 185, in exec_module\n    exec(co, module.__dict__)\n  File \"/app/repo/sphinx/testing/fixtures.py\", line 21, in <module>\n    from sphinx.testing import util\n  File \"/app/repo/sphinx/testing/util.py\", line 23, in <module>\n    from sphinx import application, locale\n  File \"/app/repo/sphinx/application.py\", line 43, in <module>\n    from sphinx.registry import SphinxComponentRegistry\n  File \"/app/repo/sphinx/registry.py\", line 24, in <module>\n    from sphinx.builders import Builder\n  File \"/app/repo/sphinx/builders/__init__.py\", line 26, in <module>\n    from sphinx.util import import_object, logging, progress_message, rst, status_iterator\n  File \"/app/repo/sphinx/util/rst.py\", line 21, in <module>\n    from jinja2 import Environment, environmentfilter\nImportError: cannot import name 'environmentfilter' from 'jinja2' (/usr/local/lib/python3.10/site-packages/jinja2/__init__.py)\n\nThe above exception was the direct cause of the following exception:\n\nTraceback (most recent call last):\n  File \"/usr/local/bin/pytest\", line 8, in <module>\n    sys.exit(console_main())\n  File \"/usr/local/lib/python3.10/site-packages/_pytest/config/__init__.py\", line 201, in console_main\n    code = main()\n  File \"/usr/local/lib/python3.10/site-packages/_pytest/config/__init__.py\", line 156, in main\n    config = _prepareconfig(args, plugins)\n  File \"/usr/local/lib/python3.10/site-packages/_pytest/config/__init__.py\", line 341, in _prepareconfig\n    config = pluginmanager.hook.pytest_cmdline_parse(\n  File \"/usr/local/lib/python3.10/site-packages/pluggy/_hooks.py\", line 513, in __call__\n    return self._hookexec(self.name, self._hookimpls.copy(), kwargs, firstresult)\n  File \"/usr/local/lib/python3.10/site-packages/pluggy/_manager.py\", line 120, in _hookexec\n    return self._inner_hookexec(hook_name, methods, kwargs, firstresult)\n  File \"/usr/local/lib/python3.10/site-packages/pluggy/_callers.py\", line 139, in _multicall\n    raise exception.with_traceback(exception.__traceback__)\n  File \"/usr/local/lib/python3.10/site-packages/pluggy/_callers.py\", line 122, in _multicall\n    teardown.throw(exception)  # type: ignore[union-attr]\n  File \"/usr/local/lib/python3.10/site-packages/_pytest/helpconfig.py\", line 105, in pytest_cmdline_parse\n    config = yield\n  File \"/usr/local/lib/python3.10/site-packages/pluggy/_callers.py\", line 103, in _multicall\n    res = hook_impl.function(*args)\n  File \"/usr/local/lib/python3.10/site-packages/_pytest/config/__init__.py\", line 1140, in pytest_cmdline_parse\n    self.parse(args)\n  File \"/usr/local/lib/python3.10/site-packages/_pytest/config/__init__.py\", line 1494, in parse\n    self._preparse(args, addopts=addopts)\n  File \"/usr/local/lib/python3.10/site-packages/_pytest/config/__init__.py\", line 1398, in _preparse\n    self.hook.pytest_load_initial_conftests(\n  File \"/usr/local/lib/python3.10/site-packages/pluggy/_hooks.py\", line 513, in __call__\n    return self._hookexec(self.name, self._hookimpls.copy(), kwargs, firstresult)\n  File \"/usr/local/lib/python3.10/site-packages/pluggy/_manager.py\", line 120, in _hookexec\n    return self._inner_hookexec(hook_name, methods, kwargs, firstresult)\n  File \"/usr/local/lib/python3.10/site-packages/pluggy/_callers.py\", line 139, in _multicall\n    raise exception.with_traceback(exception.__traceback__)\n  File \"/usr/local/lib/python3.10/site-packages/pluggy/_callers.py\", line 122, in _multicall\n    teardown.throw(exception)  # type: ignore[union-attr]\n  File \"/usr/local/lib/python3.10/site-packages/_pytest/capture.py\", line 172, in pytest_load_initial_conftests\n    yield\n  File \"/usr/local/lib/python3.10/site-packages/pluggy/_callers.py\", line 103, in _multicall\n    res = hook_impl.function(*args)\n  File \"/usr/local/lib/python3.10/site-packages/_pytest/config/__init__.py\", line 1222, in pytest_load_initial_conftests\n    self.pluginmanager._set_initial_conftests(\n  File \"/usr/local/lib/python3.10/site-packages/_pytest/config/__init__.py\", line 581, in _set_initial_conftests\n    self._try_load_conftest(\n  File \"/usr/local/lib/python3.10/site-packages/_pytest/config/__init__.py\", line 619, in _try_load_conftest\n    self._loadconftestmodules(\n  File \"/usr/local/lib/python3.10/site-packages/_pytest/config/__init__.py\", line 659, in _loadconftestmodules\n    mod = self._importconftest(\n  File \"/usr/local/lib/python3.10/site-packages/_pytest/config/__init__.py\", line 735, in _importconftest\n    self.consider_conftest(mod, registration_name=conftestpath_plugin_name)\n  File \"/usr/local/lib/python3.10/site-packages/_pytest/config/__init__.py\", line 816, in consider_conftest\n    self.register(conftestmodule, name=registration_name)\n  File \"/usr/local/lib/python3.10/site-packages/_pytest/config/__init__.py\", line 512, in register\n    self.consider_module(plugin)\n  File \"/usr/local/lib/python3.10/site-packages/_pytest/config/__init__.py\", line 824, in consider_module\n    self._import_plugin_specs(getattr(mod, \"pytest_plugins\", []))\n  File \"/usr/local/lib/python3.10/site-packages/_pytest/config/__init__.py\", line 831, in _import_plugin_specs\n    self.import_plugin(import_spec)\n  File \"/usr/local/lib/python3.10/site-packages/_pytest/config/__init__.py\", line 860, in import_plugin\n    raise ImportError(\n  File \"/usr/local/lib/python3.10/site-packages/_pytest/config/__init__.py\", line 858, in import_plugin\n    __import__(importspec)\n  File \"/usr/local/lib/python3.10/site-packages/_pytest/assertion/rewrite.py\", line 185, in exec_module\n    exec(co, module.__dict__)\n  File \"/app/repo/sphinx/testing/fixtures.py\", line 21, in <module>\n    from sphinx.testing import util\n  File \"/app/repo/sphinx/testing/util.py\", line 23, in <module>\n    from sphinx import application, locale\n  File \"/app/repo/sphinx/application.py\", line 43, in <module>\n    from sphinx.registry import SphinxComponentRegistry\n  File \"/app/repo/sphinx/registry.py\", line 24, in <module>\n    from sphinx.builders import Builder\n  File \"/app/repo/sphinx/builders/__init__.py\", line 26, in <module>\n    from sphinx.util import import_object, logging, progress_message, rst, status_iterator\n  File \"/app/repo/sphinx/util/rst.py\", line 21, in <module>\n    from jinja2 import Environment, environmentfilter\nImportError: Error importing plugin \"sphinx.testing.fixtures\": cannot import name 'environmentfilter' from 'jinja2' (/usr/local/lib/python3.10/site-packages/jinja2/__init__.py)\n"
    },
    {
      "test_file": "tests/test_markup.py",
      "test_case": "test_rst_prolog",
      "test_type": "PASS_TO_PASS",
      "exit_code": 1,
      "stdout": "",
      "stderr": "Traceback (most recent call last):\n  File \"/usr/local/lib/python3.10/site-packages/_pytest/config/__init__.py\", line 858, in import_plugin\n    __import__(importspec)\n  File \"/usr/local/lib/python3.10/site-packages/_pytest/assertion/rewrite.py\", line 185, in exec_module\n    exec(co, module.__dict__)\n  File \"/app/repo/sphinx/testing/fixtures.py\", line 21, in <module>\n    from sphinx.testing import util\n  File \"/app/repo/sphinx/testing/util.py\", line 23, in <module>\n    from sphinx import application, locale\n  File \"/app/repo/sphinx/application.py\", line 43, in <module>\n    from sphinx.registry import SphinxComponentRegistry\n  File \"/app/repo/sphinx/registry.py\", line 24, in <module>\n    from sphinx.builders import Builder\n  File \"/app/repo/sphinx/builders/__init__.py\", line 26, in <module>\n    from sphinx.util import import_object, logging, progress_message, rst, status_iterator\n  File \"/app/repo/sphinx/util/rst.py\", line 21, in <module>\n    from jinja2 import Environment, environmentfilter\nImportError: cannot import name 'environmentfilter' from 'jinja2' (/usr/local/lib/python3.10/site-packages/jinja2/__init__.py)\n\nThe above exception was the direct cause of the following exception:\n\nTraceback (most recent call last):\n  File \"/usr/local/bin/pytest\", line 8, in <module>\n    sys.exit(console_main())\n  File \"/usr/local/lib/python3.10/site-packages/_pytest/config/__init__.py\", line 201, in console_main\n    code = main()\n  File \"/usr/local/lib/python3.10/site-packages/_pytest/config/__init__.py\", line 156, in main\n    config = _prepareconfig(args, plugins)\n  File \"/usr/local/lib/python3.10/site-packages/_pytest/config/__init__.py\", line 341, in _prepareconfig\n    config = pluginmanager.hook.pytest_cmdline_parse(\n  File \"/usr/local/lib/python3.10/site-packages/pluggy/_hooks.py\", line 513, in __call__\n    return self._hookexec(self.name, self._hookimpls.copy(), kwargs, firstresult)\n  File \"/usr/local/lib/python3.10/site-packages/pluggy/_manager.py\", line 120, in _hookexec\n    return self._inner_hookexec(hook_name, methods, kwargs, firstresult)\n  File \"/usr/local/lib/python3.10/site-packages/pluggy/_callers.py\", line 139, in _multicall\n    raise exception.with_traceback(exception.__traceback__)\n  File \"/usr/local/lib/python3.10/site-packages/pluggy/_callers.py\", line 122, in _multicall\n    teardown.throw(exception)  # type: ignore[union-attr]\n  File \"/usr/local/lib/python3.10/site-packages/_pytest/helpconfig.py\", line 105, in pytest_cmdline_parse\n    config = yield\n  File \"/usr/local/lib/python3.10/site-packages/pluggy/_callers.py\", line 103, in _multicall\n    res = hook_impl.function(*args)\n  File \"/usr/local/lib/python3.10/site-packages/_pytest/config/__init__.py\", line 1140, in pytest_cmdline_parse\n    self.parse(args)\n  File \"/usr/local/lib/python3.10/site-packages/_pytest/config/__init__.py\", line 1494, in parse\n    self._preparse(args, addopts=addopts)\n  File \"/usr/local/lib/python3.10/site-packages/_pytest/config/__init__.py\", line 1398, in _preparse\n    self.hook.pytest_load_initial_conftests(\n  File \"/usr/local/lib/python3.10/site-packages/pluggy/_hooks.py\", line 513, in __call__\n    return self._hookexec(self.name, self._hookimpls.copy(), kwargs, firstresult)\n  File \"/usr/local/lib/python3.10/site-packages/pluggy/_manager.py\", line 120, in _hookexec\n    return self._inner_hookexec(hook_name, methods, kwargs, firstresult)\n  File \"/usr/local/lib/python3.10/site-packages/pluggy/_callers.py\", line 139, in _multicall\n    raise exception.with_traceback(exception.__traceback__)\n  File \"/usr/local/lib/python3.10/site-packages/pluggy/_callers.py\", line 122, in _multicall\n    teardown.throw(exception)  # type: ignore[union-attr]\n  File \"/usr/local/lib/python3.10/site-packages/_pytest/capture.py\", line 172, in pytest_load_initial_conftests\n    yield\n  File \"/usr/local/lib/python3.10/site-packages/pluggy/_callers.py\", line 103, in _multicall\n    res = hook_impl.function(*args)\n  File \"/usr/local/lib/python3.10/site-packages/_pytest/config/__init__.py\", line 1222, in pytest_load_initial_conftests\n    self.pluginmanager._set_initial_conftests(\n  File \"/usr/local/lib/python3.10/site-packages/_pytest/config/__init__.py\", line 581, in _set_initial_conftests\n    self._try_load_conftest(\n  File \"/usr/local/lib/python3.10/site-packages/_pytest/config/__init__.py\", line 619, in _try_load_conftest\n    self._loadconftestmodules(\n  File \"/usr/local/lib/python3.10/site-packages/_pytest/config/__init__.py\", line 659, in _loadconftestmodules\n    mod = self._importconftest(\n  File \"/usr/local/lib/python3.10/site-packages/_pytest/config/__init__.py\", line 735, in _importconftest\n    self.consider_conftest(mod, registration_name=conftestpath_plugin_name)\n  File \"/usr/local/lib/python3.10/site-packages/_pytest/config/__init__.py\", line 816, in consider_conftest\n    self.register(conftestmodule, name=registration_name)\n  File \"/usr/local/lib/python3.10/site-packages/_pytest/config/__init__.py\", line 512, in register\n    self.consider_module(plugin)\n  File \"/usr/local/lib/python3.10/site-packages/_pytest/config/__init__.py\", line 824, in consider_module\n    self._import_plugin_specs(getattr(mod, \"pytest_plugins\", []))\n  File \"/usr/local/lib/python3.10/site-packages/_pytest/config/__init__.py\", line 831, in _import_plugin_specs\n    self.import_plugin(import_spec)\n  File \"/usr/local/lib/python3.10/site-packages/_pytest/config/__init__.py\", line 860, in import_plugin\n    raise ImportError(\n  File \"/usr/local/lib/python3.10/site-packages/_pytest/config/__init__.py\", line 858, in import_plugin\n    __import__(importspec)\n  File \"/usr/local/lib/python3.10/site-packages/_pytest/assertion/rewrite.py\", line 185, in exec_module\n    exec(co, module.__dict__)\n  File \"/app/repo/sphinx/testing/fixtures.py\", line 21, in <module>\n    from sphinx.testing import util\n  File \"/app/repo/sphinx/testing/util.py\", line 23, in <module>\n    from sphinx import application, locale\n  File \"/app/repo/sphinx/application.py\", line 43, in <module>\n    from sphinx.registry import SphinxComponentRegistry\n  File \"/app/repo/sphinx/registry.py\", line 24, in <module>\n    from sphinx.builders import Builder\n  File \"/app/repo/sphinx/builders/__init__.py\", line 26, in <module>\n    from sphinx.util import import_object, logging, progress_message, rst, status_iterator\n  File \"/app/repo/sphinx/util/rst.py\", line 21, in <module>\n    from jinja2 import Environment, environmentfilter\nImportError: Error importing plugin \"sphinx.testing.fixtures\": cannot import name 'environmentfilter' from 'jinja2' (/usr/local/lib/python3.10/site-packages/jinja2/__init__.py)\n"
    },
    {
      "test_file": "tests/test_markup.py",
      "test_case": "test_keep_warnings_is_True",
      "test_type": "PASS_TO_PASS",
      "exit_code": 1,
      "stdout": "",
      "stderr": "Traceback (most recent call last):\n  File \"/usr/local/lib/python3.10/site-packages/_pytest/config/__init__.py\", line 858, in import_plugin\n    __import__(importspec)\n  File \"/usr/local/lib/python3.10/site-packages/_pytest/assertion/rewrite.py\", line 185, in exec_module\n    exec(co, module.__dict__)\n  File \"/app/repo/sphinx/testing/fixtures.py\", line 21, in <module>\n    from sphinx.testing import util\n  File \"/app/repo/sphinx/testing/util.py\", line 23, in <module>\n    from sphinx import application, locale\n  File \"/app/repo/sphinx/application.py\", line 43, in <module>\n    from sphinx.registry import SphinxComponentRegistry\n  File \"/app/repo/sphinx/registry.py\", line 24, in <module>\n    from sphinx.builders import Builder\n  File \"/app/repo/sphinx/builders/__init__.py\", line 26, in <module>\n    from sphinx.util import import_object, logging, progress_message, rst, status_iterator\n  File \"/app/repo/sphinx/util/rst.py\", line 21, in <module>\n    from jinja2 import Environment, environmentfilter\nImportError: cannot import name 'environmentfilter' from 'jinja2' (/usr/local/lib/python3.10/site-packages/jinja2/__init__.py)\n\nThe above exception was the direct cause of the following exception:\n\nTraceback (most recent call last):\n  File \"/usr/local/bin/pytest\", line 8, in <module>\n    sys.exit(console_main())\n  File \"/usr/local/lib/python3.10/site-packages/_pytest/config/__init__.py\", line 201, in console_main\n    code = main()\n  File \"/usr/local/lib/python3.10/site-packages/_pytest/config/__init__.py\", line 156, in main\n    config = _prepareconfig(args, plugins)\n  File \"/usr/local/lib/python3.10/site-packages/_pytest/config/__init__.py\", line 341, in _prepareconfig\n    config = pluginmanager.hook.pytest_cmdline_parse(\n  File \"/usr/local/lib/python3.10/site-packages/pluggy/_hooks.py\", line 513, in __call__\n    return self._hookexec(self.name, self._hookimpls.copy(), kwargs, firstresult)\n  File \"/usr/local/lib/python3.10/site-packages/pluggy/_manager.py\", line 120, in _hookexec\n    return self._inner_hookexec(hook_name, methods, kwargs, firstresult)\n  File \"/usr/local/lib/python3.10/site-packages/pluggy/_callers.py\", line 139, in _multicall\n    raise exception.with_traceback(exception.__traceback__)\n  File \"/usr/local/lib/python3.10/site-packages/pluggy/_callers.py\", line 122, in _multicall\n    teardown.throw(exception)  # type: ignore[union-attr]\n  File \"/usr/local/lib/python3.10/site-packages/_pytest/helpconfig.py\", line 105, in pytest_cmdline_parse\n    config = yield\n  File \"/usr/local/lib/python3.10/site-packages/pluggy/_callers.py\", line 103, in _multicall\n    res = hook_impl.function(*args)\n  File \"/usr/local/lib/python3.10/site-packages/_pytest/config/__init__.py\", line 1140, in pytest_cmdline_parse\n    self.parse(args)\n  File \"/usr/local/lib/python3.10/site-packages/_pytest/config/__init__.py\", line 1494, in parse\n    self._preparse(args, addopts=addopts)\n  File \"/usr/local/lib/python3.10/site-packages/_pytest/config/__init__.py\", line 1398, in _preparse\n    self.hook.pytest_load_initial_conftests(\n  File \"/usr/local/lib/python3.10/site-packages/pluggy/_hooks.py\", line 513, in __call__\n    return self._hookexec(self.name, self._hookimpls.copy(), kwargs, firstresult)\n  File \"/usr/local/lib/python3.10/site-packages/pluggy/_manager.py\", line 120, in _hookexec\n    return self._inner_hookexec(hook_name, methods, kwargs, firstresult)\n  File \"/usr/local/lib/python3.10/site-packages/pluggy/_callers.py\", line 139, in _multicall\n    raise exception.with_traceback(exception.__traceback__)\n  File \"/usr/local/lib/python3.10/site-packages/pluggy/_callers.py\", line 122, in _multicall\n    teardown.throw(exception)  # type: ignore[union-attr]\n  File \"/usr/local/lib/python3.10/site-packages/_pytest/capture.py\", line 172, in pytest_load_initial_conftests\n    yield\n  File \"/usr/local/lib/python3.10/site-packages/pluggy/_callers.py\", line 103, in _multicall\n    res = hook_impl.function(*args)\n  File \"/usr/local/lib/python3.10/site-packages/_pytest/config/__init__.py\", line 1222, in pytest_load_initial_conftests\n    self.pluginmanager._set_initial_conftests(\n  File \"/usr/local/lib/python3.10/site-packages/_pytest/config/__init__.py\", line 581, in _set_initial_conftests\n    self._try_load_conftest(\n  File \"/usr/local/lib/python3.10/site-packages/_pytest/config/__init__.py\", line 619, in _try_load_conftest\n    self._loadconftestmodules(\n  File \"/usr/local/lib/python3.10/site-packages/_pytest/config/__init__.py\", line 659, in _loadconftestmodules\n    mod = self._importconftest(\n  File \"/usr/local/lib/python3.10/site-packages/_pytest/config/__init__.py\", line 735, in _importconftest\n    self.consider_conftest(mod, registration_name=conftestpath_plugin_name)\n  File \"/usr/local/lib/python3.10/site-packages/_pytest/config/__init__.py\", line 816, in consider_conftest\n    self.register(conftestmodule, name=registration_name)\n  File \"/usr/local/lib/python3.10/site-packages/_pytest/config/__init__.py\", line 512, in register\n    self.consider_module(plugin)\n  File \"/usr/local/lib/python3.10/site-packages/_pytest/config/__init__.py\", line 824, in consider_module\n    self._import_plugin_specs(getattr(mod, \"pytest_plugins\", []))\n  File \"/usr/local/lib/python3.10/site-packages/_pytest/config/__init__.py\", line 831, in _import_plugin_specs\n    self.import_plugin(import_spec)\n  File \"/usr/local/lib/python3.10/site-packages/_pytest/config/__init__.py\", line 860, in import_plugin\n    raise ImportError(\n  File \"/usr/local/lib/python3.10/site-packages/_pytest/config/__init__.py\", line 858, in import_plugin\n    __import__(importspec)\n  File \"/usr/local/lib/python3.10/site-packages/_pytest/assertion/rewrite.py\", line 185, in exec_module\n    exec(co, module.__dict__)\n  File \"/app/repo/sphinx/testing/fixtures.py\", line 21, in <module>\n    from sphinx.testing import util\n  File \"/app/repo/sphinx/testing/util.py\", line 23, in <module>\n    from sphinx import application, locale\n  File \"/app/repo/sphinx/application.py\", line 43, in <module>\n    from sphinx.registry import SphinxComponentRegistry\n  File \"/app/repo/sphinx/registry.py\", line 24, in <module>\n    from sphinx.builders import Builder\n  File \"/app/repo/sphinx/builders/__init__.py\", line 26, in <module>\n    from sphinx.util import import_object, logging, progress_message, rst, status_iterator\n  File \"/app/repo/sphinx/util/rst.py\", line 21, in <module>\n    from jinja2 import Environment, environmentfilter\nImportError: Error importing plugin \"sphinx.testing.fixtures\": cannot import name 'environmentfilter' from 'jinja2' (/usr/local/lib/python3.10/site-packages/jinja2/__init__.py)\n"
    },
    {
      "test_file": "tests/test_markup.py",
      "test_case": "test_keep_warnings_is_False",
      "test_type": "PASS_TO_PASS",
      "exit_code": 1,
      "stdout": "",
      "stderr": "Traceback (most recent call last):\n  File \"/usr/local/lib/python3.10/site-packages/_pytest/config/__init__.py\", line 858, in import_plugin\n    __import__(importspec)\n  File \"/usr/local/lib/python3.10/site-packages/_pytest/assertion/rewrite.py\", line 185, in exec_module\n    exec(co, module.__dict__)\n  File \"/app/repo/sphinx/testing/fixtures.py\", line 21, in <module>\n    from sphinx.testing import util\n  File \"/app/repo/sphinx/testing/util.py\", line 23, in <module>\n    from sphinx import application, locale\n  File \"/app/repo/sphinx/application.py\", line 43, in <module>\n    from sphinx.registry import SphinxComponentRegistry\n  File \"/app/repo/sphinx/registry.py\", line 24, in <module>\n    from sphinx.builders import Builder\n  File \"/app/repo/sphinx/builders/__init__.py\", line 26, in <module>\n    from sphinx.util import import_object, logging, progress_message, rst, status_iterator\n  File \"/app/repo/sphinx/util/rst.py\", line 21, in <module>\n    from jinja2 import Environment, environmentfilter\nImportError: cannot import name 'environmentfilter' from 'jinja2' (/usr/local/lib/python3.10/site-packages/jinja2/__init__.py)\n\nThe above exception was the direct cause of the following exception:\n\nTraceback (most recent call last):\n  File \"/usr/local/bin/pytest\", line 8, in <module>\n    sys.exit(console_main())\n  File \"/usr/local/lib/python3.10/site-packages/_pytest/config/__init__.py\", line 201, in console_main\n    code = main()\n  File \"/usr/local/lib/python3.10/site-packages/_pytest/config/__init__.py\", line 156, in main\n    config = _prepareconfig(args, plugins)\n  File \"/usr/local/lib/python3.10/site-packages/_pytest/config/__init__.py\", line 341, in _prepareconfig\n    config = pluginmanager.hook.pytest_cmdline_parse(\n  File \"/usr/local/lib/python3.10/site-packages/pluggy/_hooks.py\", line 513, in __call__\n    return self._hookexec(self.name, self._hookimpls.copy(), kwargs, firstresult)\n  File \"/usr/local/lib/python3.10/site-packages/pluggy/_manager.py\", line 120, in _hookexec\n    return self._inner_hookexec(hook_name, methods, kwargs, firstresult)\n  File \"/usr/local/lib/python3.10/site-packages/pluggy/_callers.py\", line 139, in _multicall\n    raise exception.with_traceback(exception.__traceback__)\n  File \"/usr/local/lib/python3.10/site-packages/pluggy/_callers.py\", line 122, in _multicall\n    teardown.throw(exception)  # type: ignore[union-attr]\n  File \"/usr/local/lib/python3.10/site-packages/_pytest/helpconfig.py\", line 105, in pytest_cmdline_parse\n    config = yield\n  File \"/usr/local/lib/python3.10/site-packages/pluggy/_callers.py\", line 103, in _multicall\n    res = hook_impl.function(*args)\n  File \"/usr/local/lib/python3.10/site-packages/_pytest/config/__init__.py\", line 1140, in pytest_cmdline_parse\n    self.parse(args)\n  File \"/usr/local/lib/python3.10/site-packages/_pytest/config/__init__.py\", line 1494, in parse\n    self._preparse(args, addopts=addopts)\n  File \"/usr/local/lib/python3.10/site-packages/_pytest/config/__init__.py\", line 1398, in _preparse\n    self.hook.pytest_load_initial_conftests(\n  File \"/usr/local/lib/python3.10/site-packages/pluggy/_hooks.py\", line 513, in __call__\n    return self._hookexec(self.name, self._hookimpls.copy(), kwargs, firstresult)\n  File \"/usr/local/lib/python3.10/site-packages/pluggy/_manager.py\", line 120, in _hookexec\n    return self._inner_hookexec(hook_name, methods, kwargs, firstresult)\n  File \"/usr/local/lib/python3.10/site-packages/pluggy/_callers.py\", line 139, in _multicall\n    raise exception.with_traceback(exception.__traceback__)\n  File \"/usr/local/lib/python3.10/site-packages/pluggy/_callers.py\", line 122, in _multicall\n    teardown.throw(exception)  # type: ignore[union-attr]\n  File \"/usr/local/lib/python3.10/site-packages/_pytest/capture.py\", line 172, in pytest_load_initial_conftests\n    yield\n  File \"/usr/local/lib/python3.10/site-packages/pluggy/_callers.py\", line 103, in _multicall\n    res = hook_impl.function(*args)\n  File \"/usr/local/lib/python3.10/site-packages/_pytest/config/__init__.py\", line 1222, in pytest_load_initial_conftests\n    self.pluginmanager._set_initial_conftests(\n  File \"/usr/local/lib/python3.10/site-packages/_pytest/config/__init__.py\", line 581, in _set_initial_conftests\n    self._try_load_conftest(\n  File \"/usr/local/lib/python3.10/site-packages/_pytest/config/__init__.py\", line 619, in _try_load_conftest\n    self._loadconftestmodules(\n  File \"/usr/local/lib/python3.10/site-packages/_pytest/config/__init__.py\", line 659, in _loadconftestmodules\n    mod = self._importconftest(\n  File \"/usr/local/lib/python3.10/site-packages/_pytest/config/__init__.py\", line 735, in _importconftest\n    self.consider_conftest(mod, registration_name=conftestpath_plugin_name)\n  File \"/usr/local/lib/python3.10/site-packages/_pytest/config/__init__.py\", line 816, in consider_conftest\n    self.register(conftestmodule, name=registration_name)\n  File \"/usr/local/lib/python3.10/site-packages/_pytest/config/__init__.py\", line 512, in register\n    self.consider_module(plugin)\n  File \"/usr/local/lib/python3.10/site-packages/_pytest/config/__init__.py\", line 824, in consider_module\n    self._import_plugin_specs(getattr(mod, \"pytest_plugins\", []))\n  File \"/usr/local/lib/python3.10/site-packages/_pytest/config/__init__.py\", line 831, in _import_plugin_specs\n    self.import_plugin(import_spec)\n  File \"/usr/local/lib/python3.10/site-packages/_pytest/config/__init__.py\", line 860, in import_plugin\n    raise ImportError(\n  File \"/usr/local/lib/python3.10/site-packages/_pytest/config/__init__.py\", line 858, in import_plugin\n    __import__(importspec)\n  File \"/usr/local/lib/python3.10/site-packages/_pytest/assertion/rewrite.py\", line 185, in exec_module\n    exec(co, module.__dict__)\n  File \"/app/repo/sphinx/testing/fixtures.py\", line 21, in <module>\n    from sphinx.testing import util\n  File \"/app/repo/sphinx/testing/util.py\", line 23, in <module>\n    from sphinx import application, locale\n  File \"/app/repo/sphinx/application.py\", line 43, in <module>\n    from sphinx.registry import SphinxComponentRegistry\n  File \"/app/repo/sphinx/registry.py\", line 24, in <module>\n    from sphinx.builders import Builder\n  File \"/app/repo/sphinx/builders/__init__.py\", line 26, in <module>\n    from sphinx.util import import_object, logging, progress_message, rst, status_iterator\n  File \"/app/repo/sphinx/util/rst.py\", line 21, in <module>\n    from jinja2 import Environment, environmentfilter\nImportError: Error importing plugin \"sphinx.testing.fixtures\": cannot import name 'environmentfilter' from 'jinja2' (/usr/local/lib/python3.10/site-packages/jinja2/__init__.py)\n"
    },
    {
      "test_file": "tests/test_markup.py",
      "test_case": "test_compact_refonly_bullet_list",
      "test_type": "PASS_TO_PASS",
      "exit_code": 1,
      "stdout": "",
      "stderr": "Traceback (most recent call last):\n  File \"/usr/local/lib/python3.10/site-packages/_pytest/config/__init__.py\", line 858, in import_plugin\n    __import__(importspec)\n  File \"/usr/local/lib/python3.10/site-packages/_pytest/assertion/rewrite.py\", line 185, in exec_module\n    exec(co, module.__dict__)\n  File \"/app/repo/sphinx/testing/fixtures.py\", line 21, in <module>\n    from sphinx.testing import util\n  File \"/app/repo/sphinx/testing/util.py\", line 23, in <module>\n    from sphinx import application, locale\n  File \"/app/repo/sphinx/application.py\", line 43, in <module>\n    from sphinx.registry import SphinxComponentRegistry\n  File \"/app/repo/sphinx/registry.py\", line 24, in <module>\n    from sphinx.builders import Builder\n  File \"/app/repo/sphinx/builders/__init__.py\", line 26, in <module>\n    from sphinx.util import import_object, logging, progress_message, rst, status_iterator\n  File \"/app/repo/sphinx/util/rst.py\", line 21, in <module>\n    from jinja2 import Environment, environmentfilter\nImportError: cannot import name 'environmentfilter' from 'jinja2' (/usr/local/lib/python3.10/site-packages/jinja2/__init__.py)\n\nThe above exception was the direct cause of the following exception:\n\nTraceback (most recent call last):\n  File \"/usr/local/bin/pytest\", line 8, in <module>\n    sys.exit(console_main())\n  File \"/usr/local/lib/python3.10/site-packages/_pytest/config/__init__.py\", line 201, in console_main\n    code = main()\n  File \"/usr/local/lib/python3.10/site-packages/_pytest/config/__init__.py\", line 156, in main\n    config = _prepareconfig(args, plugins)\n  File \"/usr/local/lib/python3.10/site-packages/_pytest/config/__init__.py\", line 341, in _prepareconfig\n    config = pluginmanager.hook.pytest_cmdline_parse(\n  File \"/usr/local/lib/python3.10/site-packages/pluggy/_hooks.py\", line 513, in __call__\n    return self._hookexec(self.name, self._hookimpls.copy(), kwargs, firstresult)\n  File \"/usr/local/lib/python3.10/site-packages/pluggy/_manager.py\", line 120, in _hookexec\n    return self._inner_hookexec(hook_name, methods, kwargs, firstresult)\n  File \"/usr/local/lib/python3.10/site-packages/pluggy/_callers.py\", line 139, in _multicall\n    raise exception.with_traceback(exception.__traceback__)\n  File \"/usr/local/lib/python3.10/site-packages/pluggy/_callers.py\", line 122, in _multicall\n    teardown.throw(exception)  # type: ignore[union-attr]\n  File \"/usr/local/lib/python3.10/site-packages/_pytest/helpconfig.py\", line 105, in pytest_cmdline_parse\n    config = yield\n  File \"/usr/local/lib/python3.10/site-packages/pluggy/_callers.py\", line 103, in _multicall\n    res = hook_impl.function(*args)\n  File \"/usr/local/lib/python3.10/site-packages/_pytest/config/__init__.py\", line 1140, in pytest_cmdline_parse\n    self.parse(args)\n  File \"/usr/local/lib/python3.10/site-packages/_pytest/config/__init__.py\", line 1494, in parse\n    self._preparse(args, addopts=addopts)\n  File \"/usr/local/lib/python3.10/site-packages/_pytest/config/__init__.py\", line 1398, in _preparse\n    self.hook.pytest_load_initial_conftests(\n  File \"/usr/local/lib/python3.10/site-packages/pluggy/_hooks.py\", line 513, in __call__\n    return self._hookexec(self.name, self._hookimpls.copy(), kwargs, firstresult)\n  File \"/usr/local/lib/python3.10/site-packages/pluggy/_manager.py\", line 120, in _hookexec\n    return self._inner_hookexec(hook_name, methods, kwargs, firstresult)\n  File \"/usr/local/lib/python3.10/site-packages/pluggy/_callers.py\", line 139, in _multicall\n    raise exception.with_traceback(exception.__traceback__)\n  File \"/usr/local/lib/python3.10/site-packages/pluggy/_callers.py\", line 122, in _multicall\n    teardown.throw(exception)  # type: ignore[union-attr]\n  File \"/usr/local/lib/python3.10/site-packages/_pytest/capture.py\", line 172, in pytest_load_initial_conftests\n    yield\n  File \"/usr/local/lib/python3.10/site-packages/pluggy/_callers.py\", line 103, in _multicall\n    res = hook_impl.function(*args)\n  File \"/usr/local/lib/python3.10/site-packages/_pytest/config/__init__.py\", line 1222, in pytest_load_initial_conftests\n    self.pluginmanager._set_initial_conftests(\n  File \"/usr/local/lib/python3.10/site-packages/_pytest/config/__init__.py\", line 581, in _set_initial_conftests\n    self._try_load_conftest(\n  File \"/usr/local/lib/python3.10/site-packages/_pytest/config/__init__.py\", line 619, in _try_load_conftest\n    self._loadconftestmodules(\n  File \"/usr/local/lib/python3.10/site-packages/_pytest/config/__init__.py\", line 659, in _loadconftestmodules\n    mod = self._importconftest(\n  File \"/usr/local/lib/python3.10/site-packages/_pytest/config/__init__.py\", line 735, in _importconftest\n    self.consider_conftest(mod, registration_name=conftestpath_plugin_name)\n  File \"/usr/local/lib/python3.10/site-packages/_pytest/config/__init__.py\", line 816, in consider_conftest\n    self.register(conftestmodule, name=registration_name)\n  File \"/usr/local/lib/python3.10/site-packages/_pytest/config/__init__.py\", line 512, in register\n    self.consider_module(plugin)\n  File \"/usr/local/lib/python3.10/site-packages/_pytest/config/__init__.py\", line 824, in consider_module\n    self._import_plugin_specs(getattr(mod, \"pytest_plugins\", []))\n  File \"/usr/local/lib/python3.10/site-packages/_pytest/config/__init__.py\", line 831, in _import_plugin_specs\n    self.import_plugin(import_spec)\n  File \"/usr/local/lib/python3.10/site-packages/_pytest/config/__init__.py\", line 860, in import_plugin\n    raise ImportError(\n  File \"/usr/local/lib/python3.10/site-packages/_pytest/config/__init__.py\", line 858, in import_plugin\n    __import__(importspec)\n  File \"/usr/local/lib/python3.10/site-packages/_pytest/assertion/rewrite.py\", line 185, in exec_module\n    exec(co, module.__dict__)\n  File \"/app/repo/sphinx/testing/fixtures.py\", line 21, in <module>\n    from sphinx.testing import util\n  File \"/app/repo/sphinx/testing/util.py\", line 23, in <module>\n    from sphinx import application, locale\n  File \"/app/repo/sphinx/application.py\", line 43, in <module>\n    from sphinx.registry import SphinxComponentRegistry\n  File \"/app/repo/sphinx/registry.py\", line 24, in <module>\n    from sphinx.builders import Builder\n  File \"/app/repo/sphinx/builders/__init__.py\", line 26, in <module>\n    from sphinx.util import import_object, logging, progress_message, rst, status_iterator\n  File \"/app/repo/sphinx/util/rst.py\", line 21, in <module>\n    from jinja2 import Environment, environmentfilter\nImportError: Error importing plugin \"sphinx.testing.fixtures\": cannot import name 'environmentfilter' from 'jinja2' (/usr/local/lib/python3.10/site-packages/jinja2/__init__.py)\n"
    },
    {
      "test_file": "tests/test_markup.py",
      "test_case": "test_default_role1",
      "test_type": "PASS_TO_PASS",
      "exit_code": 1,
      "stdout": "",
      "stderr": "Traceback (most recent call last):\n  File \"/usr/local/lib/python3.10/site-packages/_pytest/config/__init__.py\", line 858, in import_plugin\n    __import__(importspec)\n  File \"/usr/local/lib/python3.10/site-packages/_pytest/assertion/rewrite.py\", line 185, in exec_module\n    exec(co, module.__dict__)\n  File \"/app/repo/sphinx/testing/fixtures.py\", line 21, in <module>\n    from sphinx.testing import util\n  File \"/app/repo/sphinx/testing/util.py\", line 23, in <module>\n    from sphinx import application, locale\n  File \"/app/repo/sphinx/application.py\", line 43, in <module>\n    from sphinx.registry import SphinxComponentRegistry\n  File \"/app/repo/sphinx/registry.py\", line 24, in <module>\n    from sphinx.builders import Builder\n  File \"/app/repo/sphinx/builders/__init__.py\", line 26, in <module>\n    from sphinx.util import import_object, logging, progress_message, rst, status_iterator\n  File \"/app/repo/sphinx/util/rst.py\", line 21, in <module>\n    from jinja2 import Environment, environmentfilter\nImportError: cannot import name 'environmentfilter' from 'jinja2' (/usr/local/lib/python3.10/site-packages/jinja2/__init__.py)\n\nThe above exception was the direct cause of the following exception:\n\nTraceback (most recent call last):\n  File \"/usr/local/bin/pytest\", line 8, in <module>\n    sys.exit(console_main())\n  File \"/usr/local/lib/python3.10/site-packages/_pytest/config/__init__.py\", line 201, in console_main\n    code = main()\n  File \"/usr/local/lib/python3.10/site-packages/_pytest/config/__init__.py\", line 156, in main\n    config = _prepareconfig(args, plugins)\n  File \"/usr/local/lib/python3.10/site-packages/_pytest/config/__init__.py\", line 341, in _prepareconfig\n    config = pluginmanager.hook.pytest_cmdline_parse(\n  File \"/usr/local/lib/python3.10/site-packages/pluggy/_hooks.py\", line 513, in __call__\n    return self._hookexec(self.name, self._hookimpls.copy(), kwargs, firstresult)\n  File \"/usr/local/lib/python3.10/site-packages/pluggy/_manager.py\", line 120, in _hookexec\n    return self._inner_hookexec(hook_name, methods, kwargs, firstresult)\n  File \"/usr/local/lib/python3.10/site-packages/pluggy/_callers.py\", line 139, in _multicall\n    raise exception.with_traceback(exception.__traceback__)\n  File \"/usr/local/lib/python3.10/site-packages/pluggy/_callers.py\", line 122, in _multicall\n    teardown.throw(exception)  # type: ignore[union-attr]\n  File \"/usr/local/lib/python3.10/site-packages/_pytest/helpconfig.py\", line 105, in pytest_cmdline_parse\n    config = yield\n  File \"/usr/local/lib/python3.10/site-packages/pluggy/_callers.py\", line 103, in _multicall\n    res = hook_impl.function(*args)\n  File \"/usr/local/lib/python3.10/site-packages/_pytest/config/__init__.py\", line 1140, in pytest_cmdline_parse\n    self.parse(args)\n  File \"/usr/local/lib/python3.10/site-packages/_pytest/config/__init__.py\", line 1494, in parse\n    self._preparse(args, addopts=addopts)\n  File \"/usr/local/lib/python3.10/site-packages/_pytest/config/__init__.py\", line 1398, in _preparse\n    self.hook.pytest_load_initial_conftests(\n  File \"/usr/local/lib/python3.10/site-packages/pluggy/_hooks.py\", line 513, in __call__\n    return self._hookexec(self.name, self._hookimpls.copy(), kwargs, firstresult)\n  File \"/usr/local/lib/python3.10/site-packages/pluggy/_manager.py\", line 120, in _hookexec\n    return self._inner_hookexec(hook_name, methods, kwargs, firstresult)\n  File \"/usr/local/lib/python3.10/site-packages/pluggy/_callers.py\", line 139, in _multicall\n    raise exception.with_traceback(exception.__traceback__)\n  File \"/usr/local/lib/python3.10/site-packages/pluggy/_callers.py\", line 122, in _multicall\n    teardown.throw(exception)  # type: ignore[union-attr]\n  File \"/usr/local/lib/python3.10/site-packages/_pytest/capture.py\", line 172, in pytest_load_initial_conftests\n    yield\n  File \"/usr/local/lib/python3.10/site-packages/pluggy/_callers.py\", line 103, in _multicall\n    res = hook_impl.function(*args)\n  File \"/usr/local/lib/python3.10/site-packages/_pytest/config/__init__.py\", line 1222, in pytest_load_initial_conftests\n    self.pluginmanager._set_initial_conftests(\n  File \"/usr/local/lib/python3.10/site-packages/_pytest/config/__init__.py\", line 581, in _set_initial_conftests\n    self._try_load_conftest(\n  File \"/usr/local/lib/python3.10/site-packages/_pytest/config/__init__.py\", line 619, in _try_load_conftest\n    self._loadconftestmodules(\n  File \"/usr/local/lib/python3.10/site-packages/_pytest/config/__init__.py\", line 659, in _loadconftestmodules\n    mod = self._importconftest(\n  File \"/usr/local/lib/python3.10/site-packages/_pytest/config/__init__.py\", line 735, in _importconftest\n    self.consider_conftest(mod, registration_name=conftestpath_plugin_name)\n  File \"/usr/local/lib/python3.10/site-packages/_pytest/config/__init__.py\", line 816, in consider_conftest\n    self.register(conftestmodule, name=registration_name)\n  File \"/usr/local/lib/python3.10/site-packages/_pytest/config/__init__.py\", line 512, in register\n    self.consider_module(plugin)\n  File \"/usr/local/lib/python3.10/site-packages/_pytest/config/__init__.py\", line 824, in consider_module\n    self._import_plugin_specs(getattr(mod, \"pytest_plugins\", []))\n  File \"/usr/local/lib/python3.10/site-packages/_pytest/config/__init__.py\", line 831, in _import_plugin_specs\n    self.import_plugin(import_spec)\n  File \"/usr/local/lib/python3.10/site-packages/_pytest/config/__init__.py\", line 860, in import_plugin\n    raise ImportError(\n  File \"/usr/local/lib/python3.10/site-packages/_pytest/config/__init__.py\", line 858, in import_plugin\n    __import__(importspec)\n  File \"/usr/local/lib/python3.10/site-packages/_pytest/assertion/rewrite.py\", line 185, in exec_module\n    exec(co, module.__dict__)\n  File \"/app/repo/sphinx/testing/fixtures.py\", line 21, in <module>\n    from sphinx.testing import util\n  File \"/app/repo/sphinx/testing/util.py\", line 23, in <module>\n    from sphinx import application, locale\n  File \"/app/repo/sphinx/application.py\", line 43, in <module>\n    from sphinx.registry import SphinxComponentRegistry\n  File \"/app/repo/sphinx/registry.py\", line 24, in <module>\n    from sphinx.builders import Builder\n  File \"/app/repo/sphinx/builders/__init__.py\", line 26, in <module>\n    from sphinx.util import import_object, logging, progress_message, rst, status_iterator\n  File \"/app/repo/sphinx/util/rst.py\", line 21, in <module>\n    from jinja2 import Environment, environmentfilter\nImportError: Error importing plugin \"sphinx.testing.fixtures\": cannot import name 'environmentfilter' from 'jinja2' (/usr/local/lib/python3.10/site-packages/jinja2/__init__.py)\n"
    },
    {
      "test_file": "tests/test_markup.py",
      "test_case": "test_default_role2",
      "test_type": "PASS_TO_PASS",
      "exit_code": 1,
      "stdout": "",
      "stderr": "Traceback (most recent call last):\n  File \"/usr/local/lib/python3.10/site-packages/_pytest/config/__init__.py\", line 858, in import_plugin\n    __import__(importspec)\n  File \"/usr/local/lib/python3.10/site-packages/_pytest/assertion/rewrite.py\", line 185, in exec_module\n    exec(co, module.__dict__)\n  File \"/app/repo/sphinx/testing/fixtures.py\", line 21, in <module>\n    from sphinx.testing import util\n  File \"/app/repo/sphinx/testing/util.py\", line 23, in <module>\n    from sphinx import application, locale\n  File \"/app/repo/sphinx/application.py\", line 43, in <module>\n    from sphinx.registry import SphinxComponentRegistry\n  File \"/app/repo/sphinx/registry.py\", line 24, in <module>\n    from sphinx.builders import Builder\n  File \"/app/repo/sphinx/builders/__init__.py\", line 26, in <module>\n    from sphinx.util import import_object, logging, progress_message, rst, status_iterator\n  File \"/app/repo/sphinx/util/rst.py\", line 21, in <module>\n    from jinja2 import Environment, environmentfilter\nImportError: cannot import name 'environmentfilter' from 'jinja2' (/usr/local/lib/python3.10/site-packages/jinja2/__init__.py)\n\nThe above exception was the direct cause of the following exception:\n\nTraceback (most recent call last):\n  File \"/usr/local/bin/pytest\", line 8, in <module>\n    sys.exit(console_main())\n  File \"/usr/local/lib/python3.10/site-packages/_pytest/config/__init__.py\", line 201, in console_main\n    code = main()\n  File \"/usr/local/lib/python3.10/site-packages/_pytest/config/__init__.py\", line 156, in main\n    config = _prepareconfig(args, plugins)\n  File \"/usr/local/lib/python3.10/site-packages/_pytest/config/__init__.py\", line 341, in _prepareconfig\n    config = pluginmanager.hook.pytest_cmdline_parse(\n  File \"/usr/local/lib/python3.10/site-packages/pluggy/_hooks.py\", line 513, in __call__\n    return self._hookexec(self.name, self._hookimpls.copy(), kwargs, firstresult)\n  File \"/usr/local/lib/python3.10/site-packages/pluggy/_manager.py\", line 120, in _hookexec\n    return self._inner_hookexec(hook_name, methods, kwargs, firstresult)\n  File \"/usr/local/lib/python3.10/site-packages/pluggy/_callers.py\", line 139, in _multicall\n    raise exception.with_traceback(exception.__traceback__)\n  File \"/usr/local/lib/python3.10/site-packages/pluggy/_callers.py\", line 122, in _multicall\n    teardown.throw(exception)  # type: ignore[union-attr]\n  File \"/usr/local/lib/python3.10/site-packages/_pytest/helpconfig.py\", line 105, in pytest_cmdline_parse\n    config = yield\n  File \"/usr/local/lib/python3.10/site-packages/pluggy/_callers.py\", line 103, in _multicall\n    res = hook_impl.function(*args)\n  File \"/usr/local/lib/python3.10/site-packages/_pytest/config/__init__.py\", line 1140, in pytest_cmdline_parse\n    self.parse(args)\n  File \"/usr/local/lib/python3.10/site-packages/_pytest/config/__init__.py\", line 1494, in parse\n    self._preparse(args, addopts=addopts)\n  File \"/usr/local/lib/python3.10/site-packages/_pytest/config/__init__.py\", line 1398, in _preparse\n    self.hook.pytest_load_initial_conftests(\n  File \"/usr/local/lib/python3.10/site-packages/pluggy/_hooks.py\", line 513, in __call__\n    return self._hookexec(self.name, self._hookimpls.copy(), kwargs, firstresult)\n  File \"/usr/local/lib/python3.10/site-packages/pluggy/_manager.py\", line 120, in _hookexec\n    return self._inner_hookexec(hook_name, methods, kwargs, firstresult)\n  File \"/usr/local/lib/python3.10/site-packages/pluggy/_callers.py\", line 139, in _multicall\n    raise exception.with_traceback(exception.__traceback__)\n  File \"/usr/local/lib/python3.10/site-packages/pluggy/_callers.py\", line 122, in _multicall\n    teardown.throw(exception)  # type: ignore[union-attr]\n  File \"/usr/local/lib/python3.10/site-packages/_pytest/capture.py\", line 172, in pytest_load_initial_conftests\n    yield\n  File \"/usr/local/lib/python3.10/site-packages/pluggy/_callers.py\", line 103, in _multicall\n    res = hook_impl.function(*args)\n  File \"/usr/local/lib/python3.10/site-packages/_pytest/config/__init__.py\", line 1222, in pytest_load_initial_conftests\n    self.pluginmanager._set_initial_conftests(\n  File \"/usr/local/lib/python3.10/site-packages/_pytest/config/__init__.py\", line 581, in _set_initial_conftests\n    self._try_load_conftest(\n  File \"/usr/local/lib/python3.10/site-packages/_pytest/config/__init__.py\", line 619, in _try_load_conftest\n    self._loadconftestmodules(\n  File \"/usr/local/lib/python3.10/site-packages/_pytest/config/__init__.py\", line 659, in _loadconftestmodules\n    mod = self._importconftest(\n  File \"/usr/local/lib/python3.10/site-packages/_pytest/config/__init__.py\", line 735, in _importconftest\n    self.consider_conftest(mod, registration_name=conftestpath_plugin_name)\n  File \"/usr/local/lib/python3.10/site-packages/_pytest/config/__init__.py\", line 816, in consider_conftest\n    self.register(conftestmodule, name=registration_name)\n  File \"/usr/local/lib/python3.10/site-packages/_pytest/config/__init__.py\", line 512, in register\n    self.consider_module(plugin)\n  File \"/usr/local/lib/python3.10/site-packages/_pytest/config/__init__.py\", line 824, in consider_module\n    self._import_plugin_specs(getattr(mod, \"pytest_plugins\", []))\n  File \"/usr/local/lib/python3.10/site-packages/_pytest/config/__init__.py\", line 831, in _import_plugin_specs\n    self.import_plugin(import_spec)\n  File \"/usr/local/lib/python3.10/site-packages/_pytest/config/__init__.py\", line 860, in import_plugin\n    raise ImportError(\n  File \"/usr/local/lib/python3.10/site-packages/_pytest/config/__init__.py\", line 858, in import_plugin\n    __import__(importspec)\n  File \"/usr/local/lib/python3.10/site-packages/_pytest/assertion/rewrite.py\", line 185, in exec_module\n    exec(co, module.__dict__)\n  File \"/app/repo/sphinx/testing/fixtures.py\", line 21, in <module>\n    from sphinx.testing import util\n  File \"/app/repo/sphinx/testing/util.py\", line 23, in <module>\n    from sphinx import application, locale\n  File \"/app/repo/sphinx/application.py\", line 43, in <module>\n    from sphinx.registry import SphinxComponentRegistry\n  File \"/app/repo/sphinx/registry.py\", line 24, in <module>\n    from sphinx.builders import Builder\n  File \"/app/repo/sphinx/builders/__init__.py\", line 26, in <module>\n    from sphinx.util import import_object, logging, progress_message, rst, status_iterator\n  File \"/app/repo/sphinx/util/rst.py\", line 21, in <module>\n    from jinja2 import Environment, environmentfilter\nImportError: Error importing plugin \"sphinx.testing.fixtures\": cannot import name 'environmentfilter' from 'jinja2' (/usr/local/lib/python3.10/site-packages/jinja2/__init__.py)\n"
    }
  ]
}