{
  "instance_id": "sphinx-doc__sphinx-7590",
  "results": [
    {
      "test_file": "tests/test_domain_cpp.py",
      "test_case": "test_expressions",
      "test_type": "FAIL_TO_PASS",
      "exit_code": 1,
      "stdout": "",
      "stderr": "Traceback (most recent call last):\n  File \"/usr/local/lib/python3.10/site-packages/_pytest/config/__init__.py\", line 858, in import_plugin\n    __import__(importspec)\n  File \"/usr/local/lib/python3.10/site-packages/_pytest/assertion/rewrite.py\", line 185, in exec_module\n    exec(co, module.__dict__)\n  File \"/app/repo/sphinx/testing/fixtures.py\", line 21, in <module>\n    from sphinx.testing import util\n  File \"/app/repo/sphinx/testing/util.py\", line 22, in <module>\n    from sphinx import application, locale\n  File \"/app/repo/sphinx/application.py\", line 42, in <module>\n    from sphinx.registry import SphinxComponentRegistry\n  File \"/app/repo/sphinx/registry.py\", line 24, in <module>\n    from sphinx.builders import Builder\n  File \"/app/repo/sphinx/builders/__init__.py\", line 26, in <module>\n    from sphinx.util import import_object, logging, rst, progress_message, status_iterator\n  File \"/app/repo/sphinx/util/rst.py\", line 22, in <module>\n    from jinja2 import environmentfilter\nImportError: cannot import name 'environmentfilter' from 'jinja2' (/usr/local/lib/python3.10/site-packages/jinja2/__init__.py)\n\nThe above exception was the direct cause of the following exception:\n\nTraceback (most recent call last):\n  File \"/usr/local/bin/pytest\", line 8, in <module>\n    sys.exit(console_main())\n  File \"/usr/local/lib/python3.10/site-packages/_pytest/config/__init__.py\", line 201, in console_main\n    code = main()\n  File \"/usr/local/lib/python3.10/site-packages/_pytest/config/__init__.py\", line 156, in main\n    config = _prepareconfig(args, plugins)\n  File \"/usr/local/lib/python3.10/site-packages/_pytest/config/__init__.py\", line 341, in _prepareconfig\n    config = pluginmanager.hook.pytest_cmdline_parse(\n  File \"/usr/local/lib/python3.10/site-packages/pluggy/_hooks.py\", line 513, in __call__\n    return self._hookexec(self.name, self._hookimpls.copy(), kwargs, firstresult)\n  File \"/usr/local/lib/python3.10/site-packages/pluggy/_manager.py\", line 120, in _hookexec\n    return self._inner_hookexec(hook_name, methods, kwargs, firstresult)\n  File \"/usr/local/lib/python3.10/site-packages/pluggy/_callers.py\", line 139, in _multicall\n    raise exception.with_traceback(exception.__traceback__)\n  File \"/usr/local/lib/python3.10/site-packages/pluggy/_callers.py\", line 122, in _multicall\n    teardown.throw(exception)  # type: ignore[union-attr]\n  File \"/usr/local/lib/python3.10/site-packages/_pytest/helpconfig.py\", line 105, in pytest_cmdline_parse\n    config = yield\n  File \"/usr/local/lib/python3.10/site-packages/pluggy/_callers.py\", line 103, in _multicall\n    res = hook_impl.function(*args)\n  File \"/usr/local/lib/python3.10/site-packages/_pytest/config/__init__.py\", line 1140, in pytest_cmdline_parse\n    self.parse(args)\n  File \"/usr/local/lib/python3.10/site-packages/_pytest/config/__init__.py\", line 1494, in parse\n    self._preparse(args, addopts=addopts)\n  File \"/usr/local/lib/python3.10/site-packages/_pytest/config/__init__.py\", line 1398, in _preparse\n    self.hook.pytest_load_initial_conftests(\n  File \"/usr/local/lib/python3.10/site-packages/pluggy/_hooks.py\", line 513, in __call__\n    return self._hookexec(self.name, self._hookimpls.copy(), kwargs, firstresult)\n  File \"/usr/local/lib/python3.10/site-packages/pluggy/_manager.py\", line 120, in _hookexec\n    return self._inner_hookexec(hook_name, methods, kwargs, firstresult)\n  File \"/usr/local/lib/python3.10/site-packages/pluggy/_callers.py\", line 139, in _multicall\n    raise exception.with_traceback(exception.__traceback__)\n  File \"/usr/local/lib/python3.10/site-packages/pluggy/_callers.py\", line 122, in _multicall\n    teardown.throw(exception)  # type: ignore[union-attr]\n  File \"/usr/local/lib/python3.10/site-packages/_pytest/capture.py\", line 172, in pytest_load_initial_conftests\n    yield\n  File \"/usr/local/lib/python3.10/site-packages/pluggy/_callers.py\", line 103, in _multicall\n    res = hook_impl.function(*args)\n  File \"/usr/local/lib/python3.10/site-packages/_pytest/config/__init__.py\", line 1222, in pytest_load_initial_conftests\n    self.pluginmanager._set_initial_conftests(\n  File \"/usr/local/lib/python3.10/site-packages/_pytest/config/__init__.py\", line 581, in _set_initial_conftests\n    self._try_load_conftest(\n  File \"/usr/local/lib/python3.10/site-packages/_pytest/config/__init__.py\", line 619, in _try_load_conftest\n    self._loadconftestmodules(\n  File \"/usr/local/lib/python3.10/site-packages/_pytest/config/__init__.py\", line 659, in _loadconftestmodules\n    mod = self._importconftest(\n  File \"/usr/local/lib/python3.10/site-packages/_pytest/config/__init__.py\", line 735, in _importconftest\n    self.consider_conftest(mod, registration_name=conftestpath_plugin_name)\n  File \"/usr/local/lib/python3.10/site-packages/_pytest/config/__init__.py\", line 816, in consider_conftest\n    self.register(conftestmodule, name=registration_name)\n  File \"/usr/local/lib/python3.10/site-packages/_pytest/config/__init__.py\", line 512, in register\n    self.consider_module(plugin)\n  File \"/usr/local/lib/python3.10/site-packages/_pytest/config/__init__.py\", line 824, in consider_module\n    self._import_plugin_specs(getattr(mod, \"pytest_plugins\", []))\n  File \"/usr/local/lib/python3.10/site-packages/_pytest/config/__init__.py\", line 831, in _import_plugin_specs\n    self.import_plugin(import_spec)\n  File \"/usr/local/lib/python3.10/site-packages/_pytest/config/__init__.py\", line 860, in import_plugin\n    raise ImportError(\n  File \"/usr/local/lib/python3.10/site-packages/_pytest/config/__init__.py\", line 858, in import_plugin\n    __import__(importspec)\n  File \"/usr/local/lib/python3.10/site-packages/_pytest/assertion/rewrite.py\", line 185, in exec_module\n    exec(co, module.__dict__)\n  File \"/app/repo/sphinx/testing/fixtures.py\", line 21, in <module>\n    from sphinx.testing import util\n  File \"/app/repo/sphinx/testing/util.py\", line 22, in <module>\n    from sphinx import application, locale\n  File \"/app/repo/sphinx/application.py\", line 42, in <module>\n    from sphinx.registry import SphinxComponentRegistry\n  File \"/app/repo/sphinx/registry.py\", line 24, in <module>\n    from sphinx.builders import Builder\n  File \"/app/repo/sphinx/builders/__init__.py\", line 26, in <module>\n    from sphinx.util import import_object, logging, rst, progress_message, status_iterator\n  File \"/app/repo/sphinx/util/rst.py\", line 22, in <module>\n    from jinja2 import environmentfilter\nImportError: Error importing plugin \"sphinx.testing.fixtures\": cannot import name 'environmentfilter' from 'jinja2' (/usr/local/lib/python3.10/site-packages/jinja2/__init__.py)\n"
    },
    {
      "test_file": "tests/test_domain_cpp.py",
      "test_case": "test_fundamental_types",
      "test_type": "PASS_TO_PASS",
      "exit_code": 1,
      "stdout": "",
      "stderr": "Traceback (most recent call last):\n  File \"/usr/local/lib/python3.10/site-packages/_pytest/config/__init__.py\", line 858, in import_plugin\n    __import__(importspec)\n  File \"/usr/local/lib/python3.10/site-packages/_pytest/assertion/rewrite.py\", line 185, in exec_module\n    exec(co, module.__dict__)\n  File \"/app/repo/sphinx/testing/fixtures.py\", line 21, in <module>\n    from sphinx.testing import util\n  File \"/app/repo/sphinx/testing/util.py\", line 22, in <module>\n    from sphinx import application, locale\n  File \"/app/repo/sphinx/application.py\", line 42, in <module>\n    from sphinx.registry import SphinxComponentRegistry\n  File \"/app/repo/sphinx/registry.py\", line 24, in <module>\n    from sphinx.builders import Builder\n  File \"/app/repo/sphinx/builders/__init__.py\", line 26, in <module>\n    from sphinx.util import import_object, logging, rst, progress_message, status_iterator\n  File \"/app/repo/sphinx/util/rst.py\", line 22, in <module>\n    from jinja2 import environmentfilter\nImportError: cannot import name 'environmentfilter' from 'jinja2' (/usr/local/lib/python3.10/site-packages/jinja2/__init__.py)\n\nThe above exception was the direct cause of the following exception:\n\nTraceback (most recent call last):\n  File \"/usr/local/bin/pytest\", line 8, in <module>\n    sys.exit(console_main())\n  File \"/usr/local/lib/python3.10/site-packages/_pytest/config/__init__.py\", line 201, in console_main\n    code = main()\n  File \"/usr/local/lib/python3.10/site-packages/_pytest/config/__init__.py\", line 156, in main\n    config = _prepareconfig(args, plugins)\n  File \"/usr/local/lib/python3.10/site-packages/_pytest/config/__init__.py\", line 341, in _prepareconfig\n    config = pluginmanager.hook.pytest_cmdline_parse(\n  File \"/usr/local/lib/python3.10/site-packages/pluggy/_hooks.py\", line 513, in __call__\n    return self._hookexec(self.name, self._hookimpls.copy(), kwargs, firstresult)\n  File \"/usr/local/lib/python3.10/site-packages/pluggy/_manager.py\", line 120, in _hookexec\n    return self._inner_hookexec(hook_name, methods, kwargs, firstresult)\n  File \"/usr/local/lib/python3.10/site-packages/pluggy/_callers.py\", line 139, in _multicall\n    raise exception.with_traceback(exception.__traceback__)\n  File \"/usr/local/lib/python3.10/site-packages/pluggy/_callers.py\", line 122, in _multicall\n    teardown.throw(exception)  # type: ignore[union-attr]\n  File \"/usr/local/lib/python3.10/site-packages/_pytest/helpconfig.py\", line 105, in pytest_cmdline_parse\n    config = yield\n  File \"/usr/local/lib/python3.10/site-packages/pluggy/_callers.py\", line 103, in _multicall\n    res = hook_impl.function(*args)\n  File \"/usr/local/lib/python3.10/site-packages/_pytest/config/__init__.py\", line 1140, in pytest_cmdline_parse\n    self.parse(args)\n  File \"/usr/local/lib/python3.10/site-packages/_pytest/config/__init__.py\", line 1494, in parse\n    self._preparse(args, addopts=addopts)\n  File \"/usr/local/lib/python3.10/site-packages/_pytest/config/__init__.py\", line 1398, in _preparse\n    self.hook.pytest_load_initial_conftests(\n  File \"/usr/local/lib/python3.10/site-packages/pluggy/_hooks.py\", line 513, in __call__\n    return self._hookexec(self.name, self._hookimpls.copy(), kwargs, firstresult)\n  File \"/usr/local/lib/python3.10/site-packages/pluggy/_manager.py\", line 120, in _hookexec\n    return self._inner_hookexec(hook_name, methods, kwargs, firstresult)\n  File \"/usr/local/lib/python3.10/site-packages/pluggy/_callers.py\", line 139, in _multicall\n    raise exception.with_traceback(exception.__traceback__)\n  File \"/usr/local/lib/python3.10/site-packages/pluggy/_callers.py\", line 122, in _multicall\n    teardown.throw(exception)  # type: ignore[union-attr]\n  File \"/usr/local/lib/python3.10/site-packages/_pytest/capture.py\", line 172, in pytest_load_initial_conftests\n    yield\n  File \"/usr/local/lib/python3.10/site-packages/pluggy/_callers.py\", line 103, in _multicall\n    res = hook_impl.function(*args)\n  File \"/usr/local/lib/python3.10/site-packages/_pytest/config/__init__.py\", line 1222, in pytest_load_initial_conftests\n    self.pluginmanager._set_initial_conftests(\n  File \"/usr/local/lib/python3.10/site-packages/_pytest/config/__init__.py\", line 581, in _set_initial_conftests\n    self._try_load_conftest(\n  File \"/usr/local/lib/python3.10/site-packages/_pytest/config/__init__.py\", line 619, in _try_load_conftest\n    self._loadconftestmodules(\n  File \"/usr/local/lib/python3.10/site-packages/_pytest/config/__init__.py\", line 659, in _loadconftestmodules\n    mod = self._importconftest(\n  File \"/usr/local/lib/python3.10/site-packages/_pytest/config/__init__.py\", line 735, in _importconftest\n    self.consider_conftest(mod, registration_name=conftestpath_plugin_name)\n  File \"/usr/local/lib/python3.10/site-packages/_pytest/config/__init__.py\", line 816, in consider_conftest\n    self.register(conftestmodule, name=registration_name)\n  File \"/usr/local/lib/python3.10/site-packages/_pytest/config/__init__.py\", line 512, in register\n    self.consider_module(plugin)\n  File \"/usr/local/lib/python3.10/site-packages/_pytest/config/__init__.py\", line 824, in consider_module\n    self._import_plugin_specs(getattr(mod, \"pytest_plugins\", []))\n  File \"/usr/local/lib/python3.10/site-packages/_pytest/config/__init__.py\", line 831, in _import_plugin_specs\n    self.import_plugin(import_spec)\n  File \"/usr/local/lib/python3.10/site-packages/_pytest/config/__init__.py\", line 860, in import_plugin\n    raise ImportError(\n  File \"/usr/local/lib/python3.10/site-packages/_pytest/config/__init__.py\", line 858, in import_plugin\n    __import__(importspec)\n  File \"/usr/local/lib/python3.10/site-packages/_pytest/assertion/rewrite.py\", line 185, in exec_module\n    exec(co, module.__dict__)\n  File \"/app/repo/sphinx/testing/fixtures.py\", line 21, in <module>\n    from sphinx.testing import util\n  File \"/app/repo/sphinx/testing/util.py\", line 22, in <module>\n    from sphinx import application, locale\n  File \"/app/repo/sphinx/application.py\", line 42, in <module>\n    from sphinx.registry import SphinxComponentRegistry\n  File \"/app/repo/sphinx/registry.py\", line 24, in <module>\n    from sphinx.builders import Builder\n  File \"/app/repo/sphinx/builders/__init__.py\", line 26, in <module>\n    from sphinx.util import import_object, logging, rst, progress_message, status_iterator\n  File \"/app/repo/sphinx/util/rst.py\", line 22, in <module>\n    from jinja2 import environmentfilter\nImportError: Error importing plugin \"sphinx.testing.fixtures\": cannot import name 'environmentfilter' from 'jinja2' (/usr/local/lib/python3.10/site-packages/jinja2/__init__.py)\n"
    },
    {
      "test_file": "tests/test_domain_cpp.py",
      "test_case": "test_type_definitions",
      "test_type": "PASS_TO_PASS",
      "exit_code": 1,
      "stdout": "",
      "stderr": "Traceback (most recent call last):\n  File \"/usr/local/lib/python3.10/site-packages/_pytest/config/__init__.py\", line 858, in import_plugin\n    __import__(importspec)\n  File \"/usr/local/lib/python3.10/site-packages/_pytest/assertion/rewrite.py\", line 185, in exec_module\n    exec(co, module.__dict__)\n  File \"/app/repo/sphinx/testing/fixtures.py\", line 21, in <module>\n    from sphinx.testing import util\n  File \"/app/repo/sphinx/testing/util.py\", line 22, in <module>\n    from sphinx import application, locale\n  File \"/app/repo/sphinx/application.py\", line 42, in <module>\n    from sphinx.registry import SphinxComponentRegistry\n  File \"/app/repo/sphinx/registry.py\", line 24, in <module>\n    from sphinx.builders import Builder\n  File \"/app/repo/sphinx/builders/__init__.py\", line 26, in <module>\n    from sphinx.util import import_object, logging, rst, progress_message, status_iterator\n  File \"/app/repo/sphinx/util/rst.py\", line 22, in <module>\n    from jinja2 import environmentfilter\nImportError: cannot import name 'environmentfilter' from 'jinja2' (/usr/local/lib/python3.10/site-packages/jinja2/__init__.py)\n\nThe above exception was the direct cause of the following exception:\n\nTraceback (most recent call last):\n  File \"/usr/local/bin/pytest\", line 8, in <module>\n    sys.exit(console_main())\n  File \"/usr/local/lib/python3.10/site-packages/_pytest/config/__init__.py\", line 201, in console_main\n    code = main()\n  File \"/usr/local/lib/python3.10/site-packages/_pytest/config/__init__.py\", line 156, in main\n    config = _prepareconfig(args, plugins)\n  File \"/usr/local/lib/python3.10/site-packages/_pytest/config/__init__.py\", line 341, in _prepareconfig\n    config = pluginmanager.hook.pytest_cmdline_parse(\n  File \"/usr/local/lib/python3.10/site-packages/pluggy/_hooks.py\", line 513, in __call__\n    return self._hookexec(self.name, self._hookimpls.copy(), kwargs, firstresult)\n  File \"/usr/local/lib/python3.10/site-packages/pluggy/_manager.py\", line 120, in _hookexec\n    return self._inner_hookexec(hook_name, methods, kwargs, firstresult)\n  File \"/usr/local/lib/python3.10/site-packages/pluggy/_callers.py\", line 139, in _multicall\n    raise exception.with_traceback(exception.__traceback__)\n  File \"/usr/local/lib/python3.10/site-packages/pluggy/_callers.py\", line 122, in _multicall\n    teardown.throw(exception)  # type: ignore[union-attr]\n  File \"/usr/local/lib/python3.10/site-packages/_pytest/helpconfig.py\", line 105, in pytest_cmdline_parse\n    config = yield\n  File \"/usr/local/lib/python3.10/site-packages/pluggy/_callers.py\", line 103, in _multicall\n    res = hook_impl.function(*args)\n  File \"/usr/local/lib/python3.10/site-packages/_pytest/config/__init__.py\", line 1140, in pytest_cmdline_parse\n    self.parse(args)\n  File \"/usr/local/lib/python3.10/site-packages/_pytest/config/__init__.py\", line 1494, in parse\n    self._preparse(args, addopts=addopts)\n  File \"/usr/local/lib/python3.10/site-packages/_pytest/config/__init__.py\", line 1398, in _preparse\n    self.hook.pytest_load_initial_conftests(\n  File \"/usr/local/lib/python3.10/site-packages/pluggy/_hooks.py\", line 513, in __call__\n    return self._hookexec(self.name, self._hookimpls.copy(), kwargs, firstresult)\n  File \"/usr/local/lib/python3.10/site-packages/pluggy/_manager.py\", line 120, in _hookexec\n    return self._inner_hookexec(hook_name, methods, kwargs, firstresult)\n  File \"/usr/local/lib/python3.10/site-packages/pluggy/_callers.py\", line 139, in _multicall\n    raise exception.with_traceback(exception.__traceback__)\n  File \"/usr/local/lib/python3.10/site-packages/pluggy/_callers.py\", line 122, in _multicall\n    teardown.throw(exception)  # type: ignore[union-attr]\n  File \"/usr/local/lib/python3.10/site-packages/_pytest/capture.py\", line 172, in pytest_load_initial_conftests\n    yield\n  File \"/usr/local/lib/python3.10/site-packages/pluggy/_callers.py\", line 103, in _multicall\n    res = hook_impl.function(*args)\n  File \"/usr/local/lib/python3.10/site-packages/_pytest/config/__init__.py\", line 1222, in pytest_load_initial_conftests\n    self.pluginmanager._set_initial_conftests(\n  File \"/usr/local/lib/python3.10/site-packages/_pytest/config/__init__.py\", line 581, in _set_initial_conftests\n    self._try_load_conftest(\n  File \"/usr/local/lib/python3.10/site-packages/_pytest/config/__init__.py\", line 619, in _try_load_conftest\n    self._loadconftestmodules(\n  File \"/usr/local/lib/python3.10/site-packages/_pytest/config/__init__.py\", line 659, in _loadconftestmodules\n    mod = self._importconftest(\n  File \"/usr/local/lib/python3.10/site-packages/_pytest/config/__init__.py\", line 735, in _importconftest\n    self.consider_conftest(mod, registration_name=conftestpath_plugin_name)\n  File \"/usr/local/lib/python3.10/site-packages/_pytest/config/__init__.py\", line 816, in consider_conftest\n    self.register(conftestmodule, name=registration_name)\n  File \"/usr/local/lib/python3.10/site-packages/_pytest/config/__init__.py\", line 512, in register\n    self.consider_module(plugin)\n  File \"/usr/local/lib/python3.10/site-packages/_pytest/config/__init__.py\", line 824, in consider_module\n    self._import_plugin_specs(getattr(mod, \"pytest_plugins\", []))\n  File \"/usr/local/lib/python3.10/site-packages/_pytest/config/__init__.py\", line 831, in _import_plugin_specs\n    self.import_plugin(import_spec)\n  File \"/usr/local/lib/python3.10/site-packages/_pytest/config/__init__.py\", line 860, in import_plugin\n    raise ImportError(\n  File \"/usr/local/lib/python3.10/site-packages/_pytest/config/__init__.py\", line 858, in import_plugin\n    __import__(importspec)\n  File \"/usr/local/lib/python3.10/site-packages/_pytest/assertion/rewrite.py\", line 185, in exec_module\n    exec(co, module.__dict__)\n  File \"/app/repo/sphinx/testing/fixtures.py\", line 21, in <module>\n    from sphinx.testing import util\n  File \"/app/repo/sphinx/testing/util.py\", line 22, in <module>\n    from sphinx import application, locale\n  File \"/app/repo/sphinx/application.py\", line 42, in <module>\n    from sphinx.registry import SphinxComponentRegistry\n  File \"/app/repo/sphinx/registry.py\", line 24, in <module>\n    from sphinx.builders import Builder\n  File \"/app/repo/sphinx/builders/__init__.py\", line 26, in <module>\n    from sphinx.util import import_object, logging, rst, progress_message, status_iterator\n  File \"/app/repo/sphinx/util/rst.py\", line 22, in <module>\n    from jinja2 import environmentfilter\nImportError: Error importing plugin \"sphinx.testing.fixtures\": cannot import name 'environmentfilter' from 'jinja2' (/usr/local/lib/python3.10/site-packages/jinja2/__init__.py)\n"
    },
    {
      "test_file": "tests/test_domain_cpp.py",
      "test_case": "test_concept_definitions",
      "test_type": "PASS_TO_PASS",
      "exit_code": 1,
      "stdout": "",
      "stderr": "Traceback (most recent call last):\n  File \"/usr/local/lib/python3.10/site-packages/_pytest/config/__init__.py\", line 858, in import_plugin\n    __import__(importspec)\n  File \"/usr/local/lib/python3.10/site-packages/_pytest/assertion/rewrite.py\", line 185, in exec_module\n    exec(co, module.__dict__)\n  File \"/app/repo/sphinx/testing/fixtures.py\", line 21, in <module>\n    from sphinx.testing import util\n  File \"/app/repo/sphinx/testing/util.py\", line 22, in <module>\n    from sphinx import application, locale\n  File \"/app/repo/sphinx/application.py\", line 42, in <module>\n    from sphinx.registry import SphinxComponentRegistry\n  File \"/app/repo/sphinx/registry.py\", line 24, in <module>\n    from sphinx.builders import Builder\n  File \"/app/repo/sphinx/builders/__init__.py\", line 26, in <module>\n    from sphinx.util import import_object, logging, rst, progress_message, status_iterator\n  File \"/app/repo/sphinx/util/rst.py\", line 22, in <module>\n    from jinja2 import environmentfilter\nImportError: cannot import name 'environmentfilter' from 'jinja2' (/usr/local/lib/python3.10/site-packages/jinja2/__init__.py)\n\nThe above exception was the direct cause of the following exception:\n\nTraceback (most recent call last):\n  File \"/usr/local/bin/pytest\", line 8, in <module>\n    sys.exit(console_main())\n  File \"/usr/local/lib/python3.10/site-packages/_pytest/config/__init__.py\", line 201, in console_main\n    code = main()\n  File \"/usr/local/lib/python3.10/site-packages/_pytest/config/__init__.py\", line 156, in main\n    config = _prepareconfig(args, plugins)\n  File \"/usr/local/lib/python3.10/site-packages/_pytest/config/__init__.py\", line 341, in _prepareconfig\n    config = pluginmanager.hook.pytest_cmdline_parse(\n  File \"/usr/local/lib/python3.10/site-packages/pluggy/_hooks.py\", line 513, in __call__\n    return self._hookexec(self.name, self._hookimpls.copy(), kwargs, firstresult)\n  File \"/usr/local/lib/python3.10/site-packages/pluggy/_manager.py\", line 120, in _hookexec\n    return self._inner_hookexec(hook_name, methods, kwargs, firstresult)\n  File \"/usr/local/lib/python3.10/site-packages/pluggy/_callers.py\", line 139, in _multicall\n    raise exception.with_traceback(exception.__traceback__)\n  File \"/usr/local/lib/python3.10/site-packages/pluggy/_callers.py\", line 122, in _multicall\n    teardown.throw(exception)  # type: ignore[union-attr]\n  File \"/usr/local/lib/python3.10/site-packages/_pytest/helpconfig.py\", line 105, in pytest_cmdline_parse\n    config = yield\n  File \"/usr/local/lib/python3.10/site-packages/pluggy/_callers.py\", line 103, in _multicall\n    res = hook_impl.function(*args)\n  File \"/usr/local/lib/python3.10/site-packages/_pytest/config/__init__.py\", line 1140, in pytest_cmdline_parse\n    self.parse(args)\n  File \"/usr/local/lib/python3.10/site-packages/_pytest/config/__init__.py\", line 1494, in parse\n    self._preparse(args, addopts=addopts)\n  File \"/usr/local/lib/python3.10/site-packages/_pytest/config/__init__.py\", line 1398, in _preparse\n    self.hook.pytest_load_initial_conftests(\n  File \"/usr/local/lib/python3.10/site-packages/pluggy/_hooks.py\", line 513, in __call__\n    return self._hookexec(self.name, self._hookimpls.copy(), kwargs, firstresult)\n  File \"/usr/local/lib/python3.10/site-packages/pluggy/_manager.py\", line 120, in _hookexec\n    return self._inner_hookexec(hook_name, methods, kwargs, firstresult)\n  File \"/usr/local/lib/python3.10/site-packages/pluggy/_callers.py\", line 139, in _multicall\n    raise exception.with_traceback(exception.__traceback__)\n  File \"/usr/local/lib/python3.10/site-packages/pluggy/_callers.py\", line 122, in _multicall\n    teardown.throw(exception)  # type: ignore[union-attr]\n  File \"/usr/local/lib/python3.10/site-packages/_pytest/capture.py\", line 172, in pytest_load_initial_conftests\n    yield\n  File \"/usr/local/lib/python3.10/site-packages/pluggy/_callers.py\", line 103, in _multicall\n    res = hook_impl.function(*args)\n  File \"/usr/local/lib/python3.10/site-packages/_pytest/config/__init__.py\", line 1222, in pytest_load_initial_conftests\n    self.pluginmanager._set_initial_conftests(\n  File \"/usr/local/lib/python3.10/site-packages/_pytest/config/__init__.py\", line 581, in _set_initial_conftests\n    self._try_load_conftest(\n  File \"/usr/local/lib/python3.10/site-packages/_pytest/config/__init__.py\", line 619, in _try_load_conftest\n    self._loadconftestmodules(\n  File \"/usr/local/lib/python3.10/site-packages/_pytest/config/__init__.py\", line 659, in _loadconftestmodules\n    mod = self._importconftest(\n  File \"/usr/local/lib/python3.10/site-packages/_pytest/config/__init__.py\", line 735, in _importconftest\n    self.consider_conftest(mod, registration_name=conftestpath_plugin_name)\n  File \"/usr/local/lib/python3.10/site-packages/_pytest/config/__init__.py\", line 816, in consider_conftest\n    self.register(conftestmodule, name=registration_name)\n  File \"/usr/local/lib/python3.10/site-packages/_pytest/config/__init__.py\", line 512, in register\n    self.consider_module(plugin)\n  File \"/usr/local/lib/python3.10/site-packages/_pytest/config/__init__.py\", line 824, in consider_module\n    self._import_plugin_specs(getattr(mod, \"pytest_plugins\", []))\n  File \"/usr/local/lib/python3.10/site-packages/_pytest/config/__init__.py\", line 831, in _import_plugin_specs\n    self.import_plugin(import_spec)\n  File \"/usr/local/lib/python3.10/site-packages/_pytest/config/__init__.py\", line 860, in import_plugin\n    raise ImportError(\n  File \"/usr/local/lib/python3.10/site-packages/_pytest/config/__init__.py\", line 858, in import_plugin\n    __import__(importspec)\n  File \"/usr/local/lib/python3.10/site-packages/_pytest/assertion/rewrite.py\", line 185, in exec_module\n    exec(co, module.__dict__)\n  File \"/app/repo/sphinx/testing/fixtures.py\", line 21, in <module>\n    from sphinx.testing import util\n  File \"/app/repo/sphinx/testing/util.py\", line 22, in <module>\n    from sphinx import application, locale\n  File \"/app/repo/sphinx/application.py\", line 42, in <module>\n    from sphinx.registry import SphinxComponentRegistry\n  File \"/app/repo/sphinx/registry.py\", line 24, in <module>\n    from sphinx.builders import Builder\n  File \"/app/repo/sphinx/builders/__init__.py\", line 26, in <module>\n    from sphinx.util import import_object, logging, rst, progress_message, status_iterator\n  File \"/app/repo/sphinx/util/rst.py\", line 22, in <module>\n    from jinja2 import environmentfilter\nImportError: Error importing plugin \"sphinx.testing.fixtures\": cannot import name 'environmentfilter' from 'jinja2' (/usr/local/lib/python3.10/site-packages/jinja2/__init__.py)\n"
    },
    {
      "test_file": "tests/test_domain_cpp.py",
      "test_case": "test_member_definitions",
      "test_type": "PASS_TO_PASS",
      "exit_code": 1,
      "stdout": "",
      "stderr": "Traceback (most recent call last):\n  File \"/usr/local/lib/python3.10/site-packages/_pytest/config/__init__.py\", line 858, in import_plugin\n    __import__(importspec)\n  File \"/usr/local/lib/python3.10/site-packages/_pytest/assertion/rewrite.py\", line 185, in exec_module\n    exec(co, module.__dict__)\n  File \"/app/repo/sphinx/testing/fixtures.py\", line 21, in <module>\n    from sphinx.testing import util\n  File \"/app/repo/sphinx/testing/util.py\", line 22, in <module>\n    from sphinx import application, locale\n  File \"/app/repo/sphinx/application.py\", line 42, in <module>\n    from sphinx.registry import SphinxComponentRegistry\n  File \"/app/repo/sphinx/registry.py\", line 24, in <module>\n    from sphinx.builders import Builder\n  File \"/app/repo/sphinx/builders/__init__.py\", line 26, in <module>\n    from sphinx.util import import_object, logging, rst, progress_message, status_iterator\n  File \"/app/repo/sphinx/util/rst.py\", line 22, in <module>\n    from jinja2 import environmentfilter\nImportError: cannot import name 'environmentfilter' from 'jinja2' (/usr/local/lib/python3.10/site-packages/jinja2/__init__.py)\n\nThe above exception was the direct cause of the following exception:\n\nTraceback (most recent call last):\n  File \"/usr/local/bin/pytest\", line 8, in <module>\n    sys.exit(console_main())\n  File \"/usr/local/lib/python3.10/site-packages/_pytest/config/__init__.py\", line 201, in console_main\n    code = main()\n  File \"/usr/local/lib/python3.10/site-packages/_pytest/config/__init__.py\", line 156, in main\n    config = _prepareconfig(args, plugins)\n  File \"/usr/local/lib/python3.10/site-packages/_pytest/config/__init__.py\", line 341, in _prepareconfig\n    config = pluginmanager.hook.pytest_cmdline_parse(\n  File \"/usr/local/lib/python3.10/site-packages/pluggy/_hooks.py\", line 513, in __call__\n    return self._hookexec(self.name, self._hookimpls.copy(), kwargs, firstresult)\n  File \"/usr/local/lib/python3.10/site-packages/pluggy/_manager.py\", line 120, in _hookexec\n    return self._inner_hookexec(hook_name, methods, kwargs, firstresult)\n  File \"/usr/local/lib/python3.10/site-packages/pluggy/_callers.py\", line 139, in _multicall\n    raise exception.with_traceback(exception.__traceback__)\n  File \"/usr/local/lib/python3.10/site-packages/pluggy/_callers.py\", line 122, in _multicall\n    teardown.throw(exception)  # type: ignore[union-attr]\n  File \"/usr/local/lib/python3.10/site-packages/_pytest/helpconfig.py\", line 105, in pytest_cmdline_parse\n    config = yield\n  File \"/usr/local/lib/python3.10/site-packages/pluggy/_callers.py\", line 103, in _multicall\n    res = hook_impl.function(*args)\n  File \"/usr/local/lib/python3.10/site-packages/_pytest/config/__init__.py\", line 1140, in pytest_cmdline_parse\n    self.parse(args)\n  File \"/usr/local/lib/python3.10/site-packages/_pytest/config/__init__.py\", line 1494, in parse\n    self._preparse(args, addopts=addopts)\n  File \"/usr/local/lib/python3.10/site-packages/_pytest/config/__init__.py\", line 1398, in _preparse\n    self.hook.pytest_load_initial_conftests(\n  File \"/usr/local/lib/python3.10/site-packages/pluggy/_hooks.py\", line 513, in __call__\n    return self._hookexec(self.name, self._hookimpls.copy(), kwargs, firstresult)\n  File \"/usr/local/lib/python3.10/site-packages/pluggy/_manager.py\", line 120, in _hookexec\n    return self._inner_hookexec(hook_name, methods, kwargs, firstresult)\n  File \"/usr/local/lib/python3.10/site-packages/pluggy/_callers.py\", line 139, in _multicall\n    raise exception.with_traceback(exception.__traceback__)\n  File \"/usr/local/lib/python3.10/site-packages/pluggy/_callers.py\", line 122, in _multicall\n    teardown.throw(exception)  # type: ignore[union-attr]\n  File \"/usr/local/lib/python3.10/site-packages/_pytest/capture.py\", line 172, in pytest_load_initial_conftests\n    yield\n  File \"/usr/local/lib/python3.10/site-packages/pluggy/_callers.py\", line 103, in _multicall\n    res = hook_impl.function(*args)\n  File \"/usr/local/lib/python3.10/site-packages/_pytest/config/__init__.py\", line 1222, in pytest_load_initial_conftests\n    self.pluginmanager._set_initial_conftests(\n  File \"/usr/local/lib/python3.10/site-packages/_pytest/config/__init__.py\", line 581, in _set_initial_conftests\n    self._try_load_conftest(\n  File \"/usr/local/lib/python3.10/site-packages/_pytest/config/__init__.py\", line 619, in _try_load_conftest\n    self._loadconftestmodules(\n  File \"/usr/local/lib/python3.10/site-packages/_pytest/config/__init__.py\", line 659, in _loadconftestmodules\n    mod = self._importconftest(\n  File \"/usr/local/lib/python3.10/site-packages/_pytest/config/__init__.py\", line 735, in _importconftest\n    self.consider_conftest(mod, registration_name=conftestpath_plugin_name)\n  File \"/usr/local/lib/python3.10/site-packages/_pytest/config/__init__.py\", line 816, in consider_conftest\n    self.register(conftestmodule, name=registration_name)\n  File \"/usr/local/lib/python3.10/site-packages/_pytest/config/__init__.py\", line 512, in register\n    self.consider_module(plugin)\n  File \"/usr/local/lib/python3.10/site-packages/_pytest/config/__init__.py\", line 824, in consider_module\n    self._import_plugin_specs(getattr(mod, \"pytest_plugins\", []))\n  File \"/usr/local/lib/python3.10/site-packages/_pytest/config/__init__.py\", line 831, in _import_plugin_specs\n    self.import_plugin(import_spec)\n  File \"/usr/local/lib/python3.10/site-packages/_pytest/config/__init__.py\", line 860, in import_plugin\n    raise ImportError(\n  File \"/usr/local/lib/python3.10/site-packages/_pytest/config/__init__.py\", line 858, in import_plugin\n    __import__(importspec)\n  File \"/usr/local/lib/python3.10/site-packages/_pytest/assertion/rewrite.py\", line 185, in exec_module\n    exec(co, module.__dict__)\n  File \"/app/repo/sphinx/testing/fixtures.py\", line 21, in <module>\n    from sphinx.testing import util\n  File \"/app/repo/sphinx/testing/util.py\", line 22, in <module>\n    from sphinx import application, locale\n  File \"/app/repo/sphinx/application.py\", line 42, in <module>\n    from sphinx.registry import SphinxComponentRegistry\n  File \"/app/repo/sphinx/registry.py\", line 24, in <module>\n    from sphinx.builders import Builder\n  File \"/app/repo/sphinx/builders/__init__.py\", line 26, in <module>\n    from sphinx.util import import_object, logging, rst, progress_message, status_iterator\n  File \"/app/repo/sphinx/util/rst.py\", line 22, in <module>\n    from jinja2 import environmentfilter\nImportError: Error importing plugin \"sphinx.testing.fixtures\": cannot import name 'environmentfilter' from 'jinja2' (/usr/local/lib/python3.10/site-packages/jinja2/__init__.py)\n"
    },
    {
      "test_file": "tests/test_domain_cpp.py",
      "test_case": "test_function_definitions",
      "test_type": "PASS_TO_PASS",
      "exit_code": 1,
      "stdout": "",
      "stderr": "Traceback (most recent call last):\n  File \"/usr/local/lib/python3.10/site-packages/_pytest/config/__init__.py\", line 858, in import_plugin\n    __import__(importspec)\n  File \"/usr/local/lib/python3.10/site-packages/_pytest/assertion/rewrite.py\", line 185, in exec_module\n    exec(co, module.__dict__)\n  File \"/app/repo/sphinx/testing/fixtures.py\", line 21, in <module>\n    from sphinx.testing import util\n  File \"/app/repo/sphinx/testing/util.py\", line 22, in <module>\n    from sphinx import application, locale\n  File \"/app/repo/sphinx/application.py\", line 42, in <module>\n    from sphinx.registry import SphinxComponentRegistry\n  File \"/app/repo/sphinx/registry.py\", line 24, in <module>\n    from sphinx.builders import Builder\n  File \"/app/repo/sphinx/builders/__init__.py\", line 26, in <module>\n    from sphinx.util import import_object, logging, rst, progress_message, status_iterator\n  File \"/app/repo/sphinx/util/rst.py\", line 22, in <module>\n    from jinja2 import environmentfilter\nImportError: cannot import name 'environmentfilter' from 'jinja2' (/usr/local/lib/python3.10/site-packages/jinja2/__init__.py)\n\nThe above exception was the direct cause of the following exception:\n\nTraceback (most recent call last):\n  File \"/usr/local/bin/pytest\", line 8, in <module>\n    sys.exit(console_main())\n  File \"/usr/local/lib/python3.10/site-packages/_pytest/config/__init__.py\", line 201, in console_main\n    code = main()\n  File \"/usr/local/lib/python3.10/site-packages/_pytest/config/__init__.py\", line 156, in main\n    config = _prepareconfig(args, plugins)\n  File \"/usr/local/lib/python3.10/site-packages/_pytest/config/__init__.py\", line 341, in _prepareconfig\n    config = pluginmanager.hook.pytest_cmdline_parse(\n  File \"/usr/local/lib/python3.10/site-packages/pluggy/_hooks.py\", line 513, in __call__\n    return self._hookexec(self.name, self._hookimpls.copy(), kwargs, firstresult)\n  File \"/usr/local/lib/python3.10/site-packages/pluggy/_manager.py\", line 120, in _hookexec\n    return self._inner_hookexec(hook_name, methods, kwargs, firstresult)\n  File \"/usr/local/lib/python3.10/site-packages/pluggy/_callers.py\", line 139, in _multicall\n    raise exception.with_traceback(exception.__traceback__)\n  File \"/usr/local/lib/python3.10/site-packages/pluggy/_callers.py\", line 122, in _multicall\n    teardown.throw(exception)  # type: ignore[union-attr]\n  File \"/usr/local/lib/python3.10/site-packages/_pytest/helpconfig.py\", line 105, in pytest_cmdline_parse\n    config = yield\n  File \"/usr/local/lib/python3.10/site-packages/pluggy/_callers.py\", line 103, in _multicall\n    res = hook_impl.function(*args)\n  File \"/usr/local/lib/python3.10/site-packages/_pytest/config/__init__.py\", line 1140, in pytest_cmdline_parse\n    self.parse(args)\n  File \"/usr/local/lib/python3.10/site-packages/_pytest/config/__init__.py\", line 1494, in parse\n    self._preparse(args, addopts=addopts)\n  File \"/usr/local/lib/python3.10/site-packages/_pytest/config/__init__.py\", line 1398, in _preparse\n    self.hook.pytest_load_initial_conftests(\n  File \"/usr/local/lib/python3.10/site-packages/pluggy/_hooks.py\", line 513, in __call__\n    return self._hookexec(self.name, self._hookimpls.copy(), kwargs, firstresult)\n  File \"/usr/local/lib/python3.10/site-packages/pluggy/_manager.py\", line 120, in _hookexec\n    return self._inner_hookexec(hook_name, methods, kwargs, firstresult)\n  File \"/usr/local/lib/python3.10/site-packages/pluggy/_callers.py\", line 139, in _multicall\n    raise exception.with_traceback(exception.__traceback__)\n  File \"/usr/local/lib/python3.10/site-packages/pluggy/_callers.py\", line 122, in _multicall\n    teardown.throw(exception)  # type: ignore[union-attr]\n  File \"/usr/local/lib/python3.10/site-packages/_pytest/capture.py\", line 172, in pytest_load_initial_conftests\n    yield\n  File \"/usr/local/lib/python3.10/site-packages/pluggy/_callers.py\", line 103, in _multicall\n    res = hook_impl.function(*args)\n  File \"/usr/local/lib/python3.10/site-packages/_pytest/config/__init__.py\", line 1222, in pytest_load_initial_conftests\n    self.pluginmanager._set_initial_conftests(\n  File \"/usr/local/lib/python3.10/site-packages/_pytest/config/__init__.py\", line 581, in _set_initial_conftests\n    self._try_load_conftest(\n  File \"/usr/local/lib/python3.10/site-packages/_pytest/config/__init__.py\", line 619, in _try_load_conftest\n    self._loadconftestmodules(\n  File \"/usr/local/lib/python3.10/site-packages/_pytest/config/__init__.py\", line 659, in _loadconftestmodules\n    mod = self._importconftest(\n  File \"/usr/local/lib/python3.10/site-packages/_pytest/config/__init__.py\", line 735, in _importconftest\n    self.consider_conftest(mod, registration_name=conftestpath_plugin_name)\n  File \"/usr/local/lib/python3.10/site-packages/_pytest/config/__init__.py\", line 816, in consider_conftest\n    self.register(conftestmodule, name=registration_name)\n  File \"/usr/local/lib/python3.10/site-packages/_pytest/config/__init__.py\", line 512, in register\n    self.consider_module(plugin)\n  File \"/usr/local/lib/python3.10/site-packages/_pytest/config/__init__.py\", line 824, in consider_module\n    self._import_plugin_specs(getattr(mod, \"pytest_plugins\", []))\n  File \"/usr/local/lib/python3.10/site-packages/_pytest/config/__init__.py\", line 831, in _import_plugin_specs\n    self.import_plugin(import_spec)\n  File \"/usr/local/lib/python3.10/site-packages/_pytest/config/__init__.py\", line 860, in import_plugin\n    raise ImportError(\n  File \"/usr/local/lib/python3.10/site-packages/_pytest/config/__init__.py\", line 858, in import_plugin\n    __import__(importspec)\n  File \"/usr/local/lib/python3.10/site-packages/_pytest/assertion/rewrite.py\", line 185, in exec_module\n    exec(co, module.__dict__)\n  File \"/app/repo/sphinx/testing/fixtures.py\", line 21, in <module>\n    from sphinx.testing import util\n  File \"/app/repo/sphinx/testing/util.py\", line 22, in <module>\n    from sphinx import application, locale\n  File \"/app/repo/sphinx/application.py\", line 42, in <module>\n    from sphinx.registry import SphinxComponentRegistry\n  File \"/app/repo/sphinx/registry.py\", line 24, in <module>\n    from sphinx.builders import Builder\n  File \"/app/repo/sphinx/builders/__init__.py\", line 26, in <module>\n    from sphinx.util import import_object, logging, rst, progress_message, status_iterator\n  File \"/app/repo/sphinx/util/rst.py\", line 22, in <module>\n    from jinja2 import environmentfilter\nImportError: Error importing plugin \"sphinx.testing.fixtures\": cannot import name 'environmentfilter' from 'jinja2' (/usr/local/lib/python3.10/site-packages/jinja2/__init__.py)\n"
    },
    {
      "test_file": "tests/test_domain_cpp.py",
      "test_case": "test_operators",
      "test_type": "PASS_TO_PASS",
      "exit_code": 1,
      "stdout": "",
      "stderr": "Traceback (most recent call last):\n  File \"/usr/local/lib/python3.10/site-packages/_pytest/config/__init__.py\", line 858, in import_plugin\n    __import__(importspec)\n  File \"/usr/local/lib/python3.10/site-packages/_pytest/assertion/rewrite.py\", line 185, in exec_module\n    exec(co, module.__dict__)\n  File \"/app/repo/sphinx/testing/fixtures.py\", line 21, in <module>\n    from sphinx.testing import util\n  File \"/app/repo/sphinx/testing/util.py\", line 22, in <module>\n    from sphinx import application, locale\n  File \"/app/repo/sphinx/application.py\", line 42, in <module>\n    from sphinx.registry import SphinxComponentRegistry\n  File \"/app/repo/sphinx/registry.py\", line 24, in <module>\n    from sphinx.builders import Builder\n  File \"/app/repo/sphinx/builders/__init__.py\", line 26, in <module>\n    from sphinx.util import import_object, logging, rst, progress_message, status_iterator\n  File \"/app/repo/sphinx/util/rst.py\", line 22, in <module>\n    from jinja2 import environmentfilter\nImportError: cannot import name 'environmentfilter' from 'jinja2' (/usr/local/lib/python3.10/site-packages/jinja2/__init__.py)\n\nThe above exception was the direct cause of the following exception:\n\nTraceback (most recent call last):\n  File \"/usr/local/bin/pytest\", line 8, in <module>\n    sys.exit(console_main())\n  File \"/usr/local/lib/python3.10/site-packages/_pytest/config/__init__.py\", line 201, in console_main\n    code = main()\n  File \"/usr/local/lib/python3.10/site-packages/_pytest/config/__init__.py\", line 156, in main\n    config = _prepareconfig(args, plugins)\n  File \"/usr/local/lib/python3.10/site-packages/_pytest/config/__init__.py\", line 341, in _prepareconfig\n    config = pluginmanager.hook.pytest_cmdline_parse(\n  File \"/usr/local/lib/python3.10/site-packages/pluggy/_hooks.py\", line 513, in __call__\n    return self._hookexec(self.name, self._hookimpls.copy(), kwargs, firstresult)\n  File \"/usr/local/lib/python3.10/site-packages/pluggy/_manager.py\", line 120, in _hookexec\n    return self._inner_hookexec(hook_name, methods, kwargs, firstresult)\n  File \"/usr/local/lib/python3.10/site-packages/pluggy/_callers.py\", line 139, in _multicall\n    raise exception.with_traceback(exception.__traceback__)\n  File \"/usr/local/lib/python3.10/site-packages/pluggy/_callers.py\", line 122, in _multicall\n    teardown.throw(exception)  # type: ignore[union-attr]\n  File \"/usr/local/lib/python3.10/site-packages/_pytest/helpconfig.py\", line 105, in pytest_cmdline_parse\n    config = yield\n  File \"/usr/local/lib/python3.10/site-packages/pluggy/_callers.py\", line 103, in _multicall\n    res = hook_impl.function(*args)\n  File \"/usr/local/lib/python3.10/site-packages/_pytest/config/__init__.py\", line 1140, in pytest_cmdline_parse\n    self.parse(args)\n  File \"/usr/local/lib/python3.10/site-packages/_pytest/config/__init__.py\", line 1494, in parse\n    self._preparse(args, addopts=addopts)\n  File \"/usr/local/lib/python3.10/site-packages/_pytest/config/__init__.py\", line 1398, in _preparse\n    self.hook.pytest_load_initial_conftests(\n  File \"/usr/local/lib/python3.10/site-packages/pluggy/_hooks.py\", line 513, in __call__\n    return self._hookexec(self.name, self._hookimpls.copy(), kwargs, firstresult)\n  File \"/usr/local/lib/python3.10/site-packages/pluggy/_manager.py\", line 120, in _hookexec\n    return self._inner_hookexec(hook_name, methods, kwargs, firstresult)\n  File \"/usr/local/lib/python3.10/site-packages/pluggy/_callers.py\", line 139, in _multicall\n    raise exception.with_traceback(exception.__traceback__)\n  File \"/usr/local/lib/python3.10/site-packages/pluggy/_callers.py\", line 122, in _multicall\n    teardown.throw(exception)  # type: ignore[union-attr]\n  File \"/usr/local/lib/python3.10/site-packages/_pytest/capture.py\", line 172, in pytest_load_initial_conftests\n    yield\n  File \"/usr/local/lib/python3.10/site-packages/pluggy/_callers.py\", line 103, in _multicall\n    res = hook_impl.function(*args)\n  File \"/usr/local/lib/python3.10/site-packages/_pytest/config/__init__.py\", line 1222, in pytest_load_initial_conftests\n    self.pluginmanager._set_initial_conftests(\n  File \"/usr/local/lib/python3.10/site-packages/_pytest/config/__init__.py\", line 581, in _set_initial_conftests\n    self._try_load_conftest(\n  File \"/usr/local/lib/python3.10/site-packages/_pytest/config/__init__.py\", line 619, in _try_load_conftest\n    self._loadconftestmodules(\n  File \"/usr/local/lib/python3.10/site-packages/_pytest/config/__init__.py\", line 659, in _loadconftestmodules\n    mod = self._importconftest(\n  File \"/usr/local/lib/python3.10/site-packages/_pytest/config/__init__.py\", line 735, in _importconftest\n    self.consider_conftest(mod, registration_name=conftestpath_plugin_name)\n  File \"/usr/local/lib/python3.10/site-packages/_pytest/config/__init__.py\", line 816, in consider_conftest\n    self.register(conftestmodule, name=registration_name)\n  File \"/usr/local/lib/python3.10/site-packages/_pytest/config/__init__.py\", line 512, in register\n    self.consider_module(plugin)\n  File \"/usr/local/lib/python3.10/site-packages/_pytest/config/__init__.py\", line 824, in consider_module\n    self._import_plugin_specs(getattr(mod, \"pytest_plugins\", []))\n  File \"/usr/local/lib/python3.10/site-packages/_pytest/config/__init__.py\", line 831, in _import_plugin_specs\n    self.import_plugin(import_spec)\n  File \"/usr/local/lib/python3.10/site-packages/_pytest/config/__init__.py\", line 860, in import_plugin\n    raise ImportError(\n  File \"/usr/local/lib/python3.10/site-packages/_pytest/config/__init__.py\", line 858, in import_plugin\n    __import__(importspec)\n  File \"/usr/local/lib/python3.10/site-packages/_pytest/assertion/rewrite.py\", line 185, in exec_module\n    exec(co, module.__dict__)\n  File \"/app/repo/sphinx/testing/fixtures.py\", line 21, in <module>\n    from sphinx.testing import util\n  File \"/app/repo/sphinx/testing/util.py\", line 22, in <module>\n    from sphinx import application, locale\n  File \"/app/repo/sphinx/application.py\", line 42, in <module>\n    from sphinx.registry import SphinxComponentRegistry\n  File \"/app/repo/sphinx/registry.py\", line 24, in <module>\n    from sphinx.builders import Builder\n  File \"/app/repo/sphinx/builders/__init__.py\", line 26, in <module>\n    from sphinx.util import import_object, logging, rst, progress_message, status_iterator\n  File \"/app/repo/sphinx/util/rst.py\", line 22, in <module>\n    from jinja2 import environmentfilter\nImportError: Error importing plugin \"sphinx.testing.fixtures\": cannot import name 'environmentfilter' from 'jinja2' (/usr/local/lib/python3.10/site-packages/jinja2/__init__.py)\n"
    },
    {
      "test_file": "tests/test_domain_cpp.py",
      "test_case": "test_class_definitions",
      "test_type": "PASS_TO_PASS",
      "exit_code": 1,
      "stdout": "",
      "stderr": "Traceback (most recent call last):\n  File \"/usr/local/lib/python3.10/site-packages/_pytest/config/__init__.py\", line 858, in import_plugin\n    __import__(importspec)\n  File \"/usr/local/lib/python3.10/site-packages/_pytest/assertion/rewrite.py\", line 185, in exec_module\n    exec(co, module.__dict__)\n  File \"/app/repo/sphinx/testing/fixtures.py\", line 21, in <module>\n    from sphinx.testing import util\n  File \"/app/repo/sphinx/testing/util.py\", line 22, in <module>\n    from sphinx import application, locale\n  File \"/app/repo/sphinx/application.py\", line 42, in <module>\n    from sphinx.registry import SphinxComponentRegistry\n  File \"/app/repo/sphinx/registry.py\", line 24, in <module>\n    from sphinx.builders import Builder\n  File \"/app/repo/sphinx/builders/__init__.py\", line 26, in <module>\n    from sphinx.util import import_object, logging, rst, progress_message, status_iterator\n  File \"/app/repo/sphinx/util/rst.py\", line 22, in <module>\n    from jinja2 import environmentfilter\nImportError: cannot import name 'environmentfilter' from 'jinja2' (/usr/local/lib/python3.10/site-packages/jinja2/__init__.py)\n\nThe above exception was the direct cause of the following exception:\n\nTraceback (most recent call last):\n  File \"/usr/local/bin/pytest\", line 8, in <module>\n    sys.exit(console_main())\n  File \"/usr/local/lib/python3.10/site-packages/_pytest/config/__init__.py\", line 201, in console_main\n    code = main()\n  File \"/usr/local/lib/python3.10/site-packages/_pytest/config/__init__.py\", line 156, in main\n    config = _prepareconfig(args, plugins)\n  File \"/usr/local/lib/python3.10/site-packages/_pytest/config/__init__.py\", line 341, in _prepareconfig\n    config = pluginmanager.hook.pytest_cmdline_parse(\n  File \"/usr/local/lib/python3.10/site-packages/pluggy/_hooks.py\", line 513, in __call__\n    return self._hookexec(self.name, self._hookimpls.copy(), kwargs, firstresult)\n  File \"/usr/local/lib/python3.10/site-packages/pluggy/_manager.py\", line 120, in _hookexec\n    return self._inner_hookexec(hook_name, methods, kwargs, firstresult)\n  File \"/usr/local/lib/python3.10/site-packages/pluggy/_callers.py\", line 139, in _multicall\n    raise exception.with_traceback(exception.__traceback__)\n  File \"/usr/local/lib/python3.10/site-packages/pluggy/_callers.py\", line 122, in _multicall\n    teardown.throw(exception)  # type: ignore[union-attr]\n  File \"/usr/local/lib/python3.10/site-packages/_pytest/helpconfig.py\", line 105, in pytest_cmdline_parse\n    config = yield\n  File \"/usr/local/lib/python3.10/site-packages/pluggy/_callers.py\", line 103, in _multicall\n    res = hook_impl.function(*args)\n  File \"/usr/local/lib/python3.10/site-packages/_pytest/config/__init__.py\", line 1140, in pytest_cmdline_parse\n    self.parse(args)\n  File \"/usr/local/lib/python3.10/site-packages/_pytest/config/__init__.py\", line 1494, in parse\n    self._preparse(args, addopts=addopts)\n  File \"/usr/local/lib/python3.10/site-packages/_pytest/config/__init__.py\", line 1398, in _preparse\n    self.hook.pytest_load_initial_conftests(\n  File \"/usr/local/lib/python3.10/site-packages/pluggy/_hooks.py\", line 513, in __call__\n    return self._hookexec(self.name, self._hookimpls.copy(), kwargs, firstresult)\n  File \"/usr/local/lib/python3.10/site-packages/pluggy/_manager.py\", line 120, in _hookexec\n    return self._inner_hookexec(hook_name, methods, kwargs, firstresult)\n  File \"/usr/local/lib/python3.10/site-packages/pluggy/_callers.py\", line 139, in _multicall\n    raise exception.with_traceback(exception.__traceback__)\n  File \"/usr/local/lib/python3.10/site-packages/pluggy/_callers.py\", line 122, in _multicall\n    teardown.throw(exception)  # type: ignore[union-attr]\n  File \"/usr/local/lib/python3.10/site-packages/_pytest/capture.py\", line 172, in pytest_load_initial_conftests\n    yield\n  File \"/usr/local/lib/python3.10/site-packages/pluggy/_callers.py\", line 103, in _multicall\n    res = hook_impl.function(*args)\n  File \"/usr/local/lib/python3.10/site-packages/_pytest/config/__init__.py\", line 1222, in pytest_load_initial_conftests\n    self.pluginmanager._set_initial_conftests(\n  File \"/usr/local/lib/python3.10/site-packages/_pytest/config/__init__.py\", line 581, in _set_initial_conftests\n    self._try_load_conftest(\n  File \"/usr/local/lib/python3.10/site-packages/_pytest/config/__init__.py\", line 619, in _try_load_conftest\n    self._loadconftestmodules(\n  File \"/usr/local/lib/python3.10/site-packages/_pytest/config/__init__.py\", line 659, in _loadconftestmodules\n    mod = self._importconftest(\n  File \"/usr/local/lib/python3.10/site-packages/_pytest/config/__init__.py\", line 735, in _importconftest\n    self.consider_conftest(mod, registration_name=conftestpath_plugin_name)\n  File \"/usr/local/lib/python3.10/site-packages/_pytest/config/__init__.py\", line 816, in consider_conftest\n    self.register(conftestmodule, name=registration_name)\n  File \"/usr/local/lib/python3.10/site-packages/_pytest/config/__init__.py\", line 512, in register\n    self.consider_module(plugin)\n  File \"/usr/local/lib/python3.10/site-packages/_pytest/config/__init__.py\", line 824, in consider_module\n    self._import_plugin_specs(getattr(mod, \"pytest_plugins\", []))\n  File \"/usr/local/lib/python3.10/site-packages/_pytest/config/__init__.py\", line 831, in _import_plugin_specs\n    self.import_plugin(import_spec)\n  File \"/usr/local/lib/python3.10/site-packages/_pytest/config/__init__.py\", line 860, in import_plugin\n    raise ImportError(\n  File \"/usr/local/lib/python3.10/site-packages/_pytest/config/__init__.py\", line 858, in import_plugin\n    __import__(importspec)\n  File \"/usr/local/lib/python3.10/site-packages/_pytest/assertion/rewrite.py\", line 185, in exec_module\n    exec(co, module.__dict__)\n  File \"/app/repo/sphinx/testing/fixtures.py\", line 21, in <module>\n    from sphinx.testing import util\n  File \"/app/repo/sphinx/testing/util.py\", line 22, in <module>\n    from sphinx import application, locale\n  File \"/app/repo/sphinx/application.py\", line 42, in <module>\n    from sphinx.registry import SphinxComponentRegistry\n  File \"/app/repo/sphinx/registry.py\", line 24, in <module>\n    from sphinx.builders import Builder\n  File \"/app/repo/sphinx/builders/__init__.py\", line 26, in <module>\n    from sphinx.util import import_object, logging, rst, progress_message, status_iterator\n  File \"/app/repo/sphinx/util/rst.py\", line 22, in <module>\n    from jinja2 import environmentfilter\nImportError: Error importing plugin \"sphinx.testing.fixtures\": cannot import name 'environmentfilter' from 'jinja2' (/usr/local/lib/python3.10/site-packages/jinja2/__init__.py)\n"
    },
    {
      "test_file": "tests/test_domain_cpp.py",
      "test_case": "test_union_definitions",
      "test_type": "PASS_TO_PASS",
      "exit_code": 1,
      "stdout": "",
      "stderr": "Traceback (most recent call last):\n  File \"/usr/local/lib/python3.10/site-packages/_pytest/config/__init__.py\", line 858, in import_plugin\n    __import__(importspec)\n  File \"/usr/local/lib/python3.10/site-packages/_pytest/assertion/rewrite.py\", line 185, in exec_module\n    exec(co, module.__dict__)\n  File \"/app/repo/sphinx/testing/fixtures.py\", line 21, in <module>\n    from sphinx.testing import util\n  File \"/app/repo/sphinx/testing/util.py\", line 22, in <module>\n    from sphinx import application, locale\n  File \"/app/repo/sphinx/application.py\", line 42, in <module>\n    from sphinx.registry import SphinxComponentRegistry\n  File \"/app/repo/sphinx/registry.py\", line 24, in <module>\n    from sphinx.builders import Builder\n  File \"/app/repo/sphinx/builders/__init__.py\", line 26, in <module>\n    from sphinx.util import import_object, logging, rst, progress_message, status_iterator\n  File \"/app/repo/sphinx/util/rst.py\", line 22, in <module>\n    from jinja2 import environmentfilter\nImportError: cannot import name 'environmentfilter' from 'jinja2' (/usr/local/lib/python3.10/site-packages/jinja2/__init__.py)\n\nThe above exception was the direct cause of the following exception:\n\nTraceback (most recent call last):\n  File \"/usr/local/bin/pytest\", line 8, in <module>\n    sys.exit(console_main())\n  File \"/usr/local/lib/python3.10/site-packages/_pytest/config/__init__.py\", line 201, in console_main\n    code = main()\n  File \"/usr/local/lib/python3.10/site-packages/_pytest/config/__init__.py\", line 156, in main\n    config = _prepareconfig(args, plugins)\n  File \"/usr/local/lib/python3.10/site-packages/_pytest/config/__init__.py\", line 341, in _prepareconfig\n    config = pluginmanager.hook.pytest_cmdline_parse(\n  File \"/usr/local/lib/python3.10/site-packages/pluggy/_hooks.py\", line 513, in __call__\n    return self._hookexec(self.name, self._hookimpls.copy(), kwargs, firstresult)\n  File \"/usr/local/lib/python3.10/site-packages/pluggy/_manager.py\", line 120, in _hookexec\n    return self._inner_hookexec(hook_name, methods, kwargs, firstresult)\n  File \"/usr/local/lib/python3.10/site-packages/pluggy/_callers.py\", line 139, in _multicall\n    raise exception.with_traceback(exception.__traceback__)\n  File \"/usr/local/lib/python3.10/site-packages/pluggy/_callers.py\", line 122, in _multicall\n    teardown.throw(exception)  # type: ignore[union-attr]\n  File \"/usr/local/lib/python3.10/site-packages/_pytest/helpconfig.py\", line 105, in pytest_cmdline_parse\n    config = yield\n  File \"/usr/local/lib/python3.10/site-packages/pluggy/_callers.py\", line 103, in _multicall\n    res = hook_impl.function(*args)\n  File \"/usr/local/lib/python3.10/site-packages/_pytest/config/__init__.py\", line 1140, in pytest_cmdline_parse\n    self.parse(args)\n  File \"/usr/local/lib/python3.10/site-packages/_pytest/config/__init__.py\", line 1494, in parse\n    self._preparse(args, addopts=addopts)\n  File \"/usr/local/lib/python3.10/site-packages/_pytest/config/__init__.py\", line 1398, in _preparse\n    self.hook.pytest_load_initial_conftests(\n  File \"/usr/local/lib/python3.10/site-packages/pluggy/_hooks.py\", line 513, in __call__\n    return self._hookexec(self.name, self._hookimpls.copy(), kwargs, firstresult)\n  File \"/usr/local/lib/python3.10/site-packages/pluggy/_manager.py\", line 120, in _hookexec\n    return self._inner_hookexec(hook_name, methods, kwargs, firstresult)\n  File \"/usr/local/lib/python3.10/site-packages/pluggy/_callers.py\", line 139, in _multicall\n    raise exception.with_traceback(exception.__traceback__)\n  File \"/usr/local/lib/python3.10/site-packages/pluggy/_callers.py\", line 122, in _multicall\n    teardown.throw(exception)  # type: ignore[union-attr]\n  File \"/usr/local/lib/python3.10/site-packages/_pytest/capture.py\", line 172, in pytest_load_initial_conftests\n    yield\n  File \"/usr/local/lib/python3.10/site-packages/pluggy/_callers.py\", line 103, in _multicall\n    res = hook_impl.function(*args)\n  File \"/usr/local/lib/python3.10/site-packages/_pytest/config/__init__.py\", line 1222, in pytest_load_initial_conftests\n    self.pluginmanager._set_initial_conftests(\n  File \"/usr/local/lib/python3.10/site-packages/_pytest/config/__init__.py\", line 581, in _set_initial_conftests\n    self._try_load_conftest(\n  File \"/usr/local/lib/python3.10/site-packages/_pytest/config/__init__.py\", line 619, in _try_load_conftest\n    self._loadconftestmodules(\n  File \"/usr/local/lib/python3.10/site-packages/_pytest/config/__init__.py\", line 659, in _loadconftestmodules\n    mod = self._importconftest(\n  File \"/usr/local/lib/python3.10/site-packages/_pytest/config/__init__.py\", line 735, in _importconftest\n    self.consider_conftest(mod, registration_name=conftestpath_plugin_name)\n  File \"/usr/local/lib/python3.10/site-packages/_pytest/config/__init__.py\", line 816, in consider_conftest\n    self.register(conftestmodule, name=registration_name)\n  File \"/usr/local/lib/python3.10/site-packages/_pytest/config/__init__.py\", line 512, in register\n    self.consider_module(plugin)\n  File \"/usr/local/lib/python3.10/site-packages/_pytest/config/__init__.py\", line 824, in consider_module\n    self._import_plugin_specs(getattr(mod, \"pytest_plugins\", []))\n  File \"/usr/local/lib/python3.10/site-packages/_pytest/config/__init__.py\", line 831, in _import_plugin_specs\n    self.import_plugin(import_spec)\n  File \"/usr/local/lib/python3.10/site-packages/_pytest/config/__init__.py\", line 860, in import_plugin\n    raise ImportError(\n  File \"/usr/local/lib/python3.10/site-packages/_pytest/config/__init__.py\", line 858, in import_plugin\n    __import__(importspec)\n  File \"/usr/local/lib/python3.10/site-packages/_pytest/assertion/rewrite.py\", line 185, in exec_module\n    exec(co, module.__dict__)\n  File \"/app/repo/sphinx/testing/fixtures.py\", line 21, in <module>\n    from sphinx.testing import util\n  File \"/app/repo/sphinx/testing/util.py\", line 22, in <module>\n    from sphinx import application, locale\n  File \"/app/repo/sphinx/application.py\", line 42, in <module>\n    from sphinx.registry import SphinxComponentRegistry\n  File \"/app/repo/sphinx/registry.py\", line 24, in <module>\n    from sphinx.builders import Builder\n  File \"/app/repo/sphinx/builders/__init__.py\", line 26, in <module>\n    from sphinx.util import import_object, logging, rst, progress_message, status_iterator\n  File \"/app/repo/sphinx/util/rst.py\", line 22, in <module>\n    from jinja2 import environmentfilter\nImportError: Error importing plugin \"sphinx.testing.fixtures\": cannot import name 'environmentfilter' from 'jinja2' (/usr/local/lib/python3.10/site-packages/jinja2/__init__.py)\n"
    },
    {
      "test_file": "tests/test_domain_cpp.py",
      "test_case": "test_enum_definitions",
      "test_type": "PASS_TO_PASS",
      "exit_code": 1,
      "stdout": "",
      "stderr": "Traceback (most recent call last):\n  File \"/usr/local/lib/python3.10/site-packages/_pytest/config/__init__.py\", line 858, in import_plugin\n    __import__(importspec)\n  File \"/usr/local/lib/python3.10/site-packages/_pytest/assertion/rewrite.py\", line 185, in exec_module\n    exec(co, module.__dict__)\n  File \"/app/repo/sphinx/testing/fixtures.py\", line 21, in <module>\n    from sphinx.testing import util\n  File \"/app/repo/sphinx/testing/util.py\", line 22, in <module>\n    from sphinx import application, locale\n  File \"/app/repo/sphinx/application.py\", line 42, in <module>\n    from sphinx.registry import SphinxComponentRegistry\n  File \"/app/repo/sphinx/registry.py\", line 24, in <module>\n    from sphinx.builders import Builder\n  File \"/app/repo/sphinx/builders/__init__.py\", line 26, in <module>\n    from sphinx.util import import_object, logging, rst, progress_message, status_iterator\n  File \"/app/repo/sphinx/util/rst.py\", line 22, in <module>\n    from jinja2 import environmentfilter\nImportError: cannot import name 'environmentfilter' from 'jinja2' (/usr/local/lib/python3.10/site-packages/jinja2/__init__.py)\n\nThe above exception was the direct cause of the following exception:\n\nTraceback (most recent call last):\n  File \"/usr/local/bin/pytest\", line 8, in <module>\n    sys.exit(console_main())\n  File \"/usr/local/lib/python3.10/site-packages/_pytest/config/__init__.py\", line 201, in console_main\n    code = main()\n  File \"/usr/local/lib/python3.10/site-packages/_pytest/config/__init__.py\", line 156, in main\n    config = _prepareconfig(args, plugins)\n  File \"/usr/local/lib/python3.10/site-packages/_pytest/config/__init__.py\", line 341, in _prepareconfig\n    config = pluginmanager.hook.pytest_cmdline_parse(\n  File \"/usr/local/lib/python3.10/site-packages/pluggy/_hooks.py\", line 513, in __call__\n    return self._hookexec(self.name, self._hookimpls.copy(), kwargs, firstresult)\n  File \"/usr/local/lib/python3.10/site-packages/pluggy/_manager.py\", line 120, in _hookexec\n    return self._inner_hookexec(hook_name, methods, kwargs, firstresult)\n  File \"/usr/local/lib/python3.10/site-packages/pluggy/_callers.py\", line 139, in _multicall\n    raise exception.with_traceback(exception.__traceback__)\n  File \"/usr/local/lib/python3.10/site-packages/pluggy/_callers.py\", line 122, in _multicall\n    teardown.throw(exception)  # type: ignore[union-attr]\n  File \"/usr/local/lib/python3.10/site-packages/_pytest/helpconfig.py\", line 105, in pytest_cmdline_parse\n    config = yield\n  File \"/usr/local/lib/python3.10/site-packages/pluggy/_callers.py\", line 103, in _multicall\n    res = hook_impl.function(*args)\n  File \"/usr/local/lib/python3.10/site-packages/_pytest/config/__init__.py\", line 1140, in pytest_cmdline_parse\n    self.parse(args)\n  File \"/usr/local/lib/python3.10/site-packages/_pytest/config/__init__.py\", line 1494, in parse\n    self._preparse(args, addopts=addopts)\n  File \"/usr/local/lib/python3.10/site-packages/_pytest/config/__init__.py\", line 1398, in _preparse\n    self.hook.pytest_load_initial_conftests(\n  File \"/usr/local/lib/python3.10/site-packages/pluggy/_hooks.py\", line 513, in __call__\n    return self._hookexec(self.name, self._hookimpls.copy(), kwargs, firstresult)\n  File \"/usr/local/lib/python3.10/site-packages/pluggy/_manager.py\", line 120, in _hookexec\n    return self._inner_hookexec(hook_name, methods, kwargs, firstresult)\n  File \"/usr/local/lib/python3.10/site-packages/pluggy/_callers.py\", line 139, in _multicall\n    raise exception.with_traceback(exception.__traceback__)\n  File \"/usr/local/lib/python3.10/site-packages/pluggy/_callers.py\", line 122, in _multicall\n    teardown.throw(exception)  # type: ignore[union-attr]\n  File \"/usr/local/lib/python3.10/site-packages/_pytest/capture.py\", line 172, in pytest_load_initial_conftests\n    yield\n  File \"/usr/local/lib/python3.10/site-packages/pluggy/_callers.py\", line 103, in _multicall\n    res = hook_impl.function(*args)\n  File \"/usr/local/lib/python3.10/site-packages/_pytest/config/__init__.py\", line 1222, in pytest_load_initial_conftests\n    self.pluginmanager._set_initial_conftests(\n  File \"/usr/local/lib/python3.10/site-packages/_pytest/config/__init__.py\", line 581, in _set_initial_conftests\n    self._try_load_conftest(\n  File \"/usr/local/lib/python3.10/site-packages/_pytest/config/__init__.py\", line 619, in _try_load_conftest\n    self._loadconftestmodules(\n  File \"/usr/local/lib/python3.10/site-packages/_pytest/config/__init__.py\", line 659, in _loadconftestmodules\n    mod = self._importconftest(\n  File \"/usr/local/lib/python3.10/site-packages/_pytest/config/__init__.py\", line 735, in _importconftest\n    self.consider_conftest(mod, registration_name=conftestpath_plugin_name)\n  File \"/usr/local/lib/python3.10/site-packages/_pytest/config/__init__.py\", line 816, in consider_conftest\n    self.register(conftestmodule, name=registration_name)\n  File \"/usr/local/lib/python3.10/site-packages/_pytest/config/__init__.py\", line 512, in register\n    self.consider_module(plugin)\n  File \"/usr/local/lib/python3.10/site-packages/_pytest/config/__init__.py\", line 824, in consider_module\n    self._import_plugin_specs(getattr(mod, \"pytest_plugins\", []))\n  File \"/usr/local/lib/python3.10/site-packages/_pytest/config/__init__.py\", line 831, in _import_plugin_specs\n    self.import_plugin(import_spec)\n  File \"/usr/local/lib/python3.10/site-packages/_pytest/config/__init__.py\", line 860, in import_plugin\n    raise ImportError(\n  File \"/usr/local/lib/python3.10/site-packages/_pytest/config/__init__.py\", line 858, in import_plugin\n    __import__(importspec)\n  File \"/usr/local/lib/python3.10/site-packages/_pytest/assertion/rewrite.py\", line 185, in exec_module\n    exec(co, module.__dict__)\n  File \"/app/repo/sphinx/testing/fixtures.py\", line 21, in <module>\n    from sphinx.testing import util\n  File \"/app/repo/sphinx/testing/util.py\", line 22, in <module>\n    from sphinx import application, locale\n  File \"/app/repo/sphinx/application.py\", line 42, in <module>\n    from sphinx.registry import SphinxComponentRegistry\n  File \"/app/repo/sphinx/registry.py\", line 24, in <module>\n    from sphinx.builders import Builder\n  File \"/app/repo/sphinx/builders/__init__.py\", line 26, in <module>\n    from sphinx.util import import_object, logging, rst, progress_message, status_iterator\n  File \"/app/repo/sphinx/util/rst.py\", line 22, in <module>\n    from jinja2 import environmentfilter\nImportError: Error importing plugin \"sphinx.testing.fixtures\": cannot import name 'environmentfilter' from 'jinja2' (/usr/local/lib/python3.10/site-packages/jinja2/__init__.py)\n"
    },
    {
      "test_file": "tests/test_domain_cpp.py",
      "test_case": "test_anon_definitions",
      "test_type": "PASS_TO_PASS",
      "exit_code": 1,
      "stdout": "",
      "stderr": "Traceback (most recent call last):\n  File \"/usr/local/lib/python3.10/site-packages/_pytest/config/__init__.py\", line 858, in import_plugin\n    __import__(importspec)\n  File \"/usr/local/lib/python3.10/site-packages/_pytest/assertion/rewrite.py\", line 185, in exec_module\n    exec(co, module.__dict__)\n  File \"/app/repo/sphinx/testing/fixtures.py\", line 21, in <module>\n    from sphinx.testing import util\n  File \"/app/repo/sphinx/testing/util.py\", line 22, in <module>\n    from sphinx import application, locale\n  File \"/app/repo/sphinx/application.py\", line 42, in <module>\n    from sphinx.registry import SphinxComponentRegistry\n  File \"/app/repo/sphinx/registry.py\", line 24, in <module>\n    from sphinx.builders import Builder\n  File \"/app/repo/sphinx/builders/__init__.py\", line 26, in <module>\n    from sphinx.util import import_object, logging, rst, progress_message, status_iterator\n  File \"/app/repo/sphinx/util/rst.py\", line 22, in <module>\n    from jinja2 import environmentfilter\nImportError: cannot import name 'environmentfilter' from 'jinja2' (/usr/local/lib/python3.10/site-packages/jinja2/__init__.py)\n\nThe above exception was the direct cause of the following exception:\n\nTraceback (most recent call last):\n  File \"/usr/local/bin/pytest\", line 8, in <module>\n    sys.exit(console_main())\n  File \"/usr/local/lib/python3.10/site-packages/_pytest/config/__init__.py\", line 201, in console_main\n    code = main()\n  File \"/usr/local/lib/python3.10/site-packages/_pytest/config/__init__.py\", line 156, in main\n    config = _prepareconfig(args, plugins)\n  File \"/usr/local/lib/python3.10/site-packages/_pytest/config/__init__.py\", line 341, in _prepareconfig\n    config = pluginmanager.hook.pytest_cmdline_parse(\n  File \"/usr/local/lib/python3.10/site-packages/pluggy/_hooks.py\", line 513, in __call__\n    return self._hookexec(self.name, self._hookimpls.copy(), kwargs, firstresult)\n  File \"/usr/local/lib/python3.10/site-packages/pluggy/_manager.py\", line 120, in _hookexec\n    return self._inner_hookexec(hook_name, methods, kwargs, firstresult)\n  File \"/usr/local/lib/python3.10/site-packages/pluggy/_callers.py\", line 139, in _multicall\n    raise exception.with_traceback(exception.__traceback__)\n  File \"/usr/local/lib/python3.10/site-packages/pluggy/_callers.py\", line 122, in _multicall\n    teardown.throw(exception)  # type: ignore[union-attr]\n  File \"/usr/local/lib/python3.10/site-packages/_pytest/helpconfig.py\", line 105, in pytest_cmdline_parse\n    config = yield\n  File \"/usr/local/lib/python3.10/site-packages/pluggy/_callers.py\", line 103, in _multicall\n    res = hook_impl.function(*args)\n  File \"/usr/local/lib/python3.10/site-packages/_pytest/config/__init__.py\", line 1140, in pytest_cmdline_parse\n    self.parse(args)\n  File \"/usr/local/lib/python3.10/site-packages/_pytest/config/__init__.py\", line 1494, in parse\n    self._preparse(args, addopts=addopts)\n  File \"/usr/local/lib/python3.10/site-packages/_pytest/config/__init__.py\", line 1398, in _preparse\n    self.hook.pytest_load_initial_conftests(\n  File \"/usr/local/lib/python3.10/site-packages/pluggy/_hooks.py\", line 513, in __call__\n    return self._hookexec(self.name, self._hookimpls.copy(), kwargs, firstresult)\n  File \"/usr/local/lib/python3.10/site-packages/pluggy/_manager.py\", line 120, in _hookexec\n    return self._inner_hookexec(hook_name, methods, kwargs, firstresult)\n  File \"/usr/local/lib/python3.10/site-packages/pluggy/_callers.py\", line 139, in _multicall\n    raise exception.with_traceback(exception.__traceback__)\n  File \"/usr/local/lib/python3.10/site-packages/pluggy/_callers.py\", line 122, in _multicall\n    teardown.throw(exception)  # type: ignore[union-attr]\n  File \"/usr/local/lib/python3.10/site-packages/_pytest/capture.py\", line 172, in pytest_load_initial_conftests\n    yield\n  File \"/usr/local/lib/python3.10/site-packages/pluggy/_callers.py\", line 103, in _multicall\n    res = hook_impl.function(*args)\n  File \"/usr/local/lib/python3.10/site-packages/_pytest/config/__init__.py\", line 1222, in pytest_load_initial_conftests\n    self.pluginmanager._set_initial_conftests(\n  File \"/usr/local/lib/python3.10/site-packages/_pytest/config/__init__.py\", line 581, in _set_initial_conftests\n    self._try_load_conftest(\n  File \"/usr/local/lib/python3.10/site-packages/_pytest/config/__init__.py\", line 619, in _try_load_conftest\n    self._loadconftestmodules(\n  File \"/usr/local/lib/python3.10/site-packages/_pytest/config/__init__.py\", line 659, in _loadconftestmodules\n    mod = self._importconftest(\n  File \"/usr/local/lib/python3.10/site-packages/_pytest/config/__init__.py\", line 735, in _importconftest\n    self.consider_conftest(mod, registration_name=conftestpath_plugin_name)\n  File \"/usr/local/lib/python3.10/site-packages/_pytest/config/__init__.py\", line 816, in consider_conftest\n    self.register(conftestmodule, name=registration_name)\n  File \"/usr/local/lib/python3.10/site-packages/_pytest/config/__init__.py\", line 512, in register\n    self.consider_module(plugin)\n  File \"/usr/local/lib/python3.10/site-packages/_pytest/config/__init__.py\", line 824, in consider_module\n    self._import_plugin_specs(getattr(mod, \"pytest_plugins\", []))\n  File \"/usr/local/lib/python3.10/site-packages/_pytest/config/__init__.py\", line 831, in _import_plugin_specs\n    self.import_plugin(import_spec)\n  File \"/usr/local/lib/python3.10/site-packages/_pytest/config/__init__.py\", line 860, in import_plugin\n    raise ImportError(\n  File \"/usr/local/lib/python3.10/site-packages/_pytest/config/__init__.py\", line 858, in import_plugin\n    __import__(importspec)\n  File \"/usr/local/lib/python3.10/site-packages/_pytest/assertion/rewrite.py\", line 185, in exec_module\n    exec(co, module.__dict__)\n  File \"/app/repo/sphinx/testing/fixtures.py\", line 21, in <module>\n    from sphinx.testing import util\n  File \"/app/repo/sphinx/testing/util.py\", line 22, in <module>\n    from sphinx import application, locale\n  File \"/app/repo/sphinx/application.py\", line 42, in <module>\n    from sphinx.registry import SphinxComponentRegistry\n  File \"/app/repo/sphinx/registry.py\", line 24, in <module>\n    from sphinx.builders import Builder\n  File \"/app/repo/sphinx/builders/__init__.py\", line 26, in <module>\n    from sphinx.util import import_object, logging, rst, progress_message, status_iterator\n  File \"/app/repo/sphinx/util/rst.py\", line 22, in <module>\n    from jinja2 import environmentfilter\nImportError: Error importing plugin \"sphinx.testing.fixtures\": cannot import name 'environmentfilter' from 'jinja2' (/usr/local/lib/python3.10/site-packages/jinja2/__init__.py)\n"
    },
    {
      "test_file": "tests/test_domain_cpp.py",
      "test_case": "test_templates",
      "test_type": "PASS_TO_PASS",
      "exit_code": 1,
      "stdout": "",
      "stderr": "Traceback (most recent call last):\n  File \"/usr/local/lib/python3.10/site-packages/_pytest/config/__init__.py\", line 858, in import_plugin\n    __import__(importspec)\n  File \"/usr/local/lib/python3.10/site-packages/_pytest/assertion/rewrite.py\", line 185, in exec_module\n    exec(co, module.__dict__)\n  File \"/app/repo/sphinx/testing/fixtures.py\", line 21, in <module>\n    from sphinx.testing import util\n  File \"/app/repo/sphinx/testing/util.py\", line 22, in <module>\n    from sphinx import application, locale\n  File \"/app/repo/sphinx/application.py\", line 42, in <module>\n    from sphinx.registry import SphinxComponentRegistry\n  File \"/app/repo/sphinx/registry.py\", line 24, in <module>\n    from sphinx.builders import Builder\n  File \"/app/repo/sphinx/builders/__init__.py\", line 26, in <module>\n    from sphinx.util import import_object, logging, rst, progress_message, status_iterator\n  File \"/app/repo/sphinx/util/rst.py\", line 22, in <module>\n    from jinja2 import environmentfilter\nImportError: cannot import name 'environmentfilter' from 'jinja2' (/usr/local/lib/python3.10/site-packages/jinja2/__init__.py)\n\nThe above exception was the direct cause of the following exception:\n\nTraceback (most recent call last):\n  File \"/usr/local/bin/pytest\", line 8, in <module>\n    sys.exit(console_main())\n  File \"/usr/local/lib/python3.10/site-packages/_pytest/config/__init__.py\", line 201, in console_main\n    code = main()\n  File \"/usr/local/lib/python3.10/site-packages/_pytest/config/__init__.py\", line 156, in main\n    config = _prepareconfig(args, plugins)\n  File \"/usr/local/lib/python3.10/site-packages/_pytest/config/__init__.py\", line 341, in _prepareconfig\n    config = pluginmanager.hook.pytest_cmdline_parse(\n  File \"/usr/local/lib/python3.10/site-packages/pluggy/_hooks.py\", line 513, in __call__\n    return self._hookexec(self.name, self._hookimpls.copy(), kwargs, firstresult)\n  File \"/usr/local/lib/python3.10/site-packages/pluggy/_manager.py\", line 120, in _hookexec\n    return self._inner_hookexec(hook_name, methods, kwargs, firstresult)\n  File \"/usr/local/lib/python3.10/site-packages/pluggy/_callers.py\", line 139, in _multicall\n    raise exception.with_traceback(exception.__traceback__)\n  File \"/usr/local/lib/python3.10/site-packages/pluggy/_callers.py\", line 122, in _multicall\n    teardown.throw(exception)  # type: ignore[union-attr]\n  File \"/usr/local/lib/python3.10/site-packages/_pytest/helpconfig.py\", line 105, in pytest_cmdline_parse\n    config = yield\n  File \"/usr/local/lib/python3.10/site-packages/pluggy/_callers.py\", line 103, in _multicall\n    res = hook_impl.function(*args)\n  File \"/usr/local/lib/python3.10/site-packages/_pytest/config/__init__.py\", line 1140, in pytest_cmdline_parse\n    self.parse(args)\n  File \"/usr/local/lib/python3.10/site-packages/_pytest/config/__init__.py\", line 1494, in parse\n    self._preparse(args, addopts=addopts)\n  File \"/usr/local/lib/python3.10/site-packages/_pytest/config/__init__.py\", line 1398, in _preparse\n    self.hook.pytest_load_initial_conftests(\n  File \"/usr/local/lib/python3.10/site-packages/pluggy/_hooks.py\", line 513, in __call__\n    return self._hookexec(self.name, self._hookimpls.copy(), kwargs, firstresult)\n  File \"/usr/local/lib/python3.10/site-packages/pluggy/_manager.py\", line 120, in _hookexec\n    return self._inner_hookexec(hook_name, methods, kwargs, firstresult)\n  File \"/usr/local/lib/python3.10/site-packages/pluggy/_callers.py\", line 139, in _multicall\n    raise exception.with_traceback(exception.__traceback__)\n  File \"/usr/local/lib/python3.10/site-packages/pluggy/_callers.py\", line 122, in _multicall\n    teardown.throw(exception)  # type: ignore[union-attr]\n  File \"/usr/local/lib/python3.10/site-packages/_pytest/capture.py\", line 172, in pytest_load_initial_conftests\n    yield\n  File \"/usr/local/lib/python3.10/site-packages/pluggy/_callers.py\", line 103, in _multicall\n    res = hook_impl.function(*args)\n  File \"/usr/local/lib/python3.10/site-packages/_pytest/config/__init__.py\", line 1222, in pytest_load_initial_conftests\n    self.pluginmanager._set_initial_conftests(\n  File \"/usr/local/lib/python3.10/site-packages/_pytest/config/__init__.py\", line 581, in _set_initial_conftests\n    self._try_load_conftest(\n  File \"/usr/local/lib/python3.10/site-packages/_pytest/config/__init__.py\", line 619, in _try_load_conftest\n    self._loadconftestmodules(\n  File \"/usr/local/lib/python3.10/site-packages/_pytest/config/__init__.py\", line 659, in _loadconftestmodules\n    mod = self._importconftest(\n  File \"/usr/local/lib/python3.10/site-packages/_pytest/config/__init__.py\", line 735, in _importconftest\n    self.consider_conftest(mod, registration_name=conftestpath_plugin_name)\n  File \"/usr/local/lib/python3.10/site-packages/_pytest/config/__init__.py\", line 816, in consider_conftest\n    self.register(conftestmodule, name=registration_name)\n  File \"/usr/local/lib/python3.10/site-packages/_pytest/config/__init__.py\", line 512, in register\n    self.consider_module(plugin)\n  File \"/usr/local/lib/python3.10/site-packages/_pytest/config/__init__.py\", line 824, in consider_module\n    self._import_plugin_specs(getattr(mod, \"pytest_plugins\", []))\n  File \"/usr/local/lib/python3.10/site-packages/_pytest/config/__init__.py\", line 831, in _import_plugin_specs\n    self.import_plugin(import_spec)\n  File \"/usr/local/lib/python3.10/site-packages/_pytest/config/__init__.py\", line 860, in import_plugin\n    raise ImportError(\n  File \"/usr/local/lib/python3.10/site-packages/_pytest/config/__init__.py\", line 858, in import_plugin\n    __import__(importspec)\n  File \"/usr/local/lib/python3.10/site-packages/_pytest/assertion/rewrite.py\", line 185, in exec_module\n    exec(co, module.__dict__)\n  File \"/app/repo/sphinx/testing/fixtures.py\", line 21, in <module>\n    from sphinx.testing import util\n  File \"/app/repo/sphinx/testing/util.py\", line 22, in <module>\n    from sphinx import application, locale\n  File \"/app/repo/sphinx/application.py\", line 42, in <module>\n    from sphinx.registry import SphinxComponentRegistry\n  File \"/app/repo/sphinx/registry.py\", line 24, in <module>\n    from sphinx.builders import Builder\n  File \"/app/repo/sphinx/builders/__init__.py\", line 26, in <module>\n    from sphinx.util import import_object, logging, rst, progress_message, status_iterator\n  File \"/app/repo/sphinx/util/rst.py\", line 22, in <module>\n    from jinja2 import environmentfilter\nImportError: Error importing plugin \"sphinx.testing.fixtures\": cannot import name 'environmentfilter' from 'jinja2' (/usr/local/lib/python3.10/site-packages/jinja2/__init__.py)\n"
    },
    {
      "test_file": "tests/test_domain_cpp.py",
      "test_case": "test_template_args",
      "test_type": "PASS_TO_PASS",
      "exit_code": 1,
      "stdout": "",
      "stderr": "Traceback (most recent call last):\n  File \"/usr/local/lib/python3.10/site-packages/_pytest/config/__init__.py\", line 858, in import_plugin\n    __import__(importspec)\n  File \"/usr/local/lib/python3.10/site-packages/_pytest/assertion/rewrite.py\", line 185, in exec_module\n    exec(co, module.__dict__)\n  File \"/app/repo/sphinx/testing/fixtures.py\", line 21, in <module>\n    from sphinx.testing import util\n  File \"/app/repo/sphinx/testing/util.py\", line 22, in <module>\n    from sphinx import application, locale\n  File \"/app/repo/sphinx/application.py\", line 42, in <module>\n    from sphinx.registry import SphinxComponentRegistry\n  File \"/app/repo/sphinx/registry.py\", line 24, in <module>\n    from sphinx.builders import Builder\n  File \"/app/repo/sphinx/builders/__init__.py\", line 26, in <module>\n    from sphinx.util import import_object, logging, rst, progress_message, status_iterator\n  File \"/app/repo/sphinx/util/rst.py\", line 22, in <module>\n    from jinja2 import environmentfilter\nImportError: cannot import name 'environmentfilter' from 'jinja2' (/usr/local/lib/python3.10/site-packages/jinja2/__init__.py)\n\nThe above exception was the direct cause of the following exception:\n\nTraceback (most recent call last):\n  File \"/usr/local/bin/pytest\", line 8, in <module>\n    sys.exit(console_main())\n  File \"/usr/local/lib/python3.10/site-packages/_pytest/config/__init__.py\", line 201, in console_main\n    code = main()\n  File \"/usr/local/lib/python3.10/site-packages/_pytest/config/__init__.py\", line 156, in main\n    config = _prepareconfig(args, plugins)\n  File \"/usr/local/lib/python3.10/site-packages/_pytest/config/__init__.py\", line 341, in _prepareconfig\n    config = pluginmanager.hook.pytest_cmdline_parse(\n  File \"/usr/local/lib/python3.10/site-packages/pluggy/_hooks.py\", line 513, in __call__\n    return self._hookexec(self.name, self._hookimpls.copy(), kwargs, firstresult)\n  File \"/usr/local/lib/python3.10/site-packages/pluggy/_manager.py\", line 120, in _hookexec\n    return self._inner_hookexec(hook_name, methods, kwargs, firstresult)\n  File \"/usr/local/lib/python3.10/site-packages/pluggy/_callers.py\", line 139, in _multicall\n    raise exception.with_traceback(exception.__traceback__)\n  File \"/usr/local/lib/python3.10/site-packages/pluggy/_callers.py\", line 122, in _multicall\n    teardown.throw(exception)  # type: ignore[union-attr]\n  File \"/usr/local/lib/python3.10/site-packages/_pytest/helpconfig.py\", line 105, in pytest_cmdline_parse\n    config = yield\n  File \"/usr/local/lib/python3.10/site-packages/pluggy/_callers.py\", line 103, in _multicall\n    res = hook_impl.function(*args)\n  File \"/usr/local/lib/python3.10/site-packages/_pytest/config/__init__.py\", line 1140, in pytest_cmdline_parse\n    self.parse(args)\n  File \"/usr/local/lib/python3.10/site-packages/_pytest/config/__init__.py\", line 1494, in parse\n    self._preparse(args, addopts=addopts)\n  File \"/usr/local/lib/python3.10/site-packages/_pytest/config/__init__.py\", line 1398, in _preparse\n    self.hook.pytest_load_initial_conftests(\n  File \"/usr/local/lib/python3.10/site-packages/pluggy/_hooks.py\", line 513, in __call__\n    return self._hookexec(self.name, self._hookimpls.copy(), kwargs, firstresult)\n  File \"/usr/local/lib/python3.10/site-packages/pluggy/_manager.py\", line 120, in _hookexec\n    return self._inner_hookexec(hook_name, methods, kwargs, firstresult)\n  File \"/usr/local/lib/python3.10/site-packages/pluggy/_callers.py\", line 139, in _multicall\n    raise exception.with_traceback(exception.__traceback__)\n  File \"/usr/local/lib/python3.10/site-packages/pluggy/_callers.py\", line 122, in _multicall\n    teardown.throw(exception)  # type: ignore[union-attr]\n  File \"/usr/local/lib/python3.10/site-packages/_pytest/capture.py\", line 172, in pytest_load_initial_conftests\n    yield\n  File \"/usr/local/lib/python3.10/site-packages/pluggy/_callers.py\", line 103, in _multicall\n    res = hook_impl.function(*args)\n  File \"/usr/local/lib/python3.10/site-packages/_pytest/config/__init__.py\", line 1222, in pytest_load_initial_conftests\n    self.pluginmanager._set_initial_conftests(\n  File \"/usr/local/lib/python3.10/site-packages/_pytest/config/__init__.py\", line 581, in _set_initial_conftests\n    self._try_load_conftest(\n  File \"/usr/local/lib/python3.10/site-packages/_pytest/config/__init__.py\", line 619, in _try_load_conftest\n    self._loadconftestmodules(\n  File \"/usr/local/lib/python3.10/site-packages/_pytest/config/__init__.py\", line 659, in _loadconftestmodules\n    mod = self._importconftest(\n  File \"/usr/local/lib/python3.10/site-packages/_pytest/config/__init__.py\", line 735, in _importconftest\n    self.consider_conftest(mod, registration_name=conftestpath_plugin_name)\n  File \"/usr/local/lib/python3.10/site-packages/_pytest/config/__init__.py\", line 816, in consider_conftest\n    self.register(conftestmodule, name=registration_name)\n  File \"/usr/local/lib/python3.10/site-packages/_pytest/config/__init__.py\", line 512, in register\n    self.consider_module(plugin)\n  File \"/usr/local/lib/python3.10/site-packages/_pytest/config/__init__.py\", line 824, in consider_module\n    self._import_plugin_specs(getattr(mod, \"pytest_plugins\", []))\n  File \"/usr/local/lib/python3.10/site-packages/_pytest/config/__init__.py\", line 831, in _import_plugin_specs\n    self.import_plugin(import_spec)\n  File \"/usr/local/lib/python3.10/site-packages/_pytest/config/__init__.py\", line 860, in import_plugin\n    raise ImportError(\n  File \"/usr/local/lib/python3.10/site-packages/_pytest/config/__init__.py\", line 858, in import_plugin\n    __import__(importspec)\n  File \"/usr/local/lib/python3.10/site-packages/_pytest/assertion/rewrite.py\", line 185, in exec_module\n    exec(co, module.__dict__)\n  File \"/app/repo/sphinx/testing/fixtures.py\", line 21, in <module>\n    from sphinx.testing import util\n  File \"/app/repo/sphinx/testing/util.py\", line 22, in <module>\n    from sphinx import application, locale\n  File \"/app/repo/sphinx/application.py\", line 42, in <module>\n    from sphinx.registry import SphinxComponentRegistry\n  File \"/app/repo/sphinx/registry.py\", line 24, in <module>\n    from sphinx.builders import Builder\n  File \"/app/repo/sphinx/builders/__init__.py\", line 26, in <module>\n    from sphinx.util import import_object, logging, rst, progress_message, status_iterator\n  File \"/app/repo/sphinx/util/rst.py\", line 22, in <module>\n    from jinja2 import environmentfilter\nImportError: Error importing plugin \"sphinx.testing.fixtures\": cannot import name 'environmentfilter' from 'jinja2' (/usr/local/lib/python3.10/site-packages/jinja2/__init__.py)\n"
    },
    {
      "test_file": "tests/test_domain_cpp.py",
      "test_case": "test_initializers",
      "test_type": "PASS_TO_PASS",
      "exit_code": 1,
      "stdout": "",
      "stderr": "Traceback (most recent call last):\n  File \"/usr/local/lib/python3.10/site-packages/_pytest/config/__init__.py\", line 858, in import_plugin\n    __import__(importspec)\n  File \"/usr/local/lib/python3.10/site-packages/_pytest/assertion/rewrite.py\", line 185, in exec_module\n    exec(co, module.__dict__)\n  File \"/app/repo/sphinx/testing/fixtures.py\", line 21, in <module>\n    from sphinx.testing import util\n  File \"/app/repo/sphinx/testing/util.py\", line 22, in <module>\n    from sphinx import application, locale\n  File \"/app/repo/sphinx/application.py\", line 42, in <module>\n    from sphinx.registry import SphinxComponentRegistry\n  File \"/app/repo/sphinx/registry.py\", line 24, in <module>\n    from sphinx.builders import Builder\n  File \"/app/repo/sphinx/builders/__init__.py\", line 26, in <module>\n    from sphinx.util import import_object, logging, rst, progress_message, status_iterator\n  File \"/app/repo/sphinx/util/rst.py\", line 22, in <module>\n    from jinja2 import environmentfilter\nImportError: cannot import name 'environmentfilter' from 'jinja2' (/usr/local/lib/python3.10/site-packages/jinja2/__init__.py)\n\nThe above exception was the direct cause of the following exception:\n\nTraceback (most recent call last):\n  File \"/usr/local/bin/pytest\", line 8, in <module>\n    sys.exit(console_main())\n  File \"/usr/local/lib/python3.10/site-packages/_pytest/config/__init__.py\", line 201, in console_main\n    code = main()\n  File \"/usr/local/lib/python3.10/site-packages/_pytest/config/__init__.py\", line 156, in main\n    config = _prepareconfig(args, plugins)\n  File \"/usr/local/lib/python3.10/site-packages/_pytest/config/__init__.py\", line 341, in _prepareconfig\n    config = pluginmanager.hook.pytest_cmdline_parse(\n  File \"/usr/local/lib/python3.10/site-packages/pluggy/_hooks.py\", line 513, in __call__\n    return self._hookexec(self.name, self._hookimpls.copy(), kwargs, firstresult)\n  File \"/usr/local/lib/python3.10/site-packages/pluggy/_manager.py\", line 120, in _hookexec\n    return self._inner_hookexec(hook_name, methods, kwargs, firstresult)\n  File \"/usr/local/lib/python3.10/site-packages/pluggy/_callers.py\", line 139, in _multicall\n    raise exception.with_traceback(exception.__traceback__)\n  File \"/usr/local/lib/python3.10/site-packages/pluggy/_callers.py\", line 122, in _multicall\n    teardown.throw(exception)  # type: ignore[union-attr]\n  File \"/usr/local/lib/python3.10/site-packages/_pytest/helpconfig.py\", line 105, in pytest_cmdline_parse\n    config = yield\n  File \"/usr/local/lib/python3.10/site-packages/pluggy/_callers.py\", line 103, in _multicall\n    res = hook_impl.function(*args)\n  File \"/usr/local/lib/python3.10/site-packages/_pytest/config/__init__.py\", line 1140, in pytest_cmdline_parse\n    self.parse(args)\n  File \"/usr/local/lib/python3.10/site-packages/_pytest/config/__init__.py\", line 1494, in parse\n    self._preparse(args, addopts=addopts)\n  File \"/usr/local/lib/python3.10/site-packages/_pytest/config/__init__.py\", line 1398, in _preparse\n    self.hook.pytest_load_initial_conftests(\n  File \"/usr/local/lib/python3.10/site-packages/pluggy/_hooks.py\", line 513, in __call__\n    return self._hookexec(self.name, self._hookimpls.copy(), kwargs, firstresult)\n  File \"/usr/local/lib/python3.10/site-packages/pluggy/_manager.py\", line 120, in _hookexec\n    return self._inner_hookexec(hook_name, methods, kwargs, firstresult)\n  File \"/usr/local/lib/python3.10/site-packages/pluggy/_callers.py\", line 139, in _multicall\n    raise exception.with_traceback(exception.__traceback__)\n  File \"/usr/local/lib/python3.10/site-packages/pluggy/_callers.py\", line 122, in _multicall\n    teardown.throw(exception)  # type: ignore[union-attr]\n  File \"/usr/local/lib/python3.10/site-packages/_pytest/capture.py\", line 172, in pytest_load_initial_conftests\n    yield\n  File \"/usr/local/lib/python3.10/site-packages/pluggy/_callers.py\", line 103, in _multicall\n    res = hook_impl.function(*args)\n  File \"/usr/local/lib/python3.10/site-packages/_pytest/config/__init__.py\", line 1222, in pytest_load_initial_conftests\n    self.pluginmanager._set_initial_conftests(\n  File \"/usr/local/lib/python3.10/site-packages/_pytest/config/__init__.py\", line 581, in _set_initial_conftests\n    self._try_load_conftest(\n  File \"/usr/local/lib/python3.10/site-packages/_pytest/config/__init__.py\", line 619, in _try_load_conftest\n    self._loadconftestmodules(\n  File \"/usr/local/lib/python3.10/site-packages/_pytest/config/__init__.py\", line 659, in _loadconftestmodules\n    mod = self._importconftest(\n  File \"/usr/local/lib/python3.10/site-packages/_pytest/config/__init__.py\", line 735, in _importconftest\n    self.consider_conftest(mod, registration_name=conftestpath_plugin_name)\n  File \"/usr/local/lib/python3.10/site-packages/_pytest/config/__init__.py\", line 816, in consider_conftest\n    self.register(conftestmodule, name=registration_name)\n  File \"/usr/local/lib/python3.10/site-packages/_pytest/config/__init__.py\", line 512, in register\n    self.consider_module(plugin)\n  File \"/usr/local/lib/python3.10/site-packages/_pytest/config/__init__.py\", line 824, in consider_module\n    self._import_plugin_specs(getattr(mod, \"pytest_plugins\", []))\n  File \"/usr/local/lib/python3.10/site-packages/_pytest/config/__init__.py\", line 831, in _import_plugin_specs\n    self.import_plugin(import_spec)\n  File \"/usr/local/lib/python3.10/site-packages/_pytest/config/__init__.py\", line 860, in import_plugin\n    raise ImportError(\n  File \"/usr/local/lib/python3.10/site-packages/_pytest/config/__init__.py\", line 858, in import_plugin\n    __import__(importspec)\n  File \"/usr/local/lib/python3.10/site-packages/_pytest/assertion/rewrite.py\", line 185, in exec_module\n    exec(co, module.__dict__)\n  File \"/app/repo/sphinx/testing/fixtures.py\", line 21, in <module>\n    from sphinx.testing import util\n  File \"/app/repo/sphinx/testing/util.py\", line 22, in <module>\n    from sphinx import application, locale\n  File \"/app/repo/sphinx/application.py\", line 42, in <module>\n    from sphinx.registry import SphinxComponentRegistry\n  File \"/app/repo/sphinx/registry.py\", line 24, in <module>\n    from sphinx.builders import Builder\n  File \"/app/repo/sphinx/builders/__init__.py\", line 26, in <module>\n    from sphinx.util import import_object, logging, rst, progress_message, status_iterator\n  File \"/app/repo/sphinx/util/rst.py\", line 22, in <module>\n    from jinja2 import environmentfilter\nImportError: Error importing plugin \"sphinx.testing.fixtures\": cannot import name 'environmentfilter' from 'jinja2' (/usr/local/lib/python3.10/site-packages/jinja2/__init__.py)\n"
    },
    {
      "test_file": "tests/test_domain_cpp.py",
      "test_case": "test_attributes",
      "test_type": "PASS_TO_PASS",
      "exit_code": 1,
      "stdout": "",
      "stderr": "Traceback (most recent call last):\n  File \"/usr/local/lib/python3.10/site-packages/_pytest/config/__init__.py\", line 858, in import_plugin\n    __import__(importspec)\n  File \"/usr/local/lib/python3.10/site-packages/_pytest/assertion/rewrite.py\", line 185, in exec_module\n    exec(co, module.__dict__)\n  File \"/app/repo/sphinx/testing/fixtures.py\", line 21, in <module>\n    from sphinx.testing import util\n  File \"/app/repo/sphinx/testing/util.py\", line 22, in <module>\n    from sphinx import application, locale\n  File \"/app/repo/sphinx/application.py\", line 42, in <module>\n    from sphinx.registry import SphinxComponentRegistry\n  File \"/app/repo/sphinx/registry.py\", line 24, in <module>\n    from sphinx.builders import Builder\n  File \"/app/repo/sphinx/builders/__init__.py\", line 26, in <module>\n    from sphinx.util import import_object, logging, rst, progress_message, status_iterator\n  File \"/app/repo/sphinx/util/rst.py\", line 22, in <module>\n    from jinja2 import environmentfilter\nImportError: cannot import name 'environmentfilter' from 'jinja2' (/usr/local/lib/python3.10/site-packages/jinja2/__init__.py)\n\nThe above exception was the direct cause of the following exception:\n\nTraceback (most recent call last):\n  File \"/usr/local/bin/pytest\", line 8, in <module>\n    sys.exit(console_main())\n  File \"/usr/local/lib/python3.10/site-packages/_pytest/config/__init__.py\", line 201, in console_main\n    code = main()\n  File \"/usr/local/lib/python3.10/site-packages/_pytest/config/__init__.py\", line 156, in main\n    config = _prepareconfig(args, plugins)\n  File \"/usr/local/lib/python3.10/site-packages/_pytest/config/__init__.py\", line 341, in _prepareconfig\n    config = pluginmanager.hook.pytest_cmdline_parse(\n  File \"/usr/local/lib/python3.10/site-packages/pluggy/_hooks.py\", line 513, in __call__\n    return self._hookexec(self.name, self._hookimpls.copy(), kwargs, firstresult)\n  File \"/usr/local/lib/python3.10/site-packages/pluggy/_manager.py\", line 120, in _hookexec\n    return self._inner_hookexec(hook_name, methods, kwargs, firstresult)\n  File \"/usr/local/lib/python3.10/site-packages/pluggy/_callers.py\", line 139, in _multicall\n    raise exception.with_traceback(exception.__traceback__)\n  File \"/usr/local/lib/python3.10/site-packages/pluggy/_callers.py\", line 122, in _multicall\n    teardown.throw(exception)  # type: ignore[union-attr]\n  File \"/usr/local/lib/python3.10/site-packages/_pytest/helpconfig.py\", line 105, in pytest_cmdline_parse\n    config = yield\n  File \"/usr/local/lib/python3.10/site-packages/pluggy/_callers.py\", line 103, in _multicall\n    res = hook_impl.function(*args)\n  File \"/usr/local/lib/python3.10/site-packages/_pytest/config/__init__.py\", line 1140, in pytest_cmdline_parse\n    self.parse(args)\n  File \"/usr/local/lib/python3.10/site-packages/_pytest/config/__init__.py\", line 1494, in parse\n    self._preparse(args, addopts=addopts)\n  File \"/usr/local/lib/python3.10/site-packages/_pytest/config/__init__.py\", line 1398, in _preparse\n    self.hook.pytest_load_initial_conftests(\n  File \"/usr/local/lib/python3.10/site-packages/pluggy/_hooks.py\", line 513, in __call__\n    return self._hookexec(self.name, self._hookimpls.copy(), kwargs, firstresult)\n  File \"/usr/local/lib/python3.10/site-packages/pluggy/_manager.py\", line 120, in _hookexec\n    return self._inner_hookexec(hook_name, methods, kwargs, firstresult)\n  File \"/usr/local/lib/python3.10/site-packages/pluggy/_callers.py\", line 139, in _multicall\n    raise exception.with_traceback(exception.__traceback__)\n  File \"/usr/local/lib/python3.10/site-packages/pluggy/_callers.py\", line 122, in _multicall\n    teardown.throw(exception)  # type: ignore[union-attr]\n  File \"/usr/local/lib/python3.10/site-packages/_pytest/capture.py\", line 172, in pytest_load_initial_conftests\n    yield\n  File \"/usr/local/lib/python3.10/site-packages/pluggy/_callers.py\", line 103, in _multicall\n    res = hook_impl.function(*args)\n  File \"/usr/local/lib/python3.10/site-packages/_pytest/config/__init__.py\", line 1222, in pytest_load_initial_conftests\n    self.pluginmanager._set_initial_conftests(\n  File \"/usr/local/lib/python3.10/site-packages/_pytest/config/__init__.py\", line 581, in _set_initial_conftests\n    self._try_load_conftest(\n  File \"/usr/local/lib/python3.10/site-packages/_pytest/config/__init__.py\", line 619, in _try_load_conftest\n    self._loadconftestmodules(\n  File \"/usr/local/lib/python3.10/site-packages/_pytest/config/__init__.py\", line 659, in _loadconftestmodules\n    mod = self._importconftest(\n  File \"/usr/local/lib/python3.10/site-packages/_pytest/config/__init__.py\", line 735, in _importconftest\n    self.consider_conftest(mod, registration_name=conftestpath_plugin_name)\n  File \"/usr/local/lib/python3.10/site-packages/_pytest/config/__init__.py\", line 816, in consider_conftest\n    self.register(conftestmodule, name=registration_name)\n  File \"/usr/local/lib/python3.10/site-packages/_pytest/config/__init__.py\", line 512, in register\n    self.consider_module(plugin)\n  File \"/usr/local/lib/python3.10/site-packages/_pytest/config/__init__.py\", line 824, in consider_module\n    self._import_plugin_specs(getattr(mod, \"pytest_plugins\", []))\n  File \"/usr/local/lib/python3.10/site-packages/_pytest/config/__init__.py\", line 831, in _import_plugin_specs\n    self.import_plugin(import_spec)\n  File \"/usr/local/lib/python3.10/site-packages/_pytest/config/__init__.py\", line 860, in import_plugin\n    raise ImportError(\n  File \"/usr/local/lib/python3.10/site-packages/_pytest/config/__init__.py\", line 858, in import_plugin\n    __import__(importspec)\n  File \"/usr/local/lib/python3.10/site-packages/_pytest/assertion/rewrite.py\", line 185, in exec_module\n    exec(co, module.__dict__)\n  File \"/app/repo/sphinx/testing/fixtures.py\", line 21, in <module>\n    from sphinx.testing import util\n  File \"/app/repo/sphinx/testing/util.py\", line 22, in <module>\n    from sphinx import application, locale\n  File \"/app/repo/sphinx/application.py\", line 42, in <module>\n    from sphinx.registry import SphinxComponentRegistry\n  File \"/app/repo/sphinx/registry.py\", line 24, in <module>\n    from sphinx.builders import Builder\n  File \"/app/repo/sphinx/builders/__init__.py\", line 26, in <module>\n    from sphinx.util import import_object, logging, rst, progress_message, status_iterator\n  File \"/app/repo/sphinx/util/rst.py\", line 22, in <module>\n    from jinja2 import environmentfilter\nImportError: Error importing plugin \"sphinx.testing.fixtures\": cannot import name 'environmentfilter' from 'jinja2' (/usr/local/lib/python3.10/site-packages/jinja2/__init__.py)\n"
    },
    {
      "test_file": "tests/test_domain_cpp.py",
      "test_case": "test_xref_parsing",
      "test_type": "PASS_TO_PASS",
      "exit_code": 1,
      "stdout": "",
      "stderr": "Traceback (most recent call last):\n  File \"/usr/local/lib/python3.10/site-packages/_pytest/config/__init__.py\", line 858, in import_plugin\n    __import__(importspec)\n  File \"/usr/local/lib/python3.10/site-packages/_pytest/assertion/rewrite.py\", line 185, in exec_module\n    exec(co, module.__dict__)\n  File \"/app/repo/sphinx/testing/fixtures.py\", line 21, in <module>\n    from sphinx.testing import util\n  File \"/app/repo/sphinx/testing/util.py\", line 22, in <module>\n    from sphinx import application, locale\n  File \"/app/repo/sphinx/application.py\", line 42, in <module>\n    from sphinx.registry import SphinxComponentRegistry\n  File \"/app/repo/sphinx/registry.py\", line 24, in <module>\n    from sphinx.builders import Builder\n  File \"/app/repo/sphinx/builders/__init__.py\", line 26, in <module>\n    from sphinx.util import import_object, logging, rst, progress_message, status_iterator\n  File \"/app/repo/sphinx/util/rst.py\", line 22, in <module>\n    from jinja2 import environmentfilter\nImportError: cannot import name 'environmentfilter' from 'jinja2' (/usr/local/lib/python3.10/site-packages/jinja2/__init__.py)\n\nThe above exception was the direct cause of the following exception:\n\nTraceback (most recent call last):\n  File \"/usr/local/bin/pytest\", line 8, in <module>\n    sys.exit(console_main())\n  File \"/usr/local/lib/python3.10/site-packages/_pytest/config/__init__.py\", line 201, in console_main\n    code = main()\n  File \"/usr/local/lib/python3.10/site-packages/_pytest/config/__init__.py\", line 156, in main\n    config = _prepareconfig(args, plugins)\n  File \"/usr/local/lib/python3.10/site-packages/_pytest/config/__init__.py\", line 341, in _prepareconfig\n    config = pluginmanager.hook.pytest_cmdline_parse(\n  File \"/usr/local/lib/python3.10/site-packages/pluggy/_hooks.py\", line 513, in __call__\n    return self._hookexec(self.name, self._hookimpls.copy(), kwargs, firstresult)\n  File \"/usr/local/lib/python3.10/site-packages/pluggy/_manager.py\", line 120, in _hookexec\n    return self._inner_hookexec(hook_name, methods, kwargs, firstresult)\n  File \"/usr/local/lib/python3.10/site-packages/pluggy/_callers.py\", line 139, in _multicall\n    raise exception.with_traceback(exception.__traceback__)\n  File \"/usr/local/lib/python3.10/site-packages/pluggy/_callers.py\", line 122, in _multicall\n    teardown.throw(exception)  # type: ignore[union-attr]\n  File \"/usr/local/lib/python3.10/site-packages/_pytest/helpconfig.py\", line 105, in pytest_cmdline_parse\n    config = yield\n  File \"/usr/local/lib/python3.10/site-packages/pluggy/_callers.py\", line 103, in _multicall\n    res = hook_impl.function(*args)\n  File \"/usr/local/lib/python3.10/site-packages/_pytest/config/__init__.py\", line 1140, in pytest_cmdline_parse\n    self.parse(args)\n  File \"/usr/local/lib/python3.10/site-packages/_pytest/config/__init__.py\", line 1494, in parse\n    self._preparse(args, addopts=addopts)\n  File \"/usr/local/lib/python3.10/site-packages/_pytest/config/__init__.py\", line 1398, in _preparse\n    self.hook.pytest_load_initial_conftests(\n  File \"/usr/local/lib/python3.10/site-packages/pluggy/_hooks.py\", line 513, in __call__\n    return self._hookexec(self.name, self._hookimpls.copy(), kwargs, firstresult)\n  File \"/usr/local/lib/python3.10/site-packages/pluggy/_manager.py\", line 120, in _hookexec\n    return self._inner_hookexec(hook_name, methods, kwargs, firstresult)\n  File \"/usr/local/lib/python3.10/site-packages/pluggy/_callers.py\", line 139, in _multicall\n    raise exception.with_traceback(exception.__traceback__)\n  File \"/usr/local/lib/python3.10/site-packages/pluggy/_callers.py\", line 122, in _multicall\n    teardown.throw(exception)  # type: ignore[union-attr]\n  File \"/usr/local/lib/python3.10/site-packages/_pytest/capture.py\", line 172, in pytest_load_initial_conftests\n    yield\n  File \"/usr/local/lib/python3.10/site-packages/pluggy/_callers.py\", line 103, in _multicall\n    res = hook_impl.function(*args)\n  File \"/usr/local/lib/python3.10/site-packages/_pytest/config/__init__.py\", line 1222, in pytest_load_initial_conftests\n    self.pluginmanager._set_initial_conftests(\n  File \"/usr/local/lib/python3.10/site-packages/_pytest/config/__init__.py\", line 581, in _set_initial_conftests\n    self._try_load_conftest(\n  File \"/usr/local/lib/python3.10/site-packages/_pytest/config/__init__.py\", line 619, in _try_load_conftest\n    self._loadconftestmodules(\n  File \"/usr/local/lib/python3.10/site-packages/_pytest/config/__init__.py\", line 659, in _loadconftestmodules\n    mod = self._importconftest(\n  File \"/usr/local/lib/python3.10/site-packages/_pytest/config/__init__.py\", line 735, in _importconftest\n    self.consider_conftest(mod, registration_name=conftestpath_plugin_name)\n  File \"/usr/local/lib/python3.10/site-packages/_pytest/config/__init__.py\", line 816, in consider_conftest\n    self.register(conftestmodule, name=registration_name)\n  File \"/usr/local/lib/python3.10/site-packages/_pytest/config/__init__.py\", line 512, in register\n    self.consider_module(plugin)\n  File \"/usr/local/lib/python3.10/site-packages/_pytest/config/__init__.py\", line 824, in consider_module\n    self._import_plugin_specs(getattr(mod, \"pytest_plugins\", []))\n  File \"/usr/local/lib/python3.10/site-packages/_pytest/config/__init__.py\", line 831, in _import_plugin_specs\n    self.import_plugin(import_spec)\n  File \"/usr/local/lib/python3.10/site-packages/_pytest/config/__init__.py\", line 860, in import_plugin\n    raise ImportError(\n  File \"/usr/local/lib/python3.10/site-packages/_pytest/config/__init__.py\", line 858, in import_plugin\n    __import__(importspec)\n  File \"/usr/local/lib/python3.10/site-packages/_pytest/assertion/rewrite.py\", line 185, in exec_module\n    exec(co, module.__dict__)\n  File \"/app/repo/sphinx/testing/fixtures.py\", line 21, in <module>\n    from sphinx.testing import util\n  File \"/app/repo/sphinx/testing/util.py\", line 22, in <module>\n    from sphinx import application, locale\n  File \"/app/repo/sphinx/application.py\", line 42, in <module>\n    from sphinx.registry import SphinxComponentRegistry\n  File \"/app/repo/sphinx/registry.py\", line 24, in <module>\n    from sphinx.builders import Builder\n  File \"/app/repo/sphinx/builders/__init__.py\", line 26, in <module>\n    from sphinx.util import import_object, logging, rst, progress_message, status_iterator\n  File \"/app/repo/sphinx/util/rst.py\", line 22, in <module>\n    from jinja2 import environmentfilter\nImportError: Error importing plugin \"sphinx.testing.fixtures\": cannot import name 'environmentfilter' from 'jinja2' (/usr/local/lib/python3.10/site-packages/jinja2/__init__.py)\n"
    },
    {
      "test_file": "tests/test_domain_cpp.py",
      "test_case": "test_build_domain_cpp_multi_decl_lookup",
      "test_type": "PASS_TO_PASS",
      "exit_code": 1,
      "stdout": "",
      "stderr": "Traceback (most recent call last):\n  File \"/usr/local/lib/python3.10/site-packages/_pytest/config/__init__.py\", line 858, in import_plugin\n    __import__(importspec)\n  File \"/usr/local/lib/python3.10/site-packages/_pytest/assertion/rewrite.py\", line 185, in exec_module\n    exec(co, module.__dict__)\n  File \"/app/repo/sphinx/testing/fixtures.py\", line 21, in <module>\n    from sphinx.testing import util\n  File \"/app/repo/sphinx/testing/util.py\", line 22, in <module>\n    from sphinx import application, locale\n  File \"/app/repo/sphinx/application.py\", line 42, in <module>\n    from sphinx.registry import SphinxComponentRegistry\n  File \"/app/repo/sphinx/registry.py\", line 24, in <module>\n    from sphinx.builders import Builder\n  File \"/app/repo/sphinx/builders/__init__.py\", line 26, in <module>\n    from sphinx.util import import_object, logging, rst, progress_message, status_iterator\n  File \"/app/repo/sphinx/util/rst.py\", line 22, in <module>\n    from jinja2 import environmentfilter\nImportError: cannot import name 'environmentfilter' from 'jinja2' (/usr/local/lib/python3.10/site-packages/jinja2/__init__.py)\n\nThe above exception was the direct cause of the following exception:\n\nTraceback (most recent call last):\n  File \"/usr/local/bin/pytest\", line 8, in <module>\n    sys.exit(console_main())\n  File \"/usr/local/lib/python3.10/site-packages/_pytest/config/__init__.py\", line 201, in console_main\n    code = main()\n  File \"/usr/local/lib/python3.10/site-packages/_pytest/config/__init__.py\", line 156, in main\n    config = _prepareconfig(args, plugins)\n  File \"/usr/local/lib/python3.10/site-packages/_pytest/config/__init__.py\", line 341, in _prepareconfig\n    config = pluginmanager.hook.pytest_cmdline_parse(\n  File \"/usr/local/lib/python3.10/site-packages/pluggy/_hooks.py\", line 513, in __call__\n    return self._hookexec(self.name, self._hookimpls.copy(), kwargs, firstresult)\n  File \"/usr/local/lib/python3.10/site-packages/pluggy/_manager.py\", line 120, in _hookexec\n    return self._inner_hookexec(hook_name, methods, kwargs, firstresult)\n  File \"/usr/local/lib/python3.10/site-packages/pluggy/_callers.py\", line 139, in _multicall\n    raise exception.with_traceback(exception.__traceback__)\n  File \"/usr/local/lib/python3.10/site-packages/pluggy/_callers.py\", line 122, in _multicall\n    teardown.throw(exception)  # type: ignore[union-attr]\n  File \"/usr/local/lib/python3.10/site-packages/_pytest/helpconfig.py\", line 105, in pytest_cmdline_parse\n    config = yield\n  File \"/usr/local/lib/python3.10/site-packages/pluggy/_callers.py\", line 103, in _multicall\n    res = hook_impl.function(*args)\n  File \"/usr/local/lib/python3.10/site-packages/_pytest/config/__init__.py\", line 1140, in pytest_cmdline_parse\n    self.parse(args)\n  File \"/usr/local/lib/python3.10/site-packages/_pytest/config/__init__.py\", line 1494, in parse\n    self._preparse(args, addopts=addopts)\n  File \"/usr/local/lib/python3.10/site-packages/_pytest/config/__init__.py\", line 1398, in _preparse\n    self.hook.pytest_load_initial_conftests(\n  File \"/usr/local/lib/python3.10/site-packages/pluggy/_hooks.py\", line 513, in __call__\n    return self._hookexec(self.name, self._hookimpls.copy(), kwargs, firstresult)\n  File \"/usr/local/lib/python3.10/site-packages/pluggy/_manager.py\", line 120, in _hookexec\n    return self._inner_hookexec(hook_name, methods, kwargs, firstresult)\n  File \"/usr/local/lib/python3.10/site-packages/pluggy/_callers.py\", line 139, in _multicall\n    raise exception.with_traceback(exception.__traceback__)\n  File \"/usr/local/lib/python3.10/site-packages/pluggy/_callers.py\", line 122, in _multicall\n    teardown.throw(exception)  # type: ignore[union-attr]\n  File \"/usr/local/lib/python3.10/site-packages/_pytest/capture.py\", line 172, in pytest_load_initial_conftests\n    yield\n  File \"/usr/local/lib/python3.10/site-packages/pluggy/_callers.py\", line 103, in _multicall\n    res = hook_impl.function(*args)\n  File \"/usr/local/lib/python3.10/site-packages/_pytest/config/__init__.py\", line 1222, in pytest_load_initial_conftests\n    self.pluginmanager._set_initial_conftests(\n  File \"/usr/local/lib/python3.10/site-packages/_pytest/config/__init__.py\", line 581, in _set_initial_conftests\n    self._try_load_conftest(\n  File \"/usr/local/lib/python3.10/site-packages/_pytest/config/__init__.py\", line 619, in _try_load_conftest\n    self._loadconftestmodules(\n  File \"/usr/local/lib/python3.10/site-packages/_pytest/config/__init__.py\", line 659, in _loadconftestmodules\n    mod = self._importconftest(\n  File \"/usr/local/lib/python3.10/site-packages/_pytest/config/__init__.py\", line 735, in _importconftest\n    self.consider_conftest(mod, registration_name=conftestpath_plugin_name)\n  File \"/usr/local/lib/python3.10/site-packages/_pytest/config/__init__.py\", line 816, in consider_conftest\n    self.register(conftestmodule, name=registration_name)\n  File \"/usr/local/lib/python3.10/site-packages/_pytest/config/__init__.py\", line 512, in register\n    self.consider_module(plugin)\n  File \"/usr/local/lib/python3.10/site-packages/_pytest/config/__init__.py\", line 824, in consider_module\n    self._import_plugin_specs(getattr(mod, \"pytest_plugins\", []))\n  File \"/usr/local/lib/python3.10/site-packages/_pytest/config/__init__.py\", line 831, in _import_plugin_specs\n    self.import_plugin(import_spec)\n  File \"/usr/local/lib/python3.10/site-packages/_pytest/config/__init__.py\", line 860, in import_plugin\n    raise ImportError(\n  File \"/usr/local/lib/python3.10/site-packages/_pytest/config/__init__.py\", line 858, in import_plugin\n    __import__(importspec)\n  File \"/usr/local/lib/python3.10/site-packages/_pytest/assertion/rewrite.py\", line 185, in exec_module\n    exec(co, module.__dict__)\n  File \"/app/repo/sphinx/testing/fixtures.py\", line 21, in <module>\n    from sphinx.testing import util\n  File \"/app/repo/sphinx/testing/util.py\", line 22, in <module>\n    from sphinx import application, locale\n  File \"/app/repo/sphinx/application.py\", line 42, in <module>\n    from sphinx.registry import SphinxComponentRegistry\n  File \"/app/repo/sphinx/registry.py\", line 24, in <module>\n    from sphinx.builders import Builder\n  File \"/app/repo/sphinx/builders/__init__.py\", line 26, in <module>\n    from sphinx.util import import_object, logging, rst, progress_message, status_iterator\n  File \"/app/repo/sphinx/util/rst.py\", line 22, in <module>\n    from jinja2 import environmentfilter\nImportError: Error importing plugin \"sphinx.testing.fixtures\": cannot import name 'environmentfilter' from 'jinja2' (/usr/local/lib/python3.10/site-packages/jinja2/__init__.py)\n"
    },
    {
      "test_file": "tests/test_domain_cpp.py",
      "test_case": "test_build_domain_cpp_warn_template_param_qualified_name",
      "test_type": "PASS_TO_PASS",
      "exit_code": 1,
      "stdout": "",
      "stderr": "Traceback (most recent call last):\n  File \"/usr/local/lib/python3.10/site-packages/_pytest/config/__init__.py\", line 858, in import_plugin\n    __import__(importspec)\n  File \"/usr/local/lib/python3.10/site-packages/_pytest/assertion/rewrite.py\", line 185, in exec_module\n    exec(co, module.__dict__)\n  File \"/app/repo/sphinx/testing/fixtures.py\", line 21, in <module>\n    from sphinx.testing import util\n  File \"/app/repo/sphinx/testing/util.py\", line 22, in <module>\n    from sphinx import application, locale\n  File \"/app/repo/sphinx/application.py\", line 42, in <module>\n    from sphinx.registry import SphinxComponentRegistry\n  File \"/app/repo/sphinx/registry.py\", line 24, in <module>\n    from sphinx.builders import Builder\n  File \"/app/repo/sphinx/builders/__init__.py\", line 26, in <module>\n    from sphinx.util import import_object, logging, rst, progress_message, status_iterator\n  File \"/app/repo/sphinx/util/rst.py\", line 22, in <module>\n    from jinja2 import environmentfilter\nImportError: cannot import name 'environmentfilter' from 'jinja2' (/usr/local/lib/python3.10/site-packages/jinja2/__init__.py)\n\nThe above exception was the direct cause of the following exception:\n\nTraceback (most recent call last):\n  File \"/usr/local/bin/pytest\", line 8, in <module>\n    sys.exit(console_main())\n  File \"/usr/local/lib/python3.10/site-packages/_pytest/config/__init__.py\", line 201, in console_main\n    code = main()\n  File \"/usr/local/lib/python3.10/site-packages/_pytest/config/__init__.py\", line 156, in main\n    config = _prepareconfig(args, plugins)\n  File \"/usr/local/lib/python3.10/site-packages/_pytest/config/__init__.py\", line 341, in _prepareconfig\n    config = pluginmanager.hook.pytest_cmdline_parse(\n  File \"/usr/local/lib/python3.10/site-packages/pluggy/_hooks.py\", line 513, in __call__\n    return self._hookexec(self.name, self._hookimpls.copy(), kwargs, firstresult)\n  File \"/usr/local/lib/python3.10/site-packages/pluggy/_manager.py\", line 120, in _hookexec\n    return self._inner_hookexec(hook_name, methods, kwargs, firstresult)\n  File \"/usr/local/lib/python3.10/site-packages/pluggy/_callers.py\", line 139, in _multicall\n    raise exception.with_traceback(exception.__traceback__)\n  File \"/usr/local/lib/python3.10/site-packages/pluggy/_callers.py\", line 122, in _multicall\n    teardown.throw(exception)  # type: ignore[union-attr]\n  File \"/usr/local/lib/python3.10/site-packages/_pytest/helpconfig.py\", line 105, in pytest_cmdline_parse\n    config = yield\n  File \"/usr/local/lib/python3.10/site-packages/pluggy/_callers.py\", line 103, in _multicall\n    res = hook_impl.function(*args)\n  File \"/usr/local/lib/python3.10/site-packages/_pytest/config/__init__.py\", line 1140, in pytest_cmdline_parse\n    self.parse(args)\n  File \"/usr/local/lib/python3.10/site-packages/_pytest/config/__init__.py\", line 1494, in parse\n    self._preparse(args, addopts=addopts)\n  File \"/usr/local/lib/python3.10/site-packages/_pytest/config/__init__.py\", line 1398, in _preparse\n    self.hook.pytest_load_initial_conftests(\n  File \"/usr/local/lib/python3.10/site-packages/pluggy/_hooks.py\", line 513, in __call__\n    return self._hookexec(self.name, self._hookimpls.copy(), kwargs, firstresult)\n  File \"/usr/local/lib/python3.10/site-packages/pluggy/_manager.py\", line 120, in _hookexec\n    return self._inner_hookexec(hook_name, methods, kwargs, firstresult)\n  File \"/usr/local/lib/python3.10/site-packages/pluggy/_callers.py\", line 139, in _multicall\n    raise exception.with_traceback(exception.__traceback__)\n  File \"/usr/local/lib/python3.10/site-packages/pluggy/_callers.py\", line 122, in _multicall\n    teardown.throw(exception)  # type: ignore[union-attr]\n  File \"/usr/local/lib/python3.10/site-packages/_pytest/capture.py\", line 172, in pytest_load_initial_conftests\n    yield\n  File \"/usr/local/lib/python3.10/site-packages/pluggy/_callers.py\", line 103, in _multicall\n    res = hook_impl.function(*args)\n  File \"/usr/local/lib/python3.10/site-packages/_pytest/config/__init__.py\", line 1222, in pytest_load_initial_conftests\n    self.pluginmanager._set_initial_conftests(\n  File \"/usr/local/lib/python3.10/site-packages/_pytest/config/__init__.py\", line 581, in _set_initial_conftests\n    self._try_load_conftest(\n  File \"/usr/local/lib/python3.10/site-packages/_pytest/config/__init__.py\", line 619, in _try_load_conftest\n    self._loadconftestmodules(\n  File \"/usr/local/lib/python3.10/site-packages/_pytest/config/__init__.py\", line 659, in _loadconftestmodules\n    mod = self._importconftest(\n  File \"/usr/local/lib/python3.10/site-packages/_pytest/config/__init__.py\", line 735, in _importconftest\n    self.consider_conftest(mod, registration_name=conftestpath_plugin_name)\n  File \"/usr/local/lib/python3.10/site-packages/_pytest/config/__init__.py\", line 816, in consider_conftest\n    self.register(conftestmodule, name=registration_name)\n  File \"/usr/local/lib/python3.10/site-packages/_pytest/config/__init__.py\", line 512, in register\n    self.consider_module(plugin)\n  File \"/usr/local/lib/python3.10/site-packages/_pytest/config/__init__.py\", line 824, in consider_module\n    self._import_plugin_specs(getattr(mod, \"pytest_plugins\", []))\n  File \"/usr/local/lib/python3.10/site-packages/_pytest/config/__init__.py\", line 831, in _import_plugin_specs\n    self.import_plugin(import_spec)\n  File \"/usr/local/lib/python3.10/site-packages/_pytest/config/__init__.py\", line 860, in import_plugin\n    raise ImportError(\n  File \"/usr/local/lib/python3.10/site-packages/_pytest/config/__init__.py\", line 858, in import_plugin\n    __import__(importspec)\n  File \"/usr/local/lib/python3.10/site-packages/_pytest/assertion/rewrite.py\", line 185, in exec_module\n    exec(co, module.__dict__)\n  File \"/app/repo/sphinx/testing/fixtures.py\", line 21, in <module>\n    from sphinx.testing import util\n  File \"/app/repo/sphinx/testing/util.py\", line 22, in <module>\n    from sphinx import application, locale\n  File \"/app/repo/sphinx/application.py\", line 42, in <module>\n    from sphinx.registry import SphinxComponentRegistry\n  File \"/app/repo/sphinx/registry.py\", line 24, in <module>\n    from sphinx.builders import Builder\n  File \"/app/repo/sphinx/builders/__init__.py\", line 26, in <module>\n    from sphinx.util import import_object, logging, rst, progress_message, status_iterator\n  File \"/app/repo/sphinx/util/rst.py\", line 22, in <module>\n    from jinja2 import environmentfilter\nImportError: Error importing plugin \"sphinx.testing.fixtures\": cannot import name 'environmentfilter' from 'jinja2' (/usr/local/lib/python3.10/site-packages/jinja2/__init__.py)\n"
    },
    {
      "test_file": "tests/test_domain_cpp.py",
      "test_case": "test_build_domain_cpp_backslash_ok",
      "test_type": "PASS_TO_PASS",
      "exit_code": 1,
      "stdout": "",
      "stderr": "Traceback (most recent call last):\n  File \"/usr/local/lib/python3.10/site-packages/_pytest/config/__init__.py\", line 858, in import_plugin\n    __import__(importspec)\n  File \"/usr/local/lib/python3.10/site-packages/_pytest/assertion/rewrite.py\", line 185, in exec_module\n    exec(co, module.__dict__)\n  File \"/app/repo/sphinx/testing/fixtures.py\", line 21, in <module>\n    from sphinx.testing import util\n  File \"/app/repo/sphinx/testing/util.py\", line 22, in <module>\n    from sphinx import application, locale\n  File \"/app/repo/sphinx/application.py\", line 42, in <module>\n    from sphinx.registry import SphinxComponentRegistry\n  File \"/app/repo/sphinx/registry.py\", line 24, in <module>\n    from sphinx.builders import Builder\n  File \"/app/repo/sphinx/builders/__init__.py\", line 26, in <module>\n    from sphinx.util import import_object, logging, rst, progress_message, status_iterator\n  File \"/app/repo/sphinx/util/rst.py\", line 22, in <module>\n    from jinja2 import environmentfilter\nImportError: cannot import name 'environmentfilter' from 'jinja2' (/usr/local/lib/python3.10/site-packages/jinja2/__init__.py)\n\nThe above exception was the direct cause of the following exception:\n\nTraceback (most recent call last):\n  File \"/usr/local/bin/pytest\", line 8, in <module>\n    sys.exit(console_main())\n  File \"/usr/local/lib/python3.10/site-packages/_pytest/config/__init__.py\", line 201, in console_main\n    code = main()\n  File \"/usr/local/lib/python3.10/site-packages/_pytest/config/__init__.py\", line 156, in main\n    config = _prepareconfig(args, plugins)\n  File \"/usr/local/lib/python3.10/site-packages/_pytest/config/__init__.py\", line 341, in _prepareconfig\n    config = pluginmanager.hook.pytest_cmdline_parse(\n  File \"/usr/local/lib/python3.10/site-packages/pluggy/_hooks.py\", line 513, in __call__\n    return self._hookexec(self.name, self._hookimpls.copy(), kwargs, firstresult)\n  File \"/usr/local/lib/python3.10/site-packages/pluggy/_manager.py\", line 120, in _hookexec\n    return self._inner_hookexec(hook_name, methods, kwargs, firstresult)\n  File \"/usr/local/lib/python3.10/site-packages/pluggy/_callers.py\", line 139, in _multicall\n    raise exception.with_traceback(exception.__traceback__)\n  File \"/usr/local/lib/python3.10/site-packages/pluggy/_callers.py\", line 122, in _multicall\n    teardown.throw(exception)  # type: ignore[union-attr]\n  File \"/usr/local/lib/python3.10/site-packages/_pytest/helpconfig.py\", line 105, in pytest_cmdline_parse\n    config = yield\n  File \"/usr/local/lib/python3.10/site-packages/pluggy/_callers.py\", line 103, in _multicall\n    res = hook_impl.function(*args)\n  File \"/usr/local/lib/python3.10/site-packages/_pytest/config/__init__.py\", line 1140, in pytest_cmdline_parse\n    self.parse(args)\n  File \"/usr/local/lib/python3.10/site-packages/_pytest/config/__init__.py\", line 1494, in parse\n    self._preparse(args, addopts=addopts)\n  File \"/usr/local/lib/python3.10/site-packages/_pytest/config/__init__.py\", line 1398, in _preparse\n    self.hook.pytest_load_initial_conftests(\n  File \"/usr/local/lib/python3.10/site-packages/pluggy/_hooks.py\", line 513, in __call__\n    return self._hookexec(self.name, self._hookimpls.copy(), kwargs, firstresult)\n  File \"/usr/local/lib/python3.10/site-packages/pluggy/_manager.py\", line 120, in _hookexec\n    return self._inner_hookexec(hook_name, methods, kwargs, firstresult)\n  File \"/usr/local/lib/python3.10/site-packages/pluggy/_callers.py\", line 139, in _multicall\n    raise exception.with_traceback(exception.__traceback__)\n  File \"/usr/local/lib/python3.10/site-packages/pluggy/_callers.py\", line 122, in _multicall\n    teardown.throw(exception)  # type: ignore[union-attr]\n  File \"/usr/local/lib/python3.10/site-packages/_pytest/capture.py\", line 172, in pytest_load_initial_conftests\n    yield\n  File \"/usr/local/lib/python3.10/site-packages/pluggy/_callers.py\", line 103, in _multicall\n    res = hook_impl.function(*args)\n  File \"/usr/local/lib/python3.10/site-packages/_pytest/config/__init__.py\", line 1222, in pytest_load_initial_conftests\n    self.pluginmanager._set_initial_conftests(\n  File \"/usr/local/lib/python3.10/site-packages/_pytest/config/__init__.py\", line 581, in _set_initial_conftests\n    self._try_load_conftest(\n  File \"/usr/local/lib/python3.10/site-packages/_pytest/config/__init__.py\", line 619, in _try_load_conftest\n    self._loadconftestmodules(\n  File \"/usr/local/lib/python3.10/site-packages/_pytest/config/__init__.py\", line 659, in _loadconftestmodules\n    mod = self._importconftest(\n  File \"/usr/local/lib/python3.10/site-packages/_pytest/config/__init__.py\", line 735, in _importconftest\n    self.consider_conftest(mod, registration_name=conftestpath_plugin_name)\n  File \"/usr/local/lib/python3.10/site-packages/_pytest/config/__init__.py\", line 816, in consider_conftest\n    self.register(conftestmodule, name=registration_name)\n  File \"/usr/local/lib/python3.10/site-packages/_pytest/config/__init__.py\", line 512, in register\n    self.consider_module(plugin)\n  File \"/usr/local/lib/python3.10/site-packages/_pytest/config/__init__.py\", line 824, in consider_module\n    self._import_plugin_specs(getattr(mod, \"pytest_plugins\", []))\n  File \"/usr/local/lib/python3.10/site-packages/_pytest/config/__init__.py\", line 831, in _import_plugin_specs\n    self.import_plugin(import_spec)\n  File \"/usr/local/lib/python3.10/site-packages/_pytest/config/__init__.py\", line 860, in import_plugin\n    raise ImportError(\n  File \"/usr/local/lib/python3.10/site-packages/_pytest/config/__init__.py\", line 858, in import_plugin\n    __import__(importspec)\n  File \"/usr/local/lib/python3.10/site-packages/_pytest/assertion/rewrite.py\", line 185, in exec_module\n    exec(co, module.__dict__)\n  File \"/app/repo/sphinx/testing/fixtures.py\", line 21, in <module>\n    from sphinx.testing import util\n  File \"/app/repo/sphinx/testing/util.py\", line 22, in <module>\n    from sphinx import application, locale\n  File \"/app/repo/sphinx/application.py\", line 42, in <module>\n    from sphinx.registry import SphinxComponentRegistry\n  File \"/app/repo/sphinx/registry.py\", line 24, in <module>\n    from sphinx.builders import Builder\n  File \"/app/repo/sphinx/builders/__init__.py\", line 26, in <module>\n    from sphinx.util import import_object, logging, rst, progress_message, status_iterator\n  File \"/app/repo/sphinx/util/rst.py\", line 22, in <module>\n    from jinja2 import environmentfilter\nImportError: Error importing plugin \"sphinx.testing.fixtures\": cannot import name 'environmentfilter' from 'jinja2' (/usr/local/lib/python3.10/site-packages/jinja2/__init__.py)\n"
    },
    {
      "test_file": "tests/test_domain_cpp.py",
      "test_case": "test_build_domain_cpp_semicolon",
      "test_type": "PASS_TO_PASS",
      "exit_code": 1,
      "stdout": "",
      "stderr": "Traceback (most recent call last):\n  File \"/usr/local/lib/python3.10/site-packages/_pytest/config/__init__.py\", line 858, in import_plugin\n    __import__(importspec)\n  File \"/usr/local/lib/python3.10/site-packages/_pytest/assertion/rewrite.py\", line 185, in exec_module\n    exec(co, module.__dict__)\n  File \"/app/repo/sphinx/testing/fixtures.py\", line 21, in <module>\n    from sphinx.testing import util\n  File \"/app/repo/sphinx/testing/util.py\", line 22, in <module>\n    from sphinx import application, locale\n  File \"/app/repo/sphinx/application.py\", line 42, in <module>\n    from sphinx.registry import SphinxComponentRegistry\n  File \"/app/repo/sphinx/registry.py\", line 24, in <module>\n    from sphinx.builders import Builder\n  File \"/app/repo/sphinx/builders/__init__.py\", line 26, in <module>\n    from sphinx.util import import_object, logging, rst, progress_message, status_iterator\n  File \"/app/repo/sphinx/util/rst.py\", line 22, in <module>\n    from jinja2 import environmentfilter\nImportError: cannot import name 'environmentfilter' from 'jinja2' (/usr/local/lib/python3.10/site-packages/jinja2/__init__.py)\n\nThe above exception was the direct cause of the following exception:\n\nTraceback (most recent call last):\n  File \"/usr/local/bin/pytest\", line 8, in <module>\n    sys.exit(console_main())\n  File \"/usr/local/lib/python3.10/site-packages/_pytest/config/__init__.py\", line 201, in console_main\n    code = main()\n  File \"/usr/local/lib/python3.10/site-packages/_pytest/config/__init__.py\", line 156, in main\n    config = _prepareconfig(args, plugins)\n  File \"/usr/local/lib/python3.10/site-packages/_pytest/config/__init__.py\", line 341, in _prepareconfig\n    config = pluginmanager.hook.pytest_cmdline_parse(\n  File \"/usr/local/lib/python3.10/site-packages/pluggy/_hooks.py\", line 513, in __call__\n    return self._hookexec(self.name, self._hookimpls.copy(), kwargs, firstresult)\n  File \"/usr/local/lib/python3.10/site-packages/pluggy/_manager.py\", line 120, in _hookexec\n    return self._inner_hookexec(hook_name, methods, kwargs, firstresult)\n  File \"/usr/local/lib/python3.10/site-packages/pluggy/_callers.py\", line 139, in _multicall\n    raise exception.with_traceback(exception.__traceback__)\n  File \"/usr/local/lib/python3.10/site-packages/pluggy/_callers.py\", line 122, in _multicall\n    teardown.throw(exception)  # type: ignore[union-attr]\n  File \"/usr/local/lib/python3.10/site-packages/_pytest/helpconfig.py\", line 105, in pytest_cmdline_parse\n    config = yield\n  File \"/usr/local/lib/python3.10/site-packages/pluggy/_callers.py\", line 103, in _multicall\n    res = hook_impl.function(*args)\n  File \"/usr/local/lib/python3.10/site-packages/_pytest/config/__init__.py\", line 1140, in pytest_cmdline_parse\n    self.parse(args)\n  File \"/usr/local/lib/python3.10/site-packages/_pytest/config/__init__.py\", line 1494, in parse\n    self._preparse(args, addopts=addopts)\n  File \"/usr/local/lib/python3.10/site-packages/_pytest/config/__init__.py\", line 1398, in _preparse\n    self.hook.pytest_load_initial_conftests(\n  File \"/usr/local/lib/python3.10/site-packages/pluggy/_hooks.py\", line 513, in __call__\n    return self._hookexec(self.name, self._hookimpls.copy(), kwargs, firstresult)\n  File \"/usr/local/lib/python3.10/site-packages/pluggy/_manager.py\", line 120, in _hookexec\n    return self._inner_hookexec(hook_name, methods, kwargs, firstresult)\n  File \"/usr/local/lib/python3.10/site-packages/pluggy/_callers.py\", line 139, in _multicall\n    raise exception.with_traceback(exception.__traceback__)\n  File \"/usr/local/lib/python3.10/site-packages/pluggy/_callers.py\", line 122, in _multicall\n    teardown.throw(exception)  # type: ignore[union-attr]\n  File \"/usr/local/lib/python3.10/site-packages/_pytest/capture.py\", line 172, in pytest_load_initial_conftests\n    yield\n  File \"/usr/local/lib/python3.10/site-packages/pluggy/_callers.py\", line 103, in _multicall\n    res = hook_impl.function(*args)\n  File \"/usr/local/lib/python3.10/site-packages/_pytest/config/__init__.py\", line 1222, in pytest_load_initial_conftests\n    self.pluginmanager._set_initial_conftests(\n  File \"/usr/local/lib/python3.10/site-packages/_pytest/config/__init__.py\", line 581, in _set_initial_conftests\n    self._try_load_conftest(\n  File \"/usr/local/lib/python3.10/site-packages/_pytest/config/__init__.py\", line 619, in _try_load_conftest\n    self._loadconftestmodules(\n  File \"/usr/local/lib/python3.10/site-packages/_pytest/config/__init__.py\", line 659, in _loadconftestmodules\n    mod = self._importconftest(\n  File \"/usr/local/lib/python3.10/site-packages/_pytest/config/__init__.py\", line 735, in _importconftest\n    self.consider_conftest(mod, registration_name=conftestpath_plugin_name)\n  File \"/usr/local/lib/python3.10/site-packages/_pytest/config/__init__.py\", line 816, in consider_conftest\n    self.register(conftestmodule, name=registration_name)\n  File \"/usr/local/lib/python3.10/site-packages/_pytest/config/__init__.py\", line 512, in register\n    self.consider_module(plugin)\n  File \"/usr/local/lib/python3.10/site-packages/_pytest/config/__init__.py\", line 824, in consider_module\n    self._import_plugin_specs(getattr(mod, \"pytest_plugins\", []))\n  File \"/usr/local/lib/python3.10/site-packages/_pytest/config/__init__.py\", line 831, in _import_plugin_specs\n    self.import_plugin(import_spec)\n  File \"/usr/local/lib/python3.10/site-packages/_pytest/config/__init__.py\", line 860, in import_plugin\n    raise ImportError(\n  File \"/usr/local/lib/python3.10/site-packages/_pytest/config/__init__.py\", line 858, in import_plugin\n    __import__(importspec)\n  File \"/usr/local/lib/python3.10/site-packages/_pytest/assertion/rewrite.py\", line 185, in exec_module\n    exec(co, module.__dict__)\n  File \"/app/repo/sphinx/testing/fixtures.py\", line 21, in <module>\n    from sphinx.testing import util\n  File \"/app/repo/sphinx/testing/util.py\", line 22, in <module>\n    from sphinx import application, locale\n  File \"/app/repo/sphinx/application.py\", line 42, in <module>\n    from sphinx.registry import SphinxComponentRegistry\n  File \"/app/repo/sphinx/registry.py\", line 24, in <module>\n    from sphinx.builders import Builder\n  File \"/app/repo/sphinx/builders/__init__.py\", line 26, in <module>\n    from sphinx.util import import_object, logging, rst, progress_message, status_iterator\n  File \"/app/repo/sphinx/util/rst.py\", line 22, in <module>\n    from jinja2 import environmentfilter\nImportError: Error importing plugin \"sphinx.testing.fixtures\": cannot import name 'environmentfilter' from 'jinja2' (/usr/local/lib/python3.10/site-packages/jinja2/__init__.py)\n"
    },
    {
      "test_file": "tests/test_domain_cpp.py",
      "test_case": "test_build_domain_cpp_anon_dup_decl",
      "test_type": "PASS_TO_PASS",
      "exit_code": 1,
      "stdout": "",
      "stderr": "Traceback (most recent call last):\n  File \"/usr/local/lib/python3.10/site-packages/_pytest/config/__init__.py\", line 858, in import_plugin\n    __import__(importspec)\n  File \"/usr/local/lib/python3.10/site-packages/_pytest/assertion/rewrite.py\", line 185, in exec_module\n    exec(co, module.__dict__)\n  File \"/app/repo/sphinx/testing/fixtures.py\", line 21, in <module>\n    from sphinx.testing import util\n  File \"/app/repo/sphinx/testing/util.py\", line 22, in <module>\n    from sphinx import application, locale\n  File \"/app/repo/sphinx/application.py\", line 42, in <module>\n    from sphinx.registry import SphinxComponentRegistry\n  File \"/app/repo/sphinx/registry.py\", line 24, in <module>\n    from sphinx.builders import Builder\n  File \"/app/repo/sphinx/builders/__init__.py\", line 26, in <module>\n    from sphinx.util import import_object, logging, rst, progress_message, status_iterator\n  File \"/app/repo/sphinx/util/rst.py\", line 22, in <module>\n    from jinja2 import environmentfilter\nImportError: cannot import name 'environmentfilter' from 'jinja2' (/usr/local/lib/python3.10/site-packages/jinja2/__init__.py)\n\nThe above exception was the direct cause of the following exception:\n\nTraceback (most recent call last):\n  File \"/usr/local/bin/pytest\", line 8, in <module>\n    sys.exit(console_main())\n  File \"/usr/local/lib/python3.10/site-packages/_pytest/config/__init__.py\", line 201, in console_main\n    code = main()\n  File \"/usr/local/lib/python3.10/site-packages/_pytest/config/__init__.py\", line 156, in main\n    config = _prepareconfig(args, plugins)\n  File \"/usr/local/lib/python3.10/site-packages/_pytest/config/__init__.py\", line 341, in _prepareconfig\n    config = pluginmanager.hook.pytest_cmdline_parse(\n  File \"/usr/local/lib/python3.10/site-packages/pluggy/_hooks.py\", line 513, in __call__\n    return self._hookexec(self.name, self._hookimpls.copy(), kwargs, firstresult)\n  File \"/usr/local/lib/python3.10/site-packages/pluggy/_manager.py\", line 120, in _hookexec\n    return self._inner_hookexec(hook_name, methods, kwargs, firstresult)\n  File \"/usr/local/lib/python3.10/site-packages/pluggy/_callers.py\", line 139, in _multicall\n    raise exception.with_traceback(exception.__traceback__)\n  File \"/usr/local/lib/python3.10/site-packages/pluggy/_callers.py\", line 122, in _multicall\n    teardown.throw(exception)  # type: ignore[union-attr]\n  File \"/usr/local/lib/python3.10/site-packages/_pytest/helpconfig.py\", line 105, in pytest_cmdline_parse\n    config = yield\n  File \"/usr/local/lib/python3.10/site-packages/pluggy/_callers.py\", line 103, in _multicall\n    res = hook_impl.function(*args)\n  File \"/usr/local/lib/python3.10/site-packages/_pytest/config/__init__.py\", line 1140, in pytest_cmdline_parse\n    self.parse(args)\n  File \"/usr/local/lib/python3.10/site-packages/_pytest/config/__init__.py\", line 1494, in parse\n    self._preparse(args, addopts=addopts)\n  File \"/usr/local/lib/python3.10/site-packages/_pytest/config/__init__.py\", line 1398, in _preparse\n    self.hook.pytest_load_initial_conftests(\n  File \"/usr/local/lib/python3.10/site-packages/pluggy/_hooks.py\", line 513, in __call__\n    return self._hookexec(self.name, self._hookimpls.copy(), kwargs, firstresult)\n  File \"/usr/local/lib/python3.10/site-packages/pluggy/_manager.py\", line 120, in _hookexec\n    return self._inner_hookexec(hook_name, methods, kwargs, firstresult)\n  File \"/usr/local/lib/python3.10/site-packages/pluggy/_callers.py\", line 139, in _multicall\n    raise exception.with_traceback(exception.__traceback__)\n  File \"/usr/local/lib/python3.10/site-packages/pluggy/_callers.py\", line 122, in _multicall\n    teardown.throw(exception)  # type: ignore[union-attr]\n  File \"/usr/local/lib/python3.10/site-packages/_pytest/capture.py\", line 172, in pytest_load_initial_conftests\n    yield\n  File \"/usr/local/lib/python3.10/site-packages/pluggy/_callers.py\", line 103, in _multicall\n    res = hook_impl.function(*args)\n  File \"/usr/local/lib/python3.10/site-packages/_pytest/config/__init__.py\", line 1222, in pytest_load_initial_conftests\n    self.pluginmanager._set_initial_conftests(\n  File \"/usr/local/lib/python3.10/site-packages/_pytest/config/__init__.py\", line 581, in _set_initial_conftests\n    self._try_load_conftest(\n  File \"/usr/local/lib/python3.10/site-packages/_pytest/config/__init__.py\", line 619, in _try_load_conftest\n    self._loadconftestmodules(\n  File \"/usr/local/lib/python3.10/site-packages/_pytest/config/__init__.py\", line 659, in _loadconftestmodules\n    mod = self._importconftest(\n  File \"/usr/local/lib/python3.10/site-packages/_pytest/config/__init__.py\", line 735, in _importconftest\n    self.consider_conftest(mod, registration_name=conftestpath_plugin_name)\n  File \"/usr/local/lib/python3.10/site-packages/_pytest/config/__init__.py\", line 816, in consider_conftest\n    self.register(conftestmodule, name=registration_name)\n  File \"/usr/local/lib/python3.10/site-packages/_pytest/config/__init__.py\", line 512, in register\n    self.consider_module(plugin)\n  File \"/usr/local/lib/python3.10/site-packages/_pytest/config/__init__.py\", line 824, in consider_module\n    self._import_plugin_specs(getattr(mod, \"pytest_plugins\", []))\n  File \"/usr/local/lib/python3.10/site-packages/_pytest/config/__init__.py\", line 831, in _import_plugin_specs\n    self.import_plugin(import_spec)\n  File \"/usr/local/lib/python3.10/site-packages/_pytest/config/__init__.py\", line 860, in import_plugin\n    raise ImportError(\n  File \"/usr/local/lib/python3.10/site-packages/_pytest/config/__init__.py\", line 858, in import_plugin\n    __import__(importspec)\n  File \"/usr/local/lib/python3.10/site-packages/_pytest/assertion/rewrite.py\", line 185, in exec_module\n    exec(co, module.__dict__)\n  File \"/app/repo/sphinx/testing/fixtures.py\", line 21, in <module>\n    from sphinx.testing import util\n  File \"/app/repo/sphinx/testing/util.py\", line 22, in <module>\n    from sphinx import application, locale\n  File \"/app/repo/sphinx/application.py\", line 42, in <module>\n    from sphinx.registry import SphinxComponentRegistry\n  File \"/app/repo/sphinx/registry.py\", line 24, in <module>\n    from sphinx.builders import Builder\n  File \"/app/repo/sphinx/builders/__init__.py\", line 26, in <module>\n    from sphinx.util import import_object, logging, rst, progress_message, status_iterator\n  File \"/app/repo/sphinx/util/rst.py\", line 22, in <module>\n    from jinja2 import environmentfilter\nImportError: Error importing plugin \"sphinx.testing.fixtures\": cannot import name 'environmentfilter' from 'jinja2' (/usr/local/lib/python3.10/site-packages/jinja2/__init__.py)\n"
    },
    {
      "test_file": "tests/test_domain_cpp.py",
      "test_case": "test_build_domain_cpp_misuse_of_roles",
      "test_type": "PASS_TO_PASS",
      "exit_code": 1,
      "stdout": "",
      "stderr": "Traceback (most recent call last):\n  File \"/usr/local/lib/python3.10/site-packages/_pytest/config/__init__.py\", line 858, in import_plugin\n    __import__(importspec)\n  File \"/usr/local/lib/python3.10/site-packages/_pytest/assertion/rewrite.py\", line 185, in exec_module\n    exec(co, module.__dict__)\n  File \"/app/repo/sphinx/testing/fixtures.py\", line 21, in <module>\n    from sphinx.testing import util\n  File \"/app/repo/sphinx/testing/util.py\", line 22, in <module>\n    from sphinx import application, locale\n  File \"/app/repo/sphinx/application.py\", line 42, in <module>\n    from sphinx.registry import SphinxComponentRegistry\n  File \"/app/repo/sphinx/registry.py\", line 24, in <module>\n    from sphinx.builders import Builder\n  File \"/app/repo/sphinx/builders/__init__.py\", line 26, in <module>\n    from sphinx.util import import_object, logging, rst, progress_message, status_iterator\n  File \"/app/repo/sphinx/util/rst.py\", line 22, in <module>\n    from jinja2 import environmentfilter\nImportError: cannot import name 'environmentfilter' from 'jinja2' (/usr/local/lib/python3.10/site-packages/jinja2/__init__.py)\n\nThe above exception was the direct cause of the following exception:\n\nTraceback (most recent call last):\n  File \"/usr/local/bin/pytest\", line 8, in <module>\n    sys.exit(console_main())\n  File \"/usr/local/lib/python3.10/site-packages/_pytest/config/__init__.py\", line 201, in console_main\n    code = main()\n  File \"/usr/local/lib/python3.10/site-packages/_pytest/config/__init__.py\", line 156, in main\n    config = _prepareconfig(args, plugins)\n  File \"/usr/local/lib/python3.10/site-packages/_pytest/config/__init__.py\", line 341, in _prepareconfig\n    config = pluginmanager.hook.pytest_cmdline_parse(\n  File \"/usr/local/lib/python3.10/site-packages/pluggy/_hooks.py\", line 513, in __call__\n    return self._hookexec(self.name, self._hookimpls.copy(), kwargs, firstresult)\n  File \"/usr/local/lib/python3.10/site-packages/pluggy/_manager.py\", line 120, in _hookexec\n    return self._inner_hookexec(hook_name, methods, kwargs, firstresult)\n  File \"/usr/local/lib/python3.10/site-packages/pluggy/_callers.py\", line 139, in _multicall\n    raise exception.with_traceback(exception.__traceback__)\n  File \"/usr/local/lib/python3.10/site-packages/pluggy/_callers.py\", line 122, in _multicall\n    teardown.throw(exception)  # type: ignore[union-attr]\n  File \"/usr/local/lib/python3.10/site-packages/_pytest/helpconfig.py\", line 105, in pytest_cmdline_parse\n    config = yield\n  File \"/usr/local/lib/python3.10/site-packages/pluggy/_callers.py\", line 103, in _multicall\n    res = hook_impl.function(*args)\n  File \"/usr/local/lib/python3.10/site-packages/_pytest/config/__init__.py\", line 1140, in pytest_cmdline_parse\n    self.parse(args)\n  File \"/usr/local/lib/python3.10/site-packages/_pytest/config/__init__.py\", line 1494, in parse\n    self._preparse(args, addopts=addopts)\n  File \"/usr/local/lib/python3.10/site-packages/_pytest/config/__init__.py\", line 1398, in _preparse\n    self.hook.pytest_load_initial_conftests(\n  File \"/usr/local/lib/python3.10/site-packages/pluggy/_hooks.py\", line 513, in __call__\n    return self._hookexec(self.name, self._hookimpls.copy(), kwargs, firstresult)\n  File \"/usr/local/lib/python3.10/site-packages/pluggy/_manager.py\", line 120, in _hookexec\n    return self._inner_hookexec(hook_name, methods, kwargs, firstresult)\n  File \"/usr/local/lib/python3.10/site-packages/pluggy/_callers.py\", line 139, in _multicall\n    raise exception.with_traceback(exception.__traceback__)\n  File \"/usr/local/lib/python3.10/site-packages/pluggy/_callers.py\", line 122, in _multicall\n    teardown.throw(exception)  # type: ignore[union-attr]\n  File \"/usr/local/lib/python3.10/site-packages/_pytest/capture.py\", line 172, in pytest_load_initial_conftests\n    yield\n  File \"/usr/local/lib/python3.10/site-packages/pluggy/_callers.py\", line 103, in _multicall\n    res = hook_impl.function(*args)\n  File \"/usr/local/lib/python3.10/site-packages/_pytest/config/__init__.py\", line 1222, in pytest_load_initial_conftests\n    self.pluginmanager._set_initial_conftests(\n  File \"/usr/local/lib/python3.10/site-packages/_pytest/config/__init__.py\", line 581, in _set_initial_conftests\n    self._try_load_conftest(\n  File \"/usr/local/lib/python3.10/site-packages/_pytest/config/__init__.py\", line 619, in _try_load_conftest\n    self._loadconftestmodules(\n  File \"/usr/local/lib/python3.10/site-packages/_pytest/config/__init__.py\", line 659, in _loadconftestmodules\n    mod = self._importconftest(\n  File \"/usr/local/lib/python3.10/site-packages/_pytest/config/__init__.py\", line 735, in _importconftest\n    self.consider_conftest(mod, registration_name=conftestpath_plugin_name)\n  File \"/usr/local/lib/python3.10/site-packages/_pytest/config/__init__.py\", line 816, in consider_conftest\n    self.register(conftestmodule, name=registration_name)\n  File \"/usr/local/lib/python3.10/site-packages/_pytest/config/__init__.py\", line 512, in register\n    self.consider_module(plugin)\n  File \"/usr/local/lib/python3.10/site-packages/_pytest/config/__init__.py\", line 824, in consider_module\n    self._import_plugin_specs(getattr(mod, \"pytest_plugins\", []))\n  File \"/usr/local/lib/python3.10/site-packages/_pytest/config/__init__.py\", line 831, in _import_plugin_specs\n    self.import_plugin(import_spec)\n  File \"/usr/local/lib/python3.10/site-packages/_pytest/config/__init__.py\", line 860, in import_plugin\n    raise ImportError(\n  File \"/usr/local/lib/python3.10/site-packages/_pytest/config/__init__.py\", line 858, in import_plugin\n    __import__(importspec)\n  File \"/usr/local/lib/python3.10/site-packages/_pytest/assertion/rewrite.py\", line 185, in exec_module\n    exec(co, module.__dict__)\n  File \"/app/repo/sphinx/testing/fixtures.py\", line 21, in <module>\n    from sphinx.testing import util\n  File \"/app/repo/sphinx/testing/util.py\", line 22, in <module>\n    from sphinx import application, locale\n  File \"/app/repo/sphinx/application.py\", line 42, in <module>\n    from sphinx.registry import SphinxComponentRegistry\n  File \"/app/repo/sphinx/registry.py\", line 24, in <module>\n    from sphinx.builders import Builder\n  File \"/app/repo/sphinx/builders/__init__.py\", line 26, in <module>\n    from sphinx.util import import_object, logging, rst, progress_message, status_iterator\n  File \"/app/repo/sphinx/util/rst.py\", line 22, in <module>\n    from jinja2 import environmentfilter\nImportError: Error importing plugin \"sphinx.testing.fixtures\": cannot import name 'environmentfilter' from 'jinja2' (/usr/local/lib/python3.10/site-packages/jinja2/__init__.py)\n"
    },
    {
      "test_file": "tests/test_domain_cpp.py",
      "test_case": "test_build_domain_cpp_with_add_function_parentheses_is_True",
      "test_type": "PASS_TO_PASS",
      "exit_code": 1,
      "stdout": "",
      "stderr": "Traceback (most recent call last):\n  File \"/usr/local/lib/python3.10/site-packages/_pytest/config/__init__.py\", line 858, in import_plugin\n    __import__(importspec)\n  File \"/usr/local/lib/python3.10/site-packages/_pytest/assertion/rewrite.py\", line 185, in exec_module\n    exec(co, module.__dict__)\n  File \"/app/repo/sphinx/testing/fixtures.py\", line 21, in <module>\n    from sphinx.testing import util\n  File \"/app/repo/sphinx/testing/util.py\", line 22, in <module>\n    from sphinx import application, locale\n  File \"/app/repo/sphinx/application.py\", line 42, in <module>\n    from sphinx.registry import SphinxComponentRegistry\n  File \"/app/repo/sphinx/registry.py\", line 24, in <module>\n    from sphinx.builders import Builder\n  File \"/app/repo/sphinx/builders/__init__.py\", line 26, in <module>\n    from sphinx.util import import_object, logging, rst, progress_message, status_iterator\n  File \"/app/repo/sphinx/util/rst.py\", line 22, in <module>\n    from jinja2 import environmentfilter\nImportError: cannot import name 'environmentfilter' from 'jinja2' (/usr/local/lib/python3.10/site-packages/jinja2/__init__.py)\n\nThe above exception was the direct cause of the following exception:\n\nTraceback (most recent call last):\n  File \"/usr/local/bin/pytest\", line 8, in <module>\n    sys.exit(console_main())\n  File \"/usr/local/lib/python3.10/site-packages/_pytest/config/__init__.py\", line 201, in console_main\n    code = main()\n  File \"/usr/local/lib/python3.10/site-packages/_pytest/config/__init__.py\", line 156, in main\n    config = _prepareconfig(args, plugins)\n  File \"/usr/local/lib/python3.10/site-packages/_pytest/config/__init__.py\", line 341, in _prepareconfig\n    config = pluginmanager.hook.pytest_cmdline_parse(\n  File \"/usr/local/lib/python3.10/site-packages/pluggy/_hooks.py\", line 513, in __call__\n    return self._hookexec(self.name, self._hookimpls.copy(), kwargs, firstresult)\n  File \"/usr/local/lib/python3.10/site-packages/pluggy/_manager.py\", line 120, in _hookexec\n    return self._inner_hookexec(hook_name, methods, kwargs, firstresult)\n  File \"/usr/local/lib/python3.10/site-packages/pluggy/_callers.py\", line 139, in _multicall\n    raise exception.with_traceback(exception.__traceback__)\n  File \"/usr/local/lib/python3.10/site-packages/pluggy/_callers.py\", line 122, in _multicall\n    teardown.throw(exception)  # type: ignore[union-attr]\n  File \"/usr/local/lib/python3.10/site-packages/_pytest/helpconfig.py\", line 105, in pytest_cmdline_parse\n    config = yield\n  File \"/usr/local/lib/python3.10/site-packages/pluggy/_callers.py\", line 103, in _multicall\n    res = hook_impl.function(*args)\n  File \"/usr/local/lib/python3.10/site-packages/_pytest/config/__init__.py\", line 1140, in pytest_cmdline_parse\n    self.parse(args)\n  File \"/usr/local/lib/python3.10/site-packages/_pytest/config/__init__.py\", line 1494, in parse\n    self._preparse(args, addopts=addopts)\n  File \"/usr/local/lib/python3.10/site-packages/_pytest/config/__init__.py\", line 1398, in _preparse\n    self.hook.pytest_load_initial_conftests(\n  File \"/usr/local/lib/python3.10/site-packages/pluggy/_hooks.py\", line 513, in __call__\n    return self._hookexec(self.name, self._hookimpls.copy(), kwargs, firstresult)\n  File \"/usr/local/lib/python3.10/site-packages/pluggy/_manager.py\", line 120, in _hookexec\n    return self._inner_hookexec(hook_name, methods, kwargs, firstresult)\n  File \"/usr/local/lib/python3.10/site-packages/pluggy/_callers.py\", line 139, in _multicall\n    raise exception.with_traceback(exception.__traceback__)\n  File \"/usr/local/lib/python3.10/site-packages/pluggy/_callers.py\", line 122, in _multicall\n    teardown.throw(exception)  # type: ignore[union-attr]\n  File \"/usr/local/lib/python3.10/site-packages/_pytest/capture.py\", line 172, in pytest_load_initial_conftests\n    yield\n  File \"/usr/local/lib/python3.10/site-packages/pluggy/_callers.py\", line 103, in _multicall\n    res = hook_impl.function(*args)\n  File \"/usr/local/lib/python3.10/site-packages/_pytest/config/__init__.py\", line 1222, in pytest_load_initial_conftests\n    self.pluginmanager._set_initial_conftests(\n  File \"/usr/local/lib/python3.10/site-packages/_pytest/config/__init__.py\", line 581, in _set_initial_conftests\n    self._try_load_conftest(\n  File \"/usr/local/lib/python3.10/site-packages/_pytest/config/__init__.py\", line 619, in _try_load_conftest\n    self._loadconftestmodules(\n  File \"/usr/local/lib/python3.10/site-packages/_pytest/config/__init__.py\", line 659, in _loadconftestmodules\n    mod = self._importconftest(\n  File \"/usr/local/lib/python3.10/site-packages/_pytest/config/__init__.py\", line 735, in _importconftest\n    self.consider_conftest(mod, registration_name=conftestpath_plugin_name)\n  File \"/usr/local/lib/python3.10/site-packages/_pytest/config/__init__.py\", line 816, in consider_conftest\n    self.register(conftestmodule, name=registration_name)\n  File \"/usr/local/lib/python3.10/site-packages/_pytest/config/__init__.py\", line 512, in register\n    self.consider_module(plugin)\n  File \"/usr/local/lib/python3.10/site-packages/_pytest/config/__init__.py\", line 824, in consider_module\n    self._import_plugin_specs(getattr(mod, \"pytest_plugins\", []))\n  File \"/usr/local/lib/python3.10/site-packages/_pytest/config/__init__.py\", line 831, in _import_plugin_specs\n    self.import_plugin(import_spec)\n  File \"/usr/local/lib/python3.10/site-packages/_pytest/config/__init__.py\", line 860, in import_plugin\n    raise ImportError(\n  File \"/usr/local/lib/python3.10/site-packages/_pytest/config/__init__.py\", line 858, in import_plugin\n    __import__(importspec)\n  File \"/usr/local/lib/python3.10/site-packages/_pytest/assertion/rewrite.py\", line 185, in exec_module\n    exec(co, module.__dict__)\n  File \"/app/repo/sphinx/testing/fixtures.py\", line 21, in <module>\n    from sphinx.testing import util\n  File \"/app/repo/sphinx/testing/util.py\", line 22, in <module>\n    from sphinx import application, locale\n  File \"/app/repo/sphinx/application.py\", line 42, in <module>\n    from sphinx.registry import SphinxComponentRegistry\n  File \"/app/repo/sphinx/registry.py\", line 24, in <module>\n    from sphinx.builders import Builder\n  File \"/app/repo/sphinx/builders/__init__.py\", line 26, in <module>\n    from sphinx.util import import_object, logging, rst, progress_message, status_iterator\n  File \"/app/repo/sphinx/util/rst.py\", line 22, in <module>\n    from jinja2 import environmentfilter\nImportError: Error importing plugin \"sphinx.testing.fixtures\": cannot import name 'environmentfilter' from 'jinja2' (/usr/local/lib/python3.10/site-packages/jinja2/__init__.py)\n"
    },
    {
      "test_file": "tests/test_domain_cpp.py",
      "test_case": "test_build_domain_cpp_with_add_function_parentheses_is_False",
      "test_type": "PASS_TO_PASS",
      "exit_code": 1,
      "stdout": "",
      "stderr": "Traceback (most recent call last):\n  File \"/usr/local/lib/python3.10/site-packages/_pytest/config/__init__.py\", line 858, in import_plugin\n    __import__(importspec)\n  File \"/usr/local/lib/python3.10/site-packages/_pytest/assertion/rewrite.py\", line 185, in exec_module\n    exec(co, module.__dict__)\n  File \"/app/repo/sphinx/testing/fixtures.py\", line 21, in <module>\n    from sphinx.testing import util\n  File \"/app/repo/sphinx/testing/util.py\", line 22, in <module>\n    from sphinx import application, locale\n  File \"/app/repo/sphinx/application.py\", line 42, in <module>\n    from sphinx.registry import SphinxComponentRegistry\n  File \"/app/repo/sphinx/registry.py\", line 24, in <module>\n    from sphinx.builders import Builder\n  File \"/app/repo/sphinx/builders/__init__.py\", line 26, in <module>\n    from sphinx.util import import_object, logging, rst, progress_message, status_iterator\n  File \"/app/repo/sphinx/util/rst.py\", line 22, in <module>\n    from jinja2 import environmentfilter\nImportError: cannot import name 'environmentfilter' from 'jinja2' (/usr/local/lib/python3.10/site-packages/jinja2/__init__.py)\n\nThe above exception was the direct cause of the following exception:\n\nTraceback (most recent call last):\n  File \"/usr/local/bin/pytest\", line 8, in <module>\n    sys.exit(console_main())\n  File \"/usr/local/lib/python3.10/site-packages/_pytest/config/__init__.py\", line 201, in console_main\n    code = main()\n  File \"/usr/local/lib/python3.10/site-packages/_pytest/config/__init__.py\", line 156, in main\n    config = _prepareconfig(args, plugins)\n  File \"/usr/local/lib/python3.10/site-packages/_pytest/config/__init__.py\", line 341, in _prepareconfig\n    config = pluginmanager.hook.pytest_cmdline_parse(\n  File \"/usr/local/lib/python3.10/site-packages/pluggy/_hooks.py\", line 513, in __call__\n    return self._hookexec(self.name, self._hookimpls.copy(), kwargs, firstresult)\n  File \"/usr/local/lib/python3.10/site-packages/pluggy/_manager.py\", line 120, in _hookexec\n    return self._inner_hookexec(hook_name, methods, kwargs, firstresult)\n  File \"/usr/local/lib/python3.10/site-packages/pluggy/_callers.py\", line 139, in _multicall\n    raise exception.with_traceback(exception.__traceback__)\n  File \"/usr/local/lib/python3.10/site-packages/pluggy/_callers.py\", line 122, in _multicall\n    teardown.throw(exception)  # type: ignore[union-attr]\n  File \"/usr/local/lib/python3.10/site-packages/_pytest/helpconfig.py\", line 105, in pytest_cmdline_parse\n    config = yield\n  File \"/usr/local/lib/python3.10/site-packages/pluggy/_callers.py\", line 103, in _multicall\n    res = hook_impl.function(*args)\n  File \"/usr/local/lib/python3.10/site-packages/_pytest/config/__init__.py\", line 1140, in pytest_cmdline_parse\n    self.parse(args)\n  File \"/usr/local/lib/python3.10/site-packages/_pytest/config/__init__.py\", line 1494, in parse\n    self._preparse(args, addopts=addopts)\n  File \"/usr/local/lib/python3.10/site-packages/_pytest/config/__init__.py\", line 1398, in _preparse\n    self.hook.pytest_load_initial_conftests(\n  File \"/usr/local/lib/python3.10/site-packages/pluggy/_hooks.py\", line 513, in __call__\n    return self._hookexec(self.name, self._hookimpls.copy(), kwargs, firstresult)\n  File \"/usr/local/lib/python3.10/site-packages/pluggy/_manager.py\", line 120, in _hookexec\n    return self._inner_hookexec(hook_name, methods, kwargs, firstresult)\n  File \"/usr/local/lib/python3.10/site-packages/pluggy/_callers.py\", line 139, in _multicall\n    raise exception.with_traceback(exception.__traceback__)\n  File \"/usr/local/lib/python3.10/site-packages/pluggy/_callers.py\", line 122, in _multicall\n    teardown.throw(exception)  # type: ignore[union-attr]\n  File \"/usr/local/lib/python3.10/site-packages/_pytest/capture.py\", line 172, in pytest_load_initial_conftests\n    yield\n  File \"/usr/local/lib/python3.10/site-packages/pluggy/_callers.py\", line 103, in _multicall\n    res = hook_impl.function(*args)\n  File \"/usr/local/lib/python3.10/site-packages/_pytest/config/__init__.py\", line 1222, in pytest_load_initial_conftests\n    self.pluginmanager._set_initial_conftests(\n  File \"/usr/local/lib/python3.10/site-packages/_pytest/config/__init__.py\", line 581, in _set_initial_conftests\n    self._try_load_conftest(\n  File \"/usr/local/lib/python3.10/site-packages/_pytest/config/__init__.py\", line 619, in _try_load_conftest\n    self._loadconftestmodules(\n  File \"/usr/local/lib/python3.10/site-packages/_pytest/config/__init__.py\", line 659, in _loadconftestmodules\n    mod = self._importconftest(\n  File \"/usr/local/lib/python3.10/site-packages/_pytest/config/__init__.py\", line 735, in _importconftest\n    self.consider_conftest(mod, registration_name=conftestpath_plugin_name)\n  File \"/usr/local/lib/python3.10/site-packages/_pytest/config/__init__.py\", line 816, in consider_conftest\n    self.register(conftestmodule, name=registration_name)\n  File \"/usr/local/lib/python3.10/site-packages/_pytest/config/__init__.py\", line 512, in register\n    self.consider_module(plugin)\n  File \"/usr/local/lib/python3.10/site-packages/_pytest/config/__init__.py\", line 824, in consider_module\n    self._import_plugin_specs(getattr(mod, \"pytest_plugins\", []))\n  File \"/usr/local/lib/python3.10/site-packages/_pytest/config/__init__.py\", line 831, in _import_plugin_specs\n    self.import_plugin(import_spec)\n  File \"/usr/local/lib/python3.10/site-packages/_pytest/config/__init__.py\", line 860, in import_plugin\n    raise ImportError(\n  File \"/usr/local/lib/python3.10/site-packages/_pytest/config/__init__.py\", line 858, in import_plugin\n    __import__(importspec)\n  File \"/usr/local/lib/python3.10/site-packages/_pytest/assertion/rewrite.py\", line 185, in exec_module\n    exec(co, module.__dict__)\n  File \"/app/repo/sphinx/testing/fixtures.py\", line 21, in <module>\n    from sphinx.testing import util\n  File \"/app/repo/sphinx/testing/util.py\", line 22, in <module>\n    from sphinx import application, locale\n  File \"/app/repo/sphinx/application.py\", line 42, in <module>\n    from sphinx.registry import SphinxComponentRegistry\n  File \"/app/repo/sphinx/registry.py\", line 24, in <module>\n    from sphinx.builders import Builder\n  File \"/app/repo/sphinx/builders/__init__.py\", line 26, in <module>\n    from sphinx.util import import_object, logging, rst, progress_message, status_iterator\n  File \"/app/repo/sphinx/util/rst.py\", line 22, in <module>\n    from jinja2 import environmentfilter\nImportError: Error importing plugin \"sphinx.testing.fixtures\": cannot import name 'environmentfilter' from 'jinja2' (/usr/local/lib/python3.10/site-packages/jinja2/__init__.py)\n"
    },
    {
      "test_file": "tests/test_domain_cpp.py",
      "test_case": "test_xref_consistency",
      "test_type": "PASS_TO_PASS",
      "exit_code": 1,
      "stdout": "",
      "stderr": "Traceback (most recent call last):\n  File \"/usr/local/lib/python3.10/site-packages/_pytest/config/__init__.py\", line 858, in import_plugin\n    __import__(importspec)\n  File \"/usr/local/lib/python3.10/site-packages/_pytest/assertion/rewrite.py\", line 185, in exec_module\n    exec(co, module.__dict__)\n  File \"/app/repo/sphinx/testing/fixtures.py\", line 21, in <module>\n    from sphinx.testing import util\n  File \"/app/repo/sphinx/testing/util.py\", line 22, in <module>\n    from sphinx import application, locale\n  File \"/app/repo/sphinx/application.py\", line 42, in <module>\n    from sphinx.registry import SphinxComponentRegistry\n  File \"/app/repo/sphinx/registry.py\", line 24, in <module>\n    from sphinx.builders import Builder\n  File \"/app/repo/sphinx/builders/__init__.py\", line 26, in <module>\n    from sphinx.util import import_object, logging, rst, progress_message, status_iterator\n  File \"/app/repo/sphinx/util/rst.py\", line 22, in <module>\n    from jinja2 import environmentfilter\nImportError: cannot import name 'environmentfilter' from 'jinja2' (/usr/local/lib/python3.10/site-packages/jinja2/__init__.py)\n\nThe above exception was the direct cause of the following exception:\n\nTraceback (most recent call last):\n  File \"/usr/local/bin/pytest\", line 8, in <module>\n    sys.exit(console_main())\n  File \"/usr/local/lib/python3.10/site-packages/_pytest/config/__init__.py\", line 201, in console_main\n    code = main()\n  File \"/usr/local/lib/python3.10/site-packages/_pytest/config/__init__.py\", line 156, in main\n    config = _prepareconfig(args, plugins)\n  File \"/usr/local/lib/python3.10/site-packages/_pytest/config/__init__.py\", line 341, in _prepareconfig\n    config = pluginmanager.hook.pytest_cmdline_parse(\n  File \"/usr/local/lib/python3.10/site-packages/pluggy/_hooks.py\", line 513, in __call__\n    return self._hookexec(self.name, self._hookimpls.copy(), kwargs, firstresult)\n  File \"/usr/local/lib/python3.10/site-packages/pluggy/_manager.py\", line 120, in _hookexec\n    return self._inner_hookexec(hook_name, methods, kwargs, firstresult)\n  File \"/usr/local/lib/python3.10/site-packages/pluggy/_callers.py\", line 139, in _multicall\n    raise exception.with_traceback(exception.__traceback__)\n  File \"/usr/local/lib/python3.10/site-packages/pluggy/_callers.py\", line 122, in _multicall\n    teardown.throw(exception)  # type: ignore[union-attr]\n  File \"/usr/local/lib/python3.10/site-packages/_pytest/helpconfig.py\", line 105, in pytest_cmdline_parse\n    config = yield\n  File \"/usr/local/lib/python3.10/site-packages/pluggy/_callers.py\", line 103, in _multicall\n    res = hook_impl.function(*args)\n  File \"/usr/local/lib/python3.10/site-packages/_pytest/config/__init__.py\", line 1140, in pytest_cmdline_parse\n    self.parse(args)\n  File \"/usr/local/lib/python3.10/site-packages/_pytest/config/__init__.py\", line 1494, in parse\n    self._preparse(args, addopts=addopts)\n  File \"/usr/local/lib/python3.10/site-packages/_pytest/config/__init__.py\", line 1398, in _preparse\n    self.hook.pytest_load_initial_conftests(\n  File \"/usr/local/lib/python3.10/site-packages/pluggy/_hooks.py\", line 513, in __call__\n    return self._hookexec(self.name, self._hookimpls.copy(), kwargs, firstresult)\n  File \"/usr/local/lib/python3.10/site-packages/pluggy/_manager.py\", line 120, in _hookexec\n    return self._inner_hookexec(hook_name, methods, kwargs, firstresult)\n  File \"/usr/local/lib/python3.10/site-packages/pluggy/_callers.py\", line 139, in _multicall\n    raise exception.with_traceback(exception.__traceback__)\n  File \"/usr/local/lib/python3.10/site-packages/pluggy/_callers.py\", line 122, in _multicall\n    teardown.throw(exception)  # type: ignore[union-attr]\n  File \"/usr/local/lib/python3.10/site-packages/_pytest/capture.py\", line 172, in pytest_load_initial_conftests\n    yield\n  File \"/usr/local/lib/python3.10/site-packages/pluggy/_callers.py\", line 103, in _multicall\n    res = hook_impl.function(*args)\n  File \"/usr/local/lib/python3.10/site-packages/_pytest/config/__init__.py\", line 1222, in pytest_load_initial_conftests\n    self.pluginmanager._set_initial_conftests(\n  File \"/usr/local/lib/python3.10/site-packages/_pytest/config/__init__.py\", line 581, in _set_initial_conftests\n    self._try_load_conftest(\n  File \"/usr/local/lib/python3.10/site-packages/_pytest/config/__init__.py\", line 619, in _try_load_conftest\n    self._loadconftestmodules(\n  File \"/usr/local/lib/python3.10/site-packages/_pytest/config/__init__.py\", line 659, in _loadconftestmodules\n    mod = self._importconftest(\n  File \"/usr/local/lib/python3.10/site-packages/_pytest/config/__init__.py\", line 735, in _importconftest\n    self.consider_conftest(mod, registration_name=conftestpath_plugin_name)\n  File \"/usr/local/lib/python3.10/site-packages/_pytest/config/__init__.py\", line 816, in consider_conftest\n    self.register(conftestmodule, name=registration_name)\n  File \"/usr/local/lib/python3.10/site-packages/_pytest/config/__init__.py\", line 512, in register\n    self.consider_module(plugin)\n  File \"/usr/local/lib/python3.10/site-packages/_pytest/config/__init__.py\", line 824, in consider_module\n    self._import_plugin_specs(getattr(mod, \"pytest_plugins\", []))\n  File \"/usr/local/lib/python3.10/site-packages/_pytest/config/__init__.py\", line 831, in _import_plugin_specs\n    self.import_plugin(import_spec)\n  File \"/usr/local/lib/python3.10/site-packages/_pytest/config/__init__.py\", line 860, in import_plugin\n    raise ImportError(\n  File \"/usr/local/lib/python3.10/site-packages/_pytest/config/__init__.py\", line 858, in import_plugin\n    __import__(importspec)\n  File \"/usr/local/lib/python3.10/site-packages/_pytest/assertion/rewrite.py\", line 185, in exec_module\n    exec(co, module.__dict__)\n  File \"/app/repo/sphinx/testing/fixtures.py\", line 21, in <module>\n    from sphinx.testing import util\n  File \"/app/repo/sphinx/testing/util.py\", line 22, in <module>\n    from sphinx import application, locale\n  File \"/app/repo/sphinx/application.py\", line 42, in <module>\n    from sphinx.registry import SphinxComponentRegistry\n  File \"/app/repo/sphinx/registry.py\", line 24, in <module>\n    from sphinx.builders import Builder\n  File \"/app/repo/sphinx/builders/__init__.py\", line 26, in <module>\n    from sphinx.util import import_object, logging, rst, progress_message, status_iterator\n  File \"/app/repo/sphinx/util/rst.py\", line 22, in <module>\n    from jinja2 import environmentfilter\nImportError: Error importing plugin \"sphinx.testing.fixtures\": cannot import name 'environmentfilter' from 'jinja2' (/usr/local/lib/python3.10/site-packages/jinja2/__init__.py)\n"
    }
  ]
}