{
  "instance_id": "pytest-dev__pytest-5840",
  "results": [
    {
      "test_file": "testing/test_conftest.py",
      "test_case": "test_setinitial_conftest_subdirs[test]",
      "test_type": "FAIL_TO_PASS",
      "exit_code": 1,
      "stdout": "",
      "stderr": "Traceback (most recent call last):\n  File \"/usr/local/bin/pytest\", line 8, in <module>\n    sys.exit(main())\n  File \"/app/repo/src/_pytest/config/__init__.py\", line 58, in main\n    config = _prepareconfig(args, plugins)\n  File \"/app/repo/src/_pytest/config/__init__.py\", line 207, in _prepareconfig\n    return pluginmanager.hook.pytest_cmdline_parse(\n  File \"/usr/local/lib/python3.10/site-packages/pluggy/hooks.py\", line 286, in __call__\n    return self._hookexec(self, self.get_hookimpls(), kwargs)\n  File \"/usr/local/lib/python3.10/site-packages/pluggy/manager.py\", line 93, in _hookexec\n    return self._inner_hookexec(hook, methods, kwargs)\n  File \"/usr/local/lib/python3.10/site-packages/pluggy/manager.py\", line 84, in <lambda>\n    self._inner_hookexec = lambda hook, methods, kwargs: hook.multicall(\n  File \"/usr/local/lib/python3.10/site-packages/pluggy/callers.py\", line 203, in _multicall\n    gen.send(outcome)\n  File \"/app/repo/src/_pytest/helpconfig.py\", line 89, in pytest_cmdline_parse\n    config = outcome.get_result()\n  File \"/usr/local/lib/python3.10/site-packages/pluggy/callers.py\", line 80, in get_result\n    raise ex[1].with_traceback(ex[2])\n  File \"/usr/local/lib/python3.10/site-packages/pluggy/callers.py\", line 187, in _multicall\n    res = hook_impl.function(*args)\n  File \"/app/repo/src/_pytest/config/__init__.py\", line 719, in pytest_cmdline_parse\n    self.parse(args)\n  File \"/app/repo/src/_pytest/config/__init__.py\", line 927, in parse\n    self._preparse(args, addopts=addopts)\n  File \"/app/repo/src/_pytest/config/__init__.py\", line 869, in _preparse\n    self.pluginmanager.consider_preparse(args)\n  File \"/app/repo/src/_pytest/config/__init__.py\", line 489, in consider_preparse\n    self.consider_pluginarg(parg)\n  File \"/app/repo/src/_pytest/config/__init__.py\", line 514, in consider_pluginarg\n    self.import_plugin(arg, consider_entry_points=True)\n  File \"/app/repo/src/_pytest/config/__init__.py\", line 555, in import_plugin\n    __import__(importspec)\n  File \"<frozen importlib._bootstrap>\", line 1027, in _find_and_load\n  File \"<frozen importlib._bootstrap>\", line 1006, in _find_and_load_unlocked\n  File \"<frozen importlib._bootstrap>\", line 688, in _load_unlocked\n  File \"/app/repo/src/_pytest/assertion/rewrite.py\", line 131, in exec_module\n    source_stat, co = _rewrite_test(fn, self.config)\n  File \"/app/repo/src/_pytest/assertion/rewrite.py\", line 282, in _rewrite_test\n    co = compile(tree, fn, \"exec\", dont_inherit=True)\nTypeError: required field \"lineno\" missing from alias\n"
    },
    {
      "test_file": "testing/test_conftest.py",
      "test_case": "test_setinitial_conftest_subdirs[tests]",
      "test_type": "FAIL_TO_PASS",
      "exit_code": 1,
      "stdout": "",
      "stderr": "Traceback (most recent call last):\n  File \"/usr/local/bin/pytest\", line 8, in <module>\n    sys.exit(main())\n  File \"/app/repo/src/_pytest/config/__init__.py\", line 58, in main\n    config = _prepareconfig(args, plugins)\n  File \"/app/repo/src/_pytest/config/__init__.py\", line 207, in _prepareconfig\n    return pluginmanager.hook.pytest_cmdline_parse(\n  File \"/usr/local/lib/python3.10/site-packages/pluggy/hooks.py\", line 286, in __call__\n    return self._hookexec(self, self.get_hookimpls(), kwargs)\n  File \"/usr/local/lib/python3.10/site-packages/pluggy/manager.py\", line 93, in _hookexec\n    return self._inner_hookexec(hook, methods, kwargs)\n  File \"/usr/local/lib/python3.10/site-packages/pluggy/manager.py\", line 84, in <lambda>\n    self._inner_hookexec = lambda hook, methods, kwargs: hook.multicall(\n  File \"/usr/local/lib/python3.10/site-packages/pluggy/callers.py\", line 203, in _multicall\n    gen.send(outcome)\n  File \"/app/repo/src/_pytest/helpconfig.py\", line 89, in pytest_cmdline_parse\n    config = outcome.get_result()\n  File \"/usr/local/lib/python3.10/site-packages/pluggy/callers.py\", line 80, in get_result\n    raise ex[1].with_traceback(ex[2])\n  File \"/usr/local/lib/python3.10/site-packages/pluggy/callers.py\", line 187, in _multicall\n    res = hook_impl.function(*args)\n  File \"/app/repo/src/_pytest/config/__init__.py\", line 719, in pytest_cmdline_parse\n    self.parse(args)\n  File \"/app/repo/src/_pytest/config/__init__.py\", line 927, in parse\n    self._preparse(args, addopts=addopts)\n  File \"/app/repo/src/_pytest/config/__init__.py\", line 869, in _preparse\n    self.pluginmanager.consider_preparse(args)\n  File \"/app/repo/src/_pytest/config/__init__.py\", line 489, in consider_preparse\n    self.consider_pluginarg(parg)\n  File \"/app/repo/src/_pytest/config/__init__.py\", line 514, in consider_pluginarg\n    self.import_plugin(arg, consider_entry_points=True)\n  File \"/app/repo/src/_pytest/config/__init__.py\", line 555, in import_plugin\n    __import__(importspec)\n  File \"<frozen importlib._bootstrap>\", line 1027, in _find_and_load\n  File \"<frozen importlib._bootstrap>\", line 1006, in _find_and_load_unlocked\n  File \"<frozen importlib._bootstrap>\", line 688, in _load_unlocked\n  File \"/app/repo/src/_pytest/assertion/rewrite.py\", line 131, in exec_module\n    source_stat, co = _rewrite_test(fn, self.config)\n  File \"/app/repo/src/_pytest/assertion/rewrite.py\", line 282, in _rewrite_test\n    co = compile(tree, fn, \"exec\", dont_inherit=True)\nTypeError: required field \"lineno\" missing from alias\n"
    },
    {
      "test_file": "testing/test_conftest.py",
      "test_case": "test_conftest_in_nonpkg_with_init",
      "test_type": "PASS_TO_PASS",
      "exit_code": 1,
      "stdout": "",
      "stderr": "Traceback (most recent call last):\n  File \"/usr/local/bin/pytest\", line 8, in <module>\n    sys.exit(main())\n  File \"/app/repo/src/_pytest/config/__init__.py\", line 58, in main\n    config = _prepareconfig(args, plugins)\n  File \"/app/repo/src/_pytest/config/__init__.py\", line 207, in _prepareconfig\n    return pluginmanager.hook.pytest_cmdline_parse(\n  File \"/usr/local/lib/python3.10/site-packages/pluggy/hooks.py\", line 286, in __call__\n    return self._hookexec(self, self.get_hookimpls(), kwargs)\n  File \"/usr/local/lib/python3.10/site-packages/pluggy/manager.py\", line 93, in _hookexec\n    return self._inner_hookexec(hook, methods, kwargs)\n  File \"/usr/local/lib/python3.10/site-packages/pluggy/manager.py\", line 84, in <lambda>\n    self._inner_hookexec = lambda hook, methods, kwargs: hook.multicall(\n  File \"/usr/local/lib/python3.10/site-packages/pluggy/callers.py\", line 203, in _multicall\n    gen.send(outcome)\n  File \"/app/repo/src/_pytest/helpconfig.py\", line 89, in pytest_cmdline_parse\n    config = outcome.get_result()\n  File \"/usr/local/lib/python3.10/site-packages/pluggy/callers.py\", line 80, in get_result\n    raise ex[1].with_traceback(ex[2])\n  File \"/usr/local/lib/python3.10/site-packages/pluggy/callers.py\", line 187, in _multicall\n    res = hook_impl.function(*args)\n  File \"/app/repo/src/_pytest/config/__init__.py\", line 719, in pytest_cmdline_parse\n    self.parse(args)\n  File \"/app/repo/src/_pytest/config/__init__.py\", line 927, in parse\n    self._preparse(args, addopts=addopts)\n  File \"/app/repo/src/_pytest/config/__init__.py\", line 869, in _preparse\n    self.pluginmanager.consider_preparse(args)\n  File \"/app/repo/src/_pytest/config/__init__.py\", line 489, in consider_preparse\n    self.consider_pluginarg(parg)\n  File \"/app/repo/src/_pytest/config/__init__.py\", line 514, in consider_pluginarg\n    self.import_plugin(arg, consider_entry_points=True)\n  File \"/app/repo/src/_pytest/config/__init__.py\", line 555, in import_plugin\n    __import__(importspec)\n  File \"<frozen importlib._bootstrap>\", line 1027, in _find_and_load\n  File \"<frozen importlib._bootstrap>\", line 1006, in _find_and_load_unlocked\n  File \"<frozen importlib._bootstrap>\", line 688, in _load_unlocked\n  File \"/app/repo/src/_pytest/assertion/rewrite.py\", line 131, in exec_module\n    source_stat, co = _rewrite_test(fn, self.config)\n  File \"/app/repo/src/_pytest/assertion/rewrite.py\", line 282, in _rewrite_test\n    co = compile(tree, fn, \"exec\", dont_inherit=True)\nTypeError: required field \"lineno\" missing from alias\n"
    },
    {
      "test_file": "testing/test_conftest.py",
      "test_case": "test_doubledash_considered",
      "test_type": "PASS_TO_PASS",
      "exit_code": 1,
      "stdout": "",
      "stderr": "Traceback (most recent call last):\n  File \"/usr/local/bin/pytest\", line 8, in <module>\n    sys.exit(main())\n  File \"/app/repo/src/_pytest/config/__init__.py\", line 58, in main\n    config = _prepareconfig(args, plugins)\n  File \"/app/repo/src/_pytest/config/__init__.py\", line 207, in _prepareconfig\n    return pluginmanager.hook.pytest_cmdline_parse(\n  File \"/usr/local/lib/python3.10/site-packages/pluggy/hooks.py\", line 286, in __call__\n    return self._hookexec(self, self.get_hookimpls(), kwargs)\n  File \"/usr/local/lib/python3.10/site-packages/pluggy/manager.py\", line 93, in _hookexec\n    return self._inner_hookexec(hook, methods, kwargs)\n  File \"/usr/local/lib/python3.10/site-packages/pluggy/manager.py\", line 84, in <lambda>\n    self._inner_hookexec = lambda hook, methods, kwargs: hook.multicall(\n  File \"/usr/local/lib/python3.10/site-packages/pluggy/callers.py\", line 203, in _multicall\n    gen.send(outcome)\n  File \"/app/repo/src/_pytest/helpconfig.py\", line 89, in pytest_cmdline_parse\n    config = outcome.get_result()\n  File \"/usr/local/lib/python3.10/site-packages/pluggy/callers.py\", line 80, in get_result\n    raise ex[1].with_traceback(ex[2])\n  File \"/usr/local/lib/python3.10/site-packages/pluggy/callers.py\", line 187, in _multicall\n    res = hook_impl.function(*args)\n  File \"/app/repo/src/_pytest/config/__init__.py\", line 719, in pytest_cmdline_parse\n    self.parse(args)\n  File \"/app/repo/src/_pytest/config/__init__.py\", line 927, in parse\n    self._preparse(args, addopts=addopts)\n  File \"/app/repo/src/_pytest/config/__init__.py\", line 869, in _preparse\n    self.pluginmanager.consider_preparse(args)\n  File \"/app/repo/src/_pytest/config/__init__.py\", line 489, in consider_preparse\n    self.consider_pluginarg(parg)\n  File \"/app/repo/src/_pytest/config/__init__.py\", line 514, in consider_pluginarg\n    self.import_plugin(arg, consider_entry_points=True)\n  File \"/app/repo/src/_pytest/config/__init__.py\", line 555, in import_plugin\n    __import__(importspec)\n  File \"<frozen importlib._bootstrap>\", line 1027, in _find_and_load\n  File \"<frozen importlib._bootstrap>\", line 1006, in _find_and_load_unlocked\n  File \"<frozen importlib._bootstrap>\", line 688, in _load_unlocked\n  File \"/app/repo/src/_pytest/assertion/rewrite.py\", line 131, in exec_module\n    source_stat, co = _rewrite_test(fn, self.config)\n  File \"/app/repo/src/_pytest/assertion/rewrite.py\", line 282, in _rewrite_test\n    co = compile(tree, fn, \"exec\", dont_inherit=True)\nTypeError: required field \"lineno\" missing from alias\n"
    },
    {
      "test_file": "testing/test_conftest.py",
      "test_case": "test_issue151_load_all_conftests",
      "test_type": "PASS_TO_PASS",
      "exit_code": 1,
      "stdout": "",
      "stderr": "Traceback (most recent call last):\n  File \"/usr/local/bin/pytest\", line 8, in <module>\n    sys.exit(main())\n  File \"/app/repo/src/_pytest/config/__init__.py\", line 58, in main\n    config = _prepareconfig(args, plugins)\n  File \"/app/repo/src/_pytest/config/__init__.py\", line 207, in _prepareconfig\n    return pluginmanager.hook.pytest_cmdline_parse(\n  File \"/usr/local/lib/python3.10/site-packages/pluggy/hooks.py\", line 286, in __call__\n    return self._hookexec(self, self.get_hookimpls(), kwargs)\n  File \"/usr/local/lib/python3.10/site-packages/pluggy/manager.py\", line 93, in _hookexec\n    return self._inner_hookexec(hook, methods, kwargs)\n  File \"/usr/local/lib/python3.10/site-packages/pluggy/manager.py\", line 84, in <lambda>\n    self._inner_hookexec = lambda hook, methods, kwargs: hook.multicall(\n  File \"/usr/local/lib/python3.10/site-packages/pluggy/callers.py\", line 203, in _multicall\n    gen.send(outcome)\n  File \"/app/repo/src/_pytest/helpconfig.py\", line 89, in pytest_cmdline_parse\n    config = outcome.get_result()\n  File \"/usr/local/lib/python3.10/site-packages/pluggy/callers.py\", line 80, in get_result\n    raise ex[1].with_traceback(ex[2])\n  File \"/usr/local/lib/python3.10/site-packages/pluggy/callers.py\", line 187, in _multicall\n    res = hook_impl.function(*args)\n  File \"/app/repo/src/_pytest/config/__init__.py\", line 719, in pytest_cmdline_parse\n    self.parse(args)\n  File \"/app/repo/src/_pytest/config/__init__.py\", line 927, in parse\n    self._preparse(args, addopts=addopts)\n  File \"/app/repo/src/_pytest/config/__init__.py\", line 869, in _preparse\n    self.pluginmanager.consider_preparse(args)\n  File \"/app/repo/src/_pytest/config/__init__.py\", line 489, in consider_preparse\n    self.consider_pluginarg(parg)\n  File \"/app/repo/src/_pytest/config/__init__.py\", line 514, in consider_pluginarg\n    self.import_plugin(arg, consider_entry_points=True)\n  File \"/app/repo/src/_pytest/config/__init__.py\", line 555, in import_plugin\n    __import__(importspec)\n  File \"<frozen importlib._bootstrap>\", line 1027, in _find_and_load\n  File \"<frozen importlib._bootstrap>\", line 1006, in _find_and_load_unlocked\n  File \"<frozen importlib._bootstrap>\", line 688, in _load_unlocked\n  File \"/app/repo/src/_pytest/assertion/rewrite.py\", line 131, in exec_module\n    source_stat, co = _rewrite_test(fn, self.config)\n  File \"/app/repo/src/_pytest/assertion/rewrite.py\", line 282, in _rewrite_test\n    co = compile(tree, fn, \"exec\", dont_inherit=True)\nTypeError: required field \"lineno\" missing from alias\n"
    },
    {
      "test_file": "testing/test_conftest.py",
      "test_case": "test_conftest_global_import",
      "test_type": "PASS_TO_PASS",
      "exit_code": 1,
      "stdout": "",
      "stderr": "Traceback (most recent call last):\n  File \"/usr/local/bin/pytest\", line 8, in <module>\n    sys.exit(main())\n  File \"/app/repo/src/_pytest/config/__init__.py\", line 58, in main\n    config = _prepareconfig(args, plugins)\n  File \"/app/repo/src/_pytest/config/__init__.py\", line 207, in _prepareconfig\n    return pluginmanager.hook.pytest_cmdline_parse(\n  File \"/usr/local/lib/python3.10/site-packages/pluggy/hooks.py\", line 286, in __call__\n    return self._hookexec(self, self.get_hookimpls(), kwargs)\n  File \"/usr/local/lib/python3.10/site-packages/pluggy/manager.py\", line 93, in _hookexec\n    return self._inner_hookexec(hook, methods, kwargs)\n  File \"/usr/local/lib/python3.10/site-packages/pluggy/manager.py\", line 84, in <lambda>\n    self._inner_hookexec = lambda hook, methods, kwargs: hook.multicall(\n  File \"/usr/local/lib/python3.10/site-packages/pluggy/callers.py\", line 203, in _multicall\n    gen.send(outcome)\n  File \"/app/repo/src/_pytest/helpconfig.py\", line 89, in pytest_cmdline_parse\n    config = outcome.get_result()\n  File \"/usr/local/lib/python3.10/site-packages/pluggy/callers.py\", line 80, in get_result\n    raise ex[1].with_traceback(ex[2])\n  File \"/usr/local/lib/python3.10/site-packages/pluggy/callers.py\", line 187, in _multicall\n    res = hook_impl.function(*args)\n  File \"/app/repo/src/_pytest/config/__init__.py\", line 719, in pytest_cmdline_parse\n    self.parse(args)\n  File \"/app/repo/src/_pytest/config/__init__.py\", line 927, in parse\n    self._preparse(args, addopts=addopts)\n  File \"/app/repo/src/_pytest/config/__init__.py\", line 869, in _preparse\n    self.pluginmanager.consider_preparse(args)\n  File \"/app/repo/src/_pytest/config/__init__.py\", line 489, in consider_preparse\n    self.consider_pluginarg(parg)\n  File \"/app/repo/src/_pytest/config/__init__.py\", line 514, in consider_pluginarg\n    self.import_plugin(arg, consider_entry_points=True)\n  File \"/app/repo/src/_pytest/config/__init__.py\", line 555, in import_plugin\n    __import__(importspec)\n  File \"<frozen importlib._bootstrap>\", line 1027, in _find_and_load\n  File \"<frozen importlib._bootstrap>\", line 1006, in _find_and_load_unlocked\n  File \"<frozen importlib._bootstrap>\", line 688, in _load_unlocked\n  File \"/app/repo/src/_pytest/assertion/rewrite.py\", line 131, in exec_module\n    source_stat, co = _rewrite_test(fn, self.config)\n  File \"/app/repo/src/_pytest/assertion/rewrite.py\", line 282, in _rewrite_test\n    co = compile(tree, fn, \"exec\", dont_inherit=True)\nTypeError: required field \"lineno\" missing from alias\n"
    },
    {
      "test_file": "testing/test_conftest.py",
      "test_case": "test_conftestcutdir",
      "test_type": "PASS_TO_PASS",
      "exit_code": 1,
      "stdout": "",
      "stderr": "Traceback (most recent call last):\n  File \"/usr/local/bin/pytest\", line 8, in <module>\n    sys.exit(main())\n  File \"/app/repo/src/_pytest/config/__init__.py\", line 58, in main\n    config = _prepareconfig(args, plugins)\n  File \"/app/repo/src/_pytest/config/__init__.py\", line 207, in _prepareconfig\n    return pluginmanager.hook.pytest_cmdline_parse(\n  File \"/usr/local/lib/python3.10/site-packages/pluggy/hooks.py\", line 286, in __call__\n    return self._hookexec(self, self.get_hookimpls(), kwargs)\n  File \"/usr/local/lib/python3.10/site-packages/pluggy/manager.py\", line 93, in _hookexec\n    return self._inner_hookexec(hook, methods, kwargs)\n  File \"/usr/local/lib/python3.10/site-packages/pluggy/manager.py\", line 84, in <lambda>\n    self._inner_hookexec = lambda hook, methods, kwargs: hook.multicall(\n  File \"/usr/local/lib/python3.10/site-packages/pluggy/callers.py\", line 203, in _multicall\n    gen.send(outcome)\n  File \"/app/repo/src/_pytest/helpconfig.py\", line 89, in pytest_cmdline_parse\n    config = outcome.get_result()\n  File \"/usr/local/lib/python3.10/site-packages/pluggy/callers.py\", line 80, in get_result\n    raise ex[1].with_traceback(ex[2])\n  File \"/usr/local/lib/python3.10/site-packages/pluggy/callers.py\", line 187, in _multicall\n    res = hook_impl.function(*args)\n  File \"/app/repo/src/_pytest/config/__init__.py\", line 719, in pytest_cmdline_parse\n    self.parse(args)\n  File \"/app/repo/src/_pytest/config/__init__.py\", line 927, in parse\n    self._preparse(args, addopts=addopts)\n  File \"/app/repo/src/_pytest/config/__init__.py\", line 869, in _preparse\n    self.pluginmanager.consider_preparse(args)\n  File \"/app/repo/src/_pytest/config/__init__.py\", line 489, in consider_preparse\n    self.consider_pluginarg(parg)\n  File \"/app/repo/src/_pytest/config/__init__.py\", line 514, in consider_pluginarg\n    self.import_plugin(arg, consider_entry_points=True)\n  File \"/app/repo/src/_pytest/config/__init__.py\", line 555, in import_plugin\n    __import__(importspec)\n  File \"<frozen importlib._bootstrap>\", line 1027, in _find_and_load\n  File \"<frozen importlib._bootstrap>\", line 1006, in _find_and_load_unlocked\n  File \"<frozen importlib._bootstrap>\", line 688, in _load_unlocked\n  File \"/app/repo/src/_pytest/assertion/rewrite.py\", line 131, in exec_module\n    source_stat, co = _rewrite_test(fn, self.config)\n  File \"/app/repo/src/_pytest/assertion/rewrite.py\", line 282, in _rewrite_test\n    co = compile(tree, fn, \"exec\", dont_inherit=True)\nTypeError: required field \"lineno\" missing from alias\n"
    },
    {
      "test_file": "testing/test_conftest.py",
      "test_case": "test_conftestcutdir_inplace_considered",
      "test_type": "PASS_TO_PASS",
      "exit_code": 1,
      "stdout": "",
      "stderr": "Traceback (most recent call last):\n  File \"/usr/local/bin/pytest\", line 8, in <module>\n    sys.exit(main())\n  File \"/app/repo/src/_pytest/config/__init__.py\", line 58, in main\n    config = _prepareconfig(args, plugins)\n  File \"/app/repo/src/_pytest/config/__init__.py\", line 207, in _prepareconfig\n    return pluginmanager.hook.pytest_cmdline_parse(\n  File \"/usr/local/lib/python3.10/site-packages/pluggy/hooks.py\", line 286, in __call__\n    return self._hookexec(self, self.get_hookimpls(), kwargs)\n  File \"/usr/local/lib/python3.10/site-packages/pluggy/manager.py\", line 93, in _hookexec\n    return self._inner_hookexec(hook, methods, kwargs)\n  File \"/usr/local/lib/python3.10/site-packages/pluggy/manager.py\", line 84, in <lambda>\n    self._inner_hookexec = lambda hook, methods, kwargs: hook.multicall(\n  File \"/usr/local/lib/python3.10/site-packages/pluggy/callers.py\", line 203, in _multicall\n    gen.send(outcome)\n  File \"/app/repo/src/_pytest/helpconfig.py\", line 89, in pytest_cmdline_parse\n    config = outcome.get_result()\n  File \"/usr/local/lib/python3.10/site-packages/pluggy/callers.py\", line 80, in get_result\n    raise ex[1].with_traceback(ex[2])\n  File \"/usr/local/lib/python3.10/site-packages/pluggy/callers.py\", line 187, in _multicall\n    res = hook_impl.function(*args)\n  File \"/app/repo/src/_pytest/config/__init__.py\", line 719, in pytest_cmdline_parse\n    self.parse(args)\n  File \"/app/repo/src/_pytest/config/__init__.py\", line 927, in parse\n    self._preparse(args, addopts=addopts)\n  File \"/app/repo/src/_pytest/config/__init__.py\", line 869, in _preparse\n    self.pluginmanager.consider_preparse(args)\n  File \"/app/repo/src/_pytest/config/__init__.py\", line 489, in consider_preparse\n    self.consider_pluginarg(parg)\n  File \"/app/repo/src/_pytest/config/__init__.py\", line 514, in consider_pluginarg\n    self.import_plugin(arg, consider_entry_points=True)\n  File \"/app/repo/src/_pytest/config/__init__.py\", line 555, in import_plugin\n    __import__(importspec)\n  File \"<frozen importlib._bootstrap>\", line 1027, in _find_and_load\n  File \"<frozen importlib._bootstrap>\", line 1006, in _find_and_load_unlocked\n  File \"<frozen importlib._bootstrap>\", line 688, in _load_unlocked\n  File \"/app/repo/src/_pytest/assertion/rewrite.py\", line 131, in exec_module\n    source_stat, co = _rewrite_test(fn, self.config)\n  File \"/app/repo/src/_pytest/assertion/rewrite.py\", line 282, in _rewrite_test\n    co = compile(tree, fn, \"exec\", dont_inherit=True)\nTypeError: required field \"lineno\" missing from alias\n"
    },
    {
      "test_file": "testing/test_conftest.py",
      "test_case": "test_setinitial_conftest_subdirs[whatever]",
      "test_type": "PASS_TO_PASS",
      "exit_code": 1,
      "stdout": "",
      "stderr": "Traceback (most recent call last):\n  File \"/usr/local/bin/pytest\", line 8, in <module>\n    sys.exit(main())\n  File \"/app/repo/src/_pytest/config/__init__.py\", line 58, in main\n    config = _prepareconfig(args, plugins)\n  File \"/app/repo/src/_pytest/config/__init__.py\", line 207, in _prepareconfig\n    return pluginmanager.hook.pytest_cmdline_parse(\n  File \"/usr/local/lib/python3.10/site-packages/pluggy/hooks.py\", line 286, in __call__\n    return self._hookexec(self, self.get_hookimpls(), kwargs)\n  File \"/usr/local/lib/python3.10/site-packages/pluggy/manager.py\", line 93, in _hookexec\n    return self._inner_hookexec(hook, methods, kwargs)\n  File \"/usr/local/lib/python3.10/site-packages/pluggy/manager.py\", line 84, in <lambda>\n    self._inner_hookexec = lambda hook, methods, kwargs: hook.multicall(\n  File \"/usr/local/lib/python3.10/site-packages/pluggy/callers.py\", line 203, in _multicall\n    gen.send(outcome)\n  File \"/app/repo/src/_pytest/helpconfig.py\", line 89, in pytest_cmdline_parse\n    config = outcome.get_result()\n  File \"/usr/local/lib/python3.10/site-packages/pluggy/callers.py\", line 80, in get_result\n    raise ex[1].with_traceback(ex[2])\n  File \"/usr/local/lib/python3.10/site-packages/pluggy/callers.py\", line 187, in _multicall\n    res = hook_impl.function(*args)\n  File \"/app/repo/src/_pytest/config/__init__.py\", line 719, in pytest_cmdline_parse\n    self.parse(args)\n  File \"/app/repo/src/_pytest/config/__init__.py\", line 927, in parse\n    self._preparse(args, addopts=addopts)\n  File \"/app/repo/src/_pytest/config/__init__.py\", line 869, in _preparse\n    self.pluginmanager.consider_preparse(args)\n  File \"/app/repo/src/_pytest/config/__init__.py\", line 489, in consider_preparse\n    self.consider_pluginarg(parg)\n  File \"/app/repo/src/_pytest/config/__init__.py\", line 514, in consider_pluginarg\n    self.import_plugin(arg, consider_entry_points=True)\n  File \"/app/repo/src/_pytest/config/__init__.py\", line 555, in import_plugin\n    __import__(importspec)\n  File \"<frozen importlib._bootstrap>\", line 1027, in _find_and_load\n  File \"<frozen importlib._bootstrap>\", line 1006, in _find_and_load_unlocked\n  File \"<frozen importlib._bootstrap>\", line 688, in _load_unlocked\n  File \"/app/repo/src/_pytest/assertion/rewrite.py\", line 131, in exec_module\n    source_stat, co = _rewrite_test(fn, self.config)\n  File \"/app/repo/src/_pytest/assertion/rewrite.py\", line 282, in _rewrite_test\n    co = compile(tree, fn, \"exec\", dont_inherit=True)\nTypeError: required field \"lineno\" missing from alias\n"
    },
    {
      "test_file": "testing/test_conftest.py",
      "test_case": "test_setinitial_conftest_subdirs[.dotdir]",
      "test_type": "PASS_TO_PASS",
      "exit_code": 1,
      "stdout": "",
      "stderr": "Traceback (most recent call last):\n  File \"/usr/local/bin/pytest\", line 8, in <module>\n    sys.exit(main())\n  File \"/app/repo/src/_pytest/config/__init__.py\", line 58, in main\n    config = _prepareconfig(args, plugins)\n  File \"/app/repo/src/_pytest/config/__init__.py\", line 207, in _prepareconfig\n    return pluginmanager.hook.pytest_cmdline_parse(\n  File \"/usr/local/lib/python3.10/site-packages/pluggy/hooks.py\", line 286, in __call__\n    return self._hookexec(self, self.get_hookimpls(), kwargs)\n  File \"/usr/local/lib/python3.10/site-packages/pluggy/manager.py\", line 93, in _hookexec\n    return self._inner_hookexec(hook, methods, kwargs)\n  File \"/usr/local/lib/python3.10/site-packages/pluggy/manager.py\", line 84, in <lambda>\n    self._inner_hookexec = lambda hook, methods, kwargs: hook.multicall(\n  File \"/usr/local/lib/python3.10/site-packages/pluggy/callers.py\", line 203, in _multicall\n    gen.send(outcome)\n  File \"/app/repo/src/_pytest/helpconfig.py\", line 89, in pytest_cmdline_parse\n    config = outcome.get_result()\n  File \"/usr/local/lib/python3.10/site-packages/pluggy/callers.py\", line 80, in get_result\n    raise ex[1].with_traceback(ex[2])\n  File \"/usr/local/lib/python3.10/site-packages/pluggy/callers.py\", line 187, in _multicall\n    res = hook_impl.function(*args)\n  File \"/app/repo/src/_pytest/config/__init__.py\", line 719, in pytest_cmdline_parse\n    self.parse(args)\n  File \"/app/repo/src/_pytest/config/__init__.py\", line 927, in parse\n    self._preparse(args, addopts=addopts)\n  File \"/app/repo/src/_pytest/config/__init__.py\", line 869, in _preparse\n    self.pluginmanager.consider_preparse(args)\n  File \"/app/repo/src/_pytest/config/__init__.py\", line 489, in consider_preparse\n    self.consider_pluginarg(parg)\n  File \"/app/repo/src/_pytest/config/__init__.py\", line 514, in consider_pluginarg\n    self.import_plugin(arg, consider_entry_points=True)\n  File \"/app/repo/src/_pytest/config/__init__.py\", line 555, in import_plugin\n    __import__(importspec)\n  File \"<frozen importlib._bootstrap>\", line 1027, in _find_and_load\n  File \"<frozen importlib._bootstrap>\", line 1006, in _find_and_load_unlocked\n  File \"<frozen importlib._bootstrap>\", line 688, in _load_unlocked\n  File \"/app/repo/src/_pytest/assertion/rewrite.py\", line 131, in exec_module\n    source_stat, co = _rewrite_test(fn, self.config)\n  File \"/app/repo/src/_pytest/assertion/rewrite.py\", line 282, in _rewrite_test\n    co = compile(tree, fn, \"exec\", dont_inherit=True)\nTypeError: required field \"lineno\" missing from alias\n"
    },
    {
      "test_file": "testing/test_conftest.py",
      "test_case": "test_conftest_confcutdir",
      "test_type": "PASS_TO_PASS",
      "exit_code": 1,
      "stdout": "",
      "stderr": "Traceback (most recent call last):\n  File \"/usr/local/bin/pytest\", line 8, in <module>\n    sys.exit(main())\n  File \"/app/repo/src/_pytest/config/__init__.py\", line 58, in main\n    config = _prepareconfig(args, plugins)\n  File \"/app/repo/src/_pytest/config/__init__.py\", line 207, in _prepareconfig\n    return pluginmanager.hook.pytest_cmdline_parse(\n  File \"/usr/local/lib/python3.10/site-packages/pluggy/hooks.py\", line 286, in __call__\n    return self._hookexec(self, self.get_hookimpls(), kwargs)\n  File \"/usr/local/lib/python3.10/site-packages/pluggy/manager.py\", line 93, in _hookexec\n    return self._inner_hookexec(hook, methods, kwargs)\n  File \"/usr/local/lib/python3.10/site-packages/pluggy/manager.py\", line 84, in <lambda>\n    self._inner_hookexec = lambda hook, methods, kwargs: hook.multicall(\n  File \"/usr/local/lib/python3.10/site-packages/pluggy/callers.py\", line 203, in _multicall\n    gen.send(outcome)\n  File \"/app/repo/src/_pytest/helpconfig.py\", line 89, in pytest_cmdline_parse\n    config = outcome.get_result()\n  File \"/usr/local/lib/python3.10/site-packages/pluggy/callers.py\", line 80, in get_result\n    raise ex[1].with_traceback(ex[2])\n  File \"/usr/local/lib/python3.10/site-packages/pluggy/callers.py\", line 187, in _multicall\n    res = hook_impl.function(*args)\n  File \"/app/repo/src/_pytest/config/__init__.py\", line 719, in pytest_cmdline_parse\n    self.parse(args)\n  File \"/app/repo/src/_pytest/config/__init__.py\", line 927, in parse\n    self._preparse(args, addopts=addopts)\n  File \"/app/repo/src/_pytest/config/__init__.py\", line 869, in _preparse\n    self.pluginmanager.consider_preparse(args)\n  File \"/app/repo/src/_pytest/config/__init__.py\", line 489, in consider_preparse\n    self.consider_pluginarg(parg)\n  File \"/app/repo/src/_pytest/config/__init__.py\", line 514, in consider_pluginarg\n    self.import_plugin(arg, consider_entry_points=True)\n  File \"/app/repo/src/_pytest/config/__init__.py\", line 555, in import_plugin\n    __import__(importspec)\n  File \"<frozen importlib._bootstrap>\", line 1027, in _find_and_load\n  File \"<frozen importlib._bootstrap>\", line 1006, in _find_and_load_unlocked\n  File \"<frozen importlib._bootstrap>\", line 688, in _load_unlocked\n  File \"/app/repo/src/_pytest/assertion/rewrite.py\", line 131, in exec_module\n    source_stat, co = _rewrite_test(fn, self.config)\n  File \"/app/repo/src/_pytest/assertion/rewrite.py\", line 282, in _rewrite_test\n    co = compile(tree, fn, \"exec\", dont_inherit=True)\nTypeError: required field \"lineno\" missing from alias\n"
    },
    {
      "test_file": "testing/test_conftest.py",
      "test_case": "test_conftest_symlink",
      "test_type": "PASS_TO_PASS",
      "exit_code": 1,
      "stdout": "",
      "stderr": "Traceback (most recent call last):\n  File \"/usr/local/bin/pytest\", line 8, in <module>\n    sys.exit(main())\n  File \"/app/repo/src/_pytest/config/__init__.py\", line 58, in main\n    config = _prepareconfig(args, plugins)\n  File \"/app/repo/src/_pytest/config/__init__.py\", line 207, in _prepareconfig\n    return pluginmanager.hook.pytest_cmdline_parse(\n  File \"/usr/local/lib/python3.10/site-packages/pluggy/hooks.py\", line 286, in __call__\n    return self._hookexec(self, self.get_hookimpls(), kwargs)\n  File \"/usr/local/lib/python3.10/site-packages/pluggy/manager.py\", line 93, in _hookexec\n    return self._inner_hookexec(hook, methods, kwargs)\n  File \"/usr/local/lib/python3.10/site-packages/pluggy/manager.py\", line 84, in <lambda>\n    self._inner_hookexec = lambda hook, methods, kwargs: hook.multicall(\n  File \"/usr/local/lib/python3.10/site-packages/pluggy/callers.py\", line 203, in _multicall\n    gen.send(outcome)\n  File \"/app/repo/src/_pytest/helpconfig.py\", line 89, in pytest_cmdline_parse\n    config = outcome.get_result()\n  File \"/usr/local/lib/python3.10/site-packages/pluggy/callers.py\", line 80, in get_result\n    raise ex[1].with_traceback(ex[2])\n  File \"/usr/local/lib/python3.10/site-packages/pluggy/callers.py\", line 187, in _multicall\n    res = hook_impl.function(*args)\n  File \"/app/repo/src/_pytest/config/__init__.py\", line 719, in pytest_cmdline_parse\n    self.parse(args)\n  File \"/app/repo/src/_pytest/config/__init__.py\", line 927, in parse\n    self._preparse(args, addopts=addopts)\n  File \"/app/repo/src/_pytest/config/__init__.py\", line 869, in _preparse\n    self.pluginmanager.consider_preparse(args)\n  File \"/app/repo/src/_pytest/config/__init__.py\", line 489, in consider_preparse\n    self.consider_pluginarg(parg)\n  File \"/app/repo/src/_pytest/config/__init__.py\", line 514, in consider_pluginarg\n    self.import_plugin(arg, consider_entry_points=True)\n  File \"/app/repo/src/_pytest/config/__init__.py\", line 555, in import_plugin\n    __import__(importspec)\n  File \"<frozen importlib._bootstrap>\", line 1027, in _find_and_load\n  File \"<frozen importlib._bootstrap>\", line 1006, in _find_and_load_unlocked\n  File \"<frozen importlib._bootstrap>\", line 688, in _load_unlocked\n  File \"/app/repo/src/_pytest/assertion/rewrite.py\", line 131, in exec_module\n    source_stat, co = _rewrite_test(fn, self.config)\n  File \"/app/repo/src/_pytest/assertion/rewrite.py\", line 282, in _rewrite_test\n    co = compile(tree, fn, \"exec\", dont_inherit=True)\nTypeError: required field \"lineno\" missing from alias\n"
    },
    {
      "test_file": "testing/test_conftest.py",
      "test_case": "test_conftest_symlink_files",
      "test_type": "PASS_TO_PASS",
      "exit_code": 1,
      "stdout": "",
      "stderr": "Traceback (most recent call last):\n  File \"/usr/local/bin/pytest\", line 8, in <module>\n    sys.exit(main())\n  File \"/app/repo/src/_pytest/config/__init__.py\", line 58, in main\n    config = _prepareconfig(args, plugins)\n  File \"/app/repo/src/_pytest/config/__init__.py\", line 207, in _prepareconfig\n    return pluginmanager.hook.pytest_cmdline_parse(\n  File \"/usr/local/lib/python3.10/site-packages/pluggy/hooks.py\", line 286, in __call__\n    return self._hookexec(self, self.get_hookimpls(), kwargs)\n  File \"/usr/local/lib/python3.10/site-packages/pluggy/manager.py\", line 93, in _hookexec\n    return self._inner_hookexec(hook, methods, kwargs)\n  File \"/usr/local/lib/python3.10/site-packages/pluggy/manager.py\", line 84, in <lambda>\n    self._inner_hookexec = lambda hook, methods, kwargs: hook.multicall(\n  File \"/usr/local/lib/python3.10/site-packages/pluggy/callers.py\", line 203, in _multicall\n    gen.send(outcome)\n  File \"/app/repo/src/_pytest/helpconfig.py\", line 89, in pytest_cmdline_parse\n    config = outcome.get_result()\n  File \"/usr/local/lib/python3.10/site-packages/pluggy/callers.py\", line 80, in get_result\n    raise ex[1].with_traceback(ex[2])\n  File \"/usr/local/lib/python3.10/site-packages/pluggy/callers.py\", line 187, in _multicall\n    res = hook_impl.function(*args)\n  File \"/app/repo/src/_pytest/config/__init__.py\", line 719, in pytest_cmdline_parse\n    self.parse(args)\n  File \"/app/repo/src/_pytest/config/__init__.py\", line 927, in parse\n    self._preparse(args, addopts=addopts)\n  File \"/app/repo/src/_pytest/config/__init__.py\", line 869, in _preparse\n    self.pluginmanager.consider_preparse(args)\n  File \"/app/repo/src/_pytest/config/__init__.py\", line 489, in consider_preparse\n    self.consider_pluginarg(parg)\n  File \"/app/repo/src/_pytest/config/__init__.py\", line 514, in consider_pluginarg\n    self.import_plugin(arg, consider_entry_points=True)\n  File \"/app/repo/src/_pytest/config/__init__.py\", line 555, in import_plugin\n    __import__(importspec)\n  File \"<frozen importlib._bootstrap>\", line 1027, in _find_and_load\n  File \"<frozen importlib._bootstrap>\", line 1006, in _find_and_load_unlocked\n  File \"<frozen importlib._bootstrap>\", line 688, in _load_unlocked\n  File \"/app/repo/src/_pytest/assertion/rewrite.py\", line 131, in exec_module\n    source_stat, co = _rewrite_test(fn, self.config)\n  File \"/app/repo/src/_pytest/assertion/rewrite.py\", line 282, in _rewrite_test\n    co = compile(tree, fn, \"exec\", dont_inherit=True)\nTypeError: required field \"lineno\" missing from alias\n"
    },
    {
      "test_file": "testing/test_conftest.py",
      "test_case": "test_conftest_uppercase",
      "test_type": "PASS_TO_PASS",
      "exit_code": 1,
      "stdout": "",
      "stderr": "Traceback (most recent call last):\n  File \"/usr/local/bin/pytest\", line 8, in <module>\n    sys.exit(main())\n  File \"/app/repo/src/_pytest/config/__init__.py\", line 58, in main\n    config = _prepareconfig(args, plugins)\n  File \"/app/repo/src/_pytest/config/__init__.py\", line 207, in _prepareconfig\n    return pluginmanager.hook.pytest_cmdline_parse(\n  File \"/usr/local/lib/python3.10/site-packages/pluggy/hooks.py\", line 286, in __call__\n    return self._hookexec(self, self.get_hookimpls(), kwargs)\n  File \"/usr/local/lib/python3.10/site-packages/pluggy/manager.py\", line 93, in _hookexec\n    return self._inner_hookexec(hook, methods, kwargs)\n  File \"/usr/local/lib/python3.10/site-packages/pluggy/manager.py\", line 84, in <lambda>\n    self._inner_hookexec = lambda hook, methods, kwargs: hook.multicall(\n  File \"/usr/local/lib/python3.10/site-packages/pluggy/callers.py\", line 203, in _multicall\n    gen.send(outcome)\n  File \"/app/repo/src/_pytest/helpconfig.py\", line 89, in pytest_cmdline_parse\n    config = outcome.get_result()\n  File \"/usr/local/lib/python3.10/site-packages/pluggy/callers.py\", line 80, in get_result\n    raise ex[1].with_traceback(ex[2])\n  File \"/usr/local/lib/python3.10/site-packages/pluggy/callers.py\", line 187, in _multicall\n    res = hook_impl.function(*args)\n  File \"/app/repo/src/_pytest/config/__init__.py\", line 719, in pytest_cmdline_parse\n    self.parse(args)\n  File \"/app/repo/src/_pytest/config/__init__.py\", line 927, in parse\n    self._preparse(args, addopts=addopts)\n  File \"/app/repo/src/_pytest/config/__init__.py\", line 869, in _preparse\n    self.pluginmanager.consider_preparse(args)\n  File \"/app/repo/src/_pytest/config/__init__.py\", line 489, in consider_preparse\n    self.consider_pluginarg(parg)\n  File \"/app/repo/src/_pytest/config/__init__.py\", line 514, in consider_pluginarg\n    self.import_plugin(arg, consider_entry_points=True)\n  File \"/app/repo/src/_pytest/config/__init__.py\", line 555, in import_plugin\n    __import__(importspec)\n  File \"<frozen importlib._bootstrap>\", line 1027, in _find_and_load\n  File \"<frozen importlib._bootstrap>\", line 1006, in _find_and_load_unlocked\n  File \"<frozen importlib._bootstrap>\", line 688, in _load_unlocked\n  File \"/app/repo/src/_pytest/assertion/rewrite.py\", line 131, in exec_module\n    source_stat, co = _rewrite_test(fn, self.config)\n  File \"/app/repo/src/_pytest/assertion/rewrite.py\", line 282, in _rewrite_test\n    co = compile(tree, fn, \"exec\", dont_inherit=True)\nTypeError: required field \"lineno\" missing from alias\n"
    },
    {
      "test_file": "testing/test_conftest.py",
      "test_case": "test_no_conftest",
      "test_type": "PASS_TO_PASS",
      "exit_code": 1,
      "stdout": "",
      "stderr": "Traceback (most recent call last):\n  File \"/usr/local/bin/pytest\", line 8, in <module>\n    sys.exit(main())\n  File \"/app/repo/src/_pytest/config/__init__.py\", line 58, in main\n    config = _prepareconfig(args, plugins)\n  File \"/app/repo/src/_pytest/config/__init__.py\", line 207, in _prepareconfig\n    return pluginmanager.hook.pytest_cmdline_parse(\n  File \"/usr/local/lib/python3.10/site-packages/pluggy/hooks.py\", line 286, in __call__\n    return self._hookexec(self, self.get_hookimpls(), kwargs)\n  File \"/usr/local/lib/python3.10/site-packages/pluggy/manager.py\", line 93, in _hookexec\n    return self._inner_hookexec(hook, methods, kwargs)\n  File \"/usr/local/lib/python3.10/site-packages/pluggy/manager.py\", line 84, in <lambda>\n    self._inner_hookexec = lambda hook, methods, kwargs: hook.multicall(\n  File \"/usr/local/lib/python3.10/site-packages/pluggy/callers.py\", line 203, in _multicall\n    gen.send(outcome)\n  File \"/app/repo/src/_pytest/helpconfig.py\", line 89, in pytest_cmdline_parse\n    config = outcome.get_result()\n  File \"/usr/local/lib/python3.10/site-packages/pluggy/callers.py\", line 80, in get_result\n    raise ex[1].with_traceback(ex[2])\n  File \"/usr/local/lib/python3.10/site-packages/pluggy/callers.py\", line 187, in _multicall\n    res = hook_impl.function(*args)\n  File \"/app/repo/src/_pytest/config/__init__.py\", line 719, in pytest_cmdline_parse\n    self.parse(args)\n  File \"/app/repo/src/_pytest/config/__init__.py\", line 927, in parse\n    self._preparse(args, addopts=addopts)\n  File \"/app/repo/src/_pytest/config/__init__.py\", line 869, in _preparse\n    self.pluginmanager.consider_preparse(args)\n  File \"/app/repo/src/_pytest/config/__init__.py\", line 489, in consider_preparse\n    self.consider_pluginarg(parg)\n  File \"/app/repo/src/_pytest/config/__init__.py\", line 514, in consider_pluginarg\n    self.import_plugin(arg, consider_entry_points=True)\n  File \"/app/repo/src/_pytest/config/__init__.py\", line 555, in import_plugin\n    __import__(importspec)\n  File \"<frozen importlib._bootstrap>\", line 1027, in _find_and_load\n  File \"<frozen importlib._bootstrap>\", line 1006, in _find_and_load_unlocked\n  File \"<frozen importlib._bootstrap>\", line 688, in _load_unlocked\n  File \"/app/repo/src/_pytest/assertion/rewrite.py\", line 131, in exec_module\n    source_stat, co = _rewrite_test(fn, self.config)\n  File \"/app/repo/src/_pytest/assertion/rewrite.py\", line 282, in _rewrite_test\n    co = compile(tree, fn, \"exec\", dont_inherit=True)\nTypeError: required field \"lineno\" missing from alias\n"
    },
    {
      "test_file": "testing/test_conftest.py",
      "test_case": "test_conftest_existing_resultlog",
      "test_type": "PASS_TO_PASS",
      "exit_code": 1,
      "stdout": "",
      "stderr": "Traceback (most recent call last):\n  File \"/usr/local/bin/pytest\", line 8, in <module>\n    sys.exit(main())\n  File \"/app/repo/src/_pytest/config/__init__.py\", line 58, in main\n    config = _prepareconfig(args, plugins)\n  File \"/app/repo/src/_pytest/config/__init__.py\", line 207, in _prepareconfig\n    return pluginmanager.hook.pytest_cmdline_parse(\n  File \"/usr/local/lib/python3.10/site-packages/pluggy/hooks.py\", line 286, in __call__\n    return self._hookexec(self, self.get_hookimpls(), kwargs)\n  File \"/usr/local/lib/python3.10/site-packages/pluggy/manager.py\", line 93, in _hookexec\n    return self._inner_hookexec(hook, methods, kwargs)\n  File \"/usr/local/lib/python3.10/site-packages/pluggy/manager.py\", line 84, in <lambda>\n    self._inner_hookexec = lambda hook, methods, kwargs: hook.multicall(\n  File \"/usr/local/lib/python3.10/site-packages/pluggy/callers.py\", line 203, in _multicall\n    gen.send(outcome)\n  File \"/app/repo/src/_pytest/helpconfig.py\", line 89, in pytest_cmdline_parse\n    config = outcome.get_result()\n  File \"/usr/local/lib/python3.10/site-packages/pluggy/callers.py\", line 80, in get_result\n    raise ex[1].with_traceback(ex[2])\n  File \"/usr/local/lib/python3.10/site-packages/pluggy/callers.py\", line 187, in _multicall\n    res = hook_impl.function(*args)\n  File \"/app/repo/src/_pytest/config/__init__.py\", line 719, in pytest_cmdline_parse\n    self.parse(args)\n  File \"/app/repo/src/_pytest/config/__init__.py\", line 927, in parse\n    self._preparse(args, addopts=addopts)\n  File \"/app/repo/src/_pytest/config/__init__.py\", line 869, in _preparse\n    self.pluginmanager.consider_preparse(args)\n  File \"/app/repo/src/_pytest/config/__init__.py\", line 489, in consider_preparse\n    self.consider_pluginarg(parg)\n  File \"/app/repo/src/_pytest/config/__init__.py\", line 514, in consider_pluginarg\n    self.import_plugin(arg, consider_entry_points=True)\n  File \"/app/repo/src/_pytest/config/__init__.py\", line 555, in import_plugin\n    __import__(importspec)\n  File \"<frozen importlib._bootstrap>\", line 1027, in _find_and_load\n  File \"<frozen importlib._bootstrap>\", line 1006, in _find_and_load_unlocked\n  File \"<frozen importlib._bootstrap>\", line 688, in _load_unlocked\n  File \"/app/repo/src/_pytest/assertion/rewrite.py\", line 131, in exec_module\n    source_stat, co = _rewrite_test(fn, self.config)\n  File \"/app/repo/src/_pytest/assertion/rewrite.py\", line 282, in _rewrite_test\n    co = compile(tree, fn, \"exec\", dont_inherit=True)\nTypeError: required field \"lineno\" missing from alias\n"
    },
    {
      "test_file": "testing/test_conftest.py",
      "test_case": "test_conftest_existing_junitxml",
      "test_type": "PASS_TO_PASS",
      "exit_code": 1,
      "stdout": "",
      "stderr": "Traceback (most recent call last):\n  File \"/usr/local/bin/pytest\", line 8, in <module>\n    sys.exit(main())\n  File \"/app/repo/src/_pytest/config/__init__.py\", line 58, in main\n    config = _prepareconfig(args, plugins)\n  File \"/app/repo/src/_pytest/config/__init__.py\", line 207, in _prepareconfig\n    return pluginmanager.hook.pytest_cmdline_parse(\n  File \"/usr/local/lib/python3.10/site-packages/pluggy/hooks.py\", line 286, in __call__\n    return self._hookexec(self, self.get_hookimpls(), kwargs)\n  File \"/usr/local/lib/python3.10/site-packages/pluggy/manager.py\", line 93, in _hookexec\n    return self._inner_hookexec(hook, methods, kwargs)\n  File \"/usr/local/lib/python3.10/site-packages/pluggy/manager.py\", line 84, in <lambda>\n    self._inner_hookexec = lambda hook, methods, kwargs: hook.multicall(\n  File \"/usr/local/lib/python3.10/site-packages/pluggy/callers.py\", line 203, in _multicall\n    gen.send(outcome)\n  File \"/app/repo/src/_pytest/helpconfig.py\", line 89, in pytest_cmdline_parse\n    config = outcome.get_result()\n  File \"/usr/local/lib/python3.10/site-packages/pluggy/callers.py\", line 80, in get_result\n    raise ex[1].with_traceback(ex[2])\n  File \"/usr/local/lib/python3.10/site-packages/pluggy/callers.py\", line 187, in _multicall\n    res = hook_impl.function(*args)\n  File \"/app/repo/src/_pytest/config/__init__.py\", line 719, in pytest_cmdline_parse\n    self.parse(args)\n  File \"/app/repo/src/_pytest/config/__init__.py\", line 927, in parse\n    self._preparse(args, addopts=addopts)\n  File \"/app/repo/src/_pytest/config/__init__.py\", line 869, in _preparse\n    self.pluginmanager.consider_preparse(args)\n  File \"/app/repo/src/_pytest/config/__init__.py\", line 489, in consider_preparse\n    self.consider_pluginarg(parg)\n  File \"/app/repo/src/_pytest/config/__init__.py\", line 514, in consider_pluginarg\n    self.import_plugin(arg, consider_entry_points=True)\n  File \"/app/repo/src/_pytest/config/__init__.py\", line 555, in import_plugin\n    __import__(importspec)\n  File \"<frozen importlib._bootstrap>\", line 1027, in _find_and_load\n  File \"<frozen importlib._bootstrap>\", line 1006, in _find_and_load_unlocked\n  File \"<frozen importlib._bootstrap>\", line 688, in _load_unlocked\n  File \"/app/repo/src/_pytest/assertion/rewrite.py\", line 131, in exec_module\n    source_stat, co = _rewrite_test(fn, self.config)\n  File \"/app/repo/src/_pytest/assertion/rewrite.py\", line 282, in _rewrite_test\n    co = compile(tree, fn, \"exec\", dont_inherit=True)\nTypeError: required field \"lineno\" missing from alias\n"
    },
    {
      "test_file": "testing/test_conftest.py",
      "test_case": "test_conftest_import_order",
      "test_type": "PASS_TO_PASS",
      "exit_code": 1,
      "stdout": "",
      "stderr": "Traceback (most recent call last):\n  File \"/usr/local/bin/pytest\", line 8, in <module>\n    sys.exit(main())\n  File \"/app/repo/src/_pytest/config/__init__.py\", line 58, in main\n    config = _prepareconfig(args, plugins)\n  File \"/app/repo/src/_pytest/config/__init__.py\", line 207, in _prepareconfig\n    return pluginmanager.hook.pytest_cmdline_parse(\n  File \"/usr/local/lib/python3.10/site-packages/pluggy/hooks.py\", line 286, in __call__\n    return self._hookexec(self, self.get_hookimpls(), kwargs)\n  File \"/usr/local/lib/python3.10/site-packages/pluggy/manager.py\", line 93, in _hookexec\n    return self._inner_hookexec(hook, methods, kwargs)\n  File \"/usr/local/lib/python3.10/site-packages/pluggy/manager.py\", line 84, in <lambda>\n    self._inner_hookexec = lambda hook, methods, kwargs: hook.multicall(\n  File \"/usr/local/lib/python3.10/site-packages/pluggy/callers.py\", line 203, in _multicall\n    gen.send(outcome)\n  File \"/app/repo/src/_pytest/helpconfig.py\", line 89, in pytest_cmdline_parse\n    config = outcome.get_result()\n  File \"/usr/local/lib/python3.10/site-packages/pluggy/callers.py\", line 80, in get_result\n    raise ex[1].with_traceback(ex[2])\n  File \"/usr/local/lib/python3.10/site-packages/pluggy/callers.py\", line 187, in _multicall\n    res = hook_impl.function(*args)\n  File \"/app/repo/src/_pytest/config/__init__.py\", line 719, in pytest_cmdline_parse\n    self.parse(args)\n  File \"/app/repo/src/_pytest/config/__init__.py\", line 927, in parse\n    self._preparse(args, addopts=addopts)\n  File \"/app/repo/src/_pytest/config/__init__.py\", line 869, in _preparse\n    self.pluginmanager.consider_preparse(args)\n  File \"/app/repo/src/_pytest/config/__init__.py\", line 489, in consider_preparse\n    self.consider_pluginarg(parg)\n  File \"/app/repo/src/_pytest/config/__init__.py\", line 514, in consider_pluginarg\n    self.import_plugin(arg, consider_entry_points=True)\n  File \"/app/repo/src/_pytest/config/__init__.py\", line 555, in import_plugin\n    __import__(importspec)\n  File \"<frozen importlib._bootstrap>\", line 1027, in _find_and_load\n  File \"<frozen importlib._bootstrap>\", line 1006, in _find_and_load_unlocked\n  File \"<frozen importlib._bootstrap>\", line 688, in _load_unlocked\n  File \"/app/repo/src/_pytest/assertion/rewrite.py\", line 131, in exec_module\n    source_stat, co = _rewrite_test(fn, self.config)\n  File \"/app/repo/src/_pytest/assertion/rewrite.py\", line 282, in _rewrite_test\n    co = compile(tree, fn, \"exec\", dont_inherit=True)\nTypeError: required field \"lineno\" missing from alias\n"
    },
    {
      "test_file": "testing/test_conftest.py",
      "test_case": "test_fixture_dependency",
      "test_type": "PASS_TO_PASS",
      "exit_code": 1,
      "stdout": "",
      "stderr": "Traceback (most recent call last):\n  File \"/usr/local/bin/pytest\", line 8, in <module>\n    sys.exit(main())\n  File \"/app/repo/src/_pytest/config/__init__.py\", line 58, in main\n    config = _prepareconfig(args, plugins)\n  File \"/app/repo/src/_pytest/config/__init__.py\", line 207, in _prepareconfig\n    return pluginmanager.hook.pytest_cmdline_parse(\n  File \"/usr/local/lib/python3.10/site-packages/pluggy/hooks.py\", line 286, in __call__\n    return self._hookexec(self, self.get_hookimpls(), kwargs)\n  File \"/usr/local/lib/python3.10/site-packages/pluggy/manager.py\", line 93, in _hookexec\n    return self._inner_hookexec(hook, methods, kwargs)\n  File \"/usr/local/lib/python3.10/site-packages/pluggy/manager.py\", line 84, in <lambda>\n    self._inner_hookexec = lambda hook, methods, kwargs: hook.multicall(\n  File \"/usr/local/lib/python3.10/site-packages/pluggy/callers.py\", line 203, in _multicall\n    gen.send(outcome)\n  File \"/app/repo/src/_pytest/helpconfig.py\", line 89, in pytest_cmdline_parse\n    config = outcome.get_result()\n  File \"/usr/local/lib/python3.10/site-packages/pluggy/callers.py\", line 80, in get_result\n    raise ex[1].with_traceback(ex[2])\n  File \"/usr/local/lib/python3.10/site-packages/pluggy/callers.py\", line 187, in _multicall\n    res = hook_impl.function(*args)\n  File \"/app/repo/src/_pytest/config/__init__.py\", line 719, in pytest_cmdline_parse\n    self.parse(args)\n  File \"/app/repo/src/_pytest/config/__init__.py\", line 927, in parse\n    self._preparse(args, addopts=addopts)\n  File \"/app/repo/src/_pytest/config/__init__.py\", line 869, in _preparse\n    self.pluginmanager.consider_preparse(args)\n  File \"/app/repo/src/_pytest/config/__init__.py\", line 489, in consider_preparse\n    self.consider_pluginarg(parg)\n  File \"/app/repo/src/_pytest/config/__init__.py\", line 514, in consider_pluginarg\n    self.import_plugin(arg, consider_entry_points=True)\n  File \"/app/repo/src/_pytest/config/__init__.py\", line 555, in import_plugin\n    __import__(importspec)\n  File \"<frozen importlib._bootstrap>\", line 1027, in _find_and_load\n  File \"<frozen importlib._bootstrap>\", line 1006, in _find_and_load_unlocked\n  File \"<frozen importlib._bootstrap>\", line 688, in _load_unlocked\n  File \"/app/repo/src/_pytest/assertion/rewrite.py\", line 131, in exec_module\n    source_stat, co = _rewrite_test(fn, self.config)\n  File \"/app/repo/src/_pytest/assertion/rewrite.py\", line 282, in _rewrite_test\n    co = compile(tree, fn, \"exec\", dont_inherit=True)\nTypeError: required field \"lineno\" missing from alias\n"
    },
    {
      "test_file": "testing/test_conftest.py",
      "test_case": "test_conftest_found_with_double_dash",
      "test_type": "PASS_TO_PASS",
      "exit_code": 1,
      "stdout": "",
      "stderr": "Traceback (most recent call last):\n  File \"/usr/local/bin/pytest\", line 8, in <module>\n    sys.exit(main())\n  File \"/app/repo/src/_pytest/config/__init__.py\", line 58, in main\n    config = _prepareconfig(args, plugins)\n  File \"/app/repo/src/_pytest/config/__init__.py\", line 207, in _prepareconfig\n    return pluginmanager.hook.pytest_cmdline_parse(\n  File \"/usr/local/lib/python3.10/site-packages/pluggy/hooks.py\", line 286, in __call__\n    return self._hookexec(self, self.get_hookimpls(), kwargs)\n  File \"/usr/local/lib/python3.10/site-packages/pluggy/manager.py\", line 93, in _hookexec\n    return self._inner_hookexec(hook, methods, kwargs)\n  File \"/usr/local/lib/python3.10/site-packages/pluggy/manager.py\", line 84, in <lambda>\n    self._inner_hookexec = lambda hook, methods, kwargs: hook.multicall(\n  File \"/usr/local/lib/python3.10/site-packages/pluggy/callers.py\", line 203, in _multicall\n    gen.send(outcome)\n  File \"/app/repo/src/_pytest/helpconfig.py\", line 89, in pytest_cmdline_parse\n    config = outcome.get_result()\n  File \"/usr/local/lib/python3.10/site-packages/pluggy/callers.py\", line 80, in get_result\n    raise ex[1].with_traceback(ex[2])\n  File \"/usr/local/lib/python3.10/site-packages/pluggy/callers.py\", line 187, in _multicall\n    res = hook_impl.function(*args)\n  File \"/app/repo/src/_pytest/config/__init__.py\", line 719, in pytest_cmdline_parse\n    self.parse(args)\n  File \"/app/repo/src/_pytest/config/__init__.py\", line 927, in parse\n    self._preparse(args, addopts=addopts)\n  File \"/app/repo/src/_pytest/config/__init__.py\", line 869, in _preparse\n    self.pluginmanager.consider_preparse(args)\n  File \"/app/repo/src/_pytest/config/__init__.py\", line 489, in consider_preparse\n    self.consider_pluginarg(parg)\n  File \"/app/repo/src/_pytest/config/__init__.py\", line 514, in consider_pluginarg\n    self.import_plugin(arg, consider_entry_points=True)\n  File \"/app/repo/src/_pytest/config/__init__.py\", line 555, in import_plugin\n    __import__(importspec)\n  File \"<frozen importlib._bootstrap>\", line 1027, in _find_and_load\n  File \"<frozen importlib._bootstrap>\", line 1006, in _find_and_load_unlocked\n  File \"<frozen importlib._bootstrap>\", line 688, in _load_unlocked\n  File \"/app/repo/src/_pytest/assertion/rewrite.py\", line 131, in exec_module\n    source_stat, co = _rewrite_test(fn, self.config)\n  File \"/app/repo/src/_pytest/assertion/rewrite.py\", line 282, in _rewrite_test\n    co = compile(tree, fn, \"exec\", dont_inherit=True)\nTypeError: required field \"lineno\" missing from alias\n"
    },
    {
      "test_file": "testing/test_conftest.py",
      "test_case": "test_search_conftest_up_to_inifile[.-2-0]",
      "test_type": "PASS_TO_PASS",
      "exit_code": 1,
      "stdout": "",
      "stderr": "Traceback (most recent call last):\n  File \"/usr/local/bin/pytest\", line 8, in <module>\n    sys.exit(main())\n  File \"/app/repo/src/_pytest/config/__init__.py\", line 58, in main\n    config = _prepareconfig(args, plugins)\n  File \"/app/repo/src/_pytest/config/__init__.py\", line 207, in _prepareconfig\n    return pluginmanager.hook.pytest_cmdline_parse(\n  File \"/usr/local/lib/python3.10/site-packages/pluggy/hooks.py\", line 286, in __call__\n    return self._hookexec(self, self.get_hookimpls(), kwargs)\n  File \"/usr/local/lib/python3.10/site-packages/pluggy/manager.py\", line 93, in _hookexec\n    return self._inner_hookexec(hook, methods, kwargs)\n  File \"/usr/local/lib/python3.10/site-packages/pluggy/manager.py\", line 84, in <lambda>\n    self._inner_hookexec = lambda hook, methods, kwargs: hook.multicall(\n  File \"/usr/local/lib/python3.10/site-packages/pluggy/callers.py\", line 203, in _multicall\n    gen.send(outcome)\n  File \"/app/repo/src/_pytest/helpconfig.py\", line 89, in pytest_cmdline_parse\n    config = outcome.get_result()\n  File \"/usr/local/lib/python3.10/site-packages/pluggy/callers.py\", line 80, in get_result\n    raise ex[1].with_traceback(ex[2])\n  File \"/usr/local/lib/python3.10/site-packages/pluggy/callers.py\", line 187, in _multicall\n    res = hook_impl.function(*args)\n  File \"/app/repo/src/_pytest/config/__init__.py\", line 719, in pytest_cmdline_parse\n    self.parse(args)\n  File \"/app/repo/src/_pytest/config/__init__.py\", line 927, in parse\n    self._preparse(args, addopts=addopts)\n  File \"/app/repo/src/_pytest/config/__init__.py\", line 869, in _preparse\n    self.pluginmanager.consider_preparse(args)\n  File \"/app/repo/src/_pytest/config/__init__.py\", line 489, in consider_preparse\n    self.consider_pluginarg(parg)\n  File \"/app/repo/src/_pytest/config/__init__.py\", line 514, in consider_pluginarg\n    self.import_plugin(arg, consider_entry_points=True)\n  File \"/app/repo/src/_pytest/config/__init__.py\", line 555, in import_plugin\n    __import__(importspec)\n  File \"<frozen importlib._bootstrap>\", line 1027, in _find_and_load\n  File \"<frozen importlib._bootstrap>\", line 1006, in _find_and_load_unlocked\n  File \"<frozen importlib._bootstrap>\", line 688, in _load_unlocked\n  File \"/app/repo/src/_pytest/assertion/rewrite.py\", line 131, in exec_module\n    source_stat, co = _rewrite_test(fn, self.config)\n  File \"/app/repo/src/_pytest/assertion/rewrite.py\", line 282, in _rewrite_test\n    co = compile(tree, fn, \"exec\", dont_inherit=True)\nTypeError: required field \"lineno\" missing from alias\n"
    },
    {
      "test_file": "testing/test_conftest.py",
      "test_case": "test_search_conftest_up_to_inifile[src-1-1]",
      "test_type": "PASS_TO_PASS",
      "exit_code": 1,
      "stdout": "",
      "stderr": "Traceback (most recent call last):\n  File \"/usr/local/bin/pytest\", line 8, in <module>\n    sys.exit(main())\n  File \"/app/repo/src/_pytest/config/__init__.py\", line 58, in main\n    config = _prepareconfig(args, plugins)\n  File \"/app/repo/src/_pytest/config/__init__.py\", line 207, in _prepareconfig\n    return pluginmanager.hook.pytest_cmdline_parse(\n  File \"/usr/local/lib/python3.10/site-packages/pluggy/hooks.py\", line 286, in __call__\n    return self._hookexec(self, self.get_hookimpls(), kwargs)\n  File \"/usr/local/lib/python3.10/site-packages/pluggy/manager.py\", line 93, in _hookexec\n    return self._inner_hookexec(hook, methods, kwargs)\n  File \"/usr/local/lib/python3.10/site-packages/pluggy/manager.py\", line 84, in <lambda>\n    self._inner_hookexec = lambda hook, methods, kwargs: hook.multicall(\n  File \"/usr/local/lib/python3.10/site-packages/pluggy/callers.py\", line 203, in _multicall\n    gen.send(outcome)\n  File \"/app/repo/src/_pytest/helpconfig.py\", line 89, in pytest_cmdline_parse\n    config = outcome.get_result()\n  File \"/usr/local/lib/python3.10/site-packages/pluggy/callers.py\", line 80, in get_result\n    raise ex[1].with_traceback(ex[2])\n  File \"/usr/local/lib/python3.10/site-packages/pluggy/callers.py\", line 187, in _multicall\n    res = hook_impl.function(*args)\n  File \"/app/repo/src/_pytest/config/__init__.py\", line 719, in pytest_cmdline_parse\n    self.parse(args)\n  File \"/app/repo/src/_pytest/config/__init__.py\", line 927, in parse\n    self._preparse(args, addopts=addopts)\n  File \"/app/repo/src/_pytest/config/__init__.py\", line 869, in _preparse\n    self.pluginmanager.consider_preparse(args)\n  File \"/app/repo/src/_pytest/config/__init__.py\", line 489, in consider_preparse\n    self.consider_pluginarg(parg)\n  File \"/app/repo/src/_pytest/config/__init__.py\", line 514, in consider_pluginarg\n    self.import_plugin(arg, consider_entry_points=True)\n  File \"/app/repo/src/_pytest/config/__init__.py\", line 555, in import_plugin\n    __import__(importspec)\n  File \"<frozen importlib._bootstrap>\", line 1027, in _find_and_load\n  File \"<frozen importlib._bootstrap>\", line 1006, in _find_and_load_unlocked\n  File \"<frozen importlib._bootstrap>\", line 688, in _load_unlocked\n  File \"/app/repo/src/_pytest/assertion/rewrite.py\", line 131, in exec_module\n    source_stat, co = _rewrite_test(fn, self.config)\n  File \"/app/repo/src/_pytest/assertion/rewrite.py\", line 282, in _rewrite_test\n    co = compile(tree, fn, \"exec\", dont_inherit=True)\nTypeError: required field \"lineno\" missing from alias\n"
    },
    {
      "test_file": "testing/test_conftest.py",
      "test_case": "test_search_conftest_up_to_inifile[None-1-1]",
      "test_type": "PASS_TO_PASS",
      "exit_code": 1,
      "stdout": "",
      "stderr": "Traceback (most recent call last):\n  File \"/usr/local/bin/pytest\", line 8, in <module>\n    sys.exit(main())\n  File \"/app/repo/src/_pytest/config/__init__.py\", line 58, in main\n    config = _prepareconfig(args, plugins)\n  File \"/app/repo/src/_pytest/config/__init__.py\", line 207, in _prepareconfig\n    return pluginmanager.hook.pytest_cmdline_parse(\n  File \"/usr/local/lib/python3.10/site-packages/pluggy/hooks.py\", line 286, in __call__\n    return self._hookexec(self, self.get_hookimpls(), kwargs)\n  File \"/usr/local/lib/python3.10/site-packages/pluggy/manager.py\", line 93, in _hookexec\n    return self._inner_hookexec(hook, methods, kwargs)\n  File \"/usr/local/lib/python3.10/site-packages/pluggy/manager.py\", line 84, in <lambda>\n    self._inner_hookexec = lambda hook, methods, kwargs: hook.multicall(\n  File \"/usr/local/lib/python3.10/site-packages/pluggy/callers.py\", line 203, in _multicall\n    gen.send(outcome)\n  File \"/app/repo/src/_pytest/helpconfig.py\", line 89, in pytest_cmdline_parse\n    config = outcome.get_result()\n  File \"/usr/local/lib/python3.10/site-packages/pluggy/callers.py\", line 80, in get_result\n    raise ex[1].with_traceback(ex[2])\n  File \"/usr/local/lib/python3.10/site-packages/pluggy/callers.py\", line 187, in _multicall\n    res = hook_impl.function(*args)\n  File \"/app/repo/src/_pytest/config/__init__.py\", line 719, in pytest_cmdline_parse\n    self.parse(args)\n  File \"/app/repo/src/_pytest/config/__init__.py\", line 927, in parse\n    self._preparse(args, addopts=addopts)\n  File \"/app/repo/src/_pytest/config/__init__.py\", line 869, in _preparse\n    self.pluginmanager.consider_preparse(args)\n  File \"/app/repo/src/_pytest/config/__init__.py\", line 489, in consider_preparse\n    self.consider_pluginarg(parg)\n  File \"/app/repo/src/_pytest/config/__init__.py\", line 514, in consider_pluginarg\n    self.import_plugin(arg, consider_entry_points=True)\n  File \"/app/repo/src/_pytest/config/__init__.py\", line 555, in import_plugin\n    __import__(importspec)\n  File \"<frozen importlib._bootstrap>\", line 1027, in _find_and_load\n  File \"<frozen importlib._bootstrap>\", line 1006, in _find_and_load_unlocked\n  File \"<frozen importlib._bootstrap>\", line 688, in _load_unlocked\n  File \"/app/repo/src/_pytest/assertion/rewrite.py\", line 131, in exec_module\n    source_stat, co = _rewrite_test(fn, self.config)\n  File \"/app/repo/src/_pytest/assertion/rewrite.py\", line 282, in _rewrite_test\n    co = compile(tree, fn, \"exec\", dont_inherit=True)\nTypeError: required field \"lineno\" missing from alias\n"
    },
    {
      "test_file": "testing/test_conftest.py",
      "test_case": "test_issue1073_conftest_special_objects",
      "test_type": "PASS_TO_PASS",
      "exit_code": 1,
      "stdout": "",
      "stderr": "Traceback (most recent call last):\n  File \"/usr/local/bin/pytest\", line 8, in <module>\n    sys.exit(main())\n  File \"/app/repo/src/_pytest/config/__init__.py\", line 58, in main\n    config = _prepareconfig(args, plugins)\n  File \"/app/repo/src/_pytest/config/__init__.py\", line 207, in _prepareconfig\n    return pluginmanager.hook.pytest_cmdline_parse(\n  File \"/usr/local/lib/python3.10/site-packages/pluggy/hooks.py\", line 286, in __call__\n    return self._hookexec(self, self.get_hookimpls(), kwargs)\n  File \"/usr/local/lib/python3.10/site-packages/pluggy/manager.py\", line 93, in _hookexec\n    return self._inner_hookexec(hook, methods, kwargs)\n  File \"/usr/local/lib/python3.10/site-packages/pluggy/manager.py\", line 84, in <lambda>\n    self._inner_hookexec = lambda hook, methods, kwargs: hook.multicall(\n  File \"/usr/local/lib/python3.10/site-packages/pluggy/callers.py\", line 203, in _multicall\n    gen.send(outcome)\n  File \"/app/repo/src/_pytest/helpconfig.py\", line 89, in pytest_cmdline_parse\n    config = outcome.get_result()\n  File \"/usr/local/lib/python3.10/site-packages/pluggy/callers.py\", line 80, in get_result\n    raise ex[1].with_traceback(ex[2])\n  File \"/usr/local/lib/python3.10/site-packages/pluggy/callers.py\", line 187, in _multicall\n    res = hook_impl.function(*args)\n  File \"/app/repo/src/_pytest/config/__init__.py\", line 719, in pytest_cmdline_parse\n    self.parse(args)\n  File \"/app/repo/src/_pytest/config/__init__.py\", line 927, in parse\n    self._preparse(args, addopts=addopts)\n  File \"/app/repo/src/_pytest/config/__init__.py\", line 869, in _preparse\n    self.pluginmanager.consider_preparse(args)\n  File \"/app/repo/src/_pytest/config/__init__.py\", line 489, in consider_preparse\n    self.consider_pluginarg(parg)\n  File \"/app/repo/src/_pytest/config/__init__.py\", line 514, in consider_pluginarg\n    self.import_plugin(arg, consider_entry_points=True)\n  File \"/app/repo/src/_pytest/config/__init__.py\", line 555, in import_plugin\n    __import__(importspec)\n  File \"<frozen importlib._bootstrap>\", line 1027, in _find_and_load\n  File \"<frozen importlib._bootstrap>\", line 1006, in _find_and_load_unlocked\n  File \"<frozen importlib._bootstrap>\", line 688, in _load_unlocked\n  File \"/app/repo/src/_pytest/assertion/rewrite.py\", line 131, in exec_module\n    source_stat, co = _rewrite_test(fn, self.config)\n  File \"/app/repo/src/_pytest/assertion/rewrite.py\", line 282, in _rewrite_test\n    co = compile(tree, fn, \"exec\", dont_inherit=True)\nTypeError: required field \"lineno\" missing from alias\n"
    },
    {
      "test_file": "testing/test_conftest.py",
      "test_case": "test_conftest_exception_handling",
      "test_type": "PASS_TO_PASS",
      "exit_code": 1,
      "stdout": "",
      "stderr": "Traceback (most recent call last):\n  File \"/usr/local/bin/pytest\", line 8, in <module>\n    sys.exit(main())\n  File \"/app/repo/src/_pytest/config/__init__.py\", line 58, in main\n    config = _prepareconfig(args, plugins)\n  File \"/app/repo/src/_pytest/config/__init__.py\", line 207, in _prepareconfig\n    return pluginmanager.hook.pytest_cmdline_parse(\n  File \"/usr/local/lib/python3.10/site-packages/pluggy/hooks.py\", line 286, in __call__\n    return self._hookexec(self, self.get_hookimpls(), kwargs)\n  File \"/usr/local/lib/python3.10/site-packages/pluggy/manager.py\", line 93, in _hookexec\n    return self._inner_hookexec(hook, methods, kwargs)\n  File \"/usr/local/lib/python3.10/site-packages/pluggy/manager.py\", line 84, in <lambda>\n    self._inner_hookexec = lambda hook, methods, kwargs: hook.multicall(\n  File \"/usr/local/lib/python3.10/site-packages/pluggy/callers.py\", line 203, in _multicall\n    gen.send(outcome)\n  File \"/app/repo/src/_pytest/helpconfig.py\", line 89, in pytest_cmdline_parse\n    config = outcome.get_result()\n  File \"/usr/local/lib/python3.10/site-packages/pluggy/callers.py\", line 80, in get_result\n    raise ex[1].with_traceback(ex[2])\n  File \"/usr/local/lib/python3.10/site-packages/pluggy/callers.py\", line 187, in _multicall\n    res = hook_impl.function(*args)\n  File \"/app/repo/src/_pytest/config/__init__.py\", line 719, in pytest_cmdline_parse\n    self.parse(args)\n  File \"/app/repo/src/_pytest/config/__init__.py\", line 927, in parse\n    self._preparse(args, addopts=addopts)\n  File \"/app/repo/src/_pytest/config/__init__.py\", line 869, in _preparse\n    self.pluginmanager.consider_preparse(args)\n  File \"/app/repo/src/_pytest/config/__init__.py\", line 489, in consider_preparse\n    self.consider_pluginarg(parg)\n  File \"/app/repo/src/_pytest/config/__init__.py\", line 514, in consider_pluginarg\n    self.import_plugin(arg, consider_entry_points=True)\n  File \"/app/repo/src/_pytest/config/__init__.py\", line 555, in import_plugin\n    __import__(importspec)\n  File \"<frozen importlib._bootstrap>\", line 1027, in _find_and_load\n  File \"<frozen importlib._bootstrap>\", line 1006, in _find_and_load_unlocked\n  File \"<frozen importlib._bootstrap>\", line 688, in _load_unlocked\n  File \"/app/repo/src/_pytest/assertion/rewrite.py\", line 131, in exec_module\n    source_stat, co = _rewrite_test(fn, self.config)\n  File \"/app/repo/src/_pytest/assertion/rewrite.py\", line 282, in _rewrite_test\n    co = compile(tree, fn, \"exec\", dont_inherit=True)\nTypeError: required field \"lineno\" missing from alias\n"
    },
    {
      "test_file": "testing/test_conftest.py",
      "test_case": "test_hook_proxy",
      "test_type": "PASS_TO_PASS",
      "exit_code": 1,
      "stdout": "",
      "stderr": "Traceback (most recent call last):\n  File \"/usr/local/bin/pytest\", line 8, in <module>\n    sys.exit(main())\n  File \"/app/repo/src/_pytest/config/__init__.py\", line 58, in main\n    config = _prepareconfig(args, plugins)\n  File \"/app/repo/src/_pytest/config/__init__.py\", line 207, in _prepareconfig\n    return pluginmanager.hook.pytest_cmdline_parse(\n  File \"/usr/local/lib/python3.10/site-packages/pluggy/hooks.py\", line 286, in __call__\n    return self._hookexec(self, self.get_hookimpls(), kwargs)\n  File \"/usr/local/lib/python3.10/site-packages/pluggy/manager.py\", line 93, in _hookexec\n    return self._inner_hookexec(hook, methods, kwargs)\n  File \"/usr/local/lib/python3.10/site-packages/pluggy/manager.py\", line 84, in <lambda>\n    self._inner_hookexec = lambda hook, methods, kwargs: hook.multicall(\n  File \"/usr/local/lib/python3.10/site-packages/pluggy/callers.py\", line 203, in _multicall\n    gen.send(outcome)\n  File \"/app/repo/src/_pytest/helpconfig.py\", line 89, in pytest_cmdline_parse\n    config = outcome.get_result()\n  File \"/usr/local/lib/python3.10/site-packages/pluggy/callers.py\", line 80, in get_result\n    raise ex[1].with_traceback(ex[2])\n  File \"/usr/local/lib/python3.10/site-packages/pluggy/callers.py\", line 187, in _multicall\n    res = hook_impl.function(*args)\n  File \"/app/repo/src/_pytest/config/__init__.py\", line 719, in pytest_cmdline_parse\n    self.parse(args)\n  File \"/app/repo/src/_pytest/config/__init__.py\", line 927, in parse\n    self._preparse(args, addopts=addopts)\n  File \"/app/repo/src/_pytest/config/__init__.py\", line 869, in _preparse\n    self.pluginmanager.consider_preparse(args)\n  File \"/app/repo/src/_pytest/config/__init__.py\", line 489, in consider_preparse\n    self.consider_pluginarg(parg)\n  File \"/app/repo/src/_pytest/config/__init__.py\", line 514, in consider_pluginarg\n    self.import_plugin(arg, consider_entry_points=True)\n  File \"/app/repo/src/_pytest/config/__init__.py\", line 555, in import_plugin\n    __import__(importspec)\n  File \"<frozen importlib._bootstrap>\", line 1027, in _find_and_load\n  File \"<frozen importlib._bootstrap>\", line 1006, in _find_and_load_unlocked\n  File \"<frozen importlib._bootstrap>\", line 688, in _load_unlocked\n  File \"/app/repo/src/_pytest/assertion/rewrite.py\", line 131, in exec_module\n    source_stat, co = _rewrite_test(fn, self.config)\n  File \"/app/repo/src/_pytest/assertion/rewrite.py\", line 282, in _rewrite_test\n    co = compile(tree, fn, \"exec\", dont_inherit=True)\nTypeError: required field \"lineno\" missing from alias\n"
    },
    {
      "test_file": "testing/test_conftest.py",
      "test_case": "test_required_option_help",
      "test_type": "PASS_TO_PASS",
      "exit_code": 1,
      "stdout": "",
      "stderr": "Traceback (most recent call last):\n  File \"/usr/local/bin/pytest\", line 8, in <module>\n    sys.exit(main())\n  File \"/app/repo/src/_pytest/config/__init__.py\", line 58, in main\n    config = _prepareconfig(args, plugins)\n  File \"/app/repo/src/_pytest/config/__init__.py\", line 207, in _prepareconfig\n    return pluginmanager.hook.pytest_cmdline_parse(\n  File \"/usr/local/lib/python3.10/site-packages/pluggy/hooks.py\", line 286, in __call__\n    return self._hookexec(self, self.get_hookimpls(), kwargs)\n  File \"/usr/local/lib/python3.10/site-packages/pluggy/manager.py\", line 93, in _hookexec\n    return self._inner_hookexec(hook, methods, kwargs)\n  File \"/usr/local/lib/python3.10/site-packages/pluggy/manager.py\", line 84, in <lambda>\n    self._inner_hookexec = lambda hook, methods, kwargs: hook.multicall(\n  File \"/usr/local/lib/python3.10/site-packages/pluggy/callers.py\", line 203, in _multicall\n    gen.send(outcome)\n  File \"/app/repo/src/_pytest/helpconfig.py\", line 89, in pytest_cmdline_parse\n    config = outcome.get_result()\n  File \"/usr/local/lib/python3.10/site-packages/pluggy/callers.py\", line 80, in get_result\n    raise ex[1].with_traceback(ex[2])\n  File \"/usr/local/lib/python3.10/site-packages/pluggy/callers.py\", line 187, in _multicall\n    res = hook_impl.function(*args)\n  File \"/app/repo/src/_pytest/config/__init__.py\", line 719, in pytest_cmdline_parse\n    self.parse(args)\n  File \"/app/repo/src/_pytest/config/__init__.py\", line 927, in parse\n    self._preparse(args, addopts=addopts)\n  File \"/app/repo/src/_pytest/config/__init__.py\", line 869, in _preparse\n    self.pluginmanager.consider_preparse(args)\n  File \"/app/repo/src/_pytest/config/__init__.py\", line 489, in consider_preparse\n    self.consider_pluginarg(parg)\n  File \"/app/repo/src/_pytest/config/__init__.py\", line 514, in consider_pluginarg\n    self.import_plugin(arg, consider_entry_points=True)\n  File \"/app/repo/src/_pytest/config/__init__.py\", line 555, in import_plugin\n    __import__(importspec)\n  File \"<frozen importlib._bootstrap>\", line 1027, in _find_and_load\n  File \"<frozen importlib._bootstrap>\", line 1006, in _find_and_load_unlocked\n  File \"<frozen importlib._bootstrap>\", line 688, in _load_unlocked\n  File \"/app/repo/src/_pytest/assertion/rewrite.py\", line 131, in exec_module\n    source_stat, co = _rewrite_test(fn, self.config)\n  File \"/app/repo/src/_pytest/assertion/rewrite.py\", line 282, in _rewrite_test\n    co = compile(tree, fn, \"exec\", dont_inherit=True)\nTypeError: required field \"lineno\" missing from alias\n"
    }
  ]
}