{
  "instance_id": "pytest-dev__pytest-7521",
  "results": [
    {
      "test_file": "testing/test_capture.py",
      "test_case": "test_dontreadfrominput",
      "test_type": "PASS_TO_PASS",
      "exit_code": 1,
      "stdout": "",
      "stderr": "Traceback (most recent call last):\n  File \"/usr/local/bin/pytest\", line 8, in <module>\n    sys.exit(console_main())\n  File \"/app/repo/src/_pytest/config/__init__.py\", line 180, in console_main\n    code = main()\n  File \"/app/repo/src/_pytest/config/__init__.py\", line 136, in main\n    config = _prepareconfig(args, plugins)\n  File \"/app/repo/src/_pytest/config/__init__.py\", line 313, in _prepareconfig\n    config = pluginmanager.hook.pytest_cmdline_parse(\n  File \"/usr/local/lib/python3.10/site-packages/pluggy/hooks.py\", line 286, in __call__\n    return self._hookexec(self, self.get_hookimpls(), kwargs)\n  File \"/usr/local/lib/python3.10/site-packages/pluggy/manager.py\", line 93, in _hookexec\n    return self._inner_hookexec(hook, methods, kwargs)\n  File \"/usr/local/lib/python3.10/site-packages/pluggy/manager.py\", line 84, in <lambda>\n    self._inner_hookexec = lambda hook, methods, kwargs: hook.multicall(\n  File \"/usr/local/lib/python3.10/site-packages/pluggy/callers.py\", line 203, in _multicall\n    gen.send(outcome)\n  File \"/app/repo/src/_pytest/helpconfig.py\", line 99, in pytest_cmdline_parse\n    config = outcome.get_result()  # type: Config\n  File \"/usr/local/lib/python3.10/site-packages/pluggy/callers.py\", line 80, in get_result\n    raise ex[1].with_traceback(ex[2])\n  File \"/usr/local/lib/python3.10/site-packages/pluggy/callers.py\", line 187, in _multicall\n    res = hook_impl.function(*args)\n  File \"/app/repo/src/_pytest/config/__init__.py\", line 932, in pytest_cmdline_parse\n    self.parse(args)\n  File \"/app/repo/src/_pytest/config/__init__.py\", line 1204, in parse\n    self._preparse(args, addopts=addopts)\n  File \"/app/repo/src/_pytest/config/__init__.py\", line 1093, in _preparse\n    self.pluginmanager.consider_preparse(args, exclude_only=False)\n  File \"/app/repo/src/_pytest/config/__init__.py\", line 622, in consider_preparse\n    self.consider_pluginarg(parg)\n  File \"/app/repo/src/_pytest/config/__init__.py\", line 647, in consider_pluginarg\n    self.import_plugin(arg, consider_entry_points=True)\n  File \"/app/repo/src/_pytest/config/__init__.py\", line 689, in import_plugin\n    __import__(importspec)\n  File \"<frozen importlib._bootstrap>\", line 1027, in _find_and_load\n  File \"<frozen importlib._bootstrap>\", line 1006, in _find_and_load_unlocked\n  File \"<frozen importlib._bootstrap>\", line 688, in _load_unlocked\n  File \"/app/repo/src/_pytest/assertion/rewrite.py\", line 161, in exec_module\n    source_stat, co = _rewrite_test(fn, self.config)\n  File \"/app/repo/src/_pytest/assertion/rewrite.py\", line 360, in _rewrite_test\n    co = compile(tree, fn_, \"exec\", dont_inherit=True)\nTypeError: required field \"lineno\" missing from alias\n"
    },
    {
      "test_file": "testing/test_capture.py",
      "test_case": "test_capture_not_started_but_reset",
      "test_type": "PASS_TO_PASS",
      "exit_code": 1,
      "stdout": "",
      "stderr": "Traceback (most recent call last):\n  File \"/usr/local/bin/pytest\", line 8, in <module>\n    sys.exit(console_main())\n  File \"/app/repo/src/_pytest/config/__init__.py\", line 180, in console_main\n    code = main()\n  File \"/app/repo/src/_pytest/config/__init__.py\", line 136, in main\n    config = _prepareconfig(args, plugins)\n  File \"/app/repo/src/_pytest/config/__init__.py\", line 313, in _prepareconfig\n    config = pluginmanager.hook.pytest_cmdline_parse(\n  File \"/usr/local/lib/python3.10/site-packages/pluggy/hooks.py\", line 286, in __call__\n    return self._hookexec(self, self.get_hookimpls(), kwargs)\n  File \"/usr/local/lib/python3.10/site-packages/pluggy/manager.py\", line 93, in _hookexec\n    return self._inner_hookexec(hook, methods, kwargs)\n  File \"/usr/local/lib/python3.10/site-packages/pluggy/manager.py\", line 84, in <lambda>\n    self._inner_hookexec = lambda hook, methods, kwargs: hook.multicall(\n  File \"/usr/local/lib/python3.10/site-packages/pluggy/callers.py\", line 203, in _multicall\n    gen.send(outcome)\n  File \"/app/repo/src/_pytest/helpconfig.py\", line 99, in pytest_cmdline_parse\n    config = outcome.get_result()  # type: Config\n  File \"/usr/local/lib/python3.10/site-packages/pluggy/callers.py\", line 80, in get_result\n    raise ex[1].with_traceback(ex[2])\n  File \"/usr/local/lib/python3.10/site-packages/pluggy/callers.py\", line 187, in _multicall\n    res = hook_impl.function(*args)\n  File \"/app/repo/src/_pytest/config/__init__.py\", line 932, in pytest_cmdline_parse\n    self.parse(args)\n  File \"/app/repo/src/_pytest/config/__init__.py\", line 1204, in parse\n    self._preparse(args, addopts=addopts)\n  File \"/app/repo/src/_pytest/config/__init__.py\", line 1093, in _preparse\n    self.pluginmanager.consider_preparse(args, exclude_only=False)\n  File \"/app/repo/src/_pytest/config/__init__.py\", line 622, in consider_preparse\n    self.consider_pluginarg(parg)\n  File \"/app/repo/src/_pytest/config/__init__.py\", line 647, in consider_pluginarg\n    self.import_plugin(arg, consider_entry_points=True)\n  File \"/app/repo/src/_pytest/config/__init__.py\", line 689, in import_plugin\n    __import__(importspec)\n  File \"<frozen importlib._bootstrap>\", line 1027, in _find_and_load\n  File \"<frozen importlib._bootstrap>\", line 1006, in _find_and_load_unlocked\n  File \"<frozen importlib._bootstrap>\", line 688, in _load_unlocked\n  File \"/app/repo/src/_pytest/assertion/rewrite.py\", line 161, in exec_module\n    source_stat, co = _rewrite_test(fn, self.config)\n  File \"/app/repo/src/_pytest/assertion/rewrite.py\", line 360, in _rewrite_test\n    co = compile(tree, fn_, \"exec\", dont_inherit=True)\nTypeError: required field \"lineno\" missing from alias\n"
    },
    {
      "test_file": "testing/test_capture.py",
      "test_case": "test_using_capsys_fixture_works_with_sys_stdout_encoding",
      "test_type": "PASS_TO_PASS",
      "exit_code": 1,
      "stdout": "",
      "stderr": "Traceback (most recent call last):\n  File \"/usr/local/bin/pytest\", line 8, in <module>\n    sys.exit(console_main())\n  File \"/app/repo/src/_pytest/config/__init__.py\", line 180, in console_main\n    code = main()\n  File \"/app/repo/src/_pytest/config/__init__.py\", line 136, in main\n    config = _prepareconfig(args, plugins)\n  File \"/app/repo/src/_pytest/config/__init__.py\", line 313, in _prepareconfig\n    config = pluginmanager.hook.pytest_cmdline_parse(\n  File \"/usr/local/lib/python3.10/site-packages/pluggy/hooks.py\", line 286, in __call__\n    return self._hookexec(self, self.get_hookimpls(), kwargs)\n  File \"/usr/local/lib/python3.10/site-packages/pluggy/manager.py\", line 93, in _hookexec\n    return self._inner_hookexec(hook, methods, kwargs)\n  File \"/usr/local/lib/python3.10/site-packages/pluggy/manager.py\", line 84, in <lambda>\n    self._inner_hookexec = lambda hook, methods, kwargs: hook.multicall(\n  File \"/usr/local/lib/python3.10/site-packages/pluggy/callers.py\", line 203, in _multicall\n    gen.send(outcome)\n  File \"/app/repo/src/_pytest/helpconfig.py\", line 99, in pytest_cmdline_parse\n    config = outcome.get_result()  # type: Config\n  File \"/usr/local/lib/python3.10/site-packages/pluggy/callers.py\", line 80, in get_result\n    raise ex[1].with_traceback(ex[2])\n  File \"/usr/local/lib/python3.10/site-packages/pluggy/callers.py\", line 187, in _multicall\n    res = hook_impl.function(*args)\n  File \"/app/repo/src/_pytest/config/__init__.py\", line 932, in pytest_cmdline_parse\n    self.parse(args)\n  File \"/app/repo/src/_pytest/config/__init__.py\", line 1204, in parse\n    self._preparse(args, addopts=addopts)\n  File \"/app/repo/src/_pytest/config/__init__.py\", line 1093, in _preparse\n    self.pluginmanager.consider_preparse(args, exclude_only=False)\n  File \"/app/repo/src/_pytest/config/__init__.py\", line 622, in consider_preparse\n    self.consider_pluginarg(parg)\n  File \"/app/repo/src/_pytest/config/__init__.py\", line 647, in consider_pluginarg\n    self.import_plugin(arg, consider_entry_points=True)\n  File \"/app/repo/src/_pytest/config/__init__.py\", line 689, in import_plugin\n    __import__(importspec)\n  File \"<frozen importlib._bootstrap>\", line 1027, in _find_and_load\n  File \"<frozen importlib._bootstrap>\", line 1006, in _find_and_load_unlocked\n  File \"<frozen importlib._bootstrap>\", line 688, in _load_unlocked\n  File \"/app/repo/src/_pytest/assertion/rewrite.py\", line 161, in exec_module\n    source_stat, co = _rewrite_test(fn, self.config)\n  File \"/app/repo/src/_pytest/assertion/rewrite.py\", line 360, in _rewrite_test\n    co = compile(tree, fn_, \"exec\", dont_inherit=True)\nTypeError: required field \"lineno\" missing from alias\n"
    },
    {
      "test_file": "testing/test_capture.py",
      "test_case": "test_capsys_results_accessible_by_attribute",
      "test_type": "PASS_TO_PASS",
      "exit_code": 1,
      "stdout": "",
      "stderr": "Traceback (most recent call last):\n  File \"/usr/local/bin/pytest\", line 8, in <module>\n    sys.exit(console_main())\n  File \"/app/repo/src/_pytest/config/__init__.py\", line 180, in console_main\n    code = main()\n  File \"/app/repo/src/_pytest/config/__init__.py\", line 136, in main\n    config = _prepareconfig(args, plugins)\n  File \"/app/repo/src/_pytest/config/__init__.py\", line 313, in _prepareconfig\n    config = pluginmanager.hook.pytest_cmdline_parse(\n  File \"/usr/local/lib/python3.10/site-packages/pluggy/hooks.py\", line 286, in __call__\n    return self._hookexec(self, self.get_hookimpls(), kwargs)\n  File \"/usr/local/lib/python3.10/site-packages/pluggy/manager.py\", line 93, in _hookexec\n    return self._inner_hookexec(hook, methods, kwargs)\n  File \"/usr/local/lib/python3.10/site-packages/pluggy/manager.py\", line 84, in <lambda>\n    self._inner_hookexec = lambda hook, methods, kwargs: hook.multicall(\n  File \"/usr/local/lib/python3.10/site-packages/pluggy/callers.py\", line 203, in _multicall\n    gen.send(outcome)\n  File \"/app/repo/src/_pytest/helpconfig.py\", line 99, in pytest_cmdline_parse\n    config = outcome.get_result()  # type: Config\n  File \"/usr/local/lib/python3.10/site-packages/pluggy/callers.py\", line 80, in get_result\n    raise ex[1].with_traceback(ex[2])\n  File \"/usr/local/lib/python3.10/site-packages/pluggy/callers.py\", line 187, in _multicall\n    res = hook_impl.function(*args)\n  File \"/app/repo/src/_pytest/config/__init__.py\", line 932, in pytest_cmdline_parse\n    self.parse(args)\n  File \"/app/repo/src/_pytest/config/__init__.py\", line 1204, in parse\n    self._preparse(args, addopts=addopts)\n  File \"/app/repo/src/_pytest/config/__init__.py\", line 1093, in _preparse\n    self.pluginmanager.consider_preparse(args, exclude_only=False)\n  File \"/app/repo/src/_pytest/config/__init__.py\", line 622, in consider_preparse\n    self.consider_pluginarg(parg)\n  File \"/app/repo/src/_pytest/config/__init__.py\", line 647, in consider_pluginarg\n    self.import_plugin(arg, consider_entry_points=True)\n  File \"/app/repo/src/_pytest/config/__init__.py\", line 689, in import_plugin\n    __import__(importspec)\n  File \"<frozen importlib._bootstrap>\", line 1027, in _find_and_load\n  File \"<frozen importlib._bootstrap>\", line 1006, in _find_and_load_unlocked\n  File \"<frozen importlib._bootstrap>\", line 688, in _load_unlocked\n  File \"/app/repo/src/_pytest/assertion/rewrite.py\", line 161, in exec_module\n    source_stat, co = _rewrite_test(fn, self.config)\n  File \"/app/repo/src/_pytest/assertion/rewrite.py\", line 360, in _rewrite_test\n    co = compile(tree, fn_, \"exec\", dont_inherit=True)\nTypeError: required field \"lineno\" missing from alias\n"
    },
    {
      "test_file": "testing/test_capture.py",
      "test_case": "test_fdcapture_tmpfile_remains_the_same",
      "test_type": "PASS_TO_PASS",
      "exit_code": 1,
      "stdout": "",
      "stderr": "Traceback (most recent call last):\n  File \"/usr/local/bin/pytest\", line 8, in <module>\n    sys.exit(console_main())\n  File \"/app/repo/src/_pytest/config/__init__.py\", line 180, in console_main\n    code = main()\n  File \"/app/repo/src/_pytest/config/__init__.py\", line 136, in main\n    config = _prepareconfig(args, plugins)\n  File \"/app/repo/src/_pytest/config/__init__.py\", line 313, in _prepareconfig\n    config = pluginmanager.hook.pytest_cmdline_parse(\n  File \"/usr/local/lib/python3.10/site-packages/pluggy/hooks.py\", line 286, in __call__\n    return self._hookexec(self, self.get_hookimpls(), kwargs)\n  File \"/usr/local/lib/python3.10/site-packages/pluggy/manager.py\", line 93, in _hookexec\n    return self._inner_hookexec(hook, methods, kwargs)\n  File \"/usr/local/lib/python3.10/site-packages/pluggy/manager.py\", line 84, in <lambda>\n    self._inner_hookexec = lambda hook, methods, kwargs: hook.multicall(\n  File \"/usr/local/lib/python3.10/site-packages/pluggy/callers.py\", line 203, in _multicall\n    gen.send(outcome)\n  File \"/app/repo/src/_pytest/helpconfig.py\", line 99, in pytest_cmdline_parse\n    config = outcome.get_result()  # type: Config\n  File \"/usr/local/lib/python3.10/site-packages/pluggy/callers.py\", line 80, in get_result\n    raise ex[1].with_traceback(ex[2])\n  File \"/usr/local/lib/python3.10/site-packages/pluggy/callers.py\", line 187, in _multicall\n    res = hook_impl.function(*args)\n  File \"/app/repo/src/_pytest/config/__init__.py\", line 932, in pytest_cmdline_parse\n    self.parse(args)\n  File \"/app/repo/src/_pytest/config/__init__.py\", line 1204, in parse\n    self._preparse(args, addopts=addopts)\n  File \"/app/repo/src/_pytest/config/__init__.py\", line 1093, in _preparse\n    self.pluginmanager.consider_preparse(args, exclude_only=False)\n  File \"/app/repo/src/_pytest/config/__init__.py\", line 622, in consider_preparse\n    self.consider_pluginarg(parg)\n  File \"/app/repo/src/_pytest/config/__init__.py\", line 647, in consider_pluginarg\n    self.import_plugin(arg, consider_entry_points=True)\n  File \"/app/repo/src/_pytest/config/__init__.py\", line 689, in import_plugin\n    __import__(importspec)\n  File \"<frozen importlib._bootstrap>\", line 1027, in _find_and_load\n  File \"<frozen importlib._bootstrap>\", line 1006, in _find_and_load_unlocked\n  File \"<frozen importlib._bootstrap>\", line 688, in _load_unlocked\n  File \"/app/repo/src/_pytest/assertion/rewrite.py\", line 161, in exec_module\n    source_stat, co = _rewrite_test(fn, self.config)\n  File \"/app/repo/src/_pytest/assertion/rewrite.py\", line 360, in _rewrite_test\n    co = compile(tree, fn_, \"exec\", dont_inherit=True)\nTypeError: required field \"lineno\" missing from alias\n"
    },
    {
      "test_file": "testing/test_capture.py",
      "test_case": "test_stderr_write_returns_len",
      "test_type": "PASS_TO_PASS",
      "exit_code": 1,
      "stdout": "",
      "stderr": "Traceback (most recent call last):\n  File \"/usr/local/bin/pytest\", line 8, in <module>\n    sys.exit(console_main())\n  File \"/app/repo/src/_pytest/config/__init__.py\", line 180, in console_main\n    code = main()\n  File \"/app/repo/src/_pytest/config/__init__.py\", line 136, in main\n    config = _prepareconfig(args, plugins)\n  File \"/app/repo/src/_pytest/config/__init__.py\", line 313, in _prepareconfig\n    config = pluginmanager.hook.pytest_cmdline_parse(\n  File \"/usr/local/lib/python3.10/site-packages/pluggy/hooks.py\", line 286, in __call__\n    return self._hookexec(self, self.get_hookimpls(), kwargs)\n  File \"/usr/local/lib/python3.10/site-packages/pluggy/manager.py\", line 93, in _hookexec\n    return self._inner_hookexec(hook, methods, kwargs)\n  File \"/usr/local/lib/python3.10/site-packages/pluggy/manager.py\", line 84, in <lambda>\n    self._inner_hookexec = lambda hook, methods, kwargs: hook.multicall(\n  File \"/usr/local/lib/python3.10/site-packages/pluggy/callers.py\", line 203, in _multicall\n    gen.send(outcome)\n  File \"/app/repo/src/_pytest/helpconfig.py\", line 99, in pytest_cmdline_parse\n    config = outcome.get_result()  # type: Config\n  File \"/usr/local/lib/python3.10/site-packages/pluggy/callers.py\", line 80, in get_result\n    raise ex[1].with_traceback(ex[2])\n  File \"/usr/local/lib/python3.10/site-packages/pluggy/callers.py\", line 187, in _multicall\n    res = hook_impl.function(*args)\n  File \"/app/repo/src/_pytest/config/__init__.py\", line 932, in pytest_cmdline_parse\n    self.parse(args)\n  File \"/app/repo/src/_pytest/config/__init__.py\", line 1204, in parse\n    self._preparse(args, addopts=addopts)\n  File \"/app/repo/src/_pytest/config/__init__.py\", line 1093, in _preparse\n    self.pluginmanager.consider_preparse(args, exclude_only=False)\n  File \"/app/repo/src/_pytest/config/__init__.py\", line 622, in consider_preparse\n    self.consider_pluginarg(parg)\n  File \"/app/repo/src/_pytest/config/__init__.py\", line 647, in consider_pluginarg\n    self.import_plugin(arg, consider_entry_points=True)\n  File \"/app/repo/src/_pytest/config/__init__.py\", line 689, in import_plugin\n    __import__(importspec)\n  File \"<frozen importlib._bootstrap>\", line 1027, in _find_and_load\n  File \"<frozen importlib._bootstrap>\", line 1006, in _find_and_load_unlocked\n  File \"<frozen importlib._bootstrap>\", line 688, in _load_unlocked\n  File \"/app/repo/src/_pytest/assertion/rewrite.py\", line 161, in exec_module\n    source_stat, co = _rewrite_test(fn, self.config)\n  File \"/app/repo/src/_pytest/assertion/rewrite.py\", line 360, in _rewrite_test\n    co = compile(tree, fn_, \"exec\", dont_inherit=True)\nTypeError: required field \"lineno\" missing from alias\n"
    },
    {
      "test_file": "testing/test_capture.py",
      "test_case": "test__get_multicapture",
      "test_type": "PASS_TO_PASS",
      "exit_code": 1,
      "stdout": "",
      "stderr": "Traceback (most recent call last):\n  File \"/usr/local/bin/pytest\", line 8, in <module>\n    sys.exit(console_main())\n  File \"/app/repo/src/_pytest/config/__init__.py\", line 180, in console_main\n    code = main()\n  File \"/app/repo/src/_pytest/config/__init__.py\", line 136, in main\n    config = _prepareconfig(args, plugins)\n  File \"/app/repo/src/_pytest/config/__init__.py\", line 313, in _prepareconfig\n    config = pluginmanager.hook.pytest_cmdline_parse(\n  File \"/usr/local/lib/python3.10/site-packages/pluggy/hooks.py\", line 286, in __call__\n    return self._hookexec(self, self.get_hookimpls(), kwargs)\n  File \"/usr/local/lib/python3.10/site-packages/pluggy/manager.py\", line 93, in _hookexec\n    return self._inner_hookexec(hook, methods, kwargs)\n  File \"/usr/local/lib/python3.10/site-packages/pluggy/manager.py\", line 84, in <lambda>\n    self._inner_hookexec = lambda hook, methods, kwargs: hook.multicall(\n  File \"/usr/local/lib/python3.10/site-packages/pluggy/callers.py\", line 203, in _multicall\n    gen.send(outcome)\n  File \"/app/repo/src/_pytest/helpconfig.py\", line 99, in pytest_cmdline_parse\n    config = outcome.get_result()  # type: Config\n  File \"/usr/local/lib/python3.10/site-packages/pluggy/callers.py\", line 80, in get_result\n    raise ex[1].with_traceback(ex[2])\n  File \"/usr/local/lib/python3.10/site-packages/pluggy/callers.py\", line 187, in _multicall\n    res = hook_impl.function(*args)\n  File \"/app/repo/src/_pytest/config/__init__.py\", line 932, in pytest_cmdline_parse\n    self.parse(args)\n  File \"/app/repo/src/_pytest/config/__init__.py\", line 1204, in parse\n    self._preparse(args, addopts=addopts)\n  File \"/app/repo/src/_pytest/config/__init__.py\", line 1093, in _preparse\n    self.pluginmanager.consider_preparse(args, exclude_only=False)\n  File \"/app/repo/src/_pytest/config/__init__.py\", line 622, in consider_preparse\n    self.consider_pluginarg(parg)\n  File \"/app/repo/src/_pytest/config/__init__.py\", line 647, in consider_pluginarg\n    self.import_plugin(arg, consider_entry_points=True)\n  File \"/app/repo/src/_pytest/config/__init__.py\", line 689, in import_plugin\n    __import__(importspec)\n  File \"<frozen importlib._bootstrap>\", line 1027, in _find_and_load\n  File \"<frozen importlib._bootstrap>\", line 1006, in _find_and_load_unlocked\n  File \"<frozen importlib._bootstrap>\", line 688, in _load_unlocked\n  File \"/app/repo/src/_pytest/assertion/rewrite.py\", line 161, in exec_module\n    source_stat, co = _rewrite_test(fn, self.config)\n  File \"/app/repo/src/_pytest/assertion/rewrite.py\", line 360, in _rewrite_test\n    co = compile(tree, fn_, \"exec\", dont_inherit=True)\nTypeError: required field \"lineno\" missing from alias\n"
    },
    {
      "test_file": "testing/test_capture.py",
      "test_case": "test_capturing_unicode[fd]",
      "test_type": "PASS_TO_PASS",
      "exit_code": 1,
      "stdout": "",
      "stderr": "Traceback (most recent call last):\n  File \"/usr/local/bin/pytest\", line 8, in <module>\n    sys.exit(console_main())\n  File \"/app/repo/src/_pytest/config/__init__.py\", line 180, in console_main\n    code = main()\n  File \"/app/repo/src/_pytest/config/__init__.py\", line 136, in main\n    config = _prepareconfig(args, plugins)\n  File \"/app/repo/src/_pytest/config/__init__.py\", line 313, in _prepareconfig\n    config = pluginmanager.hook.pytest_cmdline_parse(\n  File \"/usr/local/lib/python3.10/site-packages/pluggy/hooks.py\", line 286, in __call__\n    return self._hookexec(self, self.get_hookimpls(), kwargs)\n  File \"/usr/local/lib/python3.10/site-packages/pluggy/manager.py\", line 93, in _hookexec\n    return self._inner_hookexec(hook, methods, kwargs)\n  File \"/usr/local/lib/python3.10/site-packages/pluggy/manager.py\", line 84, in <lambda>\n    self._inner_hookexec = lambda hook, methods, kwargs: hook.multicall(\n  File \"/usr/local/lib/python3.10/site-packages/pluggy/callers.py\", line 203, in _multicall\n    gen.send(outcome)\n  File \"/app/repo/src/_pytest/helpconfig.py\", line 99, in pytest_cmdline_parse\n    config = outcome.get_result()  # type: Config\n  File \"/usr/local/lib/python3.10/site-packages/pluggy/callers.py\", line 80, in get_result\n    raise ex[1].with_traceback(ex[2])\n  File \"/usr/local/lib/python3.10/site-packages/pluggy/callers.py\", line 187, in _multicall\n    res = hook_impl.function(*args)\n  File \"/app/repo/src/_pytest/config/__init__.py\", line 932, in pytest_cmdline_parse\n    self.parse(args)\n  File \"/app/repo/src/_pytest/config/__init__.py\", line 1204, in parse\n    self._preparse(args, addopts=addopts)\n  File \"/app/repo/src/_pytest/config/__init__.py\", line 1093, in _preparse\n    self.pluginmanager.consider_preparse(args, exclude_only=False)\n  File \"/app/repo/src/_pytest/config/__init__.py\", line 622, in consider_preparse\n    self.consider_pluginarg(parg)\n  File \"/app/repo/src/_pytest/config/__init__.py\", line 647, in consider_pluginarg\n    self.import_plugin(arg, consider_entry_points=True)\n  File \"/app/repo/src/_pytest/config/__init__.py\", line 689, in import_plugin\n    __import__(importspec)\n  File \"<frozen importlib._bootstrap>\", line 1027, in _find_and_load\n  File \"<frozen importlib._bootstrap>\", line 1006, in _find_and_load_unlocked\n  File \"<frozen importlib._bootstrap>\", line 688, in _load_unlocked\n  File \"/app/repo/src/_pytest/assertion/rewrite.py\", line 161, in exec_module\n    source_stat, co = _rewrite_test(fn, self.config)\n  File \"/app/repo/src/_pytest/assertion/rewrite.py\", line 360, in _rewrite_test\n    co = compile(tree, fn_, \"exec\", dont_inherit=True)\nTypeError: required field \"lineno\" missing from alias\n"
    },
    {
      "test_file": "testing/test_capture.py",
      "test_case": "test_capturing_unicode[sys]",
      "test_type": "PASS_TO_PASS",
      "exit_code": 1,
      "stdout": "",
      "stderr": "Traceback (most recent call last):\n  File \"/usr/local/bin/pytest\", line 8, in <module>\n    sys.exit(console_main())\n  File \"/app/repo/src/_pytest/config/__init__.py\", line 180, in console_main\n    code = main()\n  File \"/app/repo/src/_pytest/config/__init__.py\", line 136, in main\n    config = _prepareconfig(args, plugins)\n  File \"/app/repo/src/_pytest/config/__init__.py\", line 313, in _prepareconfig\n    config = pluginmanager.hook.pytest_cmdline_parse(\n  File \"/usr/local/lib/python3.10/site-packages/pluggy/hooks.py\", line 286, in __call__\n    return self._hookexec(self, self.get_hookimpls(), kwargs)\n  File \"/usr/local/lib/python3.10/site-packages/pluggy/manager.py\", line 93, in _hookexec\n    return self._inner_hookexec(hook, methods, kwargs)\n  File \"/usr/local/lib/python3.10/site-packages/pluggy/manager.py\", line 84, in <lambda>\n    self._inner_hookexec = lambda hook, methods, kwargs: hook.multicall(\n  File \"/usr/local/lib/python3.10/site-packages/pluggy/callers.py\", line 203, in _multicall\n    gen.send(outcome)\n  File \"/app/repo/src/_pytest/helpconfig.py\", line 99, in pytest_cmdline_parse\n    config = outcome.get_result()  # type: Config\n  File \"/usr/local/lib/python3.10/site-packages/pluggy/callers.py\", line 80, in get_result\n    raise ex[1].with_traceback(ex[2])\n  File \"/usr/local/lib/python3.10/site-packages/pluggy/callers.py\", line 187, in _multicall\n    res = hook_impl.function(*args)\n  File \"/app/repo/src/_pytest/config/__init__.py\", line 932, in pytest_cmdline_parse\n    self.parse(args)\n  File \"/app/repo/src/_pytest/config/__init__.py\", line 1204, in parse\n    self._preparse(args, addopts=addopts)\n  File \"/app/repo/src/_pytest/config/__init__.py\", line 1093, in _preparse\n    self.pluginmanager.consider_preparse(args, exclude_only=False)\n  File \"/app/repo/src/_pytest/config/__init__.py\", line 622, in consider_preparse\n    self.consider_pluginarg(parg)\n  File \"/app/repo/src/_pytest/config/__init__.py\", line 647, in consider_pluginarg\n    self.import_plugin(arg, consider_entry_points=True)\n  File \"/app/repo/src/_pytest/config/__init__.py\", line 689, in import_plugin\n    __import__(importspec)\n  File \"<frozen importlib._bootstrap>\", line 1027, in _find_and_load\n  File \"<frozen importlib._bootstrap>\", line 1006, in _find_and_load_unlocked\n  File \"<frozen importlib._bootstrap>\", line 688, in _load_unlocked\n  File \"/app/repo/src/_pytest/assertion/rewrite.py\", line 161, in exec_module\n    source_stat, co = _rewrite_test(fn, self.config)\n  File \"/app/repo/src/_pytest/assertion/rewrite.py\", line 360, in _rewrite_test\n    co = compile(tree, fn_, \"exec\", dont_inherit=True)\nTypeError: required field \"lineno\" missing from alias\n"
    },
    {
      "test_file": "testing/test_capture.py",
      "test_case": "test_capturing_bytes_in_utf8_encoding[fd]",
      "test_type": "PASS_TO_PASS",
      "exit_code": 1,
      "stdout": "",
      "stderr": "Traceback (most recent call last):\n  File \"/usr/local/bin/pytest\", line 8, in <module>\n    sys.exit(console_main())\n  File \"/app/repo/src/_pytest/config/__init__.py\", line 180, in console_main\n    code = main()\n  File \"/app/repo/src/_pytest/config/__init__.py\", line 136, in main\n    config = _prepareconfig(args, plugins)\n  File \"/app/repo/src/_pytest/config/__init__.py\", line 313, in _prepareconfig\n    config = pluginmanager.hook.pytest_cmdline_parse(\n  File \"/usr/local/lib/python3.10/site-packages/pluggy/hooks.py\", line 286, in __call__\n    return self._hookexec(self, self.get_hookimpls(), kwargs)\n  File \"/usr/local/lib/python3.10/site-packages/pluggy/manager.py\", line 93, in _hookexec\n    return self._inner_hookexec(hook, methods, kwargs)\n  File \"/usr/local/lib/python3.10/site-packages/pluggy/manager.py\", line 84, in <lambda>\n    self._inner_hookexec = lambda hook, methods, kwargs: hook.multicall(\n  File \"/usr/local/lib/python3.10/site-packages/pluggy/callers.py\", line 203, in _multicall\n    gen.send(outcome)\n  File \"/app/repo/src/_pytest/helpconfig.py\", line 99, in pytest_cmdline_parse\n    config = outcome.get_result()  # type: Config\n  File \"/usr/local/lib/python3.10/site-packages/pluggy/callers.py\", line 80, in get_result\n    raise ex[1].with_traceback(ex[2])\n  File \"/usr/local/lib/python3.10/site-packages/pluggy/callers.py\", line 187, in _multicall\n    res = hook_impl.function(*args)\n  File \"/app/repo/src/_pytest/config/__init__.py\", line 932, in pytest_cmdline_parse\n    self.parse(args)\n  File \"/app/repo/src/_pytest/config/__init__.py\", line 1204, in parse\n    self._preparse(args, addopts=addopts)\n  File \"/app/repo/src/_pytest/config/__init__.py\", line 1093, in _preparse\n    self.pluginmanager.consider_preparse(args, exclude_only=False)\n  File \"/app/repo/src/_pytest/config/__init__.py\", line 622, in consider_preparse\n    self.consider_pluginarg(parg)\n  File \"/app/repo/src/_pytest/config/__init__.py\", line 647, in consider_pluginarg\n    self.import_plugin(arg, consider_entry_points=True)\n  File \"/app/repo/src/_pytest/config/__init__.py\", line 689, in import_plugin\n    __import__(importspec)\n  File \"<frozen importlib._bootstrap>\", line 1027, in _find_and_load\n  File \"<frozen importlib._bootstrap>\", line 1006, in _find_and_load_unlocked\n  File \"<frozen importlib._bootstrap>\", line 688, in _load_unlocked\n  File \"/app/repo/src/_pytest/assertion/rewrite.py\", line 161, in exec_module\n    source_stat, co = _rewrite_test(fn, self.config)\n  File \"/app/repo/src/_pytest/assertion/rewrite.py\", line 360, in _rewrite_test\n    co = compile(tree, fn_, \"exec\", dont_inherit=True)\nTypeError: required field \"lineno\" missing from alias\n"
    },
    {
      "test_file": "testing/test_capture.py",
      "test_case": "test_capturing_bytes_in_utf8_encoding[sys]",
      "test_type": "PASS_TO_PASS",
      "exit_code": 1,
      "stdout": "",
      "stderr": "Traceback (most recent call last):\n  File \"/usr/local/bin/pytest\", line 8, in <module>\n    sys.exit(console_main())\n  File \"/app/repo/src/_pytest/config/__init__.py\", line 180, in console_main\n    code = main()\n  File \"/app/repo/src/_pytest/config/__init__.py\", line 136, in main\n    config = _prepareconfig(args, plugins)\n  File \"/app/repo/src/_pytest/config/__init__.py\", line 313, in _prepareconfig\n    config = pluginmanager.hook.pytest_cmdline_parse(\n  File \"/usr/local/lib/python3.10/site-packages/pluggy/hooks.py\", line 286, in __call__\n    return self._hookexec(self, self.get_hookimpls(), kwargs)\n  File \"/usr/local/lib/python3.10/site-packages/pluggy/manager.py\", line 93, in _hookexec\n    return self._inner_hookexec(hook, methods, kwargs)\n  File \"/usr/local/lib/python3.10/site-packages/pluggy/manager.py\", line 84, in <lambda>\n    self._inner_hookexec = lambda hook, methods, kwargs: hook.multicall(\n  File \"/usr/local/lib/python3.10/site-packages/pluggy/callers.py\", line 203, in _multicall\n    gen.send(outcome)\n  File \"/app/repo/src/_pytest/helpconfig.py\", line 99, in pytest_cmdline_parse\n    config = outcome.get_result()  # type: Config\n  File \"/usr/local/lib/python3.10/site-packages/pluggy/callers.py\", line 80, in get_result\n    raise ex[1].with_traceback(ex[2])\n  File \"/usr/local/lib/python3.10/site-packages/pluggy/callers.py\", line 187, in _multicall\n    res = hook_impl.function(*args)\n  File \"/app/repo/src/_pytest/config/__init__.py\", line 932, in pytest_cmdline_parse\n    self.parse(args)\n  File \"/app/repo/src/_pytest/config/__init__.py\", line 1204, in parse\n    self._preparse(args, addopts=addopts)\n  File \"/app/repo/src/_pytest/config/__init__.py\", line 1093, in _preparse\n    self.pluginmanager.consider_preparse(args, exclude_only=False)\n  File \"/app/repo/src/_pytest/config/__init__.py\", line 622, in consider_preparse\n    self.consider_pluginarg(parg)\n  File \"/app/repo/src/_pytest/config/__init__.py\", line 647, in consider_pluginarg\n    self.import_plugin(arg, consider_entry_points=True)\n  File \"/app/repo/src/_pytest/config/__init__.py\", line 689, in import_plugin\n    __import__(importspec)\n  File \"<frozen importlib._bootstrap>\", line 1027, in _find_and_load\n  File \"<frozen importlib._bootstrap>\", line 1006, in _find_and_load_unlocked\n  File \"<frozen importlib._bootstrap>\", line 688, in _load_unlocked\n  File \"/app/repo/src/_pytest/assertion/rewrite.py\", line 161, in exec_module\n    source_stat, co = _rewrite_test(fn, self.config)\n  File \"/app/repo/src/_pytest/assertion/rewrite.py\", line 360, in _rewrite_test\n    co = compile(tree, fn_, \"exec\", dont_inherit=True)\nTypeError: required field \"lineno\" missing from alias\n"
    },
    {
      "test_file": "testing/test_capture.py",
      "test_case": "test_collect_capturing",
      "test_type": "PASS_TO_PASS",
      "exit_code": 1,
      "stdout": "",
      "stderr": "Traceback (most recent call last):\n  File \"/usr/local/bin/pytest\", line 8, in <module>\n    sys.exit(console_main())\n  File \"/app/repo/src/_pytest/config/__init__.py\", line 180, in console_main\n    code = main()\n  File \"/app/repo/src/_pytest/config/__init__.py\", line 136, in main\n    config = _prepareconfig(args, plugins)\n  File \"/app/repo/src/_pytest/config/__init__.py\", line 313, in _prepareconfig\n    config = pluginmanager.hook.pytest_cmdline_parse(\n  File \"/usr/local/lib/python3.10/site-packages/pluggy/hooks.py\", line 286, in __call__\n    return self._hookexec(self, self.get_hookimpls(), kwargs)\n  File \"/usr/local/lib/python3.10/site-packages/pluggy/manager.py\", line 93, in _hookexec\n    return self._inner_hookexec(hook, methods, kwargs)\n  File \"/usr/local/lib/python3.10/site-packages/pluggy/manager.py\", line 84, in <lambda>\n    self._inner_hookexec = lambda hook, methods, kwargs: hook.multicall(\n  File \"/usr/local/lib/python3.10/site-packages/pluggy/callers.py\", line 203, in _multicall\n    gen.send(outcome)\n  File \"/app/repo/src/_pytest/helpconfig.py\", line 99, in pytest_cmdline_parse\n    config = outcome.get_result()  # type: Config\n  File \"/usr/local/lib/python3.10/site-packages/pluggy/callers.py\", line 80, in get_result\n    raise ex[1].with_traceback(ex[2])\n  File \"/usr/local/lib/python3.10/site-packages/pluggy/callers.py\", line 187, in _multicall\n    res = hook_impl.function(*args)\n  File \"/app/repo/src/_pytest/config/__init__.py\", line 932, in pytest_cmdline_parse\n    self.parse(args)\n  File \"/app/repo/src/_pytest/config/__init__.py\", line 1204, in parse\n    self._preparse(args, addopts=addopts)\n  File \"/app/repo/src/_pytest/config/__init__.py\", line 1093, in _preparse\n    self.pluginmanager.consider_preparse(args, exclude_only=False)\n  File \"/app/repo/src/_pytest/config/__init__.py\", line 622, in consider_preparse\n    self.consider_pluginarg(parg)\n  File \"/app/repo/src/_pytest/config/__init__.py\", line 647, in consider_pluginarg\n    self.import_plugin(arg, consider_entry_points=True)\n  File \"/app/repo/src/_pytest/config/__init__.py\", line 689, in import_plugin\n    __import__(importspec)\n  File \"<frozen importlib._bootstrap>\", line 1027, in _find_and_load\n  File \"<frozen importlib._bootstrap>\", line 1006, in _find_and_load_unlocked\n  File \"<frozen importlib._bootstrap>\", line 688, in _load_unlocked\n  File \"/app/repo/src/_pytest/assertion/rewrite.py\", line 161, in exec_module\n    source_stat, co = _rewrite_test(fn, self.config)\n  File \"/app/repo/src/_pytest/assertion/rewrite.py\", line 360, in _rewrite_test\n    co = compile(tree, fn_, \"exec\", dont_inherit=True)\nTypeError: required field \"lineno\" missing from alias\n"
    },
    {
      "test_file": "testing/test_capture.py",
      "test_case": "test_setup_failure_does_not_kill_capturing",
      "test_type": "PASS_TO_PASS",
      "exit_code": 1,
      "stdout": "",
      "stderr": "Traceback (most recent call last):\n  File \"/usr/local/bin/pytest\", line 8, in <module>\n    sys.exit(console_main())\n  File \"/app/repo/src/_pytest/config/__init__.py\", line 180, in console_main\n    code = main()\n  File \"/app/repo/src/_pytest/config/__init__.py\", line 136, in main\n    config = _prepareconfig(args, plugins)\n  File \"/app/repo/src/_pytest/config/__init__.py\", line 313, in _prepareconfig\n    config = pluginmanager.hook.pytest_cmdline_parse(\n  File \"/usr/local/lib/python3.10/site-packages/pluggy/hooks.py\", line 286, in __call__\n    return self._hookexec(self, self.get_hookimpls(), kwargs)\n  File \"/usr/local/lib/python3.10/site-packages/pluggy/manager.py\", line 93, in _hookexec\n    return self._inner_hookexec(hook, methods, kwargs)\n  File \"/usr/local/lib/python3.10/site-packages/pluggy/manager.py\", line 84, in <lambda>\n    self._inner_hookexec = lambda hook, methods, kwargs: hook.multicall(\n  File \"/usr/local/lib/python3.10/site-packages/pluggy/callers.py\", line 203, in _multicall\n    gen.send(outcome)\n  File \"/app/repo/src/_pytest/helpconfig.py\", line 99, in pytest_cmdline_parse\n    config = outcome.get_result()  # type: Config\n  File \"/usr/local/lib/python3.10/site-packages/pluggy/callers.py\", line 80, in get_result\n    raise ex[1].with_traceback(ex[2])\n  File \"/usr/local/lib/python3.10/site-packages/pluggy/callers.py\", line 187, in _multicall\n    res = hook_impl.function(*args)\n  File \"/app/repo/src/_pytest/config/__init__.py\", line 932, in pytest_cmdline_parse\n    self.parse(args)\n  File \"/app/repo/src/_pytest/config/__init__.py\", line 1204, in parse\n    self._preparse(args, addopts=addopts)\n  File \"/app/repo/src/_pytest/config/__init__.py\", line 1093, in _preparse\n    self.pluginmanager.consider_preparse(args, exclude_only=False)\n  File \"/app/repo/src/_pytest/config/__init__.py\", line 622, in consider_preparse\n    self.consider_pluginarg(parg)\n  File \"/app/repo/src/_pytest/config/__init__.py\", line 647, in consider_pluginarg\n    self.import_plugin(arg, consider_entry_points=True)\n  File \"/app/repo/src/_pytest/config/__init__.py\", line 689, in import_plugin\n    __import__(importspec)\n  File \"<frozen importlib._bootstrap>\", line 1027, in _find_and_load\n  File \"<frozen importlib._bootstrap>\", line 1006, in _find_and_load_unlocked\n  File \"<frozen importlib._bootstrap>\", line 688, in _load_unlocked\n  File \"/app/repo/src/_pytest/assertion/rewrite.py\", line 161, in exec_module\n    source_stat, co = _rewrite_test(fn, self.config)\n  File \"/app/repo/src/_pytest/assertion/rewrite.py\", line 360, in _rewrite_test\n    co = compile(tree, fn_, \"exec\", dont_inherit=True)\nTypeError: required field \"lineno\" missing from alias\n"
    },
    {
      "test_file": "testing/test_capture.py",
      "test_case": "test_capture_conftest_runtest_setup",
      "test_type": "PASS_TO_PASS",
      "exit_code": 1,
      "stdout": "",
      "stderr": "Traceback (most recent call last):\n  File \"/usr/local/bin/pytest\", line 8, in <module>\n    sys.exit(console_main())\n  File \"/app/repo/src/_pytest/config/__init__.py\", line 180, in console_main\n    code = main()\n  File \"/app/repo/src/_pytest/config/__init__.py\", line 136, in main\n    config = _prepareconfig(args, plugins)\n  File \"/app/repo/src/_pytest/config/__init__.py\", line 313, in _prepareconfig\n    config = pluginmanager.hook.pytest_cmdline_parse(\n  File \"/usr/local/lib/python3.10/site-packages/pluggy/hooks.py\", line 286, in __call__\n    return self._hookexec(self, self.get_hookimpls(), kwargs)\n  File \"/usr/local/lib/python3.10/site-packages/pluggy/manager.py\", line 93, in _hookexec\n    return self._inner_hookexec(hook, methods, kwargs)\n  File \"/usr/local/lib/python3.10/site-packages/pluggy/manager.py\", line 84, in <lambda>\n    self._inner_hookexec = lambda hook, methods, kwargs: hook.multicall(\n  File \"/usr/local/lib/python3.10/site-packages/pluggy/callers.py\", line 203, in _multicall\n    gen.send(outcome)\n  File \"/app/repo/src/_pytest/helpconfig.py\", line 99, in pytest_cmdline_parse\n    config = outcome.get_result()  # type: Config\n  File \"/usr/local/lib/python3.10/site-packages/pluggy/callers.py\", line 80, in get_result\n    raise ex[1].with_traceback(ex[2])\n  File \"/usr/local/lib/python3.10/site-packages/pluggy/callers.py\", line 187, in _multicall\n    res = hook_impl.function(*args)\n  File \"/app/repo/src/_pytest/config/__init__.py\", line 932, in pytest_cmdline_parse\n    self.parse(args)\n  File \"/app/repo/src/_pytest/config/__init__.py\", line 1204, in parse\n    self._preparse(args, addopts=addopts)\n  File \"/app/repo/src/_pytest/config/__init__.py\", line 1093, in _preparse\n    self.pluginmanager.consider_preparse(args, exclude_only=False)\n  File \"/app/repo/src/_pytest/config/__init__.py\", line 622, in consider_preparse\n    self.consider_pluginarg(parg)\n  File \"/app/repo/src/_pytest/config/__init__.py\", line 647, in consider_pluginarg\n    self.import_plugin(arg, consider_entry_points=True)\n  File \"/app/repo/src/_pytest/config/__init__.py\", line 689, in import_plugin\n    __import__(importspec)\n  File \"<frozen importlib._bootstrap>\", line 1027, in _find_and_load\n  File \"<frozen importlib._bootstrap>\", line 1006, in _find_and_load_unlocked\n  File \"<frozen importlib._bootstrap>\", line 688, in _load_unlocked\n  File \"/app/repo/src/_pytest/assertion/rewrite.py\", line 161, in exec_module\n    source_stat, co = _rewrite_test(fn, self.config)\n  File \"/app/repo/src/_pytest/assertion/rewrite.py\", line 360, in _rewrite_test\n    co = compile(tree, fn_, \"exec\", dont_inherit=True)\nTypeError: required field \"lineno\" missing from alias\n"
    },
    {
      "test_file": "testing/test_capture.py",
      "test_case": "test_capture_badoutput_issue412",
      "test_type": "PASS_TO_PASS",
      "exit_code": 1,
      "stdout": "",
      "stderr": "Traceback (most recent call last):\n  File \"/usr/local/bin/pytest\", line 8, in <module>\n    sys.exit(console_main())\n  File \"/app/repo/src/_pytest/config/__init__.py\", line 180, in console_main\n    code = main()\n  File \"/app/repo/src/_pytest/config/__init__.py\", line 136, in main\n    config = _prepareconfig(args, plugins)\n  File \"/app/repo/src/_pytest/config/__init__.py\", line 313, in _prepareconfig\n    config = pluginmanager.hook.pytest_cmdline_parse(\n  File \"/usr/local/lib/python3.10/site-packages/pluggy/hooks.py\", line 286, in __call__\n    return self._hookexec(self, self.get_hookimpls(), kwargs)\n  File \"/usr/local/lib/python3.10/site-packages/pluggy/manager.py\", line 93, in _hookexec\n    return self._inner_hookexec(hook, methods, kwargs)\n  File \"/usr/local/lib/python3.10/site-packages/pluggy/manager.py\", line 84, in <lambda>\n    self._inner_hookexec = lambda hook, methods, kwargs: hook.multicall(\n  File \"/usr/local/lib/python3.10/site-packages/pluggy/callers.py\", line 203, in _multicall\n    gen.send(outcome)\n  File \"/app/repo/src/_pytest/helpconfig.py\", line 99, in pytest_cmdline_parse\n    config = outcome.get_result()  # type: Config\n  File \"/usr/local/lib/python3.10/site-packages/pluggy/callers.py\", line 80, in get_result\n    raise ex[1].with_traceback(ex[2])\n  File \"/usr/local/lib/python3.10/site-packages/pluggy/callers.py\", line 187, in _multicall\n    res = hook_impl.function(*args)\n  File \"/app/repo/src/_pytest/config/__init__.py\", line 932, in pytest_cmdline_parse\n    self.parse(args)\n  File \"/app/repo/src/_pytest/config/__init__.py\", line 1204, in parse\n    self._preparse(args, addopts=addopts)\n  File \"/app/repo/src/_pytest/config/__init__.py\", line 1093, in _preparse\n    self.pluginmanager.consider_preparse(args, exclude_only=False)\n  File \"/app/repo/src/_pytest/config/__init__.py\", line 622, in consider_preparse\n    self.consider_pluginarg(parg)\n  File \"/app/repo/src/_pytest/config/__init__.py\", line 647, in consider_pluginarg\n    self.import_plugin(arg, consider_entry_points=True)\n  File \"/app/repo/src/_pytest/config/__init__.py\", line 689, in import_plugin\n    __import__(importspec)\n  File \"<frozen importlib._bootstrap>\", line 1027, in _find_and_load\n  File \"<frozen importlib._bootstrap>\", line 1006, in _find_and_load_unlocked\n  File \"<frozen importlib._bootstrap>\", line 688, in _load_unlocked\n  File \"/app/repo/src/_pytest/assertion/rewrite.py\", line 161, in exec_module\n    source_stat, co = _rewrite_test(fn, self.config)\n  File \"/app/repo/src/_pytest/assertion/rewrite.py\", line 360, in _rewrite_test\n    co = compile(tree, fn_, \"exec\", dont_inherit=True)\nTypeError: required field \"lineno\" missing from alias\n"
    },
    {
      "test_file": "testing/test_capture.py",
      "test_case": "test_capture_early_option_parsing",
      "test_type": "PASS_TO_PASS",
      "exit_code": 1,
      "stdout": "",
      "stderr": "Traceback (most recent call last):\n  File \"/usr/local/bin/pytest\", line 8, in <module>\n    sys.exit(console_main())\n  File \"/app/repo/src/_pytest/config/__init__.py\", line 180, in console_main\n    code = main()\n  File \"/app/repo/src/_pytest/config/__init__.py\", line 136, in main\n    config = _prepareconfig(args, plugins)\n  File \"/app/repo/src/_pytest/config/__init__.py\", line 313, in _prepareconfig\n    config = pluginmanager.hook.pytest_cmdline_parse(\n  File \"/usr/local/lib/python3.10/site-packages/pluggy/hooks.py\", line 286, in __call__\n    return self._hookexec(self, self.get_hookimpls(), kwargs)\n  File \"/usr/local/lib/python3.10/site-packages/pluggy/manager.py\", line 93, in _hookexec\n    return self._inner_hookexec(hook, methods, kwargs)\n  File \"/usr/local/lib/python3.10/site-packages/pluggy/manager.py\", line 84, in <lambda>\n    self._inner_hookexec = lambda hook, methods, kwargs: hook.multicall(\n  File \"/usr/local/lib/python3.10/site-packages/pluggy/callers.py\", line 203, in _multicall\n    gen.send(outcome)\n  File \"/app/repo/src/_pytest/helpconfig.py\", line 99, in pytest_cmdline_parse\n    config = outcome.get_result()  # type: Config\n  File \"/usr/local/lib/python3.10/site-packages/pluggy/callers.py\", line 80, in get_result\n    raise ex[1].with_traceback(ex[2])\n  File \"/usr/local/lib/python3.10/site-packages/pluggy/callers.py\", line 187, in _multicall\n    res = hook_impl.function(*args)\n  File \"/app/repo/src/_pytest/config/__init__.py\", line 932, in pytest_cmdline_parse\n    self.parse(args)\n  File \"/app/repo/src/_pytest/config/__init__.py\", line 1204, in parse\n    self._preparse(args, addopts=addopts)\n  File \"/app/repo/src/_pytest/config/__init__.py\", line 1093, in _preparse\n    self.pluginmanager.consider_preparse(args, exclude_only=False)\n  File \"/app/repo/src/_pytest/config/__init__.py\", line 622, in consider_preparse\n    self.consider_pluginarg(parg)\n  File \"/app/repo/src/_pytest/config/__init__.py\", line 647, in consider_pluginarg\n    self.import_plugin(arg, consider_entry_points=True)\n  File \"/app/repo/src/_pytest/config/__init__.py\", line 689, in import_plugin\n    __import__(importspec)\n  File \"<frozen importlib._bootstrap>\", line 1027, in _find_and_load\n  File \"<frozen importlib._bootstrap>\", line 1006, in _find_and_load_unlocked\n  File \"<frozen importlib._bootstrap>\", line 688, in _load_unlocked\n  File \"/app/repo/src/_pytest/assertion/rewrite.py\", line 161, in exec_module\n    source_stat, co = _rewrite_test(fn, self.config)\n  File \"/app/repo/src/_pytest/assertion/rewrite.py\", line 360, in _rewrite_test\n    co = compile(tree, fn_, \"exec\", dont_inherit=True)\nTypeError: required field \"lineno\" missing from alias\n"
    },
    {
      "test_file": "testing/test_capture.py",
      "test_case": "test_capture_binary_output",
      "test_type": "PASS_TO_PASS",
      "exit_code": 1,
      "stdout": "",
      "stderr": "Traceback (most recent call last):\n  File \"/usr/local/bin/pytest\", line 8, in <module>\n    sys.exit(console_main())\n  File \"/app/repo/src/_pytest/config/__init__.py\", line 180, in console_main\n    code = main()\n  File \"/app/repo/src/_pytest/config/__init__.py\", line 136, in main\n    config = _prepareconfig(args, plugins)\n  File \"/app/repo/src/_pytest/config/__init__.py\", line 313, in _prepareconfig\n    config = pluginmanager.hook.pytest_cmdline_parse(\n  File \"/usr/local/lib/python3.10/site-packages/pluggy/hooks.py\", line 286, in __call__\n    return self._hookexec(self, self.get_hookimpls(), kwargs)\n  File \"/usr/local/lib/python3.10/site-packages/pluggy/manager.py\", line 93, in _hookexec\n    return self._inner_hookexec(hook, methods, kwargs)\n  File \"/usr/local/lib/python3.10/site-packages/pluggy/manager.py\", line 84, in <lambda>\n    self._inner_hookexec = lambda hook, methods, kwargs: hook.multicall(\n  File \"/usr/local/lib/python3.10/site-packages/pluggy/callers.py\", line 203, in _multicall\n    gen.send(outcome)\n  File \"/app/repo/src/_pytest/helpconfig.py\", line 99, in pytest_cmdline_parse\n    config = outcome.get_result()  # type: Config\n  File \"/usr/local/lib/python3.10/site-packages/pluggy/callers.py\", line 80, in get_result\n    raise ex[1].with_traceback(ex[2])\n  File \"/usr/local/lib/python3.10/site-packages/pluggy/callers.py\", line 187, in _multicall\n    res = hook_impl.function(*args)\n  File \"/app/repo/src/_pytest/config/__init__.py\", line 932, in pytest_cmdline_parse\n    self.parse(args)\n  File \"/app/repo/src/_pytest/config/__init__.py\", line 1204, in parse\n    self._preparse(args, addopts=addopts)\n  File \"/app/repo/src/_pytest/config/__init__.py\", line 1093, in _preparse\n    self.pluginmanager.consider_preparse(args, exclude_only=False)\n  File \"/app/repo/src/_pytest/config/__init__.py\", line 622, in consider_preparse\n    self.consider_pluginarg(parg)\n  File \"/app/repo/src/_pytest/config/__init__.py\", line 647, in consider_pluginarg\n    self.import_plugin(arg, consider_entry_points=True)\n  File \"/app/repo/src/_pytest/config/__init__.py\", line 689, in import_plugin\n    __import__(importspec)\n  File \"<frozen importlib._bootstrap>\", line 1027, in _find_and_load\n  File \"<frozen importlib._bootstrap>\", line 1006, in _find_and_load_unlocked\n  File \"<frozen importlib._bootstrap>\", line 688, in _load_unlocked\n  File \"/app/repo/src/_pytest/assertion/rewrite.py\", line 161, in exec_module\n    source_stat, co = _rewrite_test(fn, self.config)\n  File \"/app/repo/src/_pytest/assertion/rewrite.py\", line 360, in _rewrite_test\n    co = compile(tree, fn_, \"exec\", dont_inherit=True)\nTypeError: required field \"lineno\" missing from alias\n"
    },
    {
      "test_file": "testing/test_capture.py",
      "test_case": "test_capturing_and_logging_fundamentals[SysCapture(2)]",
      "test_type": "PASS_TO_PASS",
      "exit_code": 1,
      "stdout": "",
      "stderr": "Traceback (most recent call last):\n  File \"/usr/local/bin/pytest\", line 8, in <module>\n    sys.exit(console_main())\n  File \"/app/repo/src/_pytest/config/__init__.py\", line 180, in console_main\n    code = main()\n  File \"/app/repo/src/_pytest/config/__init__.py\", line 136, in main\n    config = _prepareconfig(args, plugins)\n  File \"/app/repo/src/_pytest/config/__init__.py\", line 313, in _prepareconfig\n    config = pluginmanager.hook.pytest_cmdline_parse(\n  File \"/usr/local/lib/python3.10/site-packages/pluggy/hooks.py\", line 286, in __call__\n    return self._hookexec(self, self.get_hookimpls(), kwargs)\n  File \"/usr/local/lib/python3.10/site-packages/pluggy/manager.py\", line 93, in _hookexec\n    return self._inner_hookexec(hook, methods, kwargs)\n  File \"/usr/local/lib/python3.10/site-packages/pluggy/manager.py\", line 84, in <lambda>\n    self._inner_hookexec = lambda hook, methods, kwargs: hook.multicall(\n  File \"/usr/local/lib/python3.10/site-packages/pluggy/callers.py\", line 203, in _multicall\n    gen.send(outcome)\n  File \"/app/repo/src/_pytest/helpconfig.py\", line 99, in pytest_cmdline_parse\n    config = outcome.get_result()  # type: Config\n  File \"/usr/local/lib/python3.10/site-packages/pluggy/callers.py\", line 80, in get_result\n    raise ex[1].with_traceback(ex[2])\n  File \"/usr/local/lib/python3.10/site-packages/pluggy/callers.py\", line 187, in _multicall\n    res = hook_impl.function(*args)\n  File \"/app/repo/src/_pytest/config/__init__.py\", line 932, in pytest_cmdline_parse\n    self.parse(args)\n  File \"/app/repo/src/_pytest/config/__init__.py\", line 1204, in parse\n    self._preparse(args, addopts=addopts)\n  File \"/app/repo/src/_pytest/config/__init__.py\", line 1093, in _preparse\n    self.pluginmanager.consider_preparse(args, exclude_only=False)\n  File \"/app/repo/src/_pytest/config/__init__.py\", line 622, in consider_preparse\n    self.consider_pluginarg(parg)\n  File \"/app/repo/src/_pytest/config/__init__.py\", line 647, in consider_pluginarg\n    self.import_plugin(arg, consider_entry_points=True)\n  File \"/app/repo/src/_pytest/config/__init__.py\", line 689, in import_plugin\n    __import__(importspec)\n  File \"<frozen importlib._bootstrap>\", line 1027, in _find_and_load\n  File \"<frozen importlib._bootstrap>\", line 1006, in _find_and_load_unlocked\n  File \"<frozen importlib._bootstrap>\", line 688, in _load_unlocked\n  File \"/app/repo/src/_pytest/assertion/rewrite.py\", line 161, in exec_module\n    source_stat, co = _rewrite_test(fn, self.config)\n  File \"/app/repo/src/_pytest/assertion/rewrite.py\", line 360, in _rewrite_test\n    co = compile(tree, fn_, \"exec\", dont_inherit=True)\nTypeError: required field \"lineno\" missing from alias\n"
    },
    {
      "test_file": "testing/test_capture.py",
      "test_case": "test_capturing_and_logging_fundamentals[SysCapture(2,",
      "test_type": "PASS_TO_PASS",
      "exit_code": 1,
      "stdout": "",
      "stderr": "Traceback (most recent call last):\n  File \"/usr/local/bin/pytest\", line 8, in <module>\n    sys.exit(console_main())\n  File \"/app/repo/src/_pytest/config/__init__.py\", line 180, in console_main\n    code = main()\n  File \"/app/repo/src/_pytest/config/__init__.py\", line 136, in main\n    config = _prepareconfig(args, plugins)\n  File \"/app/repo/src/_pytest/config/__init__.py\", line 313, in _prepareconfig\n    config = pluginmanager.hook.pytest_cmdline_parse(\n  File \"/usr/local/lib/python3.10/site-packages/pluggy/hooks.py\", line 286, in __call__\n    return self._hookexec(self, self.get_hookimpls(), kwargs)\n  File \"/usr/local/lib/python3.10/site-packages/pluggy/manager.py\", line 93, in _hookexec\n    return self._inner_hookexec(hook, methods, kwargs)\n  File \"/usr/local/lib/python3.10/site-packages/pluggy/manager.py\", line 84, in <lambda>\n    self._inner_hookexec = lambda hook, methods, kwargs: hook.multicall(\n  File \"/usr/local/lib/python3.10/site-packages/pluggy/callers.py\", line 203, in _multicall\n    gen.send(outcome)\n  File \"/app/repo/src/_pytest/helpconfig.py\", line 99, in pytest_cmdline_parse\n    config = outcome.get_result()  # type: Config\n  File \"/usr/local/lib/python3.10/site-packages/pluggy/callers.py\", line 80, in get_result\n    raise ex[1].with_traceback(ex[2])\n  File \"/usr/local/lib/python3.10/site-packages/pluggy/callers.py\", line 187, in _multicall\n    res = hook_impl.function(*args)\n  File \"/app/repo/src/_pytest/config/__init__.py\", line 932, in pytest_cmdline_parse\n    self.parse(args)\n  File \"/app/repo/src/_pytest/config/__init__.py\", line 1204, in parse\n    self._preparse(args, addopts=addopts)\n  File \"/app/repo/src/_pytest/config/__init__.py\", line 1093, in _preparse\n    self.pluginmanager.consider_preparse(args, exclude_only=False)\n  File \"/app/repo/src/_pytest/config/__init__.py\", line 622, in consider_preparse\n    self.consider_pluginarg(parg)\n  File \"/app/repo/src/_pytest/config/__init__.py\", line 647, in consider_pluginarg\n    self.import_plugin(arg, consider_entry_points=True)\n  File \"/app/repo/src/_pytest/config/__init__.py\", line 689, in import_plugin\n    __import__(importspec)\n  File \"<frozen importlib._bootstrap>\", line 1027, in _find_and_load\n  File \"<frozen importlib._bootstrap>\", line 1006, in _find_and_load_unlocked\n  File \"<frozen importlib._bootstrap>\", line 688, in _load_unlocked\n  File \"/app/repo/src/_pytest/assertion/rewrite.py\", line 161, in exec_module\n    source_stat, co = _rewrite_test(fn, self.config)\n  File \"/app/repo/src/_pytest/assertion/rewrite.py\", line 360, in _rewrite_test\n    co = compile(tree, fn_, \"exec\", dont_inherit=True)\nTypeError: required field \"lineno\" missing from alias\n"
    },
    {
      "test_file": "testing/test_capture.py",
      "test_case": "test_capturing_and_logging_fundamentals[FDCapture(2)]",
      "test_type": "PASS_TO_PASS",
      "exit_code": 1,
      "stdout": "",
      "stderr": "Traceback (most recent call last):\n  File \"/usr/local/bin/pytest\", line 8, in <module>\n    sys.exit(console_main())\n  File \"/app/repo/src/_pytest/config/__init__.py\", line 180, in console_main\n    code = main()\n  File \"/app/repo/src/_pytest/config/__init__.py\", line 136, in main\n    config = _prepareconfig(args, plugins)\n  File \"/app/repo/src/_pytest/config/__init__.py\", line 313, in _prepareconfig\n    config = pluginmanager.hook.pytest_cmdline_parse(\n  File \"/usr/local/lib/python3.10/site-packages/pluggy/hooks.py\", line 286, in __call__\n    return self._hookexec(self, self.get_hookimpls(), kwargs)\n  File \"/usr/local/lib/python3.10/site-packages/pluggy/manager.py\", line 93, in _hookexec\n    return self._inner_hookexec(hook, methods, kwargs)\n  File \"/usr/local/lib/python3.10/site-packages/pluggy/manager.py\", line 84, in <lambda>\n    self._inner_hookexec = lambda hook, methods, kwargs: hook.multicall(\n  File \"/usr/local/lib/python3.10/site-packages/pluggy/callers.py\", line 203, in _multicall\n    gen.send(outcome)\n  File \"/app/repo/src/_pytest/helpconfig.py\", line 99, in pytest_cmdline_parse\n    config = outcome.get_result()  # type: Config\n  File \"/usr/local/lib/python3.10/site-packages/pluggy/callers.py\", line 80, in get_result\n    raise ex[1].with_traceback(ex[2])\n  File \"/usr/local/lib/python3.10/site-packages/pluggy/callers.py\", line 187, in _multicall\n    res = hook_impl.function(*args)\n  File \"/app/repo/src/_pytest/config/__init__.py\", line 932, in pytest_cmdline_parse\n    self.parse(args)\n  File \"/app/repo/src/_pytest/config/__init__.py\", line 1204, in parse\n    self._preparse(args, addopts=addopts)\n  File \"/app/repo/src/_pytest/config/__init__.py\", line 1093, in _preparse\n    self.pluginmanager.consider_preparse(args, exclude_only=False)\n  File \"/app/repo/src/_pytest/config/__init__.py\", line 622, in consider_preparse\n    self.consider_pluginarg(parg)\n  File \"/app/repo/src/_pytest/config/__init__.py\", line 647, in consider_pluginarg\n    self.import_plugin(arg, consider_entry_points=True)\n  File \"/app/repo/src/_pytest/config/__init__.py\", line 689, in import_plugin\n    __import__(importspec)\n  File \"<frozen importlib._bootstrap>\", line 1027, in _find_and_load\n  File \"<frozen importlib._bootstrap>\", line 1006, in _find_and_load_unlocked\n  File \"<frozen importlib._bootstrap>\", line 688, in _load_unlocked\n  File \"/app/repo/src/_pytest/assertion/rewrite.py\", line 161, in exec_module\n    source_stat, co = _rewrite_test(fn, self.config)\n  File \"/app/repo/src/_pytest/assertion/rewrite.py\", line 360, in _rewrite_test\n    co = compile(tree, fn_, \"exec\", dont_inherit=True)\nTypeError: required field \"lineno\" missing from alias\n"
    },
    {
      "test_file": "testing/test_capture.py",
      "test_case": "test_error_attribute_issue555",
      "test_type": "PASS_TO_PASS",
      "exit_code": 1,
      "stdout": "",
      "stderr": "Traceback (most recent call last):\n  File \"/usr/local/bin/pytest\", line 8, in <module>\n    sys.exit(console_main())\n  File \"/app/repo/src/_pytest/config/__init__.py\", line 180, in console_main\n    code = main()\n  File \"/app/repo/src/_pytest/config/__init__.py\", line 136, in main\n    config = _prepareconfig(args, plugins)\n  File \"/app/repo/src/_pytest/config/__init__.py\", line 313, in _prepareconfig\n    config = pluginmanager.hook.pytest_cmdline_parse(\n  File \"/usr/local/lib/python3.10/site-packages/pluggy/hooks.py\", line 286, in __call__\n    return self._hookexec(self, self.get_hookimpls(), kwargs)\n  File \"/usr/local/lib/python3.10/site-packages/pluggy/manager.py\", line 93, in _hookexec\n    return self._inner_hookexec(hook, methods, kwargs)\n  File \"/usr/local/lib/python3.10/site-packages/pluggy/manager.py\", line 84, in <lambda>\n    self._inner_hookexec = lambda hook, methods, kwargs: hook.multicall(\n  File \"/usr/local/lib/python3.10/site-packages/pluggy/callers.py\", line 203, in _multicall\n    gen.send(outcome)\n  File \"/app/repo/src/_pytest/helpconfig.py\", line 99, in pytest_cmdline_parse\n    config = outcome.get_result()  # type: Config\n  File \"/usr/local/lib/python3.10/site-packages/pluggy/callers.py\", line 80, in get_result\n    raise ex[1].with_traceback(ex[2])\n  File \"/usr/local/lib/python3.10/site-packages/pluggy/callers.py\", line 187, in _multicall\n    res = hook_impl.function(*args)\n  File \"/app/repo/src/_pytest/config/__init__.py\", line 932, in pytest_cmdline_parse\n    self.parse(args)\n  File \"/app/repo/src/_pytest/config/__init__.py\", line 1204, in parse\n    self._preparse(args, addopts=addopts)\n  File \"/app/repo/src/_pytest/config/__init__.py\", line 1093, in _preparse\n    self.pluginmanager.consider_preparse(args, exclude_only=False)\n  File \"/app/repo/src/_pytest/config/__init__.py\", line 622, in consider_preparse\n    self.consider_pluginarg(parg)\n  File \"/app/repo/src/_pytest/config/__init__.py\", line 647, in consider_pluginarg\n    self.import_plugin(arg, consider_entry_points=True)\n  File \"/app/repo/src/_pytest/config/__init__.py\", line 689, in import_plugin\n    __import__(importspec)\n  File \"<frozen importlib._bootstrap>\", line 1027, in _find_and_load\n  File \"<frozen importlib._bootstrap>\", line 1006, in _find_and_load_unlocked\n  File \"<frozen importlib._bootstrap>\", line 688, in _load_unlocked\n  File \"/app/repo/src/_pytest/assertion/rewrite.py\", line 161, in exec_module\n    source_stat, co = _rewrite_test(fn, self.config)\n  File \"/app/repo/src/_pytest/assertion/rewrite.py\", line 360, in _rewrite_test\n    co = compile(tree, fn_, \"exec\", dont_inherit=True)\nTypeError: required field \"lineno\" missing from alias\n"
    },
    {
      "test_file": "testing/test_capture.py",
      "test_case": "test_dontreadfrominput_has_encoding",
      "test_type": "PASS_TO_PASS",
      "exit_code": 1,
      "stdout": "",
      "stderr": "Traceback (most recent call last):\n  File \"/usr/local/bin/pytest\", line 8, in <module>\n    sys.exit(console_main())\n  File \"/app/repo/src/_pytest/config/__init__.py\", line 180, in console_main\n    code = main()\n  File \"/app/repo/src/_pytest/config/__init__.py\", line 136, in main\n    config = _prepareconfig(args, plugins)\n  File \"/app/repo/src/_pytest/config/__init__.py\", line 313, in _prepareconfig\n    config = pluginmanager.hook.pytest_cmdline_parse(\n  File \"/usr/local/lib/python3.10/site-packages/pluggy/hooks.py\", line 286, in __call__\n    return self._hookexec(self, self.get_hookimpls(), kwargs)\n  File \"/usr/local/lib/python3.10/site-packages/pluggy/manager.py\", line 93, in _hookexec\n    return self._inner_hookexec(hook, methods, kwargs)\n  File \"/usr/local/lib/python3.10/site-packages/pluggy/manager.py\", line 84, in <lambda>\n    self._inner_hookexec = lambda hook, methods, kwargs: hook.multicall(\n  File \"/usr/local/lib/python3.10/site-packages/pluggy/callers.py\", line 203, in _multicall\n    gen.send(outcome)\n  File \"/app/repo/src/_pytest/helpconfig.py\", line 99, in pytest_cmdline_parse\n    config = outcome.get_result()  # type: Config\n  File \"/usr/local/lib/python3.10/site-packages/pluggy/callers.py\", line 80, in get_result\n    raise ex[1].with_traceback(ex[2])\n  File \"/usr/local/lib/python3.10/site-packages/pluggy/callers.py\", line 187, in _multicall\n    res = hook_impl.function(*args)\n  File \"/app/repo/src/_pytest/config/__init__.py\", line 932, in pytest_cmdline_parse\n    self.parse(args)\n  File \"/app/repo/src/_pytest/config/__init__.py\", line 1204, in parse\n    self._preparse(args, addopts=addopts)\n  File \"/app/repo/src/_pytest/config/__init__.py\", line 1093, in _preparse\n    self.pluginmanager.consider_preparse(args, exclude_only=False)\n  File \"/app/repo/src/_pytest/config/__init__.py\", line 622, in consider_preparse\n    self.consider_pluginarg(parg)\n  File \"/app/repo/src/_pytest/config/__init__.py\", line 647, in consider_pluginarg\n    self.import_plugin(arg, consider_entry_points=True)\n  File \"/app/repo/src/_pytest/config/__init__.py\", line 689, in import_plugin\n    __import__(importspec)\n  File \"<frozen importlib._bootstrap>\", line 1027, in _find_and_load\n  File \"<frozen importlib._bootstrap>\", line 1006, in _find_and_load_unlocked\n  File \"<frozen importlib._bootstrap>\", line 688, in _load_unlocked\n  File \"/app/repo/src/_pytest/assertion/rewrite.py\", line 161, in exec_module\n    source_stat, co = _rewrite_test(fn, self.config)\n  File \"/app/repo/src/_pytest/assertion/rewrite.py\", line 360, in _rewrite_test\n    co = compile(tree, fn_, \"exec\", dont_inherit=True)\nTypeError: required field \"lineno\" missing from alias\n"
    },
    {
      "test_file": "testing/test_capture.py",
      "test_case": "test_typeerror_encodedfile_write",
      "test_type": "PASS_TO_PASS",
      "exit_code": 1,
      "stdout": "",
      "stderr": "Traceback (most recent call last):\n  File \"/usr/local/bin/pytest\", line 8, in <module>\n    sys.exit(console_main())\n  File \"/app/repo/src/_pytest/config/__init__.py\", line 180, in console_main\n    code = main()\n  File \"/app/repo/src/_pytest/config/__init__.py\", line 136, in main\n    config = _prepareconfig(args, plugins)\n  File \"/app/repo/src/_pytest/config/__init__.py\", line 313, in _prepareconfig\n    config = pluginmanager.hook.pytest_cmdline_parse(\n  File \"/usr/local/lib/python3.10/site-packages/pluggy/hooks.py\", line 286, in __call__\n    return self._hookexec(self, self.get_hookimpls(), kwargs)\n  File \"/usr/local/lib/python3.10/site-packages/pluggy/manager.py\", line 93, in _hookexec\n    return self._inner_hookexec(hook, methods, kwargs)\n  File \"/usr/local/lib/python3.10/site-packages/pluggy/manager.py\", line 84, in <lambda>\n    self._inner_hookexec = lambda hook, methods, kwargs: hook.multicall(\n  File \"/usr/local/lib/python3.10/site-packages/pluggy/callers.py\", line 203, in _multicall\n    gen.send(outcome)\n  File \"/app/repo/src/_pytest/helpconfig.py\", line 99, in pytest_cmdline_parse\n    config = outcome.get_result()  # type: Config\n  File \"/usr/local/lib/python3.10/site-packages/pluggy/callers.py\", line 80, in get_result\n    raise ex[1].with_traceback(ex[2])\n  File \"/usr/local/lib/python3.10/site-packages/pluggy/callers.py\", line 187, in _multicall\n    res = hook_impl.function(*args)\n  File \"/app/repo/src/_pytest/config/__init__.py\", line 932, in pytest_cmdline_parse\n    self.parse(args)\n  File \"/app/repo/src/_pytest/config/__init__.py\", line 1204, in parse\n    self._preparse(args, addopts=addopts)\n  File \"/app/repo/src/_pytest/config/__init__.py\", line 1093, in _preparse\n    self.pluginmanager.consider_preparse(args, exclude_only=False)\n  File \"/app/repo/src/_pytest/config/__init__.py\", line 622, in consider_preparse\n    self.consider_pluginarg(parg)\n  File \"/app/repo/src/_pytest/config/__init__.py\", line 647, in consider_pluginarg\n    self.import_plugin(arg, consider_entry_points=True)\n  File \"/app/repo/src/_pytest/config/__init__.py\", line 689, in import_plugin\n    __import__(importspec)\n  File \"<frozen importlib._bootstrap>\", line 1027, in _find_and_load\n  File \"<frozen importlib._bootstrap>\", line 1006, in _find_and_load_unlocked\n  File \"<frozen importlib._bootstrap>\", line 688, in _load_unlocked\n  File \"/app/repo/src/_pytest/assertion/rewrite.py\", line 161, in exec_module\n    source_stat, co = _rewrite_test(fn, self.config)\n  File \"/app/repo/src/_pytest/assertion/rewrite.py\", line 360, in _rewrite_test\n    co = compile(tree, fn_, \"exec\", dont_inherit=True)\nTypeError: required field \"lineno\" missing from alias\n"
    },
    {
      "test_file": "testing/test_capture.py",
      "test_case": "test_encodedfile_writelines",
      "test_type": "PASS_TO_PASS",
      "exit_code": 1,
      "stdout": "",
      "stderr": "Traceback (most recent call last):\n  File \"/usr/local/bin/pytest\", line 8, in <module>\n    sys.exit(console_main())\n  File \"/app/repo/src/_pytest/config/__init__.py\", line 180, in console_main\n    code = main()\n  File \"/app/repo/src/_pytest/config/__init__.py\", line 136, in main\n    config = _prepareconfig(args, plugins)\n  File \"/app/repo/src/_pytest/config/__init__.py\", line 313, in _prepareconfig\n    config = pluginmanager.hook.pytest_cmdline_parse(\n  File \"/usr/local/lib/python3.10/site-packages/pluggy/hooks.py\", line 286, in __call__\n    return self._hookexec(self, self.get_hookimpls(), kwargs)\n  File \"/usr/local/lib/python3.10/site-packages/pluggy/manager.py\", line 93, in _hookexec\n    return self._inner_hookexec(hook, methods, kwargs)\n  File \"/usr/local/lib/python3.10/site-packages/pluggy/manager.py\", line 84, in <lambda>\n    self._inner_hookexec = lambda hook, methods, kwargs: hook.multicall(\n  File \"/usr/local/lib/python3.10/site-packages/pluggy/callers.py\", line 203, in _multicall\n    gen.send(outcome)\n  File \"/app/repo/src/_pytest/helpconfig.py\", line 99, in pytest_cmdline_parse\n    config = outcome.get_result()  # type: Config\n  File \"/usr/local/lib/python3.10/site-packages/pluggy/callers.py\", line 80, in get_result\n    raise ex[1].with_traceback(ex[2])\n  File \"/usr/local/lib/python3.10/site-packages/pluggy/callers.py\", line 187, in _multicall\n    res = hook_impl.function(*args)\n  File \"/app/repo/src/_pytest/config/__init__.py\", line 932, in pytest_cmdline_parse\n    self.parse(args)\n  File \"/app/repo/src/_pytest/config/__init__.py\", line 1204, in parse\n    self._preparse(args, addopts=addopts)\n  File \"/app/repo/src/_pytest/config/__init__.py\", line 1093, in _preparse\n    self.pluginmanager.consider_preparse(args, exclude_only=False)\n  File \"/app/repo/src/_pytest/config/__init__.py\", line 622, in consider_preparse\n    self.consider_pluginarg(parg)\n  File \"/app/repo/src/_pytest/config/__init__.py\", line 647, in consider_pluginarg\n    self.import_plugin(arg, consider_entry_points=True)\n  File \"/app/repo/src/_pytest/config/__init__.py\", line 689, in import_plugin\n    __import__(importspec)\n  File \"<frozen importlib._bootstrap>\", line 1027, in _find_and_load\n  File \"<frozen importlib._bootstrap>\", line 1006, in _find_and_load_unlocked\n  File \"<frozen importlib._bootstrap>\", line 688, in _load_unlocked\n  File \"/app/repo/src/_pytest/assertion/rewrite.py\", line 161, in exec_module\n    source_stat, co = _rewrite_test(fn, self.config)\n  File \"/app/repo/src/_pytest/assertion/rewrite.py\", line 360, in _rewrite_test\n    co = compile(tree, fn_, \"exec\", dont_inherit=True)\nTypeError: required field \"lineno\" missing from alias\n"
    },
    {
      "test_file": "testing/test_capture.py",
      "test_case": "test_error_during_readouterr",
      "test_type": "PASS_TO_PASS",
      "exit_code": 1,
      "stdout": "",
      "stderr": "Traceback (most recent call last):\n  File \"/usr/local/bin/pytest\", line 8, in <module>\n    sys.exit(console_main())\n  File \"/app/repo/src/_pytest/config/__init__.py\", line 180, in console_main\n    code = main()\n  File \"/app/repo/src/_pytest/config/__init__.py\", line 136, in main\n    config = _prepareconfig(args, plugins)\n  File \"/app/repo/src/_pytest/config/__init__.py\", line 313, in _prepareconfig\n    config = pluginmanager.hook.pytest_cmdline_parse(\n  File \"/usr/local/lib/python3.10/site-packages/pluggy/hooks.py\", line 286, in __call__\n    return self._hookexec(self, self.get_hookimpls(), kwargs)\n  File \"/usr/local/lib/python3.10/site-packages/pluggy/manager.py\", line 93, in _hookexec\n    return self._inner_hookexec(hook, methods, kwargs)\n  File \"/usr/local/lib/python3.10/site-packages/pluggy/manager.py\", line 84, in <lambda>\n    self._inner_hookexec = lambda hook, methods, kwargs: hook.multicall(\n  File \"/usr/local/lib/python3.10/site-packages/pluggy/callers.py\", line 203, in _multicall\n    gen.send(outcome)\n  File \"/app/repo/src/_pytest/helpconfig.py\", line 99, in pytest_cmdline_parse\n    config = outcome.get_result()  # type: Config\n  File \"/usr/local/lib/python3.10/site-packages/pluggy/callers.py\", line 80, in get_result\n    raise ex[1].with_traceback(ex[2])\n  File \"/usr/local/lib/python3.10/site-packages/pluggy/callers.py\", line 187, in _multicall\n    res = hook_impl.function(*args)\n  File \"/app/repo/src/_pytest/config/__init__.py\", line 932, in pytest_cmdline_parse\n    self.parse(args)\n  File \"/app/repo/src/_pytest/config/__init__.py\", line 1204, in parse\n    self._preparse(args, addopts=addopts)\n  File \"/app/repo/src/_pytest/config/__init__.py\", line 1093, in _preparse\n    self.pluginmanager.consider_preparse(args, exclude_only=False)\n  File \"/app/repo/src/_pytest/config/__init__.py\", line 622, in consider_preparse\n    self.consider_pluginarg(parg)\n  File \"/app/repo/src/_pytest/config/__init__.py\", line 647, in consider_pluginarg\n    self.import_plugin(arg, consider_entry_points=True)\n  File \"/app/repo/src/_pytest/config/__init__.py\", line 689, in import_plugin\n    __import__(importspec)\n  File \"<frozen importlib._bootstrap>\", line 1027, in _find_and_load\n  File \"<frozen importlib._bootstrap>\", line 1006, in _find_and_load_unlocked\n  File \"<frozen importlib._bootstrap>\", line 688, in _load_unlocked\n  File \"/app/repo/src/_pytest/assertion/rewrite.py\", line 161, in exec_module\n    source_stat, co = _rewrite_test(fn, self.config)\n  File \"/app/repo/src/_pytest/assertion/rewrite.py\", line 360, in _rewrite_test\n    co = compile(tree, fn_, \"exec\", dont_inherit=True)\nTypeError: required field \"lineno\" missing from alias\n"
    },
    {
      "test_file": "testing/test_capture.py",
      "test_case": "test_close_and_capture_again",
      "test_type": "PASS_TO_PASS",
      "exit_code": 1,
      "stdout": "",
      "stderr": "Traceback (most recent call last):\n  File \"/usr/local/bin/pytest\", line 8, in <module>\n    sys.exit(console_main())\n  File \"/app/repo/src/_pytest/config/__init__.py\", line 180, in console_main\n    code = main()\n  File \"/app/repo/src/_pytest/config/__init__.py\", line 136, in main\n    config = _prepareconfig(args, plugins)\n  File \"/app/repo/src/_pytest/config/__init__.py\", line 313, in _prepareconfig\n    config = pluginmanager.hook.pytest_cmdline_parse(\n  File \"/usr/local/lib/python3.10/site-packages/pluggy/hooks.py\", line 286, in __call__\n    return self._hookexec(self, self.get_hookimpls(), kwargs)\n  File \"/usr/local/lib/python3.10/site-packages/pluggy/manager.py\", line 93, in _hookexec\n    return self._inner_hookexec(hook, methods, kwargs)\n  File \"/usr/local/lib/python3.10/site-packages/pluggy/manager.py\", line 84, in <lambda>\n    self._inner_hookexec = lambda hook, methods, kwargs: hook.multicall(\n  File \"/usr/local/lib/python3.10/site-packages/pluggy/callers.py\", line 203, in _multicall\n    gen.send(outcome)\n  File \"/app/repo/src/_pytest/helpconfig.py\", line 99, in pytest_cmdline_parse\n    config = outcome.get_result()  # type: Config\n  File \"/usr/local/lib/python3.10/site-packages/pluggy/callers.py\", line 80, in get_result\n    raise ex[1].with_traceback(ex[2])\n  File \"/usr/local/lib/python3.10/site-packages/pluggy/callers.py\", line 187, in _multicall\n    res = hook_impl.function(*args)\n  File \"/app/repo/src/_pytest/config/__init__.py\", line 932, in pytest_cmdline_parse\n    self.parse(args)\n  File \"/app/repo/src/_pytest/config/__init__.py\", line 1204, in parse\n    self._preparse(args, addopts=addopts)\n  File \"/app/repo/src/_pytest/config/__init__.py\", line 1093, in _preparse\n    self.pluginmanager.consider_preparse(args, exclude_only=False)\n  File \"/app/repo/src/_pytest/config/__init__.py\", line 622, in consider_preparse\n    self.consider_pluginarg(parg)\n  File \"/app/repo/src/_pytest/config/__init__.py\", line 647, in consider_pluginarg\n    self.import_plugin(arg, consider_entry_points=True)\n  File \"/app/repo/src/_pytest/config/__init__.py\", line 689, in import_plugin\n    __import__(importspec)\n  File \"<frozen importlib._bootstrap>\", line 1027, in _find_and_load\n  File \"<frozen importlib._bootstrap>\", line 1006, in _find_and_load_unlocked\n  File \"<frozen importlib._bootstrap>\", line 688, in _load_unlocked\n  File \"/app/repo/src/_pytest/assertion/rewrite.py\", line 161, in exec_module\n    source_stat, co = _rewrite_test(fn, self.config)\n  File \"/app/repo/src/_pytest/assertion/rewrite.py\", line 360, in _rewrite_test\n    co = compile(tree, fn_, \"exec\", dont_inherit=True)\nTypeError: required field \"lineno\" missing from alias\n"
    },
    {
      "test_file": "testing/test_capture.py",
      "test_case": "test_crash_on_closing_tmpfile_py27",
      "test_type": "PASS_TO_PASS",
      "exit_code": 1,
      "stdout": "",
      "stderr": "Traceback (most recent call last):\n  File \"/usr/local/bin/pytest\", line 8, in <module>\n    sys.exit(console_main())\n  File \"/app/repo/src/_pytest/config/__init__.py\", line 180, in console_main\n    code = main()\n  File \"/app/repo/src/_pytest/config/__init__.py\", line 136, in main\n    config = _prepareconfig(args, plugins)\n  File \"/app/repo/src/_pytest/config/__init__.py\", line 313, in _prepareconfig\n    config = pluginmanager.hook.pytest_cmdline_parse(\n  File \"/usr/local/lib/python3.10/site-packages/pluggy/hooks.py\", line 286, in __call__\n    return self._hookexec(self, self.get_hookimpls(), kwargs)\n  File \"/usr/local/lib/python3.10/site-packages/pluggy/manager.py\", line 93, in _hookexec\n    return self._inner_hookexec(hook, methods, kwargs)\n  File \"/usr/local/lib/python3.10/site-packages/pluggy/manager.py\", line 84, in <lambda>\n    self._inner_hookexec = lambda hook, methods, kwargs: hook.multicall(\n  File \"/usr/local/lib/python3.10/site-packages/pluggy/callers.py\", line 203, in _multicall\n    gen.send(outcome)\n  File \"/app/repo/src/_pytest/helpconfig.py\", line 99, in pytest_cmdline_parse\n    config = outcome.get_result()  # type: Config\n  File \"/usr/local/lib/python3.10/site-packages/pluggy/callers.py\", line 80, in get_result\n    raise ex[1].with_traceback(ex[2])\n  File \"/usr/local/lib/python3.10/site-packages/pluggy/callers.py\", line 187, in _multicall\n    res = hook_impl.function(*args)\n  File \"/app/repo/src/_pytest/config/__init__.py\", line 932, in pytest_cmdline_parse\n    self.parse(args)\n  File \"/app/repo/src/_pytest/config/__init__.py\", line 1204, in parse\n    self._preparse(args, addopts=addopts)\n  File \"/app/repo/src/_pytest/config/__init__.py\", line 1093, in _preparse\n    self.pluginmanager.consider_preparse(args, exclude_only=False)\n  File \"/app/repo/src/_pytest/config/__init__.py\", line 622, in consider_preparse\n    self.consider_pluginarg(parg)\n  File \"/app/repo/src/_pytest/config/__init__.py\", line 647, in consider_pluginarg\n    self.import_plugin(arg, consider_entry_points=True)\n  File \"/app/repo/src/_pytest/config/__init__.py\", line 689, in import_plugin\n    __import__(importspec)\n  File \"<frozen importlib._bootstrap>\", line 1027, in _find_and_load\n  File \"<frozen importlib._bootstrap>\", line 1006, in _find_and_load_unlocked\n  File \"<frozen importlib._bootstrap>\", line 688, in _load_unlocked\n  File \"/app/repo/src/_pytest/assertion/rewrite.py\", line 161, in exec_module\n    source_stat, co = _rewrite_test(fn, self.config)\n  File \"/app/repo/src/_pytest/assertion/rewrite.py\", line 360, in _rewrite_test\n    co = compile(tree, fn_, \"exec\", dont_inherit=True)\nTypeError: required field \"lineno\" missing from alias\n"
    },
    {
      "test_file": "testing/test_capture.py",
      "test_case": "test_global_capture_with_live_logging",
      "test_type": "PASS_TO_PASS",
      "exit_code": 1,
      "stdout": "",
      "stderr": "Traceback (most recent call last):\n  File \"/usr/local/bin/pytest\", line 8, in <module>\n    sys.exit(console_main())\n  File \"/app/repo/src/_pytest/config/__init__.py\", line 180, in console_main\n    code = main()\n  File \"/app/repo/src/_pytest/config/__init__.py\", line 136, in main\n    config = _prepareconfig(args, plugins)\n  File \"/app/repo/src/_pytest/config/__init__.py\", line 313, in _prepareconfig\n    config = pluginmanager.hook.pytest_cmdline_parse(\n  File \"/usr/local/lib/python3.10/site-packages/pluggy/hooks.py\", line 286, in __call__\n    return self._hookexec(self, self.get_hookimpls(), kwargs)\n  File \"/usr/local/lib/python3.10/site-packages/pluggy/manager.py\", line 93, in _hookexec\n    return self._inner_hookexec(hook, methods, kwargs)\n  File \"/usr/local/lib/python3.10/site-packages/pluggy/manager.py\", line 84, in <lambda>\n    self._inner_hookexec = lambda hook, methods, kwargs: hook.multicall(\n  File \"/usr/local/lib/python3.10/site-packages/pluggy/callers.py\", line 203, in _multicall\n    gen.send(outcome)\n  File \"/app/repo/src/_pytest/helpconfig.py\", line 99, in pytest_cmdline_parse\n    config = outcome.get_result()  # type: Config\n  File \"/usr/local/lib/python3.10/site-packages/pluggy/callers.py\", line 80, in get_result\n    raise ex[1].with_traceback(ex[2])\n  File \"/usr/local/lib/python3.10/site-packages/pluggy/callers.py\", line 187, in _multicall\n    res = hook_impl.function(*args)\n  File \"/app/repo/src/_pytest/config/__init__.py\", line 932, in pytest_cmdline_parse\n    self.parse(args)\n  File \"/app/repo/src/_pytest/config/__init__.py\", line 1204, in parse\n    self._preparse(args, addopts=addopts)\n  File \"/app/repo/src/_pytest/config/__init__.py\", line 1093, in _preparse\n    self.pluginmanager.consider_preparse(args, exclude_only=False)\n  File \"/app/repo/src/_pytest/config/__init__.py\", line 622, in consider_preparse\n    self.consider_pluginarg(parg)\n  File \"/app/repo/src/_pytest/config/__init__.py\", line 647, in consider_pluginarg\n    self.import_plugin(arg, consider_entry_points=True)\n  File \"/app/repo/src/_pytest/config/__init__.py\", line 689, in import_plugin\n    __import__(importspec)\n  File \"<frozen importlib._bootstrap>\", line 1027, in _find_and_load\n  File \"<frozen importlib._bootstrap>\", line 1006, in _find_and_load_unlocked\n  File \"<frozen importlib._bootstrap>\", line 688, in _load_unlocked\n  File \"/app/repo/src/_pytest/assertion/rewrite.py\", line 161, in exec_module\n    source_stat, co = _rewrite_test(fn, self.config)\n  File \"/app/repo/src/_pytest/assertion/rewrite.py\", line 360, in _rewrite_test\n    co = compile(tree, fn_, \"exec\", dont_inherit=True)\nTypeError: required field \"lineno\" missing from alias\n"
    },
    {
      "test_file": "testing/test_capture.py",
      "test_case": "test_capture_with_live_logging[capsys]",
      "test_type": "PASS_TO_PASS",
      "exit_code": 1,
      "stdout": "",
      "stderr": "Traceback (most recent call last):\n  File \"/usr/local/bin/pytest\", line 8, in <module>\n    sys.exit(console_main())\n  File \"/app/repo/src/_pytest/config/__init__.py\", line 180, in console_main\n    code = main()\n  File \"/app/repo/src/_pytest/config/__init__.py\", line 136, in main\n    config = _prepareconfig(args, plugins)\n  File \"/app/repo/src/_pytest/config/__init__.py\", line 313, in _prepareconfig\n    config = pluginmanager.hook.pytest_cmdline_parse(\n  File \"/usr/local/lib/python3.10/site-packages/pluggy/hooks.py\", line 286, in __call__\n    return self._hookexec(self, self.get_hookimpls(), kwargs)\n  File \"/usr/local/lib/python3.10/site-packages/pluggy/manager.py\", line 93, in _hookexec\n    return self._inner_hookexec(hook, methods, kwargs)\n  File \"/usr/local/lib/python3.10/site-packages/pluggy/manager.py\", line 84, in <lambda>\n    self._inner_hookexec = lambda hook, methods, kwargs: hook.multicall(\n  File \"/usr/local/lib/python3.10/site-packages/pluggy/callers.py\", line 203, in _multicall\n    gen.send(outcome)\n  File \"/app/repo/src/_pytest/helpconfig.py\", line 99, in pytest_cmdline_parse\n    config = outcome.get_result()  # type: Config\n  File \"/usr/local/lib/python3.10/site-packages/pluggy/callers.py\", line 80, in get_result\n    raise ex[1].with_traceback(ex[2])\n  File \"/usr/local/lib/python3.10/site-packages/pluggy/callers.py\", line 187, in _multicall\n    res = hook_impl.function(*args)\n  File \"/app/repo/src/_pytest/config/__init__.py\", line 932, in pytest_cmdline_parse\n    self.parse(args)\n  File \"/app/repo/src/_pytest/config/__init__.py\", line 1204, in parse\n    self._preparse(args, addopts=addopts)\n  File \"/app/repo/src/_pytest/config/__init__.py\", line 1093, in _preparse\n    self.pluginmanager.consider_preparse(args, exclude_only=False)\n  File \"/app/repo/src/_pytest/config/__init__.py\", line 622, in consider_preparse\n    self.consider_pluginarg(parg)\n  File \"/app/repo/src/_pytest/config/__init__.py\", line 647, in consider_pluginarg\n    self.import_plugin(arg, consider_entry_points=True)\n  File \"/app/repo/src/_pytest/config/__init__.py\", line 689, in import_plugin\n    __import__(importspec)\n  File \"<frozen importlib._bootstrap>\", line 1027, in _find_and_load\n  File \"<frozen importlib._bootstrap>\", line 1006, in _find_and_load_unlocked\n  File \"<frozen importlib._bootstrap>\", line 688, in _load_unlocked\n  File \"/app/repo/src/_pytest/assertion/rewrite.py\", line 161, in exec_module\n    source_stat, co = _rewrite_test(fn, self.config)\n  File \"/app/repo/src/_pytest/assertion/rewrite.py\", line 360, in _rewrite_test\n    co = compile(tree, fn_, \"exec\", dont_inherit=True)\nTypeError: required field \"lineno\" missing from alias\n"
    },
    {
      "test_file": "testing/test_capture.py",
      "test_case": "test_capture_with_live_logging[capfd]",
      "test_type": "PASS_TO_PASS",
      "exit_code": 1,
      "stdout": "",
      "stderr": "Traceback (most recent call last):\n  File \"/usr/local/bin/pytest\", line 8, in <module>\n    sys.exit(console_main())\n  File \"/app/repo/src/_pytest/config/__init__.py\", line 180, in console_main\n    code = main()\n  File \"/app/repo/src/_pytest/config/__init__.py\", line 136, in main\n    config = _prepareconfig(args, plugins)\n  File \"/app/repo/src/_pytest/config/__init__.py\", line 313, in _prepareconfig\n    config = pluginmanager.hook.pytest_cmdline_parse(\n  File \"/usr/local/lib/python3.10/site-packages/pluggy/hooks.py\", line 286, in __call__\n    return self._hookexec(self, self.get_hookimpls(), kwargs)\n  File \"/usr/local/lib/python3.10/site-packages/pluggy/manager.py\", line 93, in _hookexec\n    return self._inner_hookexec(hook, methods, kwargs)\n  File \"/usr/local/lib/python3.10/site-packages/pluggy/manager.py\", line 84, in <lambda>\n    self._inner_hookexec = lambda hook, methods, kwargs: hook.multicall(\n  File \"/usr/local/lib/python3.10/site-packages/pluggy/callers.py\", line 203, in _multicall\n    gen.send(outcome)\n  File \"/app/repo/src/_pytest/helpconfig.py\", line 99, in pytest_cmdline_parse\n    config = outcome.get_result()  # type: Config\n  File \"/usr/local/lib/python3.10/site-packages/pluggy/callers.py\", line 80, in get_result\n    raise ex[1].with_traceback(ex[2])\n  File \"/usr/local/lib/python3.10/site-packages/pluggy/callers.py\", line 187, in _multicall\n    res = hook_impl.function(*args)\n  File \"/app/repo/src/_pytest/config/__init__.py\", line 932, in pytest_cmdline_parse\n    self.parse(args)\n  File \"/app/repo/src/_pytest/config/__init__.py\", line 1204, in parse\n    self._preparse(args, addopts=addopts)\n  File \"/app/repo/src/_pytest/config/__init__.py\", line 1093, in _preparse\n    self.pluginmanager.consider_preparse(args, exclude_only=False)\n  File \"/app/repo/src/_pytest/config/__init__.py\", line 622, in consider_preparse\n    self.consider_pluginarg(parg)\n  File \"/app/repo/src/_pytest/config/__init__.py\", line 647, in consider_pluginarg\n    self.import_plugin(arg, consider_entry_points=True)\n  File \"/app/repo/src/_pytest/config/__init__.py\", line 689, in import_plugin\n    __import__(importspec)\n  File \"<frozen importlib._bootstrap>\", line 1027, in _find_and_load\n  File \"<frozen importlib._bootstrap>\", line 1006, in _find_and_load_unlocked\n  File \"<frozen importlib._bootstrap>\", line 688, in _load_unlocked\n  File \"/app/repo/src/_pytest/assertion/rewrite.py\", line 161, in exec_module\n    source_stat, co = _rewrite_test(fn, self.config)\n  File \"/app/repo/src/_pytest/assertion/rewrite.py\", line 360, in _rewrite_test\n    co = compile(tree, fn_, \"exec\", dont_inherit=True)\nTypeError: required field \"lineno\" missing from alias\n"
    },
    {
      "test_file": "testing/test_capture.py",
      "test_case": "test_logging_while_collecting",
      "test_type": "PASS_TO_PASS",
      "exit_code": 1,
      "stdout": "",
      "stderr": "Traceback (most recent call last):\n  File \"/usr/local/bin/pytest\", line 8, in <module>\n    sys.exit(console_main())\n  File \"/app/repo/src/_pytest/config/__init__.py\", line 180, in console_main\n    code = main()\n  File \"/app/repo/src/_pytest/config/__init__.py\", line 136, in main\n    config = _prepareconfig(args, plugins)\n  File \"/app/repo/src/_pytest/config/__init__.py\", line 313, in _prepareconfig\n    config = pluginmanager.hook.pytest_cmdline_parse(\n  File \"/usr/local/lib/python3.10/site-packages/pluggy/hooks.py\", line 286, in __call__\n    return self._hookexec(self, self.get_hookimpls(), kwargs)\n  File \"/usr/local/lib/python3.10/site-packages/pluggy/manager.py\", line 93, in _hookexec\n    return self._inner_hookexec(hook, methods, kwargs)\n  File \"/usr/local/lib/python3.10/site-packages/pluggy/manager.py\", line 84, in <lambda>\n    self._inner_hookexec = lambda hook, methods, kwargs: hook.multicall(\n  File \"/usr/local/lib/python3.10/site-packages/pluggy/callers.py\", line 203, in _multicall\n    gen.send(outcome)\n  File \"/app/repo/src/_pytest/helpconfig.py\", line 99, in pytest_cmdline_parse\n    config = outcome.get_result()  # type: Config\n  File \"/usr/local/lib/python3.10/site-packages/pluggy/callers.py\", line 80, in get_result\n    raise ex[1].with_traceback(ex[2])\n  File \"/usr/local/lib/python3.10/site-packages/pluggy/callers.py\", line 187, in _multicall\n    res = hook_impl.function(*args)\n  File \"/app/repo/src/_pytest/config/__init__.py\", line 932, in pytest_cmdline_parse\n    self.parse(args)\n  File \"/app/repo/src/_pytest/config/__init__.py\", line 1204, in parse\n    self._preparse(args, addopts=addopts)\n  File \"/app/repo/src/_pytest/config/__init__.py\", line 1093, in _preparse\n    self.pluginmanager.consider_preparse(args, exclude_only=False)\n  File \"/app/repo/src/_pytest/config/__init__.py\", line 622, in consider_preparse\n    self.consider_pluginarg(parg)\n  File \"/app/repo/src/_pytest/config/__init__.py\", line 647, in consider_pluginarg\n    self.import_plugin(arg, consider_entry_points=True)\n  File \"/app/repo/src/_pytest/config/__init__.py\", line 689, in import_plugin\n    __import__(importspec)\n  File \"<frozen importlib._bootstrap>\", line 1027, in _find_and_load\n  File \"<frozen importlib._bootstrap>\", line 1006, in _find_and_load_unlocked\n  File \"<frozen importlib._bootstrap>\", line 688, in _load_unlocked\n  File \"/app/repo/src/_pytest/assertion/rewrite.py\", line 161, in exec_module\n    source_stat, co = _rewrite_test(fn, self.config)\n  File \"/app/repo/src/_pytest/assertion/rewrite.py\", line 360, in _rewrite_test\n    co = compile(tree, fn_, \"exec\", dont_inherit=True)\nTypeError: required field \"lineno\" missing from alias\n"
    }
  ]
}