{
  "instance_id": "pytest-dev__pytest-5262",
  "results": [
    {
      "test_file": "testing/test_capture.py",
      "test_case": "test_dontreadfrominput",
      "test_type": "PASS_TO_PASS",
      "exit_code": 1,
      "stdout": "",
      "stderr": "Traceback (most recent call last):\n  File \"<frozen importlib._bootstrap>\", line 939, in _find_spec\nAttributeError: 'AssertionRewritingHook' object has no attribute 'find_spec'\n\nDuring handling of the above exception, another exception occurred:\n\nTraceback (most recent call last):\n  File \"/usr/local/bin/pytest\", line 8, in <module>\n    sys.exit(main())\n  File \"/app/repo/src/_pytest/config/__init__.py\", line 60, in main\n    config = _prepareconfig(args, plugins)\n  File \"/app/repo/src/_pytest/config/__init__.py\", line 203, in _prepareconfig\n    return pluginmanager.hook.pytest_cmdline_parse(\n  File \"/usr/local/lib/python3.10/site-packages/pluggy/hooks.py\", line 286, in __call__\n    return self._hookexec(self, self.get_hookimpls(), kwargs)\n  File \"/usr/local/lib/python3.10/site-packages/pluggy/manager.py\", line 93, in _hookexec\n    return self._inner_hookexec(hook, methods, kwargs)\n  File \"/usr/local/lib/python3.10/site-packages/pluggy/manager.py\", line 84, in <lambda>\n    self._inner_hookexec = lambda hook, methods, kwargs: hook.multicall(\n  File \"/usr/local/lib/python3.10/site-packages/pluggy/callers.py\", line 203, in _multicall\n    gen.send(outcome)\n  File \"/app/repo/src/_pytest/helpconfig.py\", line 93, in pytest_cmdline_parse\n    config = outcome.get_result()\n  File \"/usr/local/lib/python3.10/site-packages/pluggy/callers.py\", line 80, in get_result\n    raise ex[1].with_traceback(ex[2])\n  File \"/usr/local/lib/python3.10/site-packages/pluggy/callers.py\", line 187, in _multicall\n    res = hook_impl.function(*args)\n  File \"/app/repo/src/_pytest/config/__init__.py\", line 684, in pytest_cmdline_parse\n    self.parse(args)\n  File \"/app/repo/src/_pytest/config/__init__.py\", line 901, in parse\n    self._preparse(args, addopts=addopts)\n  File \"/app/repo/src/_pytest/config/__init__.py\", line 842, in _preparse\n    self.pluginmanager.consider_preparse(args)\n  File \"/app/repo/src/_pytest/config/__init__.py\", line 496, in consider_preparse\n    self.consider_pluginarg(parg)\n  File \"/app/repo/src/_pytest/config/__init__.py\", line 521, in consider_pluginarg\n    self.import_plugin(arg, consider_entry_points=True)\n  File \"/app/repo/src/_pytest/config/__init__.py\", line 562, in import_plugin\n    __import__(importspec)\n  File \"<frozen importlib._bootstrap>\", line 1027, in _find_and_load\n  File \"<frozen importlib._bootstrap>\", line 1002, in _find_and_load_unlocked\n  File \"<frozen importlib._bootstrap>\", line 941, in _find_spec\n  File \"<frozen importlib._bootstrap>\", line 915, in _find_spec_legacy\n  File \"/app/repo/src/_pytest/assertion/rewrite.py\", line 166, in find_module\n    source_stat, co = _rewrite_test(self.config, fn_pypath)\n  File \"/app/repo/src/_pytest/assertion/rewrite.py\", line 421, in _rewrite_test\n    co = compile(tree, fn.strpath, \"exec\", dont_inherit=True)\nTypeError: required field \"lineno\" missing from alias\n"
    },
    {
      "test_file": "testing/test_capture.py",
      "test_case": "test_dontreadfrominput_buffer_python3",
      "test_type": "PASS_TO_PASS",
      "exit_code": 1,
      "stdout": "",
      "stderr": "Traceback (most recent call last):\n  File \"<frozen importlib._bootstrap>\", line 939, in _find_spec\nAttributeError: 'AssertionRewritingHook' object has no attribute 'find_spec'\n\nDuring handling of the above exception, another exception occurred:\n\nTraceback (most recent call last):\n  File \"/usr/local/bin/pytest\", line 8, in <module>\n    sys.exit(main())\n  File \"/app/repo/src/_pytest/config/__init__.py\", line 60, in main\n    config = _prepareconfig(args, plugins)\n  File \"/app/repo/src/_pytest/config/__init__.py\", line 203, in _prepareconfig\n    return pluginmanager.hook.pytest_cmdline_parse(\n  File \"/usr/local/lib/python3.10/site-packages/pluggy/hooks.py\", line 286, in __call__\n    return self._hookexec(self, self.get_hookimpls(), kwargs)\n  File \"/usr/local/lib/python3.10/site-packages/pluggy/manager.py\", line 93, in _hookexec\n    return self._inner_hookexec(hook, methods, kwargs)\n  File \"/usr/local/lib/python3.10/site-packages/pluggy/manager.py\", line 84, in <lambda>\n    self._inner_hookexec = lambda hook, methods, kwargs: hook.multicall(\n  File \"/usr/local/lib/python3.10/site-packages/pluggy/callers.py\", line 203, in _multicall\n    gen.send(outcome)\n  File \"/app/repo/src/_pytest/helpconfig.py\", line 93, in pytest_cmdline_parse\n    config = outcome.get_result()\n  File \"/usr/local/lib/python3.10/site-packages/pluggy/callers.py\", line 80, in get_result\n    raise ex[1].with_traceback(ex[2])\n  File \"/usr/local/lib/python3.10/site-packages/pluggy/callers.py\", line 187, in _multicall\n    res = hook_impl.function(*args)\n  File \"/app/repo/src/_pytest/config/__init__.py\", line 684, in pytest_cmdline_parse\n    self.parse(args)\n  File \"/app/repo/src/_pytest/config/__init__.py\", line 901, in parse\n    self._preparse(args, addopts=addopts)\n  File \"/app/repo/src/_pytest/config/__init__.py\", line 842, in _preparse\n    self.pluginmanager.consider_preparse(args)\n  File \"/app/repo/src/_pytest/config/__init__.py\", line 496, in consider_preparse\n    self.consider_pluginarg(parg)\n  File \"/app/repo/src/_pytest/config/__init__.py\", line 521, in consider_pluginarg\n    self.import_plugin(arg, consider_entry_points=True)\n  File \"/app/repo/src/_pytest/config/__init__.py\", line 562, in import_plugin\n    __import__(importspec)\n  File \"<frozen importlib._bootstrap>\", line 1027, in _find_and_load\n  File \"<frozen importlib._bootstrap>\", line 1002, in _find_and_load_unlocked\n  File \"<frozen importlib._bootstrap>\", line 941, in _find_spec\n  File \"<frozen importlib._bootstrap>\", line 915, in _find_spec_legacy\n  File \"/app/repo/src/_pytest/assertion/rewrite.py\", line 166, in find_module\n    source_stat, co = _rewrite_test(self.config, fn_pypath)\n  File \"/app/repo/src/_pytest/assertion/rewrite.py\", line 421, in _rewrite_test\n    co = compile(tree, fn.strpath, \"exec\", dont_inherit=True)\nTypeError: required field \"lineno\" missing from alias\n"
    },
    {
      "test_file": "testing/test_capture.py",
      "test_case": "test_dupfile_on_bytesio",
      "test_type": "PASS_TO_PASS",
      "exit_code": 1,
      "stdout": "",
      "stderr": "Traceback (most recent call last):\n  File \"<frozen importlib._bootstrap>\", line 939, in _find_spec\nAttributeError: 'AssertionRewritingHook' object has no attribute 'find_spec'\n\nDuring handling of the above exception, another exception occurred:\n\nTraceback (most recent call last):\n  File \"/usr/local/bin/pytest\", line 8, in <module>\n    sys.exit(main())\n  File \"/app/repo/src/_pytest/config/__init__.py\", line 60, in main\n    config = _prepareconfig(args, plugins)\n  File \"/app/repo/src/_pytest/config/__init__.py\", line 203, in _prepareconfig\n    return pluginmanager.hook.pytest_cmdline_parse(\n  File \"/usr/local/lib/python3.10/site-packages/pluggy/hooks.py\", line 286, in __call__\n    return self._hookexec(self, self.get_hookimpls(), kwargs)\n  File \"/usr/local/lib/python3.10/site-packages/pluggy/manager.py\", line 93, in _hookexec\n    return self._inner_hookexec(hook, methods, kwargs)\n  File \"/usr/local/lib/python3.10/site-packages/pluggy/manager.py\", line 84, in <lambda>\n    self._inner_hookexec = lambda hook, methods, kwargs: hook.multicall(\n  File \"/usr/local/lib/python3.10/site-packages/pluggy/callers.py\", line 203, in _multicall\n    gen.send(outcome)\n  File \"/app/repo/src/_pytest/helpconfig.py\", line 93, in pytest_cmdline_parse\n    config = outcome.get_result()\n  File \"/usr/local/lib/python3.10/site-packages/pluggy/callers.py\", line 80, in get_result\n    raise ex[1].with_traceback(ex[2])\n  File \"/usr/local/lib/python3.10/site-packages/pluggy/callers.py\", line 187, in _multicall\n    res = hook_impl.function(*args)\n  File \"/app/repo/src/_pytest/config/__init__.py\", line 684, in pytest_cmdline_parse\n    self.parse(args)\n  File \"/app/repo/src/_pytest/config/__init__.py\", line 901, in parse\n    self._preparse(args, addopts=addopts)\n  File \"/app/repo/src/_pytest/config/__init__.py\", line 842, in _preparse\n    self.pluginmanager.consider_preparse(args)\n  File \"/app/repo/src/_pytest/config/__init__.py\", line 496, in consider_preparse\n    self.consider_pluginarg(parg)\n  File \"/app/repo/src/_pytest/config/__init__.py\", line 521, in consider_pluginarg\n    self.import_plugin(arg, consider_entry_points=True)\n  File \"/app/repo/src/_pytest/config/__init__.py\", line 562, in import_plugin\n    __import__(importspec)\n  File \"<frozen importlib._bootstrap>\", line 1027, in _find_and_load\n  File \"<frozen importlib._bootstrap>\", line 1002, in _find_and_load_unlocked\n  File \"<frozen importlib._bootstrap>\", line 941, in _find_spec\n  File \"<frozen importlib._bootstrap>\", line 915, in _find_spec_legacy\n  File \"/app/repo/src/_pytest/assertion/rewrite.py\", line 166, in find_module\n    source_stat, co = _rewrite_test(self.config, fn_pypath)\n  File \"/app/repo/src/_pytest/assertion/rewrite.py\", line 421, in _rewrite_test\n    co = compile(tree, fn.strpath, \"exec\", dont_inherit=True)\nTypeError: required field \"lineno\" missing from alias\n"
    },
    {
      "test_file": "testing/test_capture.py",
      "test_case": "test_dupfile_on_textio",
      "test_type": "PASS_TO_PASS",
      "exit_code": 1,
      "stdout": "",
      "stderr": "Traceback (most recent call last):\n  File \"<frozen importlib._bootstrap>\", line 939, in _find_spec\nAttributeError: 'AssertionRewritingHook' object has no attribute 'find_spec'\n\nDuring handling of the above exception, another exception occurred:\n\nTraceback (most recent call last):\n  File \"/usr/local/bin/pytest\", line 8, in <module>\n    sys.exit(main())\n  File \"/app/repo/src/_pytest/config/__init__.py\", line 60, in main\n    config = _prepareconfig(args, plugins)\n  File \"/app/repo/src/_pytest/config/__init__.py\", line 203, in _prepareconfig\n    return pluginmanager.hook.pytest_cmdline_parse(\n  File \"/usr/local/lib/python3.10/site-packages/pluggy/hooks.py\", line 286, in __call__\n    return self._hookexec(self, self.get_hookimpls(), kwargs)\n  File \"/usr/local/lib/python3.10/site-packages/pluggy/manager.py\", line 93, in _hookexec\n    return self._inner_hookexec(hook, methods, kwargs)\n  File \"/usr/local/lib/python3.10/site-packages/pluggy/manager.py\", line 84, in <lambda>\n    self._inner_hookexec = lambda hook, methods, kwargs: hook.multicall(\n  File \"/usr/local/lib/python3.10/site-packages/pluggy/callers.py\", line 203, in _multicall\n    gen.send(outcome)\n  File \"/app/repo/src/_pytest/helpconfig.py\", line 93, in pytest_cmdline_parse\n    config = outcome.get_result()\n  File \"/usr/local/lib/python3.10/site-packages/pluggy/callers.py\", line 80, in get_result\n    raise ex[1].with_traceback(ex[2])\n  File \"/usr/local/lib/python3.10/site-packages/pluggy/callers.py\", line 187, in _multicall\n    res = hook_impl.function(*args)\n  File \"/app/repo/src/_pytest/config/__init__.py\", line 684, in pytest_cmdline_parse\n    self.parse(args)\n  File \"/app/repo/src/_pytest/config/__init__.py\", line 901, in parse\n    self._preparse(args, addopts=addopts)\n  File \"/app/repo/src/_pytest/config/__init__.py\", line 842, in _preparse\n    self.pluginmanager.consider_preparse(args)\n  File \"/app/repo/src/_pytest/config/__init__.py\", line 496, in consider_preparse\n    self.consider_pluginarg(parg)\n  File \"/app/repo/src/_pytest/config/__init__.py\", line 521, in consider_pluginarg\n    self.import_plugin(arg, consider_entry_points=True)\n  File \"/app/repo/src/_pytest/config/__init__.py\", line 562, in import_plugin\n    __import__(importspec)\n  File \"<frozen importlib._bootstrap>\", line 1027, in _find_and_load\n  File \"<frozen importlib._bootstrap>\", line 1002, in _find_and_load_unlocked\n  File \"<frozen importlib._bootstrap>\", line 941, in _find_spec\n  File \"<frozen importlib._bootstrap>\", line 915, in _find_spec_legacy\n  File \"/app/repo/src/_pytest/assertion/rewrite.py\", line 166, in find_module\n    source_stat, co = _rewrite_test(self.config, fn_pypath)\n  File \"/app/repo/src/_pytest/assertion/rewrite.py\", line 421, in _rewrite_test\n    co = compile(tree, fn.strpath, \"exec\", dont_inherit=True)\nTypeError: required field \"lineno\" missing from alias\n"
    },
    {
      "test_file": "testing/test_capture.py",
      "test_case": "test_capture_not_started_but_reset",
      "test_type": "PASS_TO_PASS",
      "exit_code": 1,
      "stdout": "",
      "stderr": "Traceback (most recent call last):\n  File \"<frozen importlib._bootstrap>\", line 939, in _find_spec\nAttributeError: 'AssertionRewritingHook' object has no attribute 'find_spec'\n\nDuring handling of the above exception, another exception occurred:\n\nTraceback (most recent call last):\n  File \"/usr/local/bin/pytest\", line 8, in <module>\n    sys.exit(main())\n  File \"/app/repo/src/_pytest/config/__init__.py\", line 60, in main\n    config = _prepareconfig(args, plugins)\n  File \"/app/repo/src/_pytest/config/__init__.py\", line 203, in _prepareconfig\n    return pluginmanager.hook.pytest_cmdline_parse(\n  File \"/usr/local/lib/python3.10/site-packages/pluggy/hooks.py\", line 286, in __call__\n    return self._hookexec(self, self.get_hookimpls(), kwargs)\n  File \"/usr/local/lib/python3.10/site-packages/pluggy/manager.py\", line 93, in _hookexec\n    return self._inner_hookexec(hook, methods, kwargs)\n  File \"/usr/local/lib/python3.10/site-packages/pluggy/manager.py\", line 84, in <lambda>\n    self._inner_hookexec = lambda hook, methods, kwargs: hook.multicall(\n  File \"/usr/local/lib/python3.10/site-packages/pluggy/callers.py\", line 203, in _multicall\n    gen.send(outcome)\n  File \"/app/repo/src/_pytest/helpconfig.py\", line 93, in pytest_cmdline_parse\n    config = outcome.get_result()\n  File \"/usr/local/lib/python3.10/site-packages/pluggy/callers.py\", line 80, in get_result\n    raise ex[1].with_traceback(ex[2])\n  File \"/usr/local/lib/python3.10/site-packages/pluggy/callers.py\", line 187, in _multicall\n    res = hook_impl.function(*args)\n  File \"/app/repo/src/_pytest/config/__init__.py\", line 684, in pytest_cmdline_parse\n    self.parse(args)\n  File \"/app/repo/src/_pytest/config/__init__.py\", line 901, in parse\n    self._preparse(args, addopts=addopts)\n  File \"/app/repo/src/_pytest/config/__init__.py\", line 842, in _preparse\n    self.pluginmanager.consider_preparse(args)\n  File \"/app/repo/src/_pytest/config/__init__.py\", line 496, in consider_preparse\n    self.consider_pluginarg(parg)\n  File \"/app/repo/src/_pytest/config/__init__.py\", line 521, in consider_pluginarg\n    self.import_plugin(arg, consider_entry_points=True)\n  File \"/app/repo/src/_pytest/config/__init__.py\", line 562, in import_plugin\n    __import__(importspec)\n  File \"<frozen importlib._bootstrap>\", line 1027, in _find_and_load\n  File \"<frozen importlib._bootstrap>\", line 1002, in _find_and_load_unlocked\n  File \"<frozen importlib._bootstrap>\", line 941, in _find_spec\n  File \"<frozen importlib._bootstrap>\", line 915, in _find_spec_legacy\n  File \"/app/repo/src/_pytest/assertion/rewrite.py\", line 166, in find_module\n    source_stat, co = _rewrite_test(self.config, fn_pypath)\n  File \"/app/repo/src/_pytest/assertion/rewrite.py\", line 421, in _rewrite_test\n    co = compile(tree, fn.strpath, \"exec\", dont_inherit=True)\nTypeError: required field \"lineno\" missing from alias\n"
    },
    {
      "test_file": "testing/test_capture.py",
      "test_case": "test_using_capsys_fixture_works_with_sys_stdout_encoding",
      "test_type": "PASS_TO_PASS",
      "exit_code": 1,
      "stdout": "",
      "stderr": "Traceback (most recent call last):\n  File \"<frozen importlib._bootstrap>\", line 939, in _find_spec\nAttributeError: 'AssertionRewritingHook' object has no attribute 'find_spec'\n\nDuring handling of the above exception, another exception occurred:\n\nTraceback (most recent call last):\n  File \"/usr/local/bin/pytest\", line 8, in <module>\n    sys.exit(main())\n  File \"/app/repo/src/_pytest/config/__init__.py\", line 60, in main\n    config = _prepareconfig(args, plugins)\n  File \"/app/repo/src/_pytest/config/__init__.py\", line 203, in _prepareconfig\n    return pluginmanager.hook.pytest_cmdline_parse(\n  File \"/usr/local/lib/python3.10/site-packages/pluggy/hooks.py\", line 286, in __call__\n    return self._hookexec(self, self.get_hookimpls(), kwargs)\n  File \"/usr/local/lib/python3.10/site-packages/pluggy/manager.py\", line 93, in _hookexec\n    return self._inner_hookexec(hook, methods, kwargs)\n  File \"/usr/local/lib/python3.10/site-packages/pluggy/manager.py\", line 84, in <lambda>\n    self._inner_hookexec = lambda hook, methods, kwargs: hook.multicall(\n  File \"/usr/local/lib/python3.10/site-packages/pluggy/callers.py\", line 203, in _multicall\n    gen.send(outcome)\n  File \"/app/repo/src/_pytest/helpconfig.py\", line 93, in pytest_cmdline_parse\n    config = outcome.get_result()\n  File \"/usr/local/lib/python3.10/site-packages/pluggy/callers.py\", line 80, in get_result\n    raise ex[1].with_traceback(ex[2])\n  File \"/usr/local/lib/python3.10/site-packages/pluggy/callers.py\", line 187, in _multicall\n    res = hook_impl.function(*args)\n  File \"/app/repo/src/_pytest/config/__init__.py\", line 684, in pytest_cmdline_parse\n    self.parse(args)\n  File \"/app/repo/src/_pytest/config/__init__.py\", line 901, in parse\n    self._preparse(args, addopts=addopts)\n  File \"/app/repo/src/_pytest/config/__init__.py\", line 842, in _preparse\n    self.pluginmanager.consider_preparse(args)\n  File \"/app/repo/src/_pytest/config/__init__.py\", line 496, in consider_preparse\n    self.consider_pluginarg(parg)\n  File \"/app/repo/src/_pytest/config/__init__.py\", line 521, in consider_pluginarg\n    self.import_plugin(arg, consider_entry_points=True)\n  File \"/app/repo/src/_pytest/config/__init__.py\", line 562, in import_plugin\n    __import__(importspec)\n  File \"<frozen importlib._bootstrap>\", line 1027, in _find_and_load\n  File \"<frozen importlib._bootstrap>\", line 1002, in _find_and_load_unlocked\n  File \"<frozen importlib._bootstrap>\", line 941, in _find_spec\n  File \"<frozen importlib._bootstrap>\", line 915, in _find_spec_legacy\n  File \"/app/repo/src/_pytest/assertion/rewrite.py\", line 166, in find_module\n    source_stat, co = _rewrite_test(self.config, fn_pypath)\n  File \"/app/repo/src/_pytest/assertion/rewrite.py\", line 421, in _rewrite_test\n    co = compile(tree, fn.strpath, \"exec\", dont_inherit=True)\nTypeError: required field \"lineno\" missing from alias\n"
    },
    {
      "test_file": "testing/test_capture.py",
      "test_case": "test_capsys_results_accessible_by_attribute",
      "test_type": "PASS_TO_PASS",
      "exit_code": 1,
      "stdout": "",
      "stderr": "Traceback (most recent call last):\n  File \"<frozen importlib._bootstrap>\", line 939, in _find_spec\nAttributeError: 'AssertionRewritingHook' object has no attribute 'find_spec'\n\nDuring handling of the above exception, another exception occurred:\n\nTraceback (most recent call last):\n  File \"/usr/local/bin/pytest\", line 8, in <module>\n    sys.exit(main())\n  File \"/app/repo/src/_pytest/config/__init__.py\", line 60, in main\n    config = _prepareconfig(args, plugins)\n  File \"/app/repo/src/_pytest/config/__init__.py\", line 203, in _prepareconfig\n    return pluginmanager.hook.pytest_cmdline_parse(\n  File \"/usr/local/lib/python3.10/site-packages/pluggy/hooks.py\", line 286, in __call__\n    return self._hookexec(self, self.get_hookimpls(), kwargs)\n  File \"/usr/local/lib/python3.10/site-packages/pluggy/manager.py\", line 93, in _hookexec\n    return self._inner_hookexec(hook, methods, kwargs)\n  File \"/usr/local/lib/python3.10/site-packages/pluggy/manager.py\", line 84, in <lambda>\n    self._inner_hookexec = lambda hook, methods, kwargs: hook.multicall(\n  File \"/usr/local/lib/python3.10/site-packages/pluggy/callers.py\", line 203, in _multicall\n    gen.send(outcome)\n  File \"/app/repo/src/_pytest/helpconfig.py\", line 93, in pytest_cmdline_parse\n    config = outcome.get_result()\n  File \"/usr/local/lib/python3.10/site-packages/pluggy/callers.py\", line 80, in get_result\n    raise ex[1].with_traceback(ex[2])\n  File \"/usr/local/lib/python3.10/site-packages/pluggy/callers.py\", line 187, in _multicall\n    res = hook_impl.function(*args)\n  File \"/app/repo/src/_pytest/config/__init__.py\", line 684, in pytest_cmdline_parse\n    self.parse(args)\n  File \"/app/repo/src/_pytest/config/__init__.py\", line 901, in parse\n    self._preparse(args, addopts=addopts)\n  File \"/app/repo/src/_pytest/config/__init__.py\", line 842, in _preparse\n    self.pluginmanager.consider_preparse(args)\n  File \"/app/repo/src/_pytest/config/__init__.py\", line 496, in consider_preparse\n    self.consider_pluginarg(parg)\n  File \"/app/repo/src/_pytest/config/__init__.py\", line 521, in consider_pluginarg\n    self.import_plugin(arg, consider_entry_points=True)\n  File \"/app/repo/src/_pytest/config/__init__.py\", line 562, in import_plugin\n    __import__(importspec)\n  File \"<frozen importlib._bootstrap>\", line 1027, in _find_and_load\n  File \"<frozen importlib._bootstrap>\", line 1002, in _find_and_load_unlocked\n  File \"<frozen importlib._bootstrap>\", line 941, in _find_spec\n  File \"<frozen importlib._bootstrap>\", line 915, in _find_spec_legacy\n  File \"/app/repo/src/_pytest/assertion/rewrite.py\", line 166, in find_module\n    source_stat, co = _rewrite_test(self.config, fn_pypath)\n  File \"/app/repo/src/_pytest/assertion/rewrite.py\", line 421, in _rewrite_test\n    co = compile(tree, fn.strpath, \"exec\", dont_inherit=True)\nTypeError: required field \"lineno\" missing from alias\n"
    },
    {
      "test_file": "testing/test_capture.py",
      "test_case": "test_pickling_and_unpickling_encoded_file",
      "test_type": "PASS_TO_PASS",
      "exit_code": 1,
      "stdout": "",
      "stderr": "Traceback (most recent call last):\n  File \"<frozen importlib._bootstrap>\", line 939, in _find_spec\nAttributeError: 'AssertionRewritingHook' object has no attribute 'find_spec'\n\nDuring handling of the above exception, another exception occurred:\n\nTraceback (most recent call last):\n  File \"/usr/local/bin/pytest\", line 8, in <module>\n    sys.exit(main())\n  File \"/app/repo/src/_pytest/config/__init__.py\", line 60, in main\n    config = _prepareconfig(args, plugins)\n  File \"/app/repo/src/_pytest/config/__init__.py\", line 203, in _prepareconfig\n    return pluginmanager.hook.pytest_cmdline_parse(\n  File \"/usr/local/lib/python3.10/site-packages/pluggy/hooks.py\", line 286, in __call__\n    return self._hookexec(self, self.get_hookimpls(), kwargs)\n  File \"/usr/local/lib/python3.10/site-packages/pluggy/manager.py\", line 93, in _hookexec\n    return self._inner_hookexec(hook, methods, kwargs)\n  File \"/usr/local/lib/python3.10/site-packages/pluggy/manager.py\", line 84, in <lambda>\n    self._inner_hookexec = lambda hook, methods, kwargs: hook.multicall(\n  File \"/usr/local/lib/python3.10/site-packages/pluggy/callers.py\", line 203, in _multicall\n    gen.send(outcome)\n  File \"/app/repo/src/_pytest/helpconfig.py\", line 93, in pytest_cmdline_parse\n    config = outcome.get_result()\n  File \"/usr/local/lib/python3.10/site-packages/pluggy/callers.py\", line 80, in get_result\n    raise ex[1].with_traceback(ex[2])\n  File \"/usr/local/lib/python3.10/site-packages/pluggy/callers.py\", line 187, in _multicall\n    res = hook_impl.function(*args)\n  File \"/app/repo/src/_pytest/config/__init__.py\", line 684, in pytest_cmdline_parse\n    self.parse(args)\n  File \"/app/repo/src/_pytest/config/__init__.py\", line 901, in parse\n    self._preparse(args, addopts=addopts)\n  File \"/app/repo/src/_pytest/config/__init__.py\", line 842, in _preparse\n    self.pluginmanager.consider_preparse(args)\n  File \"/app/repo/src/_pytest/config/__init__.py\", line 496, in consider_preparse\n    self.consider_pluginarg(parg)\n  File \"/app/repo/src/_pytest/config/__init__.py\", line 521, in consider_pluginarg\n    self.import_plugin(arg, consider_entry_points=True)\n  File \"/app/repo/src/_pytest/config/__init__.py\", line 562, in import_plugin\n    __import__(importspec)\n  File \"<frozen importlib._bootstrap>\", line 1027, in _find_and_load\n  File \"<frozen importlib._bootstrap>\", line 1002, in _find_and_load_unlocked\n  File \"<frozen importlib._bootstrap>\", line 941, in _find_spec\n  File \"<frozen importlib._bootstrap>\", line 915, in _find_spec_legacy\n  File \"/app/repo/src/_pytest/assertion/rewrite.py\", line 166, in find_module\n    source_stat, co = _rewrite_test(self.config, fn_pypath)\n  File \"/app/repo/src/_pytest/assertion/rewrite.py\", line 421, in _rewrite_test\n    co = compile(tree, fn.strpath, \"exec\", dont_inherit=True)\nTypeError: required field \"lineno\" missing from alias\n"
    },
    {
      "test_file": "testing/test_capture.py",
      "test_case": "test_capturing_unicode[fd]",
      "test_type": "PASS_TO_PASS",
      "exit_code": 1,
      "stdout": "",
      "stderr": "Traceback (most recent call last):\n  File \"<frozen importlib._bootstrap>\", line 939, in _find_spec\nAttributeError: 'AssertionRewritingHook' object has no attribute 'find_spec'\n\nDuring handling of the above exception, another exception occurred:\n\nTraceback (most recent call last):\n  File \"/usr/local/bin/pytest\", line 8, in <module>\n    sys.exit(main())\n  File \"/app/repo/src/_pytest/config/__init__.py\", line 60, in main\n    config = _prepareconfig(args, plugins)\n  File \"/app/repo/src/_pytest/config/__init__.py\", line 203, in _prepareconfig\n    return pluginmanager.hook.pytest_cmdline_parse(\n  File \"/usr/local/lib/python3.10/site-packages/pluggy/hooks.py\", line 286, in __call__\n    return self._hookexec(self, self.get_hookimpls(), kwargs)\n  File \"/usr/local/lib/python3.10/site-packages/pluggy/manager.py\", line 93, in _hookexec\n    return self._inner_hookexec(hook, methods, kwargs)\n  File \"/usr/local/lib/python3.10/site-packages/pluggy/manager.py\", line 84, in <lambda>\n    self._inner_hookexec = lambda hook, methods, kwargs: hook.multicall(\n  File \"/usr/local/lib/python3.10/site-packages/pluggy/callers.py\", line 203, in _multicall\n    gen.send(outcome)\n  File \"/app/repo/src/_pytest/helpconfig.py\", line 93, in pytest_cmdline_parse\n    config = outcome.get_result()\n  File \"/usr/local/lib/python3.10/site-packages/pluggy/callers.py\", line 80, in get_result\n    raise ex[1].with_traceback(ex[2])\n  File \"/usr/local/lib/python3.10/site-packages/pluggy/callers.py\", line 187, in _multicall\n    res = hook_impl.function(*args)\n  File \"/app/repo/src/_pytest/config/__init__.py\", line 684, in pytest_cmdline_parse\n    self.parse(args)\n  File \"/app/repo/src/_pytest/config/__init__.py\", line 901, in parse\n    self._preparse(args, addopts=addopts)\n  File \"/app/repo/src/_pytest/config/__init__.py\", line 842, in _preparse\n    self.pluginmanager.consider_preparse(args)\n  File \"/app/repo/src/_pytest/config/__init__.py\", line 496, in consider_preparse\n    self.consider_pluginarg(parg)\n  File \"/app/repo/src/_pytest/config/__init__.py\", line 521, in consider_pluginarg\n    self.import_plugin(arg, consider_entry_points=True)\n  File \"/app/repo/src/_pytest/config/__init__.py\", line 562, in import_plugin\n    __import__(importspec)\n  File \"<frozen importlib._bootstrap>\", line 1027, in _find_and_load\n  File \"<frozen importlib._bootstrap>\", line 1002, in _find_and_load_unlocked\n  File \"<frozen importlib._bootstrap>\", line 941, in _find_spec\n  File \"<frozen importlib._bootstrap>\", line 915, in _find_spec_legacy\n  File \"/app/repo/src/_pytest/assertion/rewrite.py\", line 166, in find_module\n    source_stat, co = _rewrite_test(self.config, fn_pypath)\n  File \"/app/repo/src/_pytest/assertion/rewrite.py\", line 421, in _rewrite_test\n    co = compile(tree, fn.strpath, \"exec\", dont_inherit=True)\nTypeError: required field \"lineno\" missing from alias\n"
    },
    {
      "test_file": "testing/test_capture.py",
      "test_case": "test_capturing_unicode[sys]",
      "test_type": "PASS_TO_PASS",
      "exit_code": 1,
      "stdout": "",
      "stderr": "Traceback (most recent call last):\n  File \"<frozen importlib._bootstrap>\", line 939, in _find_spec\nAttributeError: 'AssertionRewritingHook' object has no attribute 'find_spec'\n\nDuring handling of the above exception, another exception occurred:\n\nTraceback (most recent call last):\n  File \"/usr/local/bin/pytest\", line 8, in <module>\n    sys.exit(main())\n  File \"/app/repo/src/_pytest/config/__init__.py\", line 60, in main\n    config = _prepareconfig(args, plugins)\n  File \"/app/repo/src/_pytest/config/__init__.py\", line 203, in _prepareconfig\n    return pluginmanager.hook.pytest_cmdline_parse(\n  File \"/usr/local/lib/python3.10/site-packages/pluggy/hooks.py\", line 286, in __call__\n    return self._hookexec(self, self.get_hookimpls(), kwargs)\n  File \"/usr/local/lib/python3.10/site-packages/pluggy/manager.py\", line 93, in _hookexec\n    return self._inner_hookexec(hook, methods, kwargs)\n  File \"/usr/local/lib/python3.10/site-packages/pluggy/manager.py\", line 84, in <lambda>\n    self._inner_hookexec = lambda hook, methods, kwargs: hook.multicall(\n  File \"/usr/local/lib/python3.10/site-packages/pluggy/callers.py\", line 203, in _multicall\n    gen.send(outcome)\n  File \"/app/repo/src/_pytest/helpconfig.py\", line 93, in pytest_cmdline_parse\n    config = outcome.get_result()\n  File \"/usr/local/lib/python3.10/site-packages/pluggy/callers.py\", line 80, in get_result\n    raise ex[1].with_traceback(ex[2])\n  File \"/usr/local/lib/python3.10/site-packages/pluggy/callers.py\", line 187, in _multicall\n    res = hook_impl.function(*args)\n  File \"/app/repo/src/_pytest/config/__init__.py\", line 684, in pytest_cmdline_parse\n    self.parse(args)\n  File \"/app/repo/src/_pytest/config/__init__.py\", line 901, in parse\n    self._preparse(args, addopts=addopts)\n  File \"/app/repo/src/_pytest/config/__init__.py\", line 842, in _preparse\n    self.pluginmanager.consider_preparse(args)\n  File \"/app/repo/src/_pytest/config/__init__.py\", line 496, in consider_preparse\n    self.consider_pluginarg(parg)\n  File \"/app/repo/src/_pytest/config/__init__.py\", line 521, in consider_pluginarg\n    self.import_plugin(arg, consider_entry_points=True)\n  File \"/app/repo/src/_pytest/config/__init__.py\", line 562, in import_plugin\n    __import__(importspec)\n  File \"<frozen importlib._bootstrap>\", line 1027, in _find_and_load\n  File \"<frozen importlib._bootstrap>\", line 1002, in _find_and_load_unlocked\n  File \"<frozen importlib._bootstrap>\", line 941, in _find_spec\n  File \"<frozen importlib._bootstrap>\", line 915, in _find_spec_legacy\n  File \"/app/repo/src/_pytest/assertion/rewrite.py\", line 166, in find_module\n    source_stat, co = _rewrite_test(self.config, fn_pypath)\n  File \"/app/repo/src/_pytest/assertion/rewrite.py\", line 421, in _rewrite_test\n    co = compile(tree, fn.strpath, \"exec\", dont_inherit=True)\nTypeError: required field \"lineno\" missing from alias\n"
    },
    {
      "test_file": "testing/test_capture.py",
      "test_case": "test_capturing_bytes_in_utf8_encoding[fd]",
      "test_type": "PASS_TO_PASS",
      "exit_code": 1,
      "stdout": "",
      "stderr": "Traceback (most recent call last):\n  File \"<frozen importlib._bootstrap>\", line 939, in _find_spec\nAttributeError: 'AssertionRewritingHook' object has no attribute 'find_spec'\n\nDuring handling of the above exception, another exception occurred:\n\nTraceback (most recent call last):\n  File \"/usr/local/bin/pytest\", line 8, in <module>\n    sys.exit(main())\n  File \"/app/repo/src/_pytest/config/__init__.py\", line 60, in main\n    config = _prepareconfig(args, plugins)\n  File \"/app/repo/src/_pytest/config/__init__.py\", line 203, in _prepareconfig\n    return pluginmanager.hook.pytest_cmdline_parse(\n  File \"/usr/local/lib/python3.10/site-packages/pluggy/hooks.py\", line 286, in __call__\n    return self._hookexec(self, self.get_hookimpls(), kwargs)\n  File \"/usr/local/lib/python3.10/site-packages/pluggy/manager.py\", line 93, in _hookexec\n    return self._inner_hookexec(hook, methods, kwargs)\n  File \"/usr/local/lib/python3.10/site-packages/pluggy/manager.py\", line 84, in <lambda>\n    self._inner_hookexec = lambda hook, methods, kwargs: hook.multicall(\n  File \"/usr/local/lib/python3.10/site-packages/pluggy/callers.py\", line 203, in _multicall\n    gen.send(outcome)\n  File \"/app/repo/src/_pytest/helpconfig.py\", line 93, in pytest_cmdline_parse\n    config = outcome.get_result()\n  File \"/usr/local/lib/python3.10/site-packages/pluggy/callers.py\", line 80, in get_result\n    raise ex[1].with_traceback(ex[2])\n  File \"/usr/local/lib/python3.10/site-packages/pluggy/callers.py\", line 187, in _multicall\n    res = hook_impl.function(*args)\n  File \"/app/repo/src/_pytest/config/__init__.py\", line 684, in pytest_cmdline_parse\n    self.parse(args)\n  File \"/app/repo/src/_pytest/config/__init__.py\", line 901, in parse\n    self._preparse(args, addopts=addopts)\n  File \"/app/repo/src/_pytest/config/__init__.py\", line 842, in _preparse\n    self.pluginmanager.consider_preparse(args)\n  File \"/app/repo/src/_pytest/config/__init__.py\", line 496, in consider_preparse\n    self.consider_pluginarg(parg)\n  File \"/app/repo/src/_pytest/config/__init__.py\", line 521, in consider_pluginarg\n    self.import_plugin(arg, consider_entry_points=True)\n  File \"/app/repo/src/_pytest/config/__init__.py\", line 562, in import_plugin\n    __import__(importspec)\n  File \"<frozen importlib._bootstrap>\", line 1027, in _find_and_load\n  File \"<frozen importlib._bootstrap>\", line 1002, in _find_and_load_unlocked\n  File \"<frozen importlib._bootstrap>\", line 941, in _find_spec\n  File \"<frozen importlib._bootstrap>\", line 915, in _find_spec_legacy\n  File \"/app/repo/src/_pytest/assertion/rewrite.py\", line 166, in find_module\n    source_stat, co = _rewrite_test(self.config, fn_pypath)\n  File \"/app/repo/src/_pytest/assertion/rewrite.py\", line 421, in _rewrite_test\n    co = compile(tree, fn.strpath, \"exec\", dont_inherit=True)\nTypeError: required field \"lineno\" missing from alias\n"
    },
    {
      "test_file": "testing/test_capture.py",
      "test_case": "test_capturing_bytes_in_utf8_encoding[sys]",
      "test_type": "PASS_TO_PASS",
      "exit_code": 1,
      "stdout": "",
      "stderr": "Traceback (most recent call last):\n  File \"<frozen importlib._bootstrap>\", line 939, in _find_spec\nAttributeError: 'AssertionRewritingHook' object has no attribute 'find_spec'\n\nDuring handling of the above exception, another exception occurred:\n\nTraceback (most recent call last):\n  File \"/usr/local/bin/pytest\", line 8, in <module>\n    sys.exit(main())\n  File \"/app/repo/src/_pytest/config/__init__.py\", line 60, in main\n    config = _prepareconfig(args, plugins)\n  File \"/app/repo/src/_pytest/config/__init__.py\", line 203, in _prepareconfig\n    return pluginmanager.hook.pytest_cmdline_parse(\n  File \"/usr/local/lib/python3.10/site-packages/pluggy/hooks.py\", line 286, in __call__\n    return self._hookexec(self, self.get_hookimpls(), kwargs)\n  File \"/usr/local/lib/python3.10/site-packages/pluggy/manager.py\", line 93, in _hookexec\n    return self._inner_hookexec(hook, methods, kwargs)\n  File \"/usr/local/lib/python3.10/site-packages/pluggy/manager.py\", line 84, in <lambda>\n    self._inner_hookexec = lambda hook, methods, kwargs: hook.multicall(\n  File \"/usr/local/lib/python3.10/site-packages/pluggy/callers.py\", line 203, in _multicall\n    gen.send(outcome)\n  File \"/app/repo/src/_pytest/helpconfig.py\", line 93, in pytest_cmdline_parse\n    config = outcome.get_result()\n  File \"/usr/local/lib/python3.10/site-packages/pluggy/callers.py\", line 80, in get_result\n    raise ex[1].with_traceback(ex[2])\n  File \"/usr/local/lib/python3.10/site-packages/pluggy/callers.py\", line 187, in _multicall\n    res = hook_impl.function(*args)\n  File \"/app/repo/src/_pytest/config/__init__.py\", line 684, in pytest_cmdline_parse\n    self.parse(args)\n  File \"/app/repo/src/_pytest/config/__init__.py\", line 901, in parse\n    self._preparse(args, addopts=addopts)\n  File \"/app/repo/src/_pytest/config/__init__.py\", line 842, in _preparse\n    self.pluginmanager.consider_preparse(args)\n  File \"/app/repo/src/_pytest/config/__init__.py\", line 496, in consider_preparse\n    self.consider_pluginarg(parg)\n  File \"/app/repo/src/_pytest/config/__init__.py\", line 521, in consider_pluginarg\n    self.import_plugin(arg, consider_entry_points=True)\n  File \"/app/repo/src/_pytest/config/__init__.py\", line 562, in import_plugin\n    __import__(importspec)\n  File \"<frozen importlib._bootstrap>\", line 1027, in _find_and_load\n  File \"<frozen importlib._bootstrap>\", line 1002, in _find_and_load_unlocked\n  File \"<frozen importlib._bootstrap>\", line 941, in _find_spec\n  File \"<frozen importlib._bootstrap>\", line 915, in _find_spec_legacy\n  File \"/app/repo/src/_pytest/assertion/rewrite.py\", line 166, in find_module\n    source_stat, co = _rewrite_test(self.config, fn_pypath)\n  File \"/app/repo/src/_pytest/assertion/rewrite.py\", line 421, in _rewrite_test\n    co = compile(tree, fn.strpath, \"exec\", dont_inherit=True)\nTypeError: required field \"lineno\" missing from alias\n"
    },
    {
      "test_file": "testing/test_capture.py",
      "test_case": "test_collect_capturing",
      "test_type": "PASS_TO_PASS",
      "exit_code": 1,
      "stdout": "",
      "stderr": "Traceback (most recent call last):\n  File \"<frozen importlib._bootstrap>\", line 939, in _find_spec\nAttributeError: 'AssertionRewritingHook' object has no attribute 'find_spec'\n\nDuring handling of the above exception, another exception occurred:\n\nTraceback (most recent call last):\n  File \"/usr/local/bin/pytest\", line 8, in <module>\n    sys.exit(main())\n  File \"/app/repo/src/_pytest/config/__init__.py\", line 60, in main\n    config = _prepareconfig(args, plugins)\n  File \"/app/repo/src/_pytest/config/__init__.py\", line 203, in _prepareconfig\n    return pluginmanager.hook.pytest_cmdline_parse(\n  File \"/usr/local/lib/python3.10/site-packages/pluggy/hooks.py\", line 286, in __call__\n    return self._hookexec(self, self.get_hookimpls(), kwargs)\n  File \"/usr/local/lib/python3.10/site-packages/pluggy/manager.py\", line 93, in _hookexec\n    return self._inner_hookexec(hook, methods, kwargs)\n  File \"/usr/local/lib/python3.10/site-packages/pluggy/manager.py\", line 84, in <lambda>\n    self._inner_hookexec = lambda hook, methods, kwargs: hook.multicall(\n  File \"/usr/local/lib/python3.10/site-packages/pluggy/callers.py\", line 203, in _multicall\n    gen.send(outcome)\n  File \"/app/repo/src/_pytest/helpconfig.py\", line 93, in pytest_cmdline_parse\n    config = outcome.get_result()\n  File \"/usr/local/lib/python3.10/site-packages/pluggy/callers.py\", line 80, in get_result\n    raise ex[1].with_traceback(ex[2])\n  File \"/usr/local/lib/python3.10/site-packages/pluggy/callers.py\", line 187, in _multicall\n    res = hook_impl.function(*args)\n  File \"/app/repo/src/_pytest/config/__init__.py\", line 684, in pytest_cmdline_parse\n    self.parse(args)\n  File \"/app/repo/src/_pytest/config/__init__.py\", line 901, in parse\n    self._preparse(args, addopts=addopts)\n  File \"/app/repo/src/_pytest/config/__init__.py\", line 842, in _preparse\n    self.pluginmanager.consider_preparse(args)\n  File \"/app/repo/src/_pytest/config/__init__.py\", line 496, in consider_preparse\n    self.consider_pluginarg(parg)\n  File \"/app/repo/src/_pytest/config/__init__.py\", line 521, in consider_pluginarg\n    self.import_plugin(arg, consider_entry_points=True)\n  File \"/app/repo/src/_pytest/config/__init__.py\", line 562, in import_plugin\n    __import__(importspec)\n  File \"<frozen importlib._bootstrap>\", line 1027, in _find_and_load\n  File \"<frozen importlib._bootstrap>\", line 1002, in _find_and_load_unlocked\n  File \"<frozen importlib._bootstrap>\", line 941, in _find_spec\n  File \"<frozen importlib._bootstrap>\", line 915, in _find_spec_legacy\n  File \"/app/repo/src/_pytest/assertion/rewrite.py\", line 166, in find_module\n    source_stat, co = _rewrite_test(self.config, fn_pypath)\n  File \"/app/repo/src/_pytest/assertion/rewrite.py\", line 421, in _rewrite_test\n    co = compile(tree, fn.strpath, \"exec\", dont_inherit=True)\nTypeError: required field \"lineno\" missing from alias\n"
    },
    {
      "test_file": "testing/test_capture.py",
      "test_case": "test_setup_failure_does_not_kill_capturing",
      "test_type": "PASS_TO_PASS",
      "exit_code": 1,
      "stdout": "",
      "stderr": "Traceback (most recent call last):\n  File \"<frozen importlib._bootstrap>\", line 939, in _find_spec\nAttributeError: 'AssertionRewritingHook' object has no attribute 'find_spec'\n\nDuring handling of the above exception, another exception occurred:\n\nTraceback (most recent call last):\n  File \"/usr/local/bin/pytest\", line 8, in <module>\n    sys.exit(main())\n  File \"/app/repo/src/_pytest/config/__init__.py\", line 60, in main\n    config = _prepareconfig(args, plugins)\n  File \"/app/repo/src/_pytest/config/__init__.py\", line 203, in _prepareconfig\n    return pluginmanager.hook.pytest_cmdline_parse(\n  File \"/usr/local/lib/python3.10/site-packages/pluggy/hooks.py\", line 286, in __call__\n    return self._hookexec(self, self.get_hookimpls(), kwargs)\n  File \"/usr/local/lib/python3.10/site-packages/pluggy/manager.py\", line 93, in _hookexec\n    return self._inner_hookexec(hook, methods, kwargs)\n  File \"/usr/local/lib/python3.10/site-packages/pluggy/manager.py\", line 84, in <lambda>\n    self._inner_hookexec = lambda hook, methods, kwargs: hook.multicall(\n  File \"/usr/local/lib/python3.10/site-packages/pluggy/callers.py\", line 203, in _multicall\n    gen.send(outcome)\n  File \"/app/repo/src/_pytest/helpconfig.py\", line 93, in pytest_cmdline_parse\n    config = outcome.get_result()\n  File \"/usr/local/lib/python3.10/site-packages/pluggy/callers.py\", line 80, in get_result\n    raise ex[1].with_traceback(ex[2])\n  File \"/usr/local/lib/python3.10/site-packages/pluggy/callers.py\", line 187, in _multicall\n    res = hook_impl.function(*args)\n  File \"/app/repo/src/_pytest/config/__init__.py\", line 684, in pytest_cmdline_parse\n    self.parse(args)\n  File \"/app/repo/src/_pytest/config/__init__.py\", line 901, in parse\n    self._preparse(args, addopts=addopts)\n  File \"/app/repo/src/_pytest/config/__init__.py\", line 842, in _preparse\n    self.pluginmanager.consider_preparse(args)\n  File \"/app/repo/src/_pytest/config/__init__.py\", line 496, in consider_preparse\n    self.consider_pluginarg(parg)\n  File \"/app/repo/src/_pytest/config/__init__.py\", line 521, in consider_pluginarg\n    self.import_plugin(arg, consider_entry_points=True)\n  File \"/app/repo/src/_pytest/config/__init__.py\", line 562, in import_plugin\n    __import__(importspec)\n  File \"<frozen importlib._bootstrap>\", line 1027, in _find_and_load\n  File \"<frozen importlib._bootstrap>\", line 1002, in _find_and_load_unlocked\n  File \"<frozen importlib._bootstrap>\", line 941, in _find_spec\n  File \"<frozen importlib._bootstrap>\", line 915, in _find_spec_legacy\n  File \"/app/repo/src/_pytest/assertion/rewrite.py\", line 166, in find_module\n    source_stat, co = _rewrite_test(self.config, fn_pypath)\n  File \"/app/repo/src/_pytest/assertion/rewrite.py\", line 421, in _rewrite_test\n    co = compile(tree, fn.strpath, \"exec\", dont_inherit=True)\nTypeError: required field \"lineno\" missing from alias\n"
    },
    {
      "test_file": "testing/test_capture.py",
      "test_case": "test_fdfuncarg_skips_on_no_osdup",
      "test_type": "PASS_TO_PASS",
      "exit_code": 1,
      "stdout": "",
      "stderr": "Traceback (most recent call last):\n  File \"<frozen importlib._bootstrap>\", line 939, in _find_spec\nAttributeError: 'AssertionRewritingHook' object has no attribute 'find_spec'\n\nDuring handling of the above exception, another exception occurred:\n\nTraceback (most recent call last):\n  File \"/usr/local/bin/pytest\", line 8, in <module>\n    sys.exit(main())\n  File \"/app/repo/src/_pytest/config/__init__.py\", line 60, in main\n    config = _prepareconfig(args, plugins)\n  File \"/app/repo/src/_pytest/config/__init__.py\", line 203, in _prepareconfig\n    return pluginmanager.hook.pytest_cmdline_parse(\n  File \"/usr/local/lib/python3.10/site-packages/pluggy/hooks.py\", line 286, in __call__\n    return self._hookexec(self, self.get_hookimpls(), kwargs)\n  File \"/usr/local/lib/python3.10/site-packages/pluggy/manager.py\", line 93, in _hookexec\n    return self._inner_hookexec(hook, methods, kwargs)\n  File \"/usr/local/lib/python3.10/site-packages/pluggy/manager.py\", line 84, in <lambda>\n    self._inner_hookexec = lambda hook, methods, kwargs: hook.multicall(\n  File \"/usr/local/lib/python3.10/site-packages/pluggy/callers.py\", line 203, in _multicall\n    gen.send(outcome)\n  File \"/app/repo/src/_pytest/helpconfig.py\", line 93, in pytest_cmdline_parse\n    config = outcome.get_result()\n  File \"/usr/local/lib/python3.10/site-packages/pluggy/callers.py\", line 80, in get_result\n    raise ex[1].with_traceback(ex[2])\n  File \"/usr/local/lib/python3.10/site-packages/pluggy/callers.py\", line 187, in _multicall\n    res = hook_impl.function(*args)\n  File \"/app/repo/src/_pytest/config/__init__.py\", line 684, in pytest_cmdline_parse\n    self.parse(args)\n  File \"/app/repo/src/_pytest/config/__init__.py\", line 901, in parse\n    self._preparse(args, addopts=addopts)\n  File \"/app/repo/src/_pytest/config/__init__.py\", line 842, in _preparse\n    self.pluginmanager.consider_preparse(args)\n  File \"/app/repo/src/_pytest/config/__init__.py\", line 496, in consider_preparse\n    self.consider_pluginarg(parg)\n  File \"/app/repo/src/_pytest/config/__init__.py\", line 521, in consider_pluginarg\n    self.import_plugin(arg, consider_entry_points=True)\n  File \"/app/repo/src/_pytest/config/__init__.py\", line 562, in import_plugin\n    __import__(importspec)\n  File \"<frozen importlib._bootstrap>\", line 1027, in _find_and_load\n  File \"<frozen importlib._bootstrap>\", line 1002, in _find_and_load_unlocked\n  File \"<frozen importlib._bootstrap>\", line 941, in _find_spec\n  File \"<frozen importlib._bootstrap>\", line 915, in _find_spec_legacy\n  File \"/app/repo/src/_pytest/assertion/rewrite.py\", line 166, in find_module\n    source_stat, co = _rewrite_test(self.config, fn_pypath)\n  File \"/app/repo/src/_pytest/assertion/rewrite.py\", line 421, in _rewrite_test\n    co = compile(tree, fn.strpath, \"exec\", dont_inherit=True)\nTypeError: required field \"lineno\" missing from alias\n"
    },
    {
      "test_file": "testing/test_capture.py",
      "test_case": "test_capture_conftest_runtest_setup",
      "test_type": "PASS_TO_PASS",
      "exit_code": 1,
      "stdout": "",
      "stderr": "Traceback (most recent call last):\n  File \"<frozen importlib._bootstrap>\", line 939, in _find_spec\nAttributeError: 'AssertionRewritingHook' object has no attribute 'find_spec'\n\nDuring handling of the above exception, another exception occurred:\n\nTraceback (most recent call last):\n  File \"/usr/local/bin/pytest\", line 8, in <module>\n    sys.exit(main())\n  File \"/app/repo/src/_pytest/config/__init__.py\", line 60, in main\n    config = _prepareconfig(args, plugins)\n  File \"/app/repo/src/_pytest/config/__init__.py\", line 203, in _prepareconfig\n    return pluginmanager.hook.pytest_cmdline_parse(\n  File \"/usr/local/lib/python3.10/site-packages/pluggy/hooks.py\", line 286, in __call__\n    return self._hookexec(self, self.get_hookimpls(), kwargs)\n  File \"/usr/local/lib/python3.10/site-packages/pluggy/manager.py\", line 93, in _hookexec\n    return self._inner_hookexec(hook, methods, kwargs)\n  File \"/usr/local/lib/python3.10/site-packages/pluggy/manager.py\", line 84, in <lambda>\n    self._inner_hookexec = lambda hook, methods, kwargs: hook.multicall(\n  File \"/usr/local/lib/python3.10/site-packages/pluggy/callers.py\", line 203, in _multicall\n    gen.send(outcome)\n  File \"/app/repo/src/_pytest/helpconfig.py\", line 93, in pytest_cmdline_parse\n    config = outcome.get_result()\n  File \"/usr/local/lib/python3.10/site-packages/pluggy/callers.py\", line 80, in get_result\n    raise ex[1].with_traceback(ex[2])\n  File \"/usr/local/lib/python3.10/site-packages/pluggy/callers.py\", line 187, in _multicall\n    res = hook_impl.function(*args)\n  File \"/app/repo/src/_pytest/config/__init__.py\", line 684, in pytest_cmdline_parse\n    self.parse(args)\n  File \"/app/repo/src/_pytest/config/__init__.py\", line 901, in parse\n    self._preparse(args, addopts=addopts)\n  File \"/app/repo/src/_pytest/config/__init__.py\", line 842, in _preparse\n    self.pluginmanager.consider_preparse(args)\n  File \"/app/repo/src/_pytest/config/__init__.py\", line 496, in consider_preparse\n    self.consider_pluginarg(parg)\n  File \"/app/repo/src/_pytest/config/__init__.py\", line 521, in consider_pluginarg\n    self.import_plugin(arg, consider_entry_points=True)\n  File \"/app/repo/src/_pytest/config/__init__.py\", line 562, in import_plugin\n    __import__(importspec)\n  File \"<frozen importlib._bootstrap>\", line 1027, in _find_and_load\n  File \"<frozen importlib._bootstrap>\", line 1002, in _find_and_load_unlocked\n  File \"<frozen importlib._bootstrap>\", line 941, in _find_spec\n  File \"<frozen importlib._bootstrap>\", line 915, in _find_spec_legacy\n  File \"/app/repo/src/_pytest/assertion/rewrite.py\", line 166, in find_module\n    source_stat, co = _rewrite_test(self.config, fn_pypath)\n  File \"/app/repo/src/_pytest/assertion/rewrite.py\", line 421, in _rewrite_test\n    co = compile(tree, fn.strpath, \"exec\", dont_inherit=True)\nTypeError: required field \"lineno\" missing from alias\n"
    },
    {
      "test_file": "testing/test_capture.py",
      "test_case": "test_capture_badoutput_issue412",
      "test_type": "PASS_TO_PASS",
      "exit_code": 1,
      "stdout": "",
      "stderr": "Traceback (most recent call last):\n  File \"<frozen importlib._bootstrap>\", line 939, in _find_spec\nAttributeError: 'AssertionRewritingHook' object has no attribute 'find_spec'\n\nDuring handling of the above exception, another exception occurred:\n\nTraceback (most recent call last):\n  File \"/usr/local/bin/pytest\", line 8, in <module>\n    sys.exit(main())\n  File \"/app/repo/src/_pytest/config/__init__.py\", line 60, in main\n    config = _prepareconfig(args, plugins)\n  File \"/app/repo/src/_pytest/config/__init__.py\", line 203, in _prepareconfig\n    return pluginmanager.hook.pytest_cmdline_parse(\n  File \"/usr/local/lib/python3.10/site-packages/pluggy/hooks.py\", line 286, in __call__\n    return self._hookexec(self, self.get_hookimpls(), kwargs)\n  File \"/usr/local/lib/python3.10/site-packages/pluggy/manager.py\", line 93, in _hookexec\n    return self._inner_hookexec(hook, methods, kwargs)\n  File \"/usr/local/lib/python3.10/site-packages/pluggy/manager.py\", line 84, in <lambda>\n    self._inner_hookexec = lambda hook, methods, kwargs: hook.multicall(\n  File \"/usr/local/lib/python3.10/site-packages/pluggy/callers.py\", line 203, in _multicall\n    gen.send(outcome)\n  File \"/app/repo/src/_pytest/helpconfig.py\", line 93, in pytest_cmdline_parse\n    config = outcome.get_result()\n  File \"/usr/local/lib/python3.10/site-packages/pluggy/callers.py\", line 80, in get_result\n    raise ex[1].with_traceback(ex[2])\n  File \"/usr/local/lib/python3.10/site-packages/pluggy/callers.py\", line 187, in _multicall\n    res = hook_impl.function(*args)\n  File \"/app/repo/src/_pytest/config/__init__.py\", line 684, in pytest_cmdline_parse\n    self.parse(args)\n  File \"/app/repo/src/_pytest/config/__init__.py\", line 901, in parse\n    self._preparse(args, addopts=addopts)\n  File \"/app/repo/src/_pytest/config/__init__.py\", line 842, in _preparse\n    self.pluginmanager.consider_preparse(args)\n  File \"/app/repo/src/_pytest/config/__init__.py\", line 496, in consider_preparse\n    self.consider_pluginarg(parg)\n  File \"/app/repo/src/_pytest/config/__init__.py\", line 521, in consider_pluginarg\n    self.import_plugin(arg, consider_entry_points=True)\n  File \"/app/repo/src/_pytest/config/__init__.py\", line 562, in import_plugin\n    __import__(importspec)\n  File \"<frozen importlib._bootstrap>\", line 1027, in _find_and_load\n  File \"<frozen importlib._bootstrap>\", line 1002, in _find_and_load_unlocked\n  File \"<frozen importlib._bootstrap>\", line 941, in _find_spec\n  File \"<frozen importlib._bootstrap>\", line 915, in _find_spec_legacy\n  File \"/app/repo/src/_pytest/assertion/rewrite.py\", line 166, in find_module\n    source_stat, co = _rewrite_test(self.config, fn_pypath)\n  File \"/app/repo/src/_pytest/assertion/rewrite.py\", line 421, in _rewrite_test\n    co = compile(tree, fn.strpath, \"exec\", dont_inherit=True)\nTypeError: required field \"lineno\" missing from alias\n"
    },
    {
      "test_file": "testing/test_capture.py",
      "test_case": "test_capture_early_option_parsing",
      "test_type": "PASS_TO_PASS",
      "exit_code": 1,
      "stdout": "",
      "stderr": "Traceback (most recent call last):\n  File \"<frozen importlib._bootstrap>\", line 939, in _find_spec\nAttributeError: 'AssertionRewritingHook' object has no attribute 'find_spec'\n\nDuring handling of the above exception, another exception occurred:\n\nTraceback (most recent call last):\n  File \"/usr/local/bin/pytest\", line 8, in <module>\n    sys.exit(main())\n  File \"/app/repo/src/_pytest/config/__init__.py\", line 60, in main\n    config = _prepareconfig(args, plugins)\n  File \"/app/repo/src/_pytest/config/__init__.py\", line 203, in _prepareconfig\n    return pluginmanager.hook.pytest_cmdline_parse(\n  File \"/usr/local/lib/python3.10/site-packages/pluggy/hooks.py\", line 286, in __call__\n    return self._hookexec(self, self.get_hookimpls(), kwargs)\n  File \"/usr/local/lib/python3.10/site-packages/pluggy/manager.py\", line 93, in _hookexec\n    return self._inner_hookexec(hook, methods, kwargs)\n  File \"/usr/local/lib/python3.10/site-packages/pluggy/manager.py\", line 84, in <lambda>\n    self._inner_hookexec = lambda hook, methods, kwargs: hook.multicall(\n  File \"/usr/local/lib/python3.10/site-packages/pluggy/callers.py\", line 203, in _multicall\n    gen.send(outcome)\n  File \"/app/repo/src/_pytest/helpconfig.py\", line 93, in pytest_cmdline_parse\n    config = outcome.get_result()\n  File \"/usr/local/lib/python3.10/site-packages/pluggy/callers.py\", line 80, in get_result\n    raise ex[1].with_traceback(ex[2])\n  File \"/usr/local/lib/python3.10/site-packages/pluggy/callers.py\", line 187, in _multicall\n    res = hook_impl.function(*args)\n  File \"/app/repo/src/_pytest/config/__init__.py\", line 684, in pytest_cmdline_parse\n    self.parse(args)\n  File \"/app/repo/src/_pytest/config/__init__.py\", line 901, in parse\n    self._preparse(args, addopts=addopts)\n  File \"/app/repo/src/_pytest/config/__init__.py\", line 842, in _preparse\n    self.pluginmanager.consider_preparse(args)\n  File \"/app/repo/src/_pytest/config/__init__.py\", line 496, in consider_preparse\n    self.consider_pluginarg(parg)\n  File \"/app/repo/src/_pytest/config/__init__.py\", line 521, in consider_pluginarg\n    self.import_plugin(arg, consider_entry_points=True)\n  File \"/app/repo/src/_pytest/config/__init__.py\", line 562, in import_plugin\n    __import__(importspec)\n  File \"<frozen importlib._bootstrap>\", line 1027, in _find_and_load\n  File \"<frozen importlib._bootstrap>\", line 1002, in _find_and_load_unlocked\n  File \"<frozen importlib._bootstrap>\", line 941, in _find_spec\n  File \"<frozen importlib._bootstrap>\", line 915, in _find_spec_legacy\n  File \"/app/repo/src/_pytest/assertion/rewrite.py\", line 166, in find_module\n    source_stat, co = _rewrite_test(self.config, fn_pypath)\n  File \"/app/repo/src/_pytest/assertion/rewrite.py\", line 421, in _rewrite_test\n    co = compile(tree, fn.strpath, \"exec\", dont_inherit=True)\nTypeError: required field \"lineno\" missing from alias\n"
    },
    {
      "test_file": "testing/test_capture.py",
      "test_case": "test_capture_binary_output",
      "test_type": "PASS_TO_PASS",
      "exit_code": 1,
      "stdout": "",
      "stderr": "Traceback (most recent call last):\n  File \"<frozen importlib._bootstrap>\", line 939, in _find_spec\nAttributeError: 'AssertionRewritingHook' object has no attribute 'find_spec'\n\nDuring handling of the above exception, another exception occurred:\n\nTraceback (most recent call last):\n  File \"/usr/local/bin/pytest\", line 8, in <module>\n    sys.exit(main())\n  File \"/app/repo/src/_pytest/config/__init__.py\", line 60, in main\n    config = _prepareconfig(args, plugins)\n  File \"/app/repo/src/_pytest/config/__init__.py\", line 203, in _prepareconfig\n    return pluginmanager.hook.pytest_cmdline_parse(\n  File \"/usr/local/lib/python3.10/site-packages/pluggy/hooks.py\", line 286, in __call__\n    return self._hookexec(self, self.get_hookimpls(), kwargs)\n  File \"/usr/local/lib/python3.10/site-packages/pluggy/manager.py\", line 93, in _hookexec\n    return self._inner_hookexec(hook, methods, kwargs)\n  File \"/usr/local/lib/python3.10/site-packages/pluggy/manager.py\", line 84, in <lambda>\n    self._inner_hookexec = lambda hook, methods, kwargs: hook.multicall(\n  File \"/usr/local/lib/python3.10/site-packages/pluggy/callers.py\", line 203, in _multicall\n    gen.send(outcome)\n  File \"/app/repo/src/_pytest/helpconfig.py\", line 93, in pytest_cmdline_parse\n    config = outcome.get_result()\n  File \"/usr/local/lib/python3.10/site-packages/pluggy/callers.py\", line 80, in get_result\n    raise ex[1].with_traceback(ex[2])\n  File \"/usr/local/lib/python3.10/site-packages/pluggy/callers.py\", line 187, in _multicall\n    res = hook_impl.function(*args)\n  File \"/app/repo/src/_pytest/config/__init__.py\", line 684, in pytest_cmdline_parse\n    self.parse(args)\n  File \"/app/repo/src/_pytest/config/__init__.py\", line 901, in parse\n    self._preparse(args, addopts=addopts)\n  File \"/app/repo/src/_pytest/config/__init__.py\", line 842, in _preparse\n    self.pluginmanager.consider_preparse(args)\n  File \"/app/repo/src/_pytest/config/__init__.py\", line 496, in consider_preparse\n    self.consider_pluginarg(parg)\n  File \"/app/repo/src/_pytest/config/__init__.py\", line 521, in consider_pluginarg\n    self.import_plugin(arg, consider_entry_points=True)\n  File \"/app/repo/src/_pytest/config/__init__.py\", line 562, in import_plugin\n    __import__(importspec)\n  File \"<frozen importlib._bootstrap>\", line 1027, in _find_and_load\n  File \"<frozen importlib._bootstrap>\", line 1002, in _find_and_load_unlocked\n  File \"<frozen importlib._bootstrap>\", line 941, in _find_spec\n  File \"<frozen importlib._bootstrap>\", line 915, in _find_spec_legacy\n  File \"/app/repo/src/_pytest/assertion/rewrite.py\", line 166, in find_module\n    source_stat, co = _rewrite_test(self.config, fn_pypath)\n  File \"/app/repo/src/_pytest/assertion/rewrite.py\", line 421, in _rewrite_test\n    co = compile(tree, fn.strpath, \"exec\", dont_inherit=True)\nTypeError: required field \"lineno\" missing from alias\n"
    },
    {
      "test_file": "testing/test_capture.py",
      "test_case": "test_error_during_readouterr",
      "test_type": "PASS_TO_PASS",
      "exit_code": 1,
      "stdout": "",
      "stderr": "Traceback (most recent call last):\n  File \"<frozen importlib._bootstrap>\", line 939, in _find_spec\nAttributeError: 'AssertionRewritingHook' object has no attribute 'find_spec'\n\nDuring handling of the above exception, another exception occurred:\n\nTraceback (most recent call last):\n  File \"/usr/local/bin/pytest\", line 8, in <module>\n    sys.exit(main())\n  File \"/app/repo/src/_pytest/config/__init__.py\", line 60, in main\n    config = _prepareconfig(args, plugins)\n  File \"/app/repo/src/_pytest/config/__init__.py\", line 203, in _prepareconfig\n    return pluginmanager.hook.pytest_cmdline_parse(\n  File \"/usr/local/lib/python3.10/site-packages/pluggy/hooks.py\", line 286, in __call__\n    return self._hookexec(self, self.get_hookimpls(), kwargs)\n  File \"/usr/local/lib/python3.10/site-packages/pluggy/manager.py\", line 93, in _hookexec\n    return self._inner_hookexec(hook, methods, kwargs)\n  File \"/usr/local/lib/python3.10/site-packages/pluggy/manager.py\", line 84, in <lambda>\n    self._inner_hookexec = lambda hook, methods, kwargs: hook.multicall(\n  File \"/usr/local/lib/python3.10/site-packages/pluggy/callers.py\", line 203, in _multicall\n    gen.send(outcome)\n  File \"/app/repo/src/_pytest/helpconfig.py\", line 93, in pytest_cmdline_parse\n    config = outcome.get_result()\n  File \"/usr/local/lib/python3.10/site-packages/pluggy/callers.py\", line 80, in get_result\n    raise ex[1].with_traceback(ex[2])\n  File \"/usr/local/lib/python3.10/site-packages/pluggy/callers.py\", line 187, in _multicall\n    res = hook_impl.function(*args)\n  File \"/app/repo/src/_pytest/config/__init__.py\", line 684, in pytest_cmdline_parse\n    self.parse(args)\n  File \"/app/repo/src/_pytest/config/__init__.py\", line 901, in parse\n    self._preparse(args, addopts=addopts)\n  File \"/app/repo/src/_pytest/config/__init__.py\", line 842, in _preparse\n    self.pluginmanager.consider_preparse(args)\n  File \"/app/repo/src/_pytest/config/__init__.py\", line 496, in consider_preparse\n    self.consider_pluginarg(parg)\n  File \"/app/repo/src/_pytest/config/__init__.py\", line 521, in consider_pluginarg\n    self.import_plugin(arg, consider_entry_points=True)\n  File \"/app/repo/src/_pytest/config/__init__.py\", line 562, in import_plugin\n    __import__(importspec)\n  File \"<frozen importlib._bootstrap>\", line 1027, in _find_and_load\n  File \"<frozen importlib._bootstrap>\", line 1002, in _find_and_load_unlocked\n  File \"<frozen importlib._bootstrap>\", line 941, in _find_spec\n  File \"<frozen importlib._bootstrap>\", line 915, in _find_spec_legacy\n  File \"/app/repo/src/_pytest/assertion/rewrite.py\", line 166, in find_module\n    source_stat, co = _rewrite_test(self.config, fn_pypath)\n  File \"/app/repo/src/_pytest/assertion/rewrite.py\", line 421, in _rewrite_test\n    co = compile(tree, fn.strpath, \"exec\", dont_inherit=True)\nTypeError: required field \"lineno\" missing from alias\n"
    },
    {
      "test_file": "testing/test_capture.py",
      "test_case": "test_dupfile",
      "test_type": "PASS_TO_PASS",
      "exit_code": 1,
      "stdout": "",
      "stderr": "Traceback (most recent call last):\n  File \"<frozen importlib._bootstrap>\", line 939, in _find_spec\nAttributeError: 'AssertionRewritingHook' object has no attribute 'find_spec'\n\nDuring handling of the above exception, another exception occurred:\n\nTraceback (most recent call last):\n  File \"/usr/local/bin/pytest\", line 8, in <module>\n    sys.exit(main())\n  File \"/app/repo/src/_pytest/config/__init__.py\", line 60, in main\n    config = _prepareconfig(args, plugins)\n  File \"/app/repo/src/_pytest/config/__init__.py\", line 203, in _prepareconfig\n    return pluginmanager.hook.pytest_cmdline_parse(\n  File \"/usr/local/lib/python3.10/site-packages/pluggy/hooks.py\", line 286, in __call__\n    return self._hookexec(self, self.get_hookimpls(), kwargs)\n  File \"/usr/local/lib/python3.10/site-packages/pluggy/manager.py\", line 93, in _hookexec\n    return self._inner_hookexec(hook, methods, kwargs)\n  File \"/usr/local/lib/python3.10/site-packages/pluggy/manager.py\", line 84, in <lambda>\n    self._inner_hookexec = lambda hook, methods, kwargs: hook.multicall(\n  File \"/usr/local/lib/python3.10/site-packages/pluggy/callers.py\", line 203, in _multicall\n    gen.send(outcome)\n  File \"/app/repo/src/_pytest/helpconfig.py\", line 93, in pytest_cmdline_parse\n    config = outcome.get_result()\n  File \"/usr/local/lib/python3.10/site-packages/pluggy/callers.py\", line 80, in get_result\n    raise ex[1].with_traceback(ex[2])\n  File \"/usr/local/lib/python3.10/site-packages/pluggy/callers.py\", line 187, in _multicall\n    res = hook_impl.function(*args)\n  File \"/app/repo/src/_pytest/config/__init__.py\", line 684, in pytest_cmdline_parse\n    self.parse(args)\n  File \"/app/repo/src/_pytest/config/__init__.py\", line 901, in parse\n    self._preparse(args, addopts=addopts)\n  File \"/app/repo/src/_pytest/config/__init__.py\", line 842, in _preparse\n    self.pluginmanager.consider_preparse(args)\n  File \"/app/repo/src/_pytest/config/__init__.py\", line 496, in consider_preparse\n    self.consider_pluginarg(parg)\n  File \"/app/repo/src/_pytest/config/__init__.py\", line 521, in consider_pluginarg\n    self.import_plugin(arg, consider_entry_points=True)\n  File \"/app/repo/src/_pytest/config/__init__.py\", line 562, in import_plugin\n    __import__(importspec)\n  File \"<frozen importlib._bootstrap>\", line 1027, in _find_and_load\n  File \"<frozen importlib._bootstrap>\", line 1002, in _find_and_load_unlocked\n  File \"<frozen importlib._bootstrap>\", line 941, in _find_spec\n  File \"<frozen importlib._bootstrap>\", line 915, in _find_spec_legacy\n  File \"/app/repo/src/_pytest/assertion/rewrite.py\", line 166, in find_module\n    source_stat, co = _rewrite_test(self.config, fn_pypath)\n  File \"/app/repo/src/_pytest/assertion/rewrite.py\", line 421, in _rewrite_test\n    co = compile(tree, fn.strpath, \"exec\", dont_inherit=True)\nTypeError: required field \"lineno\" missing from alias\n"
    },
    {
      "test_file": "testing/test_capture.py",
      "test_case": "test_fdcapture_tmpfile_remains_the_same[True]",
      "test_type": "PASS_TO_PASS",
      "exit_code": 1,
      "stdout": "",
      "stderr": "Traceback (most recent call last):\n  File \"<frozen importlib._bootstrap>\", line 939, in _find_spec\nAttributeError: 'AssertionRewritingHook' object has no attribute 'find_spec'\n\nDuring handling of the above exception, another exception occurred:\n\nTraceback (most recent call last):\n  File \"/usr/local/bin/pytest\", line 8, in <module>\n    sys.exit(main())\n  File \"/app/repo/src/_pytest/config/__init__.py\", line 60, in main\n    config = _prepareconfig(args, plugins)\n  File \"/app/repo/src/_pytest/config/__init__.py\", line 203, in _prepareconfig\n    return pluginmanager.hook.pytest_cmdline_parse(\n  File \"/usr/local/lib/python3.10/site-packages/pluggy/hooks.py\", line 286, in __call__\n    return self._hookexec(self, self.get_hookimpls(), kwargs)\n  File \"/usr/local/lib/python3.10/site-packages/pluggy/manager.py\", line 93, in _hookexec\n    return self._inner_hookexec(hook, methods, kwargs)\n  File \"/usr/local/lib/python3.10/site-packages/pluggy/manager.py\", line 84, in <lambda>\n    self._inner_hookexec = lambda hook, methods, kwargs: hook.multicall(\n  File \"/usr/local/lib/python3.10/site-packages/pluggy/callers.py\", line 203, in _multicall\n    gen.send(outcome)\n  File \"/app/repo/src/_pytest/helpconfig.py\", line 93, in pytest_cmdline_parse\n    config = outcome.get_result()\n  File \"/usr/local/lib/python3.10/site-packages/pluggy/callers.py\", line 80, in get_result\n    raise ex[1].with_traceback(ex[2])\n  File \"/usr/local/lib/python3.10/site-packages/pluggy/callers.py\", line 187, in _multicall\n    res = hook_impl.function(*args)\n  File \"/app/repo/src/_pytest/config/__init__.py\", line 684, in pytest_cmdline_parse\n    self.parse(args)\n  File \"/app/repo/src/_pytest/config/__init__.py\", line 901, in parse\n    self._preparse(args, addopts=addopts)\n  File \"/app/repo/src/_pytest/config/__init__.py\", line 842, in _preparse\n    self.pluginmanager.consider_preparse(args)\n  File \"/app/repo/src/_pytest/config/__init__.py\", line 496, in consider_preparse\n    self.consider_pluginarg(parg)\n  File \"/app/repo/src/_pytest/config/__init__.py\", line 521, in consider_pluginarg\n    self.import_plugin(arg, consider_entry_points=True)\n  File \"/app/repo/src/_pytest/config/__init__.py\", line 562, in import_plugin\n    __import__(importspec)\n  File \"<frozen importlib._bootstrap>\", line 1027, in _find_and_load\n  File \"<frozen importlib._bootstrap>\", line 1002, in _find_and_load_unlocked\n  File \"<frozen importlib._bootstrap>\", line 941, in _find_spec\n  File \"<frozen importlib._bootstrap>\", line 915, in _find_spec_legacy\n  File \"/app/repo/src/_pytest/assertion/rewrite.py\", line 166, in find_module\n    source_stat, co = _rewrite_test(self.config, fn_pypath)\n  File \"/app/repo/src/_pytest/assertion/rewrite.py\", line 421, in _rewrite_test\n    co = compile(tree, fn.strpath, \"exec\", dont_inherit=True)\nTypeError: required field \"lineno\" missing from alias\n"
    },
    {
      "test_file": "testing/test_capture.py",
      "test_case": "test_fdcapture_tmpfile_remains_the_same[False]",
      "test_type": "PASS_TO_PASS",
      "exit_code": 1,
      "stdout": "",
      "stderr": "Traceback (most recent call last):\n  File \"<frozen importlib._bootstrap>\", line 939, in _find_spec\nAttributeError: 'AssertionRewritingHook' object has no attribute 'find_spec'\n\nDuring handling of the above exception, another exception occurred:\n\nTraceback (most recent call last):\n  File \"/usr/local/bin/pytest\", line 8, in <module>\n    sys.exit(main())\n  File \"/app/repo/src/_pytest/config/__init__.py\", line 60, in main\n    config = _prepareconfig(args, plugins)\n  File \"/app/repo/src/_pytest/config/__init__.py\", line 203, in _prepareconfig\n    return pluginmanager.hook.pytest_cmdline_parse(\n  File \"/usr/local/lib/python3.10/site-packages/pluggy/hooks.py\", line 286, in __call__\n    return self._hookexec(self, self.get_hookimpls(), kwargs)\n  File \"/usr/local/lib/python3.10/site-packages/pluggy/manager.py\", line 93, in _hookexec\n    return self._inner_hookexec(hook, methods, kwargs)\n  File \"/usr/local/lib/python3.10/site-packages/pluggy/manager.py\", line 84, in <lambda>\n    self._inner_hookexec = lambda hook, methods, kwargs: hook.multicall(\n  File \"/usr/local/lib/python3.10/site-packages/pluggy/callers.py\", line 203, in _multicall\n    gen.send(outcome)\n  File \"/app/repo/src/_pytest/helpconfig.py\", line 93, in pytest_cmdline_parse\n    config = outcome.get_result()\n  File \"/usr/local/lib/python3.10/site-packages/pluggy/callers.py\", line 80, in get_result\n    raise ex[1].with_traceback(ex[2])\n  File \"/usr/local/lib/python3.10/site-packages/pluggy/callers.py\", line 187, in _multicall\n    res = hook_impl.function(*args)\n  File \"/app/repo/src/_pytest/config/__init__.py\", line 684, in pytest_cmdline_parse\n    self.parse(args)\n  File \"/app/repo/src/_pytest/config/__init__.py\", line 901, in parse\n    self._preparse(args, addopts=addopts)\n  File \"/app/repo/src/_pytest/config/__init__.py\", line 842, in _preparse\n    self.pluginmanager.consider_preparse(args)\n  File \"/app/repo/src/_pytest/config/__init__.py\", line 496, in consider_preparse\n    self.consider_pluginarg(parg)\n  File \"/app/repo/src/_pytest/config/__init__.py\", line 521, in consider_pluginarg\n    self.import_plugin(arg, consider_entry_points=True)\n  File \"/app/repo/src/_pytest/config/__init__.py\", line 562, in import_plugin\n    __import__(importspec)\n  File \"<frozen importlib._bootstrap>\", line 1027, in _find_and_load\n  File \"<frozen importlib._bootstrap>\", line 1002, in _find_and_load_unlocked\n  File \"<frozen importlib._bootstrap>\", line 941, in _find_spec\n  File \"<frozen importlib._bootstrap>\", line 915, in _find_spec_legacy\n  File \"/app/repo/src/_pytest/assertion/rewrite.py\", line 166, in find_module\n    source_stat, co = _rewrite_test(self.config, fn_pypath)\n  File \"/app/repo/src/_pytest/assertion/rewrite.py\", line 421, in _rewrite_test\n    co = compile(tree, fn.strpath, \"exec\", dont_inherit=True)\nTypeError: required field \"lineno\" missing from alias\n"
    },
    {
      "test_file": "testing/test_capture.py",
      "test_case": "test_close_and_capture_again",
      "test_type": "PASS_TO_PASS",
      "exit_code": 1,
      "stdout": "",
      "stderr": "Traceback (most recent call last):\n  File \"<frozen importlib._bootstrap>\", line 939, in _find_spec\nAttributeError: 'AssertionRewritingHook' object has no attribute 'find_spec'\n\nDuring handling of the above exception, another exception occurred:\n\nTraceback (most recent call last):\n  File \"/usr/local/bin/pytest\", line 8, in <module>\n    sys.exit(main())\n  File \"/app/repo/src/_pytest/config/__init__.py\", line 60, in main\n    config = _prepareconfig(args, plugins)\n  File \"/app/repo/src/_pytest/config/__init__.py\", line 203, in _prepareconfig\n    return pluginmanager.hook.pytest_cmdline_parse(\n  File \"/usr/local/lib/python3.10/site-packages/pluggy/hooks.py\", line 286, in __call__\n    return self._hookexec(self, self.get_hookimpls(), kwargs)\n  File \"/usr/local/lib/python3.10/site-packages/pluggy/manager.py\", line 93, in _hookexec\n    return self._inner_hookexec(hook, methods, kwargs)\n  File \"/usr/local/lib/python3.10/site-packages/pluggy/manager.py\", line 84, in <lambda>\n    self._inner_hookexec = lambda hook, methods, kwargs: hook.multicall(\n  File \"/usr/local/lib/python3.10/site-packages/pluggy/callers.py\", line 203, in _multicall\n    gen.send(outcome)\n  File \"/app/repo/src/_pytest/helpconfig.py\", line 93, in pytest_cmdline_parse\n    config = outcome.get_result()\n  File \"/usr/local/lib/python3.10/site-packages/pluggy/callers.py\", line 80, in get_result\n    raise ex[1].with_traceback(ex[2])\n  File \"/usr/local/lib/python3.10/site-packages/pluggy/callers.py\", line 187, in _multicall\n    res = hook_impl.function(*args)\n  File \"/app/repo/src/_pytest/config/__init__.py\", line 684, in pytest_cmdline_parse\n    self.parse(args)\n  File \"/app/repo/src/_pytest/config/__init__.py\", line 901, in parse\n    self._preparse(args, addopts=addopts)\n  File \"/app/repo/src/_pytest/config/__init__.py\", line 842, in _preparse\n    self.pluginmanager.consider_preparse(args)\n  File \"/app/repo/src/_pytest/config/__init__.py\", line 496, in consider_preparse\n    self.consider_pluginarg(parg)\n  File \"/app/repo/src/_pytest/config/__init__.py\", line 521, in consider_pluginarg\n    self.import_plugin(arg, consider_entry_points=True)\n  File \"/app/repo/src/_pytest/config/__init__.py\", line 562, in import_plugin\n    __import__(importspec)\n  File \"<frozen importlib._bootstrap>\", line 1027, in _find_and_load\n  File \"<frozen importlib._bootstrap>\", line 1002, in _find_and_load_unlocked\n  File \"<frozen importlib._bootstrap>\", line 941, in _find_spec\n  File \"<frozen importlib._bootstrap>\", line 915, in _find_spec_legacy\n  File \"/app/repo/src/_pytest/assertion/rewrite.py\", line 166, in find_module\n    source_stat, co = _rewrite_test(self.config, fn_pypath)\n  File \"/app/repo/src/_pytest/assertion/rewrite.py\", line 421, in _rewrite_test\n    co = compile(tree, fn.strpath, \"exec\", dont_inherit=True)\nTypeError: required field \"lineno\" missing from alias\n"
    },
    {
      "test_file": "testing/test_capture.py",
      "test_case": "test_capturing_and_logging_fundamentals[SysCapture]",
      "test_type": "PASS_TO_PASS",
      "exit_code": 1,
      "stdout": "",
      "stderr": "Traceback (most recent call last):\n  File \"<frozen importlib._bootstrap>\", line 939, in _find_spec\nAttributeError: 'AssertionRewritingHook' object has no attribute 'find_spec'\n\nDuring handling of the above exception, another exception occurred:\n\nTraceback (most recent call last):\n  File \"/usr/local/bin/pytest\", line 8, in <module>\n    sys.exit(main())\n  File \"/app/repo/src/_pytest/config/__init__.py\", line 60, in main\n    config = _prepareconfig(args, plugins)\n  File \"/app/repo/src/_pytest/config/__init__.py\", line 203, in _prepareconfig\n    return pluginmanager.hook.pytest_cmdline_parse(\n  File \"/usr/local/lib/python3.10/site-packages/pluggy/hooks.py\", line 286, in __call__\n    return self._hookexec(self, self.get_hookimpls(), kwargs)\n  File \"/usr/local/lib/python3.10/site-packages/pluggy/manager.py\", line 93, in _hookexec\n    return self._inner_hookexec(hook, methods, kwargs)\n  File \"/usr/local/lib/python3.10/site-packages/pluggy/manager.py\", line 84, in <lambda>\n    self._inner_hookexec = lambda hook, methods, kwargs: hook.multicall(\n  File \"/usr/local/lib/python3.10/site-packages/pluggy/callers.py\", line 203, in _multicall\n    gen.send(outcome)\n  File \"/app/repo/src/_pytest/helpconfig.py\", line 93, in pytest_cmdline_parse\n    config = outcome.get_result()\n  File \"/usr/local/lib/python3.10/site-packages/pluggy/callers.py\", line 80, in get_result\n    raise ex[1].with_traceback(ex[2])\n  File \"/usr/local/lib/python3.10/site-packages/pluggy/callers.py\", line 187, in _multicall\n    res = hook_impl.function(*args)\n  File \"/app/repo/src/_pytest/config/__init__.py\", line 684, in pytest_cmdline_parse\n    self.parse(args)\n  File \"/app/repo/src/_pytest/config/__init__.py\", line 901, in parse\n    self._preparse(args, addopts=addopts)\n  File \"/app/repo/src/_pytest/config/__init__.py\", line 842, in _preparse\n    self.pluginmanager.consider_preparse(args)\n  File \"/app/repo/src/_pytest/config/__init__.py\", line 496, in consider_preparse\n    self.consider_pluginarg(parg)\n  File \"/app/repo/src/_pytest/config/__init__.py\", line 521, in consider_pluginarg\n    self.import_plugin(arg, consider_entry_points=True)\n  File \"/app/repo/src/_pytest/config/__init__.py\", line 562, in import_plugin\n    __import__(importspec)\n  File \"<frozen importlib._bootstrap>\", line 1027, in _find_and_load\n  File \"<frozen importlib._bootstrap>\", line 1002, in _find_and_load_unlocked\n  File \"<frozen importlib._bootstrap>\", line 941, in _find_spec\n  File \"<frozen importlib._bootstrap>\", line 915, in _find_spec_legacy\n  File \"/app/repo/src/_pytest/assertion/rewrite.py\", line 166, in find_module\n    source_stat, co = _rewrite_test(self.config, fn_pypath)\n  File \"/app/repo/src/_pytest/assertion/rewrite.py\", line 421, in _rewrite_test\n    co = compile(tree, fn.strpath, \"exec\", dont_inherit=True)\nTypeError: required field \"lineno\" missing from alias\n"
    },
    {
      "test_file": "testing/test_capture.py",
      "test_case": "test_capturing_and_logging_fundamentals[FDCapture]",
      "test_type": "PASS_TO_PASS",
      "exit_code": 1,
      "stdout": "",
      "stderr": "Traceback (most recent call last):\n  File \"<frozen importlib._bootstrap>\", line 939, in _find_spec\nAttributeError: 'AssertionRewritingHook' object has no attribute 'find_spec'\n\nDuring handling of the above exception, another exception occurred:\n\nTraceback (most recent call last):\n  File \"/usr/local/bin/pytest\", line 8, in <module>\n    sys.exit(main())\n  File \"/app/repo/src/_pytest/config/__init__.py\", line 60, in main\n    config = _prepareconfig(args, plugins)\n  File \"/app/repo/src/_pytest/config/__init__.py\", line 203, in _prepareconfig\n    return pluginmanager.hook.pytest_cmdline_parse(\n  File \"/usr/local/lib/python3.10/site-packages/pluggy/hooks.py\", line 286, in __call__\n    return self._hookexec(self, self.get_hookimpls(), kwargs)\n  File \"/usr/local/lib/python3.10/site-packages/pluggy/manager.py\", line 93, in _hookexec\n    return self._inner_hookexec(hook, methods, kwargs)\n  File \"/usr/local/lib/python3.10/site-packages/pluggy/manager.py\", line 84, in <lambda>\n    self._inner_hookexec = lambda hook, methods, kwargs: hook.multicall(\n  File \"/usr/local/lib/python3.10/site-packages/pluggy/callers.py\", line 203, in _multicall\n    gen.send(outcome)\n  File \"/app/repo/src/_pytest/helpconfig.py\", line 93, in pytest_cmdline_parse\n    config = outcome.get_result()\n  File \"/usr/local/lib/python3.10/site-packages/pluggy/callers.py\", line 80, in get_result\n    raise ex[1].with_traceback(ex[2])\n  File \"/usr/local/lib/python3.10/site-packages/pluggy/callers.py\", line 187, in _multicall\n    res = hook_impl.function(*args)\n  File \"/app/repo/src/_pytest/config/__init__.py\", line 684, in pytest_cmdline_parse\n    self.parse(args)\n  File \"/app/repo/src/_pytest/config/__init__.py\", line 901, in parse\n    self._preparse(args, addopts=addopts)\n  File \"/app/repo/src/_pytest/config/__init__.py\", line 842, in _preparse\n    self.pluginmanager.consider_preparse(args)\n  File \"/app/repo/src/_pytest/config/__init__.py\", line 496, in consider_preparse\n    self.consider_pluginarg(parg)\n  File \"/app/repo/src/_pytest/config/__init__.py\", line 521, in consider_pluginarg\n    self.import_plugin(arg, consider_entry_points=True)\n  File \"/app/repo/src/_pytest/config/__init__.py\", line 562, in import_plugin\n    __import__(importspec)\n  File \"<frozen importlib._bootstrap>\", line 1027, in _find_and_load\n  File \"<frozen importlib._bootstrap>\", line 1002, in _find_and_load_unlocked\n  File \"<frozen importlib._bootstrap>\", line 941, in _find_spec\n  File \"<frozen importlib._bootstrap>\", line 915, in _find_spec_legacy\n  File \"/app/repo/src/_pytest/assertion/rewrite.py\", line 166, in find_module\n    source_stat, co = _rewrite_test(self.config, fn_pypath)\n  File \"/app/repo/src/_pytest/assertion/rewrite.py\", line 421, in _rewrite_test\n    co = compile(tree, fn.strpath, \"exec\", dont_inherit=True)\nTypeError: required field \"lineno\" missing from alias\n"
    },
    {
      "test_file": "testing/test_capture.py",
      "test_case": "test_error_attribute_issue555",
      "test_type": "PASS_TO_PASS",
      "exit_code": 1,
      "stdout": "",
      "stderr": "Traceback (most recent call last):\n  File \"<frozen importlib._bootstrap>\", line 939, in _find_spec\nAttributeError: 'AssertionRewritingHook' object has no attribute 'find_spec'\n\nDuring handling of the above exception, another exception occurred:\n\nTraceback (most recent call last):\n  File \"/usr/local/bin/pytest\", line 8, in <module>\n    sys.exit(main())\n  File \"/app/repo/src/_pytest/config/__init__.py\", line 60, in main\n    config = _prepareconfig(args, plugins)\n  File \"/app/repo/src/_pytest/config/__init__.py\", line 203, in _prepareconfig\n    return pluginmanager.hook.pytest_cmdline_parse(\n  File \"/usr/local/lib/python3.10/site-packages/pluggy/hooks.py\", line 286, in __call__\n    return self._hookexec(self, self.get_hookimpls(), kwargs)\n  File \"/usr/local/lib/python3.10/site-packages/pluggy/manager.py\", line 93, in _hookexec\n    return self._inner_hookexec(hook, methods, kwargs)\n  File \"/usr/local/lib/python3.10/site-packages/pluggy/manager.py\", line 84, in <lambda>\n    self._inner_hookexec = lambda hook, methods, kwargs: hook.multicall(\n  File \"/usr/local/lib/python3.10/site-packages/pluggy/callers.py\", line 203, in _multicall\n    gen.send(outcome)\n  File \"/app/repo/src/_pytest/helpconfig.py\", line 93, in pytest_cmdline_parse\n    config = outcome.get_result()\n  File \"/usr/local/lib/python3.10/site-packages/pluggy/callers.py\", line 80, in get_result\n    raise ex[1].with_traceback(ex[2])\n  File \"/usr/local/lib/python3.10/site-packages/pluggy/callers.py\", line 187, in _multicall\n    res = hook_impl.function(*args)\n  File \"/app/repo/src/_pytest/config/__init__.py\", line 684, in pytest_cmdline_parse\n    self.parse(args)\n  File \"/app/repo/src/_pytest/config/__init__.py\", line 901, in parse\n    self._preparse(args, addopts=addopts)\n  File \"/app/repo/src/_pytest/config/__init__.py\", line 842, in _preparse\n    self.pluginmanager.consider_preparse(args)\n  File \"/app/repo/src/_pytest/config/__init__.py\", line 496, in consider_preparse\n    self.consider_pluginarg(parg)\n  File \"/app/repo/src/_pytest/config/__init__.py\", line 521, in consider_pluginarg\n    self.import_plugin(arg, consider_entry_points=True)\n  File \"/app/repo/src/_pytest/config/__init__.py\", line 562, in import_plugin\n    __import__(importspec)\n  File \"<frozen importlib._bootstrap>\", line 1027, in _find_and_load\n  File \"<frozen importlib._bootstrap>\", line 1002, in _find_and_load_unlocked\n  File \"<frozen importlib._bootstrap>\", line 941, in _find_spec\n  File \"<frozen importlib._bootstrap>\", line 915, in _find_spec_legacy\n  File \"/app/repo/src/_pytest/assertion/rewrite.py\", line 166, in find_module\n    source_stat, co = _rewrite_test(self.config, fn_pypath)\n  File \"/app/repo/src/_pytest/assertion/rewrite.py\", line 421, in _rewrite_test\n    co = compile(tree, fn.strpath, \"exec\", dont_inherit=True)\nTypeError: required field \"lineno\" missing from alias\n"
    },
    {
      "test_file": "testing/test_capture.py",
      "test_case": "test_dontreadfrominput_has_encoding",
      "test_type": "PASS_TO_PASS",
      "exit_code": 1,
      "stdout": "",
      "stderr": "Traceback (most recent call last):\n  File \"<frozen importlib._bootstrap>\", line 939, in _find_spec\nAttributeError: 'AssertionRewritingHook' object has no attribute 'find_spec'\n\nDuring handling of the above exception, another exception occurred:\n\nTraceback (most recent call last):\n  File \"/usr/local/bin/pytest\", line 8, in <module>\n    sys.exit(main())\n  File \"/app/repo/src/_pytest/config/__init__.py\", line 60, in main\n    config = _prepareconfig(args, plugins)\n  File \"/app/repo/src/_pytest/config/__init__.py\", line 203, in _prepareconfig\n    return pluginmanager.hook.pytest_cmdline_parse(\n  File \"/usr/local/lib/python3.10/site-packages/pluggy/hooks.py\", line 286, in __call__\n    return self._hookexec(self, self.get_hookimpls(), kwargs)\n  File \"/usr/local/lib/python3.10/site-packages/pluggy/manager.py\", line 93, in _hookexec\n    return self._inner_hookexec(hook, methods, kwargs)\n  File \"/usr/local/lib/python3.10/site-packages/pluggy/manager.py\", line 84, in <lambda>\n    self._inner_hookexec = lambda hook, methods, kwargs: hook.multicall(\n  File \"/usr/local/lib/python3.10/site-packages/pluggy/callers.py\", line 203, in _multicall\n    gen.send(outcome)\n  File \"/app/repo/src/_pytest/helpconfig.py\", line 93, in pytest_cmdline_parse\n    config = outcome.get_result()\n  File \"/usr/local/lib/python3.10/site-packages/pluggy/callers.py\", line 80, in get_result\n    raise ex[1].with_traceback(ex[2])\n  File \"/usr/local/lib/python3.10/site-packages/pluggy/callers.py\", line 187, in _multicall\n    res = hook_impl.function(*args)\n  File \"/app/repo/src/_pytest/config/__init__.py\", line 684, in pytest_cmdline_parse\n    self.parse(args)\n  File \"/app/repo/src/_pytest/config/__init__.py\", line 901, in parse\n    self._preparse(args, addopts=addopts)\n  File \"/app/repo/src/_pytest/config/__init__.py\", line 842, in _preparse\n    self.pluginmanager.consider_preparse(args)\n  File \"/app/repo/src/_pytest/config/__init__.py\", line 496, in consider_preparse\n    self.consider_pluginarg(parg)\n  File \"/app/repo/src/_pytest/config/__init__.py\", line 521, in consider_pluginarg\n    self.import_plugin(arg, consider_entry_points=True)\n  File \"/app/repo/src/_pytest/config/__init__.py\", line 562, in import_plugin\n    __import__(importspec)\n  File \"<frozen importlib._bootstrap>\", line 1027, in _find_and_load\n  File \"<frozen importlib._bootstrap>\", line 1002, in _find_and_load_unlocked\n  File \"<frozen importlib._bootstrap>\", line 941, in _find_spec\n  File \"<frozen importlib._bootstrap>\", line 915, in _find_spec_legacy\n  File \"/app/repo/src/_pytest/assertion/rewrite.py\", line 166, in find_module\n    source_stat, co = _rewrite_test(self.config, fn_pypath)\n  File \"/app/repo/src/_pytest/assertion/rewrite.py\", line 421, in _rewrite_test\n    co = compile(tree, fn.strpath, \"exec\", dont_inherit=True)\nTypeError: required field \"lineno\" missing from alias\n"
    },
    {
      "test_file": "testing/test_capture.py",
      "test_case": "test_crash_on_closing_tmpfile_py27",
      "test_type": "PASS_TO_PASS",
      "exit_code": 1,
      "stdout": "",
      "stderr": "Traceback (most recent call last):\n  File \"<frozen importlib._bootstrap>\", line 939, in _find_spec\nAttributeError: 'AssertionRewritingHook' object has no attribute 'find_spec'\n\nDuring handling of the above exception, another exception occurred:\n\nTraceback (most recent call last):\n  File \"/usr/local/bin/pytest\", line 8, in <module>\n    sys.exit(main())\n  File \"/app/repo/src/_pytest/config/__init__.py\", line 60, in main\n    config = _prepareconfig(args, plugins)\n  File \"/app/repo/src/_pytest/config/__init__.py\", line 203, in _prepareconfig\n    return pluginmanager.hook.pytest_cmdline_parse(\n  File \"/usr/local/lib/python3.10/site-packages/pluggy/hooks.py\", line 286, in __call__\n    return self._hookexec(self, self.get_hookimpls(), kwargs)\n  File \"/usr/local/lib/python3.10/site-packages/pluggy/manager.py\", line 93, in _hookexec\n    return self._inner_hookexec(hook, methods, kwargs)\n  File \"/usr/local/lib/python3.10/site-packages/pluggy/manager.py\", line 84, in <lambda>\n    self._inner_hookexec = lambda hook, methods, kwargs: hook.multicall(\n  File \"/usr/local/lib/python3.10/site-packages/pluggy/callers.py\", line 203, in _multicall\n    gen.send(outcome)\n  File \"/app/repo/src/_pytest/helpconfig.py\", line 93, in pytest_cmdline_parse\n    config = outcome.get_result()\n  File \"/usr/local/lib/python3.10/site-packages/pluggy/callers.py\", line 80, in get_result\n    raise ex[1].with_traceback(ex[2])\n  File \"/usr/local/lib/python3.10/site-packages/pluggy/callers.py\", line 187, in _multicall\n    res = hook_impl.function(*args)\n  File \"/app/repo/src/_pytest/config/__init__.py\", line 684, in pytest_cmdline_parse\n    self.parse(args)\n  File \"/app/repo/src/_pytest/config/__init__.py\", line 901, in parse\n    self._preparse(args, addopts=addopts)\n  File \"/app/repo/src/_pytest/config/__init__.py\", line 842, in _preparse\n    self.pluginmanager.consider_preparse(args)\n  File \"/app/repo/src/_pytest/config/__init__.py\", line 496, in consider_preparse\n    self.consider_pluginarg(parg)\n  File \"/app/repo/src/_pytest/config/__init__.py\", line 521, in consider_pluginarg\n    self.import_plugin(arg, consider_entry_points=True)\n  File \"/app/repo/src/_pytest/config/__init__.py\", line 562, in import_plugin\n    __import__(importspec)\n  File \"<frozen importlib._bootstrap>\", line 1027, in _find_and_load\n  File \"<frozen importlib._bootstrap>\", line 1002, in _find_and_load_unlocked\n  File \"<frozen importlib._bootstrap>\", line 941, in _find_spec\n  File \"<frozen importlib._bootstrap>\", line 915, in _find_spec_legacy\n  File \"/app/repo/src/_pytest/assertion/rewrite.py\", line 166, in find_module\n    source_stat, co = _rewrite_test(self.config, fn_pypath)\n  File \"/app/repo/src/_pytest/assertion/rewrite.py\", line 421, in _rewrite_test\n    co = compile(tree, fn.strpath, \"exec\", dont_inherit=True)\nTypeError: required field \"lineno\" missing from alias\n"
    },
    {
      "test_file": "testing/test_capture.py",
      "test_case": "test_global_capture_with_live_logging",
      "test_type": "PASS_TO_PASS",
      "exit_code": 1,
      "stdout": "",
      "stderr": "Traceback (most recent call last):\n  File \"<frozen importlib._bootstrap>\", line 939, in _find_spec\nAttributeError: 'AssertionRewritingHook' object has no attribute 'find_spec'\n\nDuring handling of the above exception, another exception occurred:\n\nTraceback (most recent call last):\n  File \"/usr/local/bin/pytest\", line 8, in <module>\n    sys.exit(main())\n  File \"/app/repo/src/_pytest/config/__init__.py\", line 60, in main\n    config = _prepareconfig(args, plugins)\n  File \"/app/repo/src/_pytest/config/__init__.py\", line 203, in _prepareconfig\n    return pluginmanager.hook.pytest_cmdline_parse(\n  File \"/usr/local/lib/python3.10/site-packages/pluggy/hooks.py\", line 286, in __call__\n    return self._hookexec(self, self.get_hookimpls(), kwargs)\n  File \"/usr/local/lib/python3.10/site-packages/pluggy/manager.py\", line 93, in _hookexec\n    return self._inner_hookexec(hook, methods, kwargs)\n  File \"/usr/local/lib/python3.10/site-packages/pluggy/manager.py\", line 84, in <lambda>\n    self._inner_hookexec = lambda hook, methods, kwargs: hook.multicall(\n  File \"/usr/local/lib/python3.10/site-packages/pluggy/callers.py\", line 203, in _multicall\n    gen.send(outcome)\n  File \"/app/repo/src/_pytest/helpconfig.py\", line 93, in pytest_cmdline_parse\n    config = outcome.get_result()\n  File \"/usr/local/lib/python3.10/site-packages/pluggy/callers.py\", line 80, in get_result\n    raise ex[1].with_traceback(ex[2])\n  File \"/usr/local/lib/python3.10/site-packages/pluggy/callers.py\", line 187, in _multicall\n    res = hook_impl.function(*args)\n  File \"/app/repo/src/_pytest/config/__init__.py\", line 684, in pytest_cmdline_parse\n    self.parse(args)\n  File \"/app/repo/src/_pytest/config/__init__.py\", line 901, in parse\n    self._preparse(args, addopts=addopts)\n  File \"/app/repo/src/_pytest/config/__init__.py\", line 842, in _preparse\n    self.pluginmanager.consider_preparse(args)\n  File \"/app/repo/src/_pytest/config/__init__.py\", line 496, in consider_preparse\n    self.consider_pluginarg(parg)\n  File \"/app/repo/src/_pytest/config/__init__.py\", line 521, in consider_pluginarg\n    self.import_plugin(arg, consider_entry_points=True)\n  File \"/app/repo/src/_pytest/config/__init__.py\", line 562, in import_plugin\n    __import__(importspec)\n  File \"<frozen importlib._bootstrap>\", line 1027, in _find_and_load\n  File \"<frozen importlib._bootstrap>\", line 1002, in _find_and_load_unlocked\n  File \"<frozen importlib._bootstrap>\", line 941, in _find_spec\n  File \"<frozen importlib._bootstrap>\", line 915, in _find_spec_legacy\n  File \"/app/repo/src/_pytest/assertion/rewrite.py\", line 166, in find_module\n    source_stat, co = _rewrite_test(self.config, fn_pypath)\n  File \"/app/repo/src/_pytest/assertion/rewrite.py\", line 421, in _rewrite_test\n    co = compile(tree, fn.strpath, \"exec\", dont_inherit=True)\nTypeError: required field \"lineno\" missing from alias\n"
    },
    {
      "test_file": "testing/test_capture.py",
      "test_case": "test_capture_with_live_logging[capsys]",
      "test_type": "PASS_TO_PASS",
      "exit_code": 1,
      "stdout": "",
      "stderr": "Traceback (most recent call last):\n  File \"<frozen importlib._bootstrap>\", line 939, in _find_spec\nAttributeError: 'AssertionRewritingHook' object has no attribute 'find_spec'\n\nDuring handling of the above exception, another exception occurred:\n\nTraceback (most recent call last):\n  File \"/usr/local/bin/pytest\", line 8, in <module>\n    sys.exit(main())\n  File \"/app/repo/src/_pytest/config/__init__.py\", line 60, in main\n    config = _prepareconfig(args, plugins)\n  File \"/app/repo/src/_pytest/config/__init__.py\", line 203, in _prepareconfig\n    return pluginmanager.hook.pytest_cmdline_parse(\n  File \"/usr/local/lib/python3.10/site-packages/pluggy/hooks.py\", line 286, in __call__\n    return self._hookexec(self, self.get_hookimpls(), kwargs)\n  File \"/usr/local/lib/python3.10/site-packages/pluggy/manager.py\", line 93, in _hookexec\n    return self._inner_hookexec(hook, methods, kwargs)\n  File \"/usr/local/lib/python3.10/site-packages/pluggy/manager.py\", line 84, in <lambda>\n    self._inner_hookexec = lambda hook, methods, kwargs: hook.multicall(\n  File \"/usr/local/lib/python3.10/site-packages/pluggy/callers.py\", line 203, in _multicall\n    gen.send(outcome)\n  File \"/app/repo/src/_pytest/helpconfig.py\", line 93, in pytest_cmdline_parse\n    config = outcome.get_result()\n  File \"/usr/local/lib/python3.10/site-packages/pluggy/callers.py\", line 80, in get_result\n    raise ex[1].with_traceback(ex[2])\n  File \"/usr/local/lib/python3.10/site-packages/pluggy/callers.py\", line 187, in _multicall\n    res = hook_impl.function(*args)\n  File \"/app/repo/src/_pytest/config/__init__.py\", line 684, in pytest_cmdline_parse\n    self.parse(args)\n  File \"/app/repo/src/_pytest/config/__init__.py\", line 901, in parse\n    self._preparse(args, addopts=addopts)\n  File \"/app/repo/src/_pytest/config/__init__.py\", line 842, in _preparse\n    self.pluginmanager.consider_preparse(args)\n  File \"/app/repo/src/_pytest/config/__init__.py\", line 496, in consider_preparse\n    self.consider_pluginarg(parg)\n  File \"/app/repo/src/_pytest/config/__init__.py\", line 521, in consider_pluginarg\n    self.import_plugin(arg, consider_entry_points=True)\n  File \"/app/repo/src/_pytest/config/__init__.py\", line 562, in import_plugin\n    __import__(importspec)\n  File \"<frozen importlib._bootstrap>\", line 1027, in _find_and_load\n  File \"<frozen importlib._bootstrap>\", line 1002, in _find_and_load_unlocked\n  File \"<frozen importlib._bootstrap>\", line 941, in _find_spec\n  File \"<frozen importlib._bootstrap>\", line 915, in _find_spec_legacy\n  File \"/app/repo/src/_pytest/assertion/rewrite.py\", line 166, in find_module\n    source_stat, co = _rewrite_test(self.config, fn_pypath)\n  File \"/app/repo/src/_pytest/assertion/rewrite.py\", line 421, in _rewrite_test\n    co = compile(tree, fn.strpath, \"exec\", dont_inherit=True)\nTypeError: required field \"lineno\" missing from alias\n"
    },
    {
      "test_file": "testing/test_capture.py",
      "test_case": "test_capture_with_live_logging[capfd]",
      "test_type": "PASS_TO_PASS",
      "exit_code": 1,
      "stdout": "",
      "stderr": "Traceback (most recent call last):\n  File \"<frozen importlib._bootstrap>\", line 939, in _find_spec\nAttributeError: 'AssertionRewritingHook' object has no attribute 'find_spec'\n\nDuring handling of the above exception, another exception occurred:\n\nTraceback (most recent call last):\n  File \"/usr/local/bin/pytest\", line 8, in <module>\n    sys.exit(main())\n  File \"/app/repo/src/_pytest/config/__init__.py\", line 60, in main\n    config = _prepareconfig(args, plugins)\n  File \"/app/repo/src/_pytest/config/__init__.py\", line 203, in _prepareconfig\n    return pluginmanager.hook.pytest_cmdline_parse(\n  File \"/usr/local/lib/python3.10/site-packages/pluggy/hooks.py\", line 286, in __call__\n    return self._hookexec(self, self.get_hookimpls(), kwargs)\n  File \"/usr/local/lib/python3.10/site-packages/pluggy/manager.py\", line 93, in _hookexec\n    return self._inner_hookexec(hook, methods, kwargs)\n  File \"/usr/local/lib/python3.10/site-packages/pluggy/manager.py\", line 84, in <lambda>\n    self._inner_hookexec = lambda hook, methods, kwargs: hook.multicall(\n  File \"/usr/local/lib/python3.10/site-packages/pluggy/callers.py\", line 203, in _multicall\n    gen.send(outcome)\n  File \"/app/repo/src/_pytest/helpconfig.py\", line 93, in pytest_cmdline_parse\n    config = outcome.get_result()\n  File \"/usr/local/lib/python3.10/site-packages/pluggy/callers.py\", line 80, in get_result\n    raise ex[1].with_traceback(ex[2])\n  File \"/usr/local/lib/python3.10/site-packages/pluggy/callers.py\", line 187, in _multicall\n    res = hook_impl.function(*args)\n  File \"/app/repo/src/_pytest/config/__init__.py\", line 684, in pytest_cmdline_parse\n    self.parse(args)\n  File \"/app/repo/src/_pytest/config/__init__.py\", line 901, in parse\n    self._preparse(args, addopts=addopts)\n  File \"/app/repo/src/_pytest/config/__init__.py\", line 842, in _preparse\n    self.pluginmanager.consider_preparse(args)\n  File \"/app/repo/src/_pytest/config/__init__.py\", line 496, in consider_preparse\n    self.consider_pluginarg(parg)\n  File \"/app/repo/src/_pytest/config/__init__.py\", line 521, in consider_pluginarg\n    self.import_plugin(arg, consider_entry_points=True)\n  File \"/app/repo/src/_pytest/config/__init__.py\", line 562, in import_plugin\n    __import__(importspec)\n  File \"<frozen importlib._bootstrap>\", line 1027, in _find_and_load\n  File \"<frozen importlib._bootstrap>\", line 1002, in _find_and_load_unlocked\n  File \"<frozen importlib._bootstrap>\", line 941, in _find_spec\n  File \"<frozen importlib._bootstrap>\", line 915, in _find_spec_legacy\n  File \"/app/repo/src/_pytest/assertion/rewrite.py\", line 166, in find_module\n    source_stat, co = _rewrite_test(self.config, fn_pypath)\n  File \"/app/repo/src/_pytest/assertion/rewrite.py\", line 421, in _rewrite_test\n    co = compile(tree, fn.strpath, \"exec\", dont_inherit=True)\nTypeError: required field \"lineno\" missing from alias\n"
    },
    {
      "test_file": "testing/test_capture.py",
      "test_case": "test_typeerror_encodedfile_write",
      "test_type": "PASS_TO_PASS",
      "exit_code": 1,
      "stdout": "",
      "stderr": "Traceback (most recent call last):\n  File \"<frozen importlib._bootstrap>\", line 939, in _find_spec\nAttributeError: 'AssertionRewritingHook' object has no attribute 'find_spec'\n\nDuring handling of the above exception, another exception occurred:\n\nTraceback (most recent call last):\n  File \"/usr/local/bin/pytest\", line 8, in <module>\n    sys.exit(main())\n  File \"/app/repo/src/_pytest/config/__init__.py\", line 60, in main\n    config = _prepareconfig(args, plugins)\n  File \"/app/repo/src/_pytest/config/__init__.py\", line 203, in _prepareconfig\n    return pluginmanager.hook.pytest_cmdline_parse(\n  File \"/usr/local/lib/python3.10/site-packages/pluggy/hooks.py\", line 286, in __call__\n    return self._hookexec(self, self.get_hookimpls(), kwargs)\n  File \"/usr/local/lib/python3.10/site-packages/pluggy/manager.py\", line 93, in _hookexec\n    return self._inner_hookexec(hook, methods, kwargs)\n  File \"/usr/local/lib/python3.10/site-packages/pluggy/manager.py\", line 84, in <lambda>\n    self._inner_hookexec = lambda hook, methods, kwargs: hook.multicall(\n  File \"/usr/local/lib/python3.10/site-packages/pluggy/callers.py\", line 203, in _multicall\n    gen.send(outcome)\n  File \"/app/repo/src/_pytest/helpconfig.py\", line 93, in pytest_cmdline_parse\n    config = outcome.get_result()\n  File \"/usr/local/lib/python3.10/site-packages/pluggy/callers.py\", line 80, in get_result\n    raise ex[1].with_traceback(ex[2])\n  File \"/usr/local/lib/python3.10/site-packages/pluggy/callers.py\", line 187, in _multicall\n    res = hook_impl.function(*args)\n  File \"/app/repo/src/_pytest/config/__init__.py\", line 684, in pytest_cmdline_parse\n    self.parse(args)\n  File \"/app/repo/src/_pytest/config/__init__.py\", line 901, in parse\n    self._preparse(args, addopts=addopts)\n  File \"/app/repo/src/_pytest/config/__init__.py\", line 842, in _preparse\n    self.pluginmanager.consider_preparse(args)\n  File \"/app/repo/src/_pytest/config/__init__.py\", line 496, in consider_preparse\n    self.consider_pluginarg(parg)\n  File \"/app/repo/src/_pytest/config/__init__.py\", line 521, in consider_pluginarg\n    self.import_plugin(arg, consider_entry_points=True)\n  File \"/app/repo/src/_pytest/config/__init__.py\", line 562, in import_plugin\n    __import__(importspec)\n  File \"<frozen importlib._bootstrap>\", line 1027, in _find_and_load\n  File \"<frozen importlib._bootstrap>\", line 1002, in _find_and_load_unlocked\n  File \"<frozen importlib._bootstrap>\", line 941, in _find_spec\n  File \"<frozen importlib._bootstrap>\", line 915, in _find_spec_legacy\n  File \"/app/repo/src/_pytest/assertion/rewrite.py\", line 166, in find_module\n    source_stat, co = _rewrite_test(self.config, fn_pypath)\n  File \"/app/repo/src/_pytest/assertion/rewrite.py\", line 421, in _rewrite_test\n    co = compile(tree, fn.strpath, \"exec\", dont_inherit=True)\nTypeError: required field \"lineno\" missing from alias\n"
    }
  ]
}