{
  "instance_id": "matplotlib__matplotlib-23299",
  "results": [
    {
      "test_file": "lib/matplotlib/tests/test_rcparams.py",
      "test_case": "test_no_backend_reset_rccontext",
      "test_type": "FAIL_TO_PASS",
      "exit_code": 0,
      "stdout": "============================= test session starts ==============================\nplatform linux -- Python 3.10.17, pytest-8.3.5, pluggy-1.5.0 -- /usr/local/bin/python\ncachedir: .pytest_cache\nhypothesis profile 'default' -> database=DirectoryBasedExampleDatabase(PosixPath('/app/repo/.hypothesis/examples'))\nrootdir: /app/repo\nconfigfile: pytest.ini\nplugins: asdf-4.1.0, arraydiff-0.6.1, astropy-0.11.0, mock-3.14.0, remotedata-0.4.1, doctestplus-1.4.0, hypothesis-6.131.9, astropy-header-0.2.2, filter-subpackage-0.2.0, cov-6.1.1\ncollecting ... collected 1 item\n\nlib/matplotlib/tests/test_rcparams.py::test_no_backend_reset_rccontext PASSED [100%]\n\n============================== 1 passed in 0.93s ===============================\n",
      "stderr": ""
    },
    {
      "test_file": "lib/matplotlib/tests/test_rcparams.py",
      "test_case": "test_rcparams",
      "test_type": "PASS_TO_PASS",
      "exit_code": 0,
      "stdout": "============================= test session starts ==============================\nplatform linux -- Python 3.10.17, pytest-8.3.5, pluggy-1.5.0 -- /usr/local/bin/python\ncachedir: .pytest_cache\nhypothesis profile 'default' -> database=DirectoryBasedExampleDatabase(PosixPath('/app/repo/.hypothesis/examples'))\nrootdir: /app/repo\nconfigfile: pytest.ini\nplugins: asdf-4.1.0, arraydiff-0.6.1, astropy-0.11.0, mock-3.14.0, remotedata-0.4.1, doctestplus-1.4.0, hypothesis-6.131.9, astropy-header-0.2.2, filter-subpackage-0.2.0, cov-6.1.1\ncollecting ... collected 1 item\n\nlib/matplotlib/tests/test_rcparams.py::test_rcparams PASSED              [100%]\n\n============================== 1 passed in 0.91s ===============================\n",
      "stderr": ""
    },
    {
      "test_file": "lib/matplotlib/tests/test_rcparams.py",
      "test_case": "test_RcParams_class",
      "test_type": "PASS_TO_PASS",
      "exit_code": 0,
      "stdout": "============================= test session starts ==============================\nplatform linux -- Python 3.10.17, pytest-8.3.5, pluggy-1.5.0 -- /usr/local/bin/python\ncachedir: .pytest_cache\nhypothesis profile 'default' -> database=DirectoryBasedExampleDatabase(PosixPath('/app/repo/.hypothesis/examples'))\nrootdir: /app/repo\nconfigfile: pytest.ini\nplugins: asdf-4.1.0, arraydiff-0.6.1, astropy-0.11.0, mock-3.14.0, remotedata-0.4.1, doctestplus-1.4.0, hypothesis-6.131.9, astropy-header-0.2.2, filter-subpackage-0.2.0, cov-6.1.1\ncollecting ... collected 1 item\n\nlib/matplotlib/tests/test_rcparams.py::test_RcParams_class PASSED        [100%]\n\n============================== 1 passed in 0.87s ===============================\n",
      "stderr": ""
    },
    {
      "test_file": "lib/matplotlib/tests/test_rcparams.py",
      "test_case": "test_Bug_2543",
      "test_type": "PASS_TO_PASS",
      "exit_code": 0,
      "stdout": "============================= test session starts ==============================\nplatform linux -- Python 3.10.17, pytest-8.3.5, pluggy-1.5.0 -- /usr/local/bin/python\ncachedir: .pytest_cache\nhypothesis profile 'default' -> database=DirectoryBasedExampleDatabase(PosixPath('/app/repo/.hypothesis/examples'))\nrootdir: /app/repo\nconfigfile: pytest.ini\nplugins: asdf-4.1.0, arraydiff-0.6.1, astropy-0.11.0, mock-3.14.0, remotedata-0.4.1, doctestplus-1.4.0, hypothesis-6.131.9, astropy-header-0.2.2, filter-subpackage-0.2.0, cov-6.1.1\ncollecting ... collected 1 item\n\nlib/matplotlib/tests/test_rcparams.py::test_Bug_2543 PASSED              [100%]\n\n============================== 1 passed in 0.86s ===============================\n",
      "stderr": ""
    },
    {
      "test_file": "lib/matplotlib/tests/test_rcparams.py",
      "test_case": "test_legend_colors[same",
      "test_type": "PASS_TO_PASS",
      "exit_code": 4,
      "stdout": "============================= test session starts ==============================\nplatform linux -- Python 3.10.17, pytest-8.3.5, pluggy-1.5.0 -- /usr/local/bin/python\ncachedir: .pytest_cache\nhypothesis profile 'default' -> database=DirectoryBasedExampleDatabase(PosixPath('/app/repo/.hypothesis/examples'))\nrootdir: /app/repo\nconfigfile: pytest.ini\nplugins: asdf-4.1.0, arraydiff-0.6.1, astropy-0.11.0, mock-3.14.0, remotedata-0.4.1, doctestplus-1.4.0, hypothesis-6.131.9, astropy-header-0.2.2, filter-subpackage-0.2.0, cov-6.1.1\ncollecting ... collected 0 items\n\n============================ no tests ran in 0.91s =============================\n",
      "stderr": "ERROR: not found: /app/repo/lib/matplotlib/tests/test_rcparams.py::test_legend_colors[same\n(no match in any of [<Module test_rcparams.py>])\n\n"
    },
    {
      "test_file": "lib/matplotlib/tests/test_rcparams.py",
      "test_case": "test_legend_colors[inherited",
      "test_type": "PASS_TO_PASS",
      "exit_code": 4,
      "stdout": "============================= test session starts ==============================\nplatform linux -- Python 3.10.17, pytest-8.3.5, pluggy-1.5.0 -- /usr/local/bin/python\ncachedir: .pytest_cache\nhypothesis profile 'default' -> database=DirectoryBasedExampleDatabase(PosixPath('/app/repo/.hypothesis/examples'))\nrootdir: /app/repo\nconfigfile: pytest.ini\nplugins: asdf-4.1.0, arraydiff-0.6.1, astropy-0.11.0, mock-3.14.0, remotedata-0.4.1, doctestplus-1.4.0, hypothesis-6.131.9, astropy-header-0.2.2, filter-subpackage-0.2.0, cov-6.1.1\ncollecting ... collected 0 items\n\n============================ no tests ran in 0.85s =============================\n",
      "stderr": "ERROR: not found: /app/repo/lib/matplotlib/tests/test_rcparams.py::test_legend_colors[inherited\n(no match in any of [<Module test_rcparams.py>])\n\n"
    },
    {
      "test_file": "lib/matplotlib/tests/test_rcparams.py",
      "test_case": "test_legend_colors[different",
      "test_type": "PASS_TO_PASS",
      "exit_code": 4,
      "stdout": "============================= test session starts ==============================\nplatform linux -- Python 3.10.17, pytest-8.3.5, pluggy-1.5.0 -- /usr/local/bin/python\ncachedir: .pytest_cache\nhypothesis profile 'default' -> database=DirectoryBasedExampleDatabase(PosixPath('/app/repo/.hypothesis/examples'))\nrootdir: /app/repo\nconfigfile: pytest.ini\nplugins: asdf-4.1.0, arraydiff-0.6.1, astropy-0.11.0, mock-3.14.0, remotedata-0.4.1, doctestplus-1.4.0, hypothesis-6.131.9, astropy-header-0.2.2, filter-subpackage-0.2.0, cov-6.1.1\ncollecting ... collected 0 items\n\n============================ no tests ran in 0.86s =============================\n",
      "stderr": "ERROR: not found: /app/repo/lib/matplotlib/tests/test_rcparams.py::test_legend_colors[different\n(no match in any of [<Module test_rcparams.py>])\n\n"
    },
    {
      "test_file": "lib/matplotlib/tests/test_rcparams.py",
      "test_case": "test_mfc_rcparams",
      "test_type": "PASS_TO_PASS",
      "exit_code": 0,
      "stdout": "============================= test session starts ==============================\nplatform linux -- Python 3.10.17, pytest-8.3.5, pluggy-1.5.0 -- /usr/local/bin/python\ncachedir: .pytest_cache\nhypothesis profile 'default' -> database=DirectoryBasedExampleDatabase(PosixPath('/app/repo/.hypothesis/examples'))\nrootdir: /app/repo\nconfigfile: pytest.ini\nplugins: asdf-4.1.0, arraydiff-0.6.1, astropy-0.11.0, mock-3.14.0, remotedata-0.4.1, doctestplus-1.4.0, hypothesis-6.131.9, astropy-header-0.2.2, filter-subpackage-0.2.0, cov-6.1.1\ncollecting ... collected 1 item\n\nlib/matplotlib/tests/test_rcparams.py::test_mfc_rcparams PASSED          [100%]\n\n============================== 1 passed in 0.86s ===============================\n",
      "stderr": ""
    },
    {
      "test_file": "lib/matplotlib/tests/test_rcparams.py",
      "test_case": "test_mec_rcparams",
      "test_type": "PASS_TO_PASS",
      "exit_code": 0,
      "stdout": "============================= test session starts ==============================\nplatform linux -- Python 3.10.17, pytest-8.3.5, pluggy-1.5.0 -- /usr/local/bin/python\ncachedir: .pytest_cache\nhypothesis profile 'default' -> database=DirectoryBasedExampleDatabase(PosixPath('/app/repo/.hypothesis/examples'))\nrootdir: /app/repo\nconfigfile: pytest.ini\nplugins: asdf-4.1.0, arraydiff-0.6.1, astropy-0.11.0, mock-3.14.0, remotedata-0.4.1, doctestplus-1.4.0, hypothesis-6.131.9, astropy-header-0.2.2, filter-subpackage-0.2.0, cov-6.1.1\ncollecting ... collected 1 item\n\nlib/matplotlib/tests/test_rcparams.py::test_mec_rcparams PASSED          [100%]\n\n============================== 1 passed in 0.87s ===============================\n",
      "stderr": ""
    },
    {
      "test_file": "lib/matplotlib/tests/test_rcparams.py",
      "test_case": "test_axes_titlecolor_rcparams",
      "test_type": "PASS_TO_PASS",
      "exit_code": 0,
      "stdout": "============================= test session starts ==============================\nplatform linux -- Python 3.10.17, pytest-8.3.5, pluggy-1.5.0 -- /usr/local/bin/python\ncachedir: .pytest_cache\nhypothesis profile 'default' -> database=DirectoryBasedExampleDatabase(PosixPath('/app/repo/.hypothesis/examples'))\nrootdir: /app/repo\nconfigfile: pytest.ini\nplugins: asdf-4.1.0, arraydiff-0.6.1, astropy-0.11.0, mock-3.14.0, remotedata-0.4.1, doctestplus-1.4.0, hypothesis-6.131.9, astropy-header-0.2.2, filter-subpackage-0.2.0, cov-6.1.1\ncollecting ... collected 1 item\n\nlib/matplotlib/tests/test_rcparams.py::test_axes_titlecolor_rcparams PASSED [100%]\n\n============================== 1 passed in 0.90s ===============================\n",
      "stderr": ""
    },
    {
      "test_file": "lib/matplotlib/tests/test_rcparams.py",
      "test_case": "test_Issue_1713",
      "test_type": "PASS_TO_PASS",
      "exit_code": 0,
      "stdout": "============================= test session starts ==============================\nplatform linux -- Python 3.10.17, pytest-8.3.5, pluggy-1.5.0 -- /usr/local/bin/python\ncachedir: .pytest_cache\nhypothesis profile 'default' -> database=DirectoryBasedExampleDatabase(PosixPath('/app/repo/.hypothesis/examples'))\nrootdir: /app/repo\nconfigfile: pytest.ini\nplugins: asdf-4.1.0, arraydiff-0.6.1, astropy-0.11.0, mock-3.14.0, remotedata-0.4.1, doctestplus-1.4.0, hypothesis-6.131.9, astropy-header-0.2.2, filter-subpackage-0.2.0, cov-6.1.1\ncollecting ... collected 1 item\n\nlib/matplotlib/tests/test_rcparams.py::test_Issue_1713 PASSED            [100%]\n\n============================== 1 passed in 0.88s ===============================\n",
      "stderr": ""
    },
    {
      "test_file": "lib/matplotlib/tests/test_rcparams.py",
      "test_case": "test_animation_frame_formats",
      "test_type": "PASS_TO_PASS",
      "exit_code": 0,
      "stdout": "============================= test session starts ==============================\nplatform linux -- Python 3.10.17, pytest-8.3.5, pluggy-1.5.0 -- /usr/local/bin/python\ncachedir: .pytest_cache\nhypothesis profile 'default' -> database=DirectoryBasedExampleDatabase(PosixPath('/app/repo/.hypothesis/examples'))\nrootdir: /app/repo\nconfigfile: pytest.ini\nplugins: asdf-4.1.0, arraydiff-0.6.1, astropy-0.11.0, mock-3.14.0, remotedata-0.4.1, doctestplus-1.4.0, hypothesis-6.131.9, astropy-header-0.2.2, filter-subpackage-0.2.0, cov-6.1.1\ncollecting ... collected 1 item\n\nlib/matplotlib/tests/test_rcparams.py::test_animation_frame_formats PASSED [100%]\n\n============================== 1 passed in 0.88s ===============================\n",
      "stderr": ""
    },
    {
      "test_file": "lib/matplotlib/tests/test_rcparams.py",
      "test_case": "test_validator_valid[validate_bool-t-True]",
      "test_type": "PASS_TO_PASS",
      "exit_code": 0,
      "stdout": "============================= test session starts ==============================\nplatform linux -- Python 3.10.17, pytest-8.3.5, pluggy-1.5.0 -- /usr/local/bin/python\ncachedir: .pytest_cache\nhypothesis profile 'default' -> database=DirectoryBasedExampleDatabase(PosixPath('/app/repo/.hypothesis/examples'))\nrootdir: /app/repo\nconfigfile: pytest.ini\nplugins: asdf-4.1.0, arraydiff-0.6.1, astropy-0.11.0, mock-3.14.0, remotedata-0.4.1, doctestplus-1.4.0, hypothesis-6.131.9, astropy-header-0.2.2, filter-subpackage-0.2.0, cov-6.1.1\ncollecting ... collected 1 item\n\nlib/matplotlib/tests/test_rcparams.py::test_validator_valid[validate_bool-t-True] PASSED [100%]\n\n============================== 1 passed in 0.88s ===============================\n",
      "stderr": ""
    },
    {
      "test_file": "lib/matplotlib/tests/test_rcparams.py",
      "test_case": "test_validator_valid[validate_bool-y-True]",
      "test_type": "PASS_TO_PASS",
      "exit_code": 0,
      "stdout": "============================= test session starts ==============================\nplatform linux -- Python 3.10.17, pytest-8.3.5, pluggy-1.5.0 -- /usr/local/bin/python\ncachedir: .pytest_cache\nhypothesis profile 'default' -> database=DirectoryBasedExampleDatabase(PosixPath('/app/repo/.hypothesis/examples'))\nrootdir: /app/repo\nconfigfile: pytest.ini\nplugins: asdf-4.1.0, arraydiff-0.6.1, astropy-0.11.0, mock-3.14.0, remotedata-0.4.1, doctestplus-1.4.0, hypothesis-6.131.9, astropy-header-0.2.2, filter-subpackage-0.2.0, cov-6.1.1\ncollecting ... collected 1 item\n\nlib/matplotlib/tests/test_rcparams.py::test_validator_valid[validate_bool-y-True] PASSED [100%]\n\n============================== 1 passed in 0.89s ===============================\n",
      "stderr": ""
    },
    {
      "test_file": "lib/matplotlib/tests/test_rcparams.py",
      "test_case": "test_validator_valid[validate_bool-yes-True]",
      "test_type": "PASS_TO_PASS",
      "exit_code": 0,
      "stdout": "============================= test session starts ==============================\nplatform linux -- Python 3.10.17, pytest-8.3.5, pluggy-1.5.0 -- /usr/local/bin/python\ncachedir: .pytest_cache\nhypothesis profile 'default' -> database=DirectoryBasedExampleDatabase(PosixPath('/app/repo/.hypothesis/examples'))\nrootdir: /app/repo\nconfigfile: pytest.ini\nplugins: asdf-4.1.0, arraydiff-0.6.1, astropy-0.11.0, mock-3.14.0, remotedata-0.4.1, doctestplus-1.4.0, hypothesis-6.131.9, astropy-header-0.2.2, filter-subpackage-0.2.0, cov-6.1.1\ncollecting ... collected 1 item\n\nlib/matplotlib/tests/test_rcparams.py::test_validator_valid[validate_bool-yes-True] PASSED [100%]\n\n============================== 1 passed in 0.86s ===============================\n",
      "stderr": ""
    },
    {
      "test_file": "lib/matplotlib/tests/test_rcparams.py",
      "test_case": "test_validator_valid[validate_bool-on-True]",
      "test_type": "PASS_TO_PASS",
      "exit_code": 0,
      "stdout": "============================= test session starts ==============================\nplatform linux -- Python 3.10.17, pytest-8.3.5, pluggy-1.5.0 -- /usr/local/bin/python\ncachedir: .pytest_cache\nhypothesis profile 'default' -> database=DirectoryBasedExampleDatabase(PosixPath('/app/repo/.hypothesis/examples'))\nrootdir: /app/repo\nconfigfile: pytest.ini\nplugins: asdf-4.1.0, arraydiff-0.6.1, astropy-0.11.0, mock-3.14.0, remotedata-0.4.1, doctestplus-1.4.0, hypothesis-6.131.9, astropy-header-0.2.2, filter-subpackage-0.2.0, cov-6.1.1\ncollecting ... collected 1 item\n\nlib/matplotlib/tests/test_rcparams.py::test_validator_valid[validate_bool-on-True] PASSED [100%]\n\n============================== 1 passed in 0.86s ===============================\n",
      "stderr": ""
    },
    {
      "test_file": "lib/matplotlib/tests/test_rcparams.py",
      "test_case": "test_validator_valid[validate_bool-true-True]",
      "test_type": "PASS_TO_PASS",
      "exit_code": 0,
      "stdout": "============================= test session starts ==============================\nplatform linux -- Python 3.10.17, pytest-8.3.5, pluggy-1.5.0 -- /usr/local/bin/python\ncachedir: .pytest_cache\nhypothesis profile 'default' -> database=DirectoryBasedExampleDatabase(PosixPath('/app/repo/.hypothesis/examples'))\nrootdir: /app/repo\nconfigfile: pytest.ini\nplugins: asdf-4.1.0, arraydiff-0.6.1, astropy-0.11.0, mock-3.14.0, remotedata-0.4.1, doctestplus-1.4.0, hypothesis-6.131.9, astropy-header-0.2.2, filter-subpackage-0.2.0, cov-6.1.1\ncollecting ... collected 1 item\n\nlib/matplotlib/tests/test_rcparams.py::test_validator_valid[validate_bool-true-True] PASSED [100%]\n\n============================== 1 passed in 0.85s ===============================\n",
      "stderr": ""
    },
    {
      "test_file": "lib/matplotlib/tests/test_rcparams.py",
      "test_case": "test_validator_valid[validate_bool-1-True0]",
      "test_type": "PASS_TO_PASS",
      "exit_code": 0,
      "stdout": "============================= test session starts ==============================\nplatform linux -- Python 3.10.17, pytest-8.3.5, pluggy-1.5.0 -- /usr/local/bin/python\ncachedir: .pytest_cache\nhypothesis profile 'default' -> database=DirectoryBasedExampleDatabase(PosixPath('/app/repo/.hypothesis/examples'))\nrootdir: /app/repo\nconfigfile: pytest.ini\nplugins: asdf-4.1.0, arraydiff-0.6.1, astropy-0.11.0, mock-3.14.0, remotedata-0.4.1, doctestplus-1.4.0, hypothesis-6.131.9, astropy-header-0.2.2, filter-subpackage-0.2.0, cov-6.1.1\ncollecting ... collected 1 item\n\nlib/matplotlib/tests/test_rcparams.py::test_validator_valid[validate_bool-1-True0] PASSED [100%]\n\n============================== 1 passed in 1.03s ===============================\n",
      "stderr": ""
    },
    {
      "test_file": "lib/matplotlib/tests/test_rcparams.py",
      "test_case": "test_validator_valid[validate_bool-1-True1]",
      "test_type": "PASS_TO_PASS",
      "exit_code": 0,
      "stdout": "============================= test session starts ==============================\nplatform linux -- Python 3.10.17, pytest-8.3.5, pluggy-1.5.0 -- /usr/local/bin/python\ncachedir: .pytest_cache\nhypothesis profile 'default' -> database=DirectoryBasedExampleDatabase(PosixPath('/app/repo/.hypothesis/examples'))\nrootdir: /app/repo\nconfigfile: pytest.ini\nplugins: asdf-4.1.0, arraydiff-0.6.1, astropy-0.11.0, mock-3.14.0, remotedata-0.4.1, doctestplus-1.4.0, hypothesis-6.131.9, astropy-header-0.2.2, filter-subpackage-0.2.0, cov-6.1.1\ncollecting ... collected 1 item\n\nlib/matplotlib/tests/test_rcparams.py::test_validator_valid[validate_bool-1-True1] PASSED [100%]\n\n============================== 1 passed in 0.88s ===============================\n",
      "stderr": ""
    },
    {
      "test_file": "lib/matplotlib/tests/test_rcparams.py",
      "test_case": "test_validator_valid[validate_bool-True-True]",
      "test_type": "PASS_TO_PASS",
      "exit_code": 0,
      "stdout": "============================= test session starts ==============================\nplatform linux -- Python 3.10.17, pytest-8.3.5, pluggy-1.5.0 -- /usr/local/bin/python\ncachedir: .pytest_cache\nhypothesis profile 'default' -> database=DirectoryBasedExampleDatabase(PosixPath('/app/repo/.hypothesis/examples'))\nrootdir: /app/repo\nconfigfile: pytest.ini\nplugins: asdf-4.1.0, arraydiff-0.6.1, astropy-0.11.0, mock-3.14.0, remotedata-0.4.1, doctestplus-1.4.0, hypothesis-6.131.9, astropy-header-0.2.2, filter-subpackage-0.2.0, cov-6.1.1\ncollecting ... collected 1 item\n\nlib/matplotlib/tests/test_rcparams.py::test_validator_valid[validate_bool-True-True] PASSED [100%]\n\n============================== 1 passed in 0.85s ===============================\n",
      "stderr": ""
    },
    {
      "test_file": "lib/matplotlib/tests/test_rcparams.py",
      "test_case": "test_validator_valid[validate_bool-f-False]",
      "test_type": "PASS_TO_PASS",
      "exit_code": 0,
      "stdout": "============================= test session starts ==============================\nplatform linux -- Python 3.10.17, pytest-8.3.5, pluggy-1.5.0 -- /usr/local/bin/python\ncachedir: .pytest_cache\nhypothesis profile 'default' -> database=DirectoryBasedExampleDatabase(PosixPath('/app/repo/.hypothesis/examples'))\nrootdir: /app/repo\nconfigfile: pytest.ini\nplugins: asdf-4.1.0, arraydiff-0.6.1, astropy-0.11.0, mock-3.14.0, remotedata-0.4.1, doctestplus-1.4.0, hypothesis-6.131.9, astropy-header-0.2.2, filter-subpackage-0.2.0, cov-6.1.1\ncollecting ... collected 1 item\n\nlib/matplotlib/tests/test_rcparams.py::test_validator_valid[validate_bool-f-False] PASSED [100%]\n\n============================== 1 passed in 0.88s ===============================\n",
      "stderr": ""
    },
    {
      "test_file": "lib/matplotlib/tests/test_rcparams.py",
      "test_case": "test_validator_valid[validate_bool-n-False]",
      "test_type": "PASS_TO_PASS",
      "exit_code": 0,
      "stdout": "============================= test session starts ==============================\nplatform linux -- Python 3.10.17, pytest-8.3.5, pluggy-1.5.0 -- /usr/local/bin/python\ncachedir: .pytest_cache\nhypothesis profile 'default' -> database=DirectoryBasedExampleDatabase(PosixPath('/app/repo/.hypothesis/examples'))\nrootdir: /app/repo\nconfigfile: pytest.ini\nplugins: asdf-4.1.0, arraydiff-0.6.1, astropy-0.11.0, mock-3.14.0, remotedata-0.4.1, doctestplus-1.4.0, hypothesis-6.131.9, astropy-header-0.2.2, filter-subpackage-0.2.0, cov-6.1.1\ncollecting ... collected 1 item\n\nlib/matplotlib/tests/test_rcparams.py::test_validator_valid[validate_bool-n-False] PASSED [100%]\n\n============================== 1 passed in 0.92s ===============================\n",
      "stderr": ""
    },
    {
      "test_file": "lib/matplotlib/tests/test_rcparams.py",
      "test_case": "test_validator_valid[validate_bool-no-False]",
      "test_type": "PASS_TO_PASS",
      "exit_code": 0,
      "stdout": "============================= test session starts ==============================\nplatform linux -- Python 3.10.17, pytest-8.3.5, pluggy-1.5.0 -- /usr/local/bin/python\ncachedir: .pytest_cache\nhypothesis profile 'default' -> database=DirectoryBasedExampleDatabase(PosixPath('/app/repo/.hypothesis/examples'))\nrootdir: /app/repo\nconfigfile: pytest.ini\nplugins: asdf-4.1.0, arraydiff-0.6.1, astropy-0.11.0, mock-3.14.0, remotedata-0.4.1, doctestplus-1.4.0, hypothesis-6.131.9, astropy-header-0.2.2, filter-subpackage-0.2.0, cov-6.1.1\ncollecting ... collected 1 item\n\nlib/matplotlib/tests/test_rcparams.py::test_validator_valid[validate_bool-no-False] PASSED [100%]\n\n============================== 1 passed in 0.85s ===============================\n",
      "stderr": ""
    },
    {
      "test_file": "lib/matplotlib/tests/test_rcparams.py",
      "test_case": "test_validator_valid[validate_bool-off-False]",
      "test_type": "PASS_TO_PASS",
      "exit_code": 0,
      "stdout": "============================= test session starts ==============================\nplatform linux -- Python 3.10.17, pytest-8.3.5, pluggy-1.5.0 -- /usr/local/bin/python\ncachedir: .pytest_cache\nhypothesis profile 'default' -> database=DirectoryBasedExampleDatabase(PosixPath('/app/repo/.hypothesis/examples'))\nrootdir: /app/repo\nconfigfile: pytest.ini\nplugins: asdf-4.1.0, arraydiff-0.6.1, astropy-0.11.0, mock-3.14.0, remotedata-0.4.1, doctestplus-1.4.0, hypothesis-6.131.9, astropy-header-0.2.2, filter-subpackage-0.2.0, cov-6.1.1\ncollecting ... collected 1 item\n\nlib/matplotlib/tests/test_rcparams.py::test_validator_valid[validate_bool-off-False] PASSED [100%]\n\n============================== 1 passed in 0.89s ===============================\n",
      "stderr": ""
    },
    {
      "test_file": "lib/matplotlib/tests/test_rcparams.py",
      "test_case": "test_validator_valid[validate_bool-false-False]",
      "test_type": "PASS_TO_PASS",
      "exit_code": 0,
      "stdout": "============================= test session starts ==============================\nplatform linux -- Python 3.10.17, pytest-8.3.5, pluggy-1.5.0 -- /usr/local/bin/python\ncachedir: .pytest_cache\nhypothesis profile 'default' -> database=DirectoryBasedExampleDatabase(PosixPath('/app/repo/.hypothesis/examples'))\nrootdir: /app/repo\nconfigfile: pytest.ini\nplugins: asdf-4.1.0, arraydiff-0.6.1, astropy-0.11.0, mock-3.14.0, remotedata-0.4.1, doctestplus-1.4.0, hypothesis-6.131.9, astropy-header-0.2.2, filter-subpackage-0.2.0, cov-6.1.1\ncollecting ... collected 1 item\n\nlib/matplotlib/tests/test_rcparams.py::test_validator_valid[validate_bool-false-False] PASSED [100%]\n\n============================== 1 passed in 0.87s ===============================\n",
      "stderr": ""
    },
    {
      "test_file": "lib/matplotlib/tests/test_rcparams.py",
      "test_case": "test_validator_valid[validate_bool-0-False0]",
      "test_type": "PASS_TO_PASS",
      "exit_code": 0,
      "stdout": "============================= test session starts ==============================\nplatform linux -- Python 3.10.17, pytest-8.3.5, pluggy-1.5.0 -- /usr/local/bin/python\ncachedir: .pytest_cache\nhypothesis profile 'default' -> database=DirectoryBasedExampleDatabase(PosixPath('/app/repo/.hypothesis/examples'))\nrootdir: /app/repo\nconfigfile: pytest.ini\nplugins: asdf-4.1.0, arraydiff-0.6.1, astropy-0.11.0, mock-3.14.0, remotedata-0.4.1, doctestplus-1.4.0, hypothesis-6.131.9, astropy-header-0.2.2, filter-subpackage-0.2.0, cov-6.1.1\ncollecting ... collected 1 item\n\nlib/matplotlib/tests/test_rcparams.py::test_validator_valid[validate_bool-0-False0] PASSED [100%]\n\n============================== 1 passed in 1.09s ===============================\n",
      "stderr": ""
    },
    {
      "test_file": "lib/matplotlib/tests/test_rcparams.py",
      "test_case": "test_validator_valid[validate_bool-0-False1]",
      "test_type": "PASS_TO_PASS",
      "exit_code": 0,
      "stdout": "============================= test session starts ==============================\nplatform linux -- Python 3.10.17, pytest-8.3.5, pluggy-1.5.0 -- /usr/local/bin/python\ncachedir: .pytest_cache\nhypothesis profile 'default' -> database=DirectoryBasedExampleDatabase(PosixPath('/app/repo/.hypothesis/examples'))\nrootdir: /app/repo\nconfigfile: pytest.ini\nplugins: asdf-4.1.0, arraydiff-0.6.1, astropy-0.11.0, mock-3.14.0, remotedata-0.4.1, doctestplus-1.4.0, hypothesis-6.131.9, astropy-header-0.2.2, filter-subpackage-0.2.0, cov-6.1.1\ncollecting ... collected 1 item\n\nlib/matplotlib/tests/test_rcparams.py::test_validator_valid[validate_bool-0-False1] PASSED [100%]\n\n============================== 1 passed in 0.92s ===============================\n",
      "stderr": ""
    },
    {
      "test_file": "lib/matplotlib/tests/test_rcparams.py",
      "test_case": "test_validator_valid[validate_bool-False-False]",
      "test_type": "PASS_TO_PASS",
      "exit_code": 0,
      "stdout": "============================= test session starts ==============================\nplatform linux -- Python 3.10.17, pytest-8.3.5, pluggy-1.5.0 -- /usr/local/bin/python\ncachedir: .pytest_cache\nhypothesis profile 'default' -> database=DirectoryBasedExampleDatabase(PosixPath('/app/repo/.hypothesis/examples'))\nrootdir: /app/repo\nconfigfile: pytest.ini\nplugins: asdf-4.1.0, arraydiff-0.6.1, astropy-0.11.0, mock-3.14.0, remotedata-0.4.1, doctestplus-1.4.0, hypothesis-6.131.9, astropy-header-0.2.2, filter-subpackage-0.2.0, cov-6.1.1\ncollecting ... collected 1 item\n\nlib/matplotlib/tests/test_rcparams.py::test_validator_valid[validate_bool-False-False] PASSED [100%]\n\n============================== 1 passed in 0.92s ===============================\n",
      "stderr": ""
    },
    {
      "test_file": "lib/matplotlib/tests/test_rcparams.py",
      "test_case": "test_validator_valid[validate_strlist--target16]",
      "test_type": "PASS_TO_PASS",
      "exit_code": 0,
      "stdout": "============================= test session starts ==============================\nplatform linux -- Python 3.10.17, pytest-8.3.5, pluggy-1.5.0 -- /usr/local/bin/python\ncachedir: .pytest_cache\nhypothesis profile 'default' -> database=DirectoryBasedExampleDatabase(PosixPath('/app/repo/.hypothesis/examples'))\nrootdir: /app/repo\nconfigfile: pytest.ini\nplugins: asdf-4.1.0, arraydiff-0.6.1, astropy-0.11.0, mock-3.14.0, remotedata-0.4.1, doctestplus-1.4.0, hypothesis-6.131.9, astropy-header-0.2.2, filter-subpackage-0.2.0, cov-6.1.1\ncollecting ... collected 1 item\n\nlib/matplotlib/tests/test_rcparams.py::test_validator_valid[validate_strlist--target16] PASSED [100%]\n\n============================== 1 passed in 0.91s ===============================\n",
      "stderr": ""
    },
    {
      "test_file": "lib/matplotlib/tests/test_rcparams.py",
      "test_case": "test_validator_valid[validate_strlist-a,b-target17]",
      "test_type": "PASS_TO_PASS",
      "exit_code": 0,
      "stdout": "============================= test session starts ==============================\nplatform linux -- Python 3.10.17, pytest-8.3.5, pluggy-1.5.0 -- /usr/local/bin/python\ncachedir: .pytest_cache\nhypothesis profile 'default' -> database=DirectoryBasedExampleDatabase(PosixPath('/app/repo/.hypothesis/examples'))\nrootdir: /app/repo\nconfigfile: pytest.ini\nplugins: asdf-4.1.0, arraydiff-0.6.1, astropy-0.11.0, mock-3.14.0, remotedata-0.4.1, doctestplus-1.4.0, hypothesis-6.131.9, astropy-header-0.2.2, filter-subpackage-0.2.0, cov-6.1.1\ncollecting ... collected 1 item\n\nlib/matplotlib/tests/test_rcparams.py::test_validator_valid[validate_strlist-a,b-target17] PASSED [100%]\n\n============================== 1 passed in 0.90s ===============================\n",
      "stderr": ""
    },
    {
      "test_file": "lib/matplotlib/tests/test_rcparams.py",
      "test_case": "test_validator_valid[validate_strlist-aardvark-target18]",
      "test_type": "PASS_TO_PASS",
      "exit_code": 0,
      "stdout": "============================= test session starts ==============================\nplatform linux -- Python 3.10.17, pytest-8.3.5, pluggy-1.5.0 -- /usr/local/bin/python\ncachedir: .pytest_cache\nhypothesis profile 'default' -> database=DirectoryBasedExampleDatabase(PosixPath('/app/repo/.hypothesis/examples'))\nrootdir: /app/repo\nconfigfile: pytest.ini\nplugins: asdf-4.1.0, arraydiff-0.6.1, astropy-0.11.0, mock-3.14.0, remotedata-0.4.1, doctestplus-1.4.0, hypothesis-6.131.9, astropy-header-0.2.2, filter-subpackage-0.2.0, cov-6.1.1\ncollecting ... collected 1 item\n\nlib/matplotlib/tests/test_rcparams.py::test_validator_valid[validate_strlist-aardvark-target18] PASSED [100%]\n\n============================== 1 passed in 0.90s ===============================\n",
      "stderr": ""
    },
    {
      "test_file": "lib/matplotlib/tests/test_rcparams.py",
      "test_case": "test_validator_valid[validate_strlist-aardvark,",
      "test_type": "PASS_TO_PASS",
      "exit_code": 4,
      "stdout": "============================= test session starts ==============================\nplatform linux -- Python 3.10.17, pytest-8.3.5, pluggy-1.5.0 -- /usr/local/bin/python\ncachedir: .pytest_cache\nhypothesis profile 'default' -> database=DirectoryBasedExampleDatabase(PosixPath('/app/repo/.hypothesis/examples'))\nrootdir: /app/repo\nconfigfile: pytest.ini\nplugins: asdf-4.1.0, arraydiff-0.6.1, astropy-0.11.0, mock-3.14.0, remotedata-0.4.1, doctestplus-1.4.0, hypothesis-6.131.9, astropy-header-0.2.2, filter-subpackage-0.2.0, cov-6.1.1\ncollecting ... collected 0 items\n\n============================ no tests ran in 0.89s =============================\n",
      "stderr": "ERROR: not found: /app/repo/lib/matplotlib/tests/test_rcparams.py::test_validator_valid[validate_strlist-aardvark,\n(no match in any of [<Module test_rcparams.py>])\n\n"
    },
    {
      "test_file": "lib/matplotlib/tests/test_rcparams.py",
      "test_case": "test_validator_valid[validate_strlist-arg21-target21]",
      "test_type": "PASS_TO_PASS",
      "exit_code": 0,
      "stdout": "============================= test session starts ==============================\nplatform linux -- Python 3.10.17, pytest-8.3.5, pluggy-1.5.0 -- /usr/local/bin/python\ncachedir: .pytest_cache\nhypothesis profile 'default' -> database=DirectoryBasedExampleDatabase(PosixPath('/app/repo/.hypothesis/examples'))\nrootdir: /app/repo\nconfigfile: pytest.ini\nplugins: asdf-4.1.0, arraydiff-0.6.1, astropy-0.11.0, mock-3.14.0, remotedata-0.4.1, doctestplus-1.4.0, hypothesis-6.131.9, astropy-header-0.2.2, filter-subpackage-0.2.0, cov-6.1.1\ncollecting ... collected 1 item\n\nlib/matplotlib/tests/test_rcparams.py::test_validator_valid[validate_strlist-arg21-target21] PASSED [100%]\n\n============================== 1 passed in 0.92s ===============================\n",
      "stderr": ""
    },
    {
      "test_file": "lib/matplotlib/tests/test_rcparams.py",
      "test_case": "test_validator_valid[validate_strlist-arg22-target22]",
      "test_type": "PASS_TO_PASS",
      "exit_code": 0,
      "stdout": "============================= test session starts ==============================\nplatform linux -- Python 3.10.17, pytest-8.3.5, pluggy-1.5.0 -- /usr/local/bin/python\ncachedir: .pytest_cache\nhypothesis profile 'default' -> database=DirectoryBasedExampleDatabase(PosixPath('/app/repo/.hypothesis/examples'))\nrootdir: /app/repo\nconfigfile: pytest.ini\nplugins: asdf-4.1.0, arraydiff-0.6.1, astropy-0.11.0, mock-3.14.0, remotedata-0.4.1, doctestplus-1.4.0, hypothesis-6.131.9, astropy-header-0.2.2, filter-subpackage-0.2.0, cov-6.1.1\ncollecting ... collected 1 item\n\nlib/matplotlib/tests/test_rcparams.py::test_validator_valid[validate_strlist-arg22-target22] PASSED [100%]\n\n============================== 1 passed in 0.91s ===============================\n",
      "stderr": ""
    },
    {
      "test_file": "lib/matplotlib/tests/test_rcparams.py",
      "test_case": "test_validator_valid[validate_strlist-arg23-target23]",
      "test_type": "PASS_TO_PASS",
      "exit_code": 0,
      "stdout": "============================= test session starts ==============================\nplatform linux -- Python 3.10.17, pytest-8.3.5, pluggy-1.5.0 -- /usr/local/bin/python\ncachedir: .pytest_cache\nhypothesis profile 'default' -> database=DirectoryBasedExampleDatabase(PosixPath('/app/repo/.hypothesis/examples'))\nrootdir: /app/repo\nconfigfile: pytest.ini\nplugins: asdf-4.1.0, arraydiff-0.6.1, astropy-0.11.0, mock-3.14.0, remotedata-0.4.1, doctestplus-1.4.0, hypothesis-6.131.9, astropy-header-0.2.2, filter-subpackage-0.2.0, cov-6.1.1\ncollecting ... collected 1 item\n\nlib/matplotlib/tests/test_rcparams.py::test_validator_valid[validate_strlist-arg23-target23] PASSED [100%]\n\n============================== 1 passed in 0.90s ===============================\n",
      "stderr": ""
    },
    {
      "test_file": "lib/matplotlib/tests/test_rcparams.py",
      "test_case": "test_validator_valid[validate_strlist-arg24-target24]",
      "test_type": "PASS_TO_PASS",
      "exit_code": 0,
      "stdout": "============================= test session starts ==============================\nplatform linux -- Python 3.10.17, pytest-8.3.5, pluggy-1.5.0 -- /usr/local/bin/python\ncachedir: .pytest_cache\nhypothesis profile 'default' -> database=DirectoryBasedExampleDatabase(PosixPath('/app/repo/.hypothesis/examples'))\nrootdir: /app/repo\nconfigfile: pytest.ini\nplugins: asdf-4.1.0, arraydiff-0.6.1, astropy-0.11.0, mock-3.14.0, remotedata-0.4.1, doctestplus-1.4.0, hypothesis-6.131.9, astropy-header-0.2.2, filter-subpackage-0.2.0, cov-6.1.1\ncollecting ... collected 1 item\n\nlib/matplotlib/tests/test_rcparams.py::test_validator_valid[validate_strlist-arg24-target24] PASSED [100%]\n\n============================== 1 passed in 0.89s ===============================\n",
      "stderr": ""
    },
    {
      "test_file": "lib/matplotlib/tests/test_rcparams.py",
      "test_case": "test_validator_valid[validate_intlist-1,",
      "test_type": "PASS_TO_PASS",
      "exit_code": 4,
      "stdout": "============================= test session starts ==============================\nplatform linux -- Python 3.10.17, pytest-8.3.5, pluggy-1.5.0 -- /usr/local/bin/python\ncachedir: .pytest_cache\nhypothesis profile 'default' -> database=DirectoryBasedExampleDatabase(PosixPath('/app/repo/.hypothesis/examples'))\nrootdir: /app/repo\nconfigfile: pytest.ini\nplugins: asdf-4.1.0, arraydiff-0.6.1, astropy-0.11.0, mock-3.14.0, remotedata-0.4.1, doctestplus-1.4.0, hypothesis-6.131.9, astropy-header-0.2.2, filter-subpackage-0.2.0, cov-6.1.1\ncollecting ... collected 0 items\n\n============================ no tests ran in 0.89s =============================\n",
      "stderr": "ERROR: not found: /app/repo/lib/matplotlib/tests/test_rcparams.py::test_validator_valid[validate_intlist-1,\n(no match in any of [<Module test_rcparams.py>])\n\n"
    },
    {
      "test_file": "lib/matplotlib/tests/test_rcparams.py",
      "test_case": "test_validator_valid[validate_intlist-arg26-target26]",
      "test_type": "PASS_TO_PASS",
      "exit_code": 0,
      "stdout": "============================= test session starts ==============================\nplatform linux -- Python 3.10.17, pytest-8.3.5, pluggy-1.5.0 -- /usr/local/bin/python\ncachedir: .pytest_cache\nhypothesis profile 'default' -> database=DirectoryBasedExampleDatabase(PosixPath('/app/repo/.hypothesis/examples'))\nrootdir: /app/repo\nconfigfile: pytest.ini\nplugins: asdf-4.1.0, arraydiff-0.6.1, astropy-0.11.0, mock-3.14.0, remotedata-0.4.1, doctestplus-1.4.0, hypothesis-6.131.9, astropy-header-0.2.2, filter-subpackage-0.2.0, cov-6.1.1\ncollecting ... collected 1 item\n\nlib/matplotlib/tests/test_rcparams.py::test_validator_valid[validate_intlist-arg26-target26] PASSED [100%]\n\n============================== 1 passed in 0.88s ===============================\n",
      "stderr": ""
    },
    {
      "test_file": "lib/matplotlib/tests/test_rcparams.py",
      "test_case": "test_validator_valid[validate_intlist-arg27-target27]",
      "test_type": "PASS_TO_PASS",
      "exit_code": 0,
      "stdout": "============================= test session starts ==============================\nplatform linux -- Python 3.10.17, pytest-8.3.5, pluggy-1.5.0 -- /usr/local/bin/python\ncachedir: .pytest_cache\nhypothesis profile 'default' -> database=DirectoryBasedExampleDatabase(PosixPath('/app/repo/.hypothesis/examples'))\nrootdir: /app/repo\nconfigfile: pytest.ini\nplugins: asdf-4.1.0, arraydiff-0.6.1, astropy-0.11.0, mock-3.14.0, remotedata-0.4.1, doctestplus-1.4.0, hypothesis-6.131.9, astropy-header-0.2.2, filter-subpackage-0.2.0, cov-6.1.1\ncollecting ... collected 1 item\n\nlib/matplotlib/tests/test_rcparams.py::test_validator_valid[validate_intlist-arg27-target27] PASSED [100%]\n\n============================== 1 passed in 0.89s ===============================\n",
      "stderr": ""
    },
    {
      "test_file": "lib/matplotlib/tests/test_rcparams.py",
      "test_case": "test_validator_valid[validate_intlist-arg28-target28]",
      "test_type": "PASS_TO_PASS",
      "exit_code": 0,
      "stdout": "============================= test session starts ==============================\nplatform linux -- Python 3.10.17, pytest-8.3.5, pluggy-1.5.0 -- /usr/local/bin/python\ncachedir: .pytest_cache\nhypothesis profile 'default' -> database=DirectoryBasedExampleDatabase(PosixPath('/app/repo/.hypothesis/examples'))\nrootdir: /app/repo\nconfigfile: pytest.ini\nplugins: asdf-4.1.0, arraydiff-0.6.1, astropy-0.11.0, mock-3.14.0, remotedata-0.4.1, doctestplus-1.4.0, hypothesis-6.131.9, astropy-header-0.2.2, filter-subpackage-0.2.0, cov-6.1.1\ncollecting ... collected 1 item\n\nlib/matplotlib/tests/test_rcparams.py::test_validator_valid[validate_intlist-arg28-target28] PASSED [100%]\n\n============================== 1 passed in 0.86s ===============================\n",
      "stderr": ""
    },
    {
      "test_file": "lib/matplotlib/tests/test_rcparams.py",
      "test_case": "test_validator_valid[validate_intlist-arg29-target29]",
      "test_type": "PASS_TO_PASS",
      "exit_code": 0,
      "stdout": "============================= test session starts ==============================\nplatform linux -- Python 3.10.17, pytest-8.3.5, pluggy-1.5.0 -- /usr/local/bin/python\ncachedir: .pytest_cache\nhypothesis profile 'default' -> database=DirectoryBasedExampleDatabase(PosixPath('/app/repo/.hypothesis/examples'))\nrootdir: /app/repo\nconfigfile: pytest.ini\nplugins: asdf-4.1.0, arraydiff-0.6.1, astropy-0.11.0, mock-3.14.0, remotedata-0.4.1, doctestplus-1.4.0, hypothesis-6.131.9, astropy-header-0.2.2, filter-subpackage-0.2.0, cov-6.1.1\ncollecting ... collected 1 item\n\nlib/matplotlib/tests/test_rcparams.py::test_validator_valid[validate_intlist-arg29-target29] PASSED [100%]\n\n============================== 1 passed in 0.86s ===============================\n",
      "stderr": ""
    },
    {
      "test_file": "lib/matplotlib/tests/test_rcparams.py",
      "test_case": "test_validator_valid[validate_floatlist-1.5,",
      "test_type": "PASS_TO_PASS",
      "exit_code": 4,
      "stdout": "============================= test session starts ==============================\nplatform linux -- Python 3.10.17, pytest-8.3.5, pluggy-1.5.0 -- /usr/local/bin/python\ncachedir: .pytest_cache\nhypothesis profile 'default' -> database=DirectoryBasedExampleDatabase(PosixPath('/app/repo/.hypothesis/examples'))\nrootdir: /app/repo\nconfigfile: pytest.ini\nplugins: asdf-4.1.0, arraydiff-0.6.1, astropy-0.11.0, mock-3.14.0, remotedata-0.4.1, doctestplus-1.4.0, hypothesis-6.131.9, astropy-header-0.2.2, filter-subpackage-0.2.0, cov-6.1.1\ncollecting ... collected 0 items\n\n============================ no tests ran in 0.85s =============================\n",
      "stderr": "ERROR: not found: /app/repo/lib/matplotlib/tests/test_rcparams.py::test_validator_valid[validate_floatlist-1.5,\n(no match in any of [<Module test_rcparams.py>])\n\n"
    },
    {
      "test_file": "lib/matplotlib/tests/test_rcparams.py",
      "test_case": "test_validator_valid[validate_floatlist-arg31-target31]",
      "test_type": "PASS_TO_PASS",
      "exit_code": 0,
      "stdout": "============================= test session starts ==============================\nplatform linux -- Python 3.10.17, pytest-8.3.5, pluggy-1.5.0 -- /usr/local/bin/python\ncachedir: .pytest_cache\nhypothesis profile 'default' -> database=DirectoryBasedExampleDatabase(PosixPath('/app/repo/.hypothesis/examples'))\nrootdir: /app/repo\nconfigfile: pytest.ini\nplugins: asdf-4.1.0, arraydiff-0.6.1, astropy-0.11.0, mock-3.14.0, remotedata-0.4.1, doctestplus-1.4.0, hypothesis-6.131.9, astropy-header-0.2.2, filter-subpackage-0.2.0, cov-6.1.1\ncollecting ... collected 1 item\n\nlib/matplotlib/tests/test_rcparams.py::test_validator_valid[validate_floatlist-arg31-target31] PASSED [100%]\n\n============================== 1 passed in 0.88s ===============================\n",
      "stderr": ""
    },
    {
      "test_file": "lib/matplotlib/tests/test_rcparams.py",
      "test_case": "test_validator_valid[validate_floatlist-arg32-target32]",
      "test_type": "PASS_TO_PASS",
      "exit_code": 0,
      "stdout": "============================= test session starts ==============================\nplatform linux -- Python 3.10.17, pytest-8.3.5, pluggy-1.5.0 -- /usr/local/bin/python\ncachedir: .pytest_cache\nhypothesis profile 'default' -> database=DirectoryBasedExampleDatabase(PosixPath('/app/repo/.hypothesis/examples'))\nrootdir: /app/repo\nconfigfile: pytest.ini\nplugins: asdf-4.1.0, arraydiff-0.6.1, astropy-0.11.0, mock-3.14.0, remotedata-0.4.1, doctestplus-1.4.0, hypothesis-6.131.9, astropy-header-0.2.2, filter-subpackage-0.2.0, cov-6.1.1\ncollecting ... collected 1 item\n\nlib/matplotlib/tests/test_rcparams.py::test_validator_valid[validate_floatlist-arg32-target32] PASSED [100%]\n\n============================== 1 passed in 0.85s ===============================\n",
      "stderr": ""
    },
    {
      "test_file": "lib/matplotlib/tests/test_rcparams.py",
      "test_case": "test_validator_valid[validate_floatlist-arg33-target33]",
      "test_type": "PASS_TO_PASS",
      "exit_code": 0,
      "stdout": "============================= test session starts ==============================\nplatform linux -- Python 3.10.17, pytest-8.3.5, pluggy-1.5.0 -- /usr/local/bin/python\ncachedir: .pytest_cache\nhypothesis profile 'default' -> database=DirectoryBasedExampleDatabase(PosixPath('/app/repo/.hypothesis/examples'))\nrootdir: /app/repo\nconfigfile: pytest.ini\nplugins: asdf-4.1.0, arraydiff-0.6.1, astropy-0.11.0, mock-3.14.0, remotedata-0.4.1, doctestplus-1.4.0, hypothesis-6.131.9, astropy-header-0.2.2, filter-subpackage-0.2.0, cov-6.1.1\ncollecting ... collected 1 item\n\nlib/matplotlib/tests/test_rcparams.py::test_validator_valid[validate_floatlist-arg33-target33] PASSED [100%]\n\n============================== 1 passed in 0.85s ===============================\n",
      "stderr": ""
    },
    {
      "test_file": "lib/matplotlib/tests/test_rcparams.py",
      "test_case": "test_validator_valid[validate_floatlist-arg34-target34]",
      "test_type": "PASS_TO_PASS",
      "exit_code": 0,
      "stdout": "============================= test session starts ==============================\nplatform linux -- Python 3.10.17, pytest-8.3.5, pluggy-1.5.0 -- /usr/local/bin/python\ncachedir: .pytest_cache\nhypothesis profile 'default' -> database=DirectoryBasedExampleDatabase(PosixPath('/app/repo/.hypothesis/examples'))\nrootdir: /app/repo\nconfigfile: pytest.ini\nplugins: asdf-4.1.0, arraydiff-0.6.1, astropy-0.11.0, mock-3.14.0, remotedata-0.4.1, doctestplus-1.4.0, hypothesis-6.131.9, astropy-header-0.2.2, filter-subpackage-0.2.0, cov-6.1.1\ncollecting ... collected 1 item\n\nlib/matplotlib/tests/test_rcparams.py::test_validator_valid[validate_floatlist-arg34-target34] PASSED [100%]\n\n============================== 1 passed in 0.86s ===============================\n",
      "stderr": ""
    },
    {
      "test_file": "lib/matplotlib/tests/test_rcparams.py",
      "test_case": "test_validator_valid[validate_cycler-cycler(\"color\",",
      "test_type": "PASS_TO_PASS",
      "exit_code": 4,
      "stdout": "============================= test session starts ==============================\nplatform linux -- Python 3.10.17, pytest-8.3.5, pluggy-1.5.0 -- /usr/local/bin/python\ncachedir: .pytest_cache\nhypothesis profile 'default' -> database=DirectoryBasedExampleDatabase(PosixPath('/app/repo/.hypothesis/examples'))\nrootdir: /app/repo\nconfigfile: pytest.ini\nplugins: asdf-4.1.0, arraydiff-0.6.1, astropy-0.11.0, mock-3.14.0, remotedata-0.4.1, doctestplus-1.4.0, hypothesis-6.131.9, astropy-header-0.2.2, filter-subpackage-0.2.0, cov-6.1.1\ncollecting ... collected 0 items\n\n============================ no tests ran in 0.85s =============================\n",
      "stderr": "ERROR: not found: /app/repo/lib/matplotlib/tests/test_rcparams.py::test_validator_valid[validate_cycler-cycler(\"color\",\n(no match in any of [<Module test_rcparams.py>])\n\n"
    },
    {
      "test_file": "lib/matplotlib/tests/test_rcparams.py",
      "test_case": "test_validator_valid[validate_cycler-arg36-target36]",
      "test_type": "PASS_TO_PASS",
      "exit_code": 0,
      "stdout": "============================= test session starts ==============================\nplatform linux -- Python 3.10.17, pytest-8.3.5, pluggy-1.5.0 -- /usr/local/bin/python\ncachedir: .pytest_cache\nhypothesis profile 'default' -> database=DirectoryBasedExampleDatabase(PosixPath('/app/repo/.hypothesis/examples'))\nrootdir: /app/repo\nconfigfile: pytest.ini\nplugins: asdf-4.1.0, arraydiff-0.6.1, astropy-0.11.0, mock-3.14.0, remotedata-0.4.1, doctestplus-1.4.0, hypothesis-6.131.9, astropy-header-0.2.2, filter-subpackage-0.2.0, cov-6.1.1\ncollecting ... collected 1 item\n\nlib/matplotlib/tests/test_rcparams.py::test_validator_valid[validate_cycler-arg36-target36] PASSED [100%]\n\n============================== 1 passed in 0.86s ===============================\n",
      "stderr": ""
    },
    {
      "test_file": "lib/matplotlib/tests/test_rcparams.py",
      "test_case": "test_validator_valid[validate_cycler-(cycler(\"color\",",
      "test_type": "PASS_TO_PASS",
      "exit_code": 4,
      "stdout": "============================= test session starts ==============================\nplatform linux -- Python 3.10.17, pytest-8.3.5, pluggy-1.5.0 -- /usr/local/bin/python\ncachedir: .pytest_cache\nhypothesis profile 'default' -> database=DirectoryBasedExampleDatabase(PosixPath('/app/repo/.hypothesis/examples'))\nrootdir: /app/repo\nconfigfile: pytest.ini\nplugins: asdf-4.1.0, arraydiff-0.6.1, astropy-0.11.0, mock-3.14.0, remotedata-0.4.1, doctestplus-1.4.0, hypothesis-6.131.9, astropy-header-0.2.2, filter-subpackage-0.2.0, cov-6.1.1\ncollecting ... collected 0 items\n\n============================ no tests ran in 0.84s =============================\n",
      "stderr": "ERROR: not found: /app/repo/lib/matplotlib/tests/test_rcparams.py::test_validator_valid[validate_cycler-(cycler(\"color\",\n(no match in any of [<Module test_rcparams.py>])\n\n"
    },
    {
      "test_file": "lib/matplotlib/tests/test_rcparams.py",
      "test_case": "test_validator_valid[validate_cycler-cycler(c='rgb',",
      "test_type": "PASS_TO_PASS",
      "exit_code": 4,
      "stdout": "============================= test session starts ==============================\nplatform linux -- Python 3.10.17, pytest-8.3.5, pluggy-1.5.0 -- /usr/local/bin/python\ncachedir: .pytest_cache\nhypothesis profile 'default' -> database=DirectoryBasedExampleDatabase(PosixPath('/app/repo/.hypothesis/examples'))\nrootdir: /app/repo\nconfigfile: pytest.ini\nplugins: asdf-4.1.0, arraydiff-0.6.1, astropy-0.11.0, mock-3.14.0, remotedata-0.4.1, doctestplus-1.4.0, hypothesis-6.131.9, astropy-header-0.2.2, filter-subpackage-0.2.0, cov-6.1.1\ncollecting ... collected 0 items\n\n============================ no tests ran in 0.85s =============================\n",
      "stderr": "ERROR: not found: /app/repo/lib/matplotlib/tests/test_rcparams.py::test_validator_valid[validate_cycler-cycler(c='rgb',\n(no match in any of [<Module test_rcparams.py>])\n\n"
    },
    {
      "test_file": "lib/matplotlib/tests/test_rcparams.py",
      "test_case": "test_validator_valid[validate_cycler-cycler('c',",
      "test_type": "PASS_TO_PASS",
      "exit_code": 4,
      "stdout": "============================= test session starts ==============================\nplatform linux -- Python 3.10.17, pytest-8.3.5, pluggy-1.5.0 -- /usr/local/bin/python\ncachedir: .pytest_cache\nhypothesis profile 'default' -> database=DirectoryBasedExampleDatabase(PosixPath('/app/repo/.hypothesis/examples'))\nrootdir: /app/repo\nconfigfile: pytest.ini\nplugins: asdf-4.1.0, arraydiff-0.6.1, astropy-0.11.0, mock-3.14.0, remotedata-0.4.1, doctestplus-1.4.0, hypothesis-6.131.9, astropy-header-0.2.2, filter-subpackage-0.2.0, cov-6.1.1\ncollecting ... collected 0 items\n\n============================ no tests ran in 0.88s =============================\n",
      "stderr": "ERROR: not found: /app/repo/lib/matplotlib/tests/test_rcparams.py::test_validator_valid[validate_cycler-cycler('c',\n(no match in any of [<Module test_rcparams.py>])\n\n"
    },
    {
      "test_file": "lib/matplotlib/tests/test_rcparams.py",
      "test_case": "test_validator_valid[validate_cycler-arg40-target40]",
      "test_type": "PASS_TO_PASS",
      "exit_code": 0,
      "stdout": "============================= test session starts ==============================\nplatform linux -- Python 3.10.17, pytest-8.3.5, pluggy-1.5.0 -- /usr/local/bin/python\ncachedir: .pytest_cache\nhypothesis profile 'default' -> database=DirectoryBasedExampleDatabase(PosixPath('/app/repo/.hypothesis/examples'))\nrootdir: /app/repo\nconfigfile: pytest.ini\nplugins: asdf-4.1.0, arraydiff-0.6.1, astropy-0.11.0, mock-3.14.0, remotedata-0.4.1, doctestplus-1.4.0, hypothesis-6.131.9, astropy-header-0.2.2, filter-subpackage-0.2.0, cov-6.1.1\ncollecting ... collected 1 item\n\nlib/matplotlib/tests/test_rcparams.py::test_validator_valid[validate_cycler-arg40-target40] PASSED [100%]\n\n============================== 1 passed in 0.85s ===============================\n",
      "stderr": ""
    },
    {
      "test_file": "lib/matplotlib/tests/test_rcparams.py",
      "test_case": "test_validator_valid[validate_cycler-arg41-target41]",
      "test_type": "PASS_TO_PASS",
      "exit_code": 0,
      "stdout": "============================= test session starts ==============================\nplatform linux -- Python 3.10.17, pytest-8.3.5, pluggy-1.5.0 -- /usr/local/bin/python\ncachedir: .pytest_cache\nhypothesis profile 'default' -> database=DirectoryBasedExampleDatabase(PosixPath('/app/repo/.hypothesis/examples'))\nrootdir: /app/repo\nconfigfile: pytest.ini\nplugins: asdf-4.1.0, arraydiff-0.6.1, astropy-0.11.0, mock-3.14.0, remotedata-0.4.1, doctestplus-1.4.0, hypothesis-6.131.9, astropy-header-0.2.2, filter-subpackage-0.2.0, cov-6.1.1\ncollecting ... collected 1 item\n\nlib/matplotlib/tests/test_rcparams.py::test_validator_valid[validate_cycler-arg41-target41] PASSED [100%]\n\n============================== 1 passed in 0.86s ===============================\n",
      "stderr": ""
    },
    {
      "test_file": "lib/matplotlib/tests/test_rcparams.py",
      "test_case": "test_validator_valid[validate_hatch---|---|]",
      "test_type": "PASS_TO_PASS",
      "exit_code": 0,
      "stdout": "============================= test session starts ==============================\nplatform linux -- Python 3.10.17, pytest-8.3.5, pluggy-1.5.0 -- /usr/local/bin/python\ncachedir: .pytest_cache\nhypothesis profile 'default' -> database=DirectoryBasedExampleDatabase(PosixPath('/app/repo/.hypothesis/examples'))\nrootdir: /app/repo\nconfigfile: pytest.ini\nplugins: asdf-4.1.0, arraydiff-0.6.1, astropy-0.11.0, mock-3.14.0, remotedata-0.4.1, doctestplus-1.4.0, hypothesis-6.131.9, astropy-header-0.2.2, filter-subpackage-0.2.0, cov-6.1.1\ncollecting ... collected 1 item\n\nlib/matplotlib/tests/test_rcparams.py::test_validator_valid[validate_hatch---|---|] PASSED [100%]\n\n============================== 1 passed in 0.85s ===============================\n",
      "stderr": ""
    },
    {
      "test_file": "lib/matplotlib/tests/test_rcparams.py",
      "test_case": "test_validator_valid[validate_hatch-\\\\oO-\\\\oO]",
      "test_type": "PASS_TO_PASS",
      "exit_code": 0,
      "stdout": "============================= test session starts ==============================\nplatform linux -- Python 3.10.17, pytest-8.3.5, pluggy-1.5.0 -- /usr/local/bin/python\ncachedir: .pytest_cache\nhypothesis profile 'default' -> database=DirectoryBasedExampleDatabase(PosixPath('/app/repo/.hypothesis/examples'))\nrootdir: /app/repo\nconfigfile: pytest.ini\nplugins: asdf-4.1.0, arraydiff-0.6.1, astropy-0.11.0, mock-3.14.0, remotedata-0.4.1, doctestplus-1.4.0, hypothesis-6.131.9, astropy-header-0.2.2, filter-subpackage-0.2.0, cov-6.1.1\ncollecting ... collected 1 item\n\nlib/matplotlib/tests/test_rcparams.py::test_validator_valid[validate_hatch-\\\\oO-\\\\oO] PASSED [100%]\n\n============================== 1 passed in 0.86s ===============================\n",
      "stderr": ""
    },
    {
      "test_file": "lib/matplotlib/tests/test_rcparams.py",
      "test_case": "test_validator_valid[validate_hatch-/+*/.x-/+*/.x]",
      "test_type": "PASS_TO_PASS",
      "exit_code": 0,
      "stdout": "============================= test session starts ==============================\nplatform linux -- Python 3.10.17, pytest-8.3.5, pluggy-1.5.0 -- /usr/local/bin/python\ncachedir: .pytest_cache\nhypothesis profile 'default' -> database=DirectoryBasedExampleDatabase(PosixPath('/app/repo/.hypothesis/examples'))\nrootdir: /app/repo\nconfigfile: pytest.ini\nplugins: asdf-4.1.0, arraydiff-0.6.1, astropy-0.11.0, mock-3.14.0, remotedata-0.4.1, doctestplus-1.4.0, hypothesis-6.131.9, astropy-header-0.2.2, filter-subpackage-0.2.0, cov-6.1.1\ncollecting ... collected 1 item\n\nlib/matplotlib/tests/test_rcparams.py::test_validator_valid[validate_hatch-/+*/.x-/+*/.x] PASSED [100%]\n\n============================== 1 passed in 0.86s ===============================\n",
      "stderr": ""
    },
    {
      "test_file": "lib/matplotlib/tests/test_rcparams.py",
      "test_case": "test_validator_valid[validate_hatch--]",
      "test_type": "PASS_TO_PASS",
      "exit_code": 0,
      "stdout": "============================= test session starts ==============================\nplatform linux -- Python 3.10.17, pytest-8.3.5, pluggy-1.5.0 -- /usr/local/bin/python\ncachedir: .pytest_cache\nhypothesis profile 'default' -> database=DirectoryBasedExampleDatabase(PosixPath('/app/repo/.hypothesis/examples'))\nrootdir: /app/repo\nconfigfile: pytest.ini\nplugins: asdf-4.1.0, arraydiff-0.6.1, astropy-0.11.0, mock-3.14.0, remotedata-0.4.1, doctestplus-1.4.0, hypothesis-6.131.9, astropy-header-0.2.2, filter-subpackage-0.2.0, cov-6.1.1\ncollecting ... collected 1 item\n\nlib/matplotlib/tests/test_rcparams.py::test_validator_valid[validate_hatch--] PASSED [100%]\n\n============================== 1 passed in 0.87s ===============================\n",
      "stderr": ""
    },
    {
      "test_file": "lib/matplotlib/tests/test_rcparams.py",
      "test_case": "test_validator_valid[validate_colorlist-r,g,b-target46]",
      "test_type": "PASS_TO_PASS",
      "exit_code": 0,
      "stdout": "============================= test session starts ==============================\nplatform linux -- Python 3.10.17, pytest-8.3.5, pluggy-1.5.0 -- /usr/local/bin/python\ncachedir: .pytest_cache\nhypothesis profile 'default' -> database=DirectoryBasedExampleDatabase(PosixPath('/app/repo/.hypothesis/examples'))\nrootdir: /app/repo\nconfigfile: pytest.ini\nplugins: asdf-4.1.0, arraydiff-0.6.1, astropy-0.11.0, mock-3.14.0, remotedata-0.4.1, doctestplus-1.4.0, hypothesis-6.131.9, astropy-header-0.2.2, filter-subpackage-0.2.0, cov-6.1.1\ncollecting ... collected 1 item\n\nlib/matplotlib/tests/test_rcparams.py::test_validator_valid[validate_colorlist-r,g,b-target46] PASSED [100%]\n\n============================== 1 passed in 0.88s ===============================\n",
      "stderr": ""
    },
    {
      "test_file": "lib/matplotlib/tests/test_rcparams.py",
      "test_case": "test_validator_valid[validate_colorlist-arg47-target47]",
      "test_type": "PASS_TO_PASS",
      "exit_code": 0,
      "stdout": "============================= test session starts ==============================\nplatform linux -- Python 3.10.17, pytest-8.3.5, pluggy-1.5.0 -- /usr/local/bin/python\ncachedir: .pytest_cache\nhypothesis profile 'default' -> database=DirectoryBasedExampleDatabase(PosixPath('/app/repo/.hypothesis/examples'))\nrootdir: /app/repo\nconfigfile: pytest.ini\nplugins: asdf-4.1.0, arraydiff-0.6.1, astropy-0.11.0, mock-3.14.0, remotedata-0.4.1, doctestplus-1.4.0, hypothesis-6.131.9, astropy-header-0.2.2, filter-subpackage-0.2.0, cov-6.1.1\ncollecting ... collected 1 item\n\nlib/matplotlib/tests/test_rcparams.py::test_validator_valid[validate_colorlist-arg47-target47] PASSED [100%]\n\n============================== 1 passed in 0.86s ===============================\n",
      "stderr": ""
    },
    {
      "test_file": "lib/matplotlib/tests/test_rcparams.py",
      "test_case": "test_validator_valid[validate_colorlist-r,",
      "test_type": "PASS_TO_PASS",
      "exit_code": 4,
      "stdout": "============================= test session starts ==============================\nplatform linux -- Python 3.10.17, pytest-8.3.5, pluggy-1.5.0 -- /usr/local/bin/python\ncachedir: .pytest_cache\nhypothesis profile 'default' -> database=DirectoryBasedExampleDatabase(PosixPath('/app/repo/.hypothesis/examples'))\nrootdir: /app/repo\nconfigfile: pytest.ini\nplugins: asdf-4.1.0, arraydiff-0.6.1, astropy-0.11.0, mock-3.14.0, remotedata-0.4.1, doctestplus-1.4.0, hypothesis-6.131.9, astropy-header-0.2.2, filter-subpackage-0.2.0, cov-6.1.1\ncollecting ... collected 0 items\n\n============================ no tests ran in 0.88s =============================\n",
      "stderr": "ERROR: not found: /app/repo/lib/matplotlib/tests/test_rcparams.py::test_validator_valid[validate_colorlist-r,\n(no match in any of [<Module test_rcparams.py>])\n\n"
    },
    {
      "test_file": "lib/matplotlib/tests/test_rcparams.py",
      "test_case": "test_validator_valid[validate_colorlist-arg49-target49]",
      "test_type": "PASS_TO_PASS",
      "exit_code": 0,
      "stdout": "============================= test session starts ==============================\nplatform linux -- Python 3.10.17, pytest-8.3.5, pluggy-1.5.0 -- /usr/local/bin/python\ncachedir: .pytest_cache\nhypothesis profile 'default' -> database=DirectoryBasedExampleDatabase(PosixPath('/app/repo/.hypothesis/examples'))\nrootdir: /app/repo\nconfigfile: pytest.ini\nplugins: asdf-4.1.0, arraydiff-0.6.1, astropy-0.11.0, mock-3.14.0, remotedata-0.4.1, doctestplus-1.4.0, hypothesis-6.131.9, astropy-header-0.2.2, filter-subpackage-0.2.0, cov-6.1.1\ncollecting ... collected 1 item\n\nlib/matplotlib/tests/test_rcparams.py::test_validator_valid[validate_colorlist-arg49-target49] PASSED [100%]\n\n============================== 1 passed in 0.88s ===============================\n",
      "stderr": ""
    },
    {
      "test_file": "lib/matplotlib/tests/test_rcparams.py",
      "test_case": "test_validator_valid[validate_colorlist-arg50-target50]",
      "test_type": "PASS_TO_PASS",
      "exit_code": 0,
      "stdout": "============================= test session starts ==============================\nplatform linux -- Python 3.10.17, pytest-8.3.5, pluggy-1.5.0 -- /usr/local/bin/python\ncachedir: .pytest_cache\nhypothesis profile 'default' -> database=DirectoryBasedExampleDatabase(PosixPath('/app/repo/.hypothesis/examples'))\nrootdir: /app/repo\nconfigfile: pytest.ini\nplugins: asdf-4.1.0, arraydiff-0.6.1, astropy-0.11.0, mock-3.14.0, remotedata-0.4.1, doctestplus-1.4.0, hypothesis-6.131.9, astropy-header-0.2.2, filter-subpackage-0.2.0, cov-6.1.1\ncollecting ... collected 1 item\n\nlib/matplotlib/tests/test_rcparams.py::test_validator_valid[validate_colorlist-arg50-target50] PASSED [100%]\n\n============================== 1 passed in 0.91s ===============================\n",
      "stderr": ""
    },
    {
      "test_file": "lib/matplotlib/tests/test_rcparams.py",
      "test_case": "test_validator_valid[validate_colorlist-arg51-target51]",
      "test_type": "PASS_TO_PASS",
      "exit_code": 0,
      "stdout": "============================= test session starts ==============================\nplatform linux -- Python 3.10.17, pytest-8.3.5, pluggy-1.5.0 -- /usr/local/bin/python\ncachedir: .pytest_cache\nhypothesis profile 'default' -> database=DirectoryBasedExampleDatabase(PosixPath('/app/repo/.hypothesis/examples'))\nrootdir: /app/repo\nconfigfile: pytest.ini\nplugins: asdf-4.1.0, arraydiff-0.6.1, astropy-0.11.0, mock-3.14.0, remotedata-0.4.1, doctestplus-1.4.0, hypothesis-6.131.9, astropy-header-0.2.2, filter-subpackage-0.2.0, cov-6.1.1\ncollecting ... collected 1 item\n\nlib/matplotlib/tests/test_rcparams.py::test_validator_valid[validate_colorlist-arg51-target51] PASSED [100%]\n\n============================== 1 passed in 0.93s ===============================\n",
      "stderr": ""
    },
    {
      "test_file": "lib/matplotlib/tests/test_rcparams.py",
      "test_case": "test_validator_valid[validate_color-None-none]",
      "test_type": "PASS_TO_PASS",
      "exit_code": 0,
      "stdout": "============================= test session starts ==============================\nplatform linux -- Python 3.10.17, pytest-8.3.5, pluggy-1.5.0 -- /usr/local/bin/python\ncachedir: .pytest_cache\nhypothesis profile 'default' -> database=DirectoryBasedExampleDatabase(PosixPath('/app/repo/.hypothesis/examples'))\nrootdir: /app/repo\nconfigfile: pytest.ini\nplugins: asdf-4.1.0, arraydiff-0.6.1, astropy-0.11.0, mock-3.14.0, remotedata-0.4.1, doctestplus-1.4.0, hypothesis-6.131.9, astropy-header-0.2.2, filter-subpackage-0.2.0, cov-6.1.1\ncollecting ... collected 1 item\n\nlib/matplotlib/tests/test_rcparams.py::test_validator_valid[validate_color-None-none] PASSED [100%]\n\n============================== 1 passed in 0.93s ===============================\n",
      "stderr": ""
    },
    {
      "test_file": "lib/matplotlib/tests/test_rcparams.py",
      "test_case": "test_validator_valid[validate_color-none-none]",
      "test_type": "PASS_TO_PASS",
      "exit_code": 0,
      "stdout": "============================= test session starts ==============================\nplatform linux -- Python 3.10.17, pytest-8.3.5, pluggy-1.5.0 -- /usr/local/bin/python\ncachedir: .pytest_cache\nhypothesis profile 'default' -> database=DirectoryBasedExampleDatabase(PosixPath('/app/repo/.hypothesis/examples'))\nrootdir: /app/repo\nconfigfile: pytest.ini\nplugins: asdf-4.1.0, arraydiff-0.6.1, astropy-0.11.0, mock-3.14.0, remotedata-0.4.1, doctestplus-1.4.0, hypothesis-6.131.9, astropy-header-0.2.2, filter-subpackage-0.2.0, cov-6.1.1\ncollecting ... collected 1 item\n\nlib/matplotlib/tests/test_rcparams.py::test_validator_valid[validate_color-none-none] PASSED [100%]\n\n============================== 1 passed in 0.88s ===============================\n",
      "stderr": ""
    },
    {
      "test_file": "lib/matplotlib/tests/test_rcparams.py",
      "test_case": "test_validator_valid[validate_color-AABBCC-#AABBCC]",
      "test_type": "PASS_TO_PASS",
      "exit_code": 0,
      "stdout": "============================= test session starts ==============================\nplatform linux -- Python 3.10.17, pytest-8.3.5, pluggy-1.5.0 -- /usr/local/bin/python\ncachedir: .pytest_cache\nhypothesis profile 'default' -> database=DirectoryBasedExampleDatabase(PosixPath('/app/repo/.hypothesis/examples'))\nrootdir: /app/repo\nconfigfile: pytest.ini\nplugins: asdf-4.1.0, arraydiff-0.6.1, astropy-0.11.0, mock-3.14.0, remotedata-0.4.1, doctestplus-1.4.0, hypothesis-6.131.9, astropy-header-0.2.2, filter-subpackage-0.2.0, cov-6.1.1\ncollecting ... collected 1 item\n\nlib/matplotlib/tests/test_rcparams.py::test_validator_valid[validate_color-AABBCC-#AABBCC] PASSED [100%]\n\n============================== 1 passed in 0.89s ===============================\n",
      "stderr": ""
    },
    {
      "test_file": "lib/matplotlib/tests/test_rcparams.py",
      "test_case": "test_validator_valid[validate_color-AABBCC00-#AABBCC00]",
      "test_type": "PASS_TO_PASS",
      "exit_code": 0,
      "stdout": "============================= test session starts ==============================\nplatform linux -- Python 3.10.17, pytest-8.3.5, pluggy-1.5.0 -- /usr/local/bin/python\ncachedir: .pytest_cache\nhypothesis profile 'default' -> database=DirectoryBasedExampleDatabase(PosixPath('/app/repo/.hypothesis/examples'))\nrootdir: /app/repo\nconfigfile: pytest.ini\nplugins: asdf-4.1.0, arraydiff-0.6.1, astropy-0.11.0, mock-3.14.0, remotedata-0.4.1, doctestplus-1.4.0, hypothesis-6.131.9, astropy-header-0.2.2, filter-subpackage-0.2.0, cov-6.1.1\ncollecting ... collected 1 item\n\nlib/matplotlib/tests/test_rcparams.py::test_validator_valid[validate_color-AABBCC00-#AABBCC00] PASSED [100%]\n\n============================== 1 passed in 0.92s ===============================\n",
      "stderr": ""
    },
    {
      "test_file": "lib/matplotlib/tests/test_rcparams.py",
      "test_case": "test_validator_valid[validate_color-tab:blue-tab:blue]",
      "test_type": "PASS_TO_PASS",
      "exit_code": 0,
      "stdout": "============================= test session starts ==============================\nplatform linux -- Python 3.10.17, pytest-8.3.5, pluggy-1.5.0 -- /usr/local/bin/python\ncachedir: .pytest_cache\nhypothesis profile 'default' -> database=DirectoryBasedExampleDatabase(PosixPath('/app/repo/.hypothesis/examples'))\nrootdir: /app/repo\nconfigfile: pytest.ini\nplugins: asdf-4.1.0, arraydiff-0.6.1, astropy-0.11.0, mock-3.14.0, remotedata-0.4.1, doctestplus-1.4.0, hypothesis-6.131.9, astropy-header-0.2.2, filter-subpackage-0.2.0, cov-6.1.1\ncollecting ... collected 1 item\n\nlib/matplotlib/tests/test_rcparams.py::test_validator_valid[validate_color-tab:blue-tab:blue] PASSED [100%]\n\n============================== 1 passed in 0.90s ===============================\n",
      "stderr": ""
    },
    {
      "test_file": "lib/matplotlib/tests/test_rcparams.py",
      "test_case": "test_validator_valid[validate_color-C12-C12]",
      "test_type": "PASS_TO_PASS",
      "exit_code": 0,
      "stdout": "============================= test session starts ==============================\nplatform linux -- Python 3.10.17, pytest-8.3.5, pluggy-1.5.0 -- /usr/local/bin/python\ncachedir: .pytest_cache\nhypothesis profile 'default' -> database=DirectoryBasedExampleDatabase(PosixPath('/app/repo/.hypothesis/examples'))\nrootdir: /app/repo\nconfigfile: pytest.ini\nplugins: asdf-4.1.0, arraydiff-0.6.1, astropy-0.11.0, mock-3.14.0, remotedata-0.4.1, doctestplus-1.4.0, hypothesis-6.131.9, astropy-header-0.2.2, filter-subpackage-0.2.0, cov-6.1.1\ncollecting ... collected 1 item\n\nlib/matplotlib/tests/test_rcparams.py::test_validator_valid[validate_color-C12-C12] PASSED [100%]\n\n============================== 1 passed in 0.90s ===============================\n",
      "stderr": ""
    },
    {
      "test_file": "lib/matplotlib/tests/test_rcparams.py",
      "test_case": "test_validator_valid[validate_color-(0,",
      "test_type": "PASS_TO_PASS",
      "exit_code": 4,
      "stdout": "============================= test session starts ==============================\nplatform linux -- Python 3.10.17, pytest-8.3.5, pluggy-1.5.0 -- /usr/local/bin/python\ncachedir: .pytest_cache\nhypothesis profile 'default' -> database=DirectoryBasedExampleDatabase(PosixPath('/app/repo/.hypothesis/examples'))\nrootdir: /app/repo\nconfigfile: pytest.ini\nplugins: asdf-4.1.0, arraydiff-0.6.1, astropy-0.11.0, mock-3.14.0, remotedata-0.4.1, doctestplus-1.4.0, hypothesis-6.131.9, astropy-header-0.2.2, filter-subpackage-0.2.0, cov-6.1.1\ncollecting ... collected 0 items\n\n============================ no tests ran in 0.87s =============================\n",
      "stderr": "ERROR: not found: /app/repo/lib/matplotlib/tests/test_rcparams.py::test_validator_valid[validate_color-(0,\n(no match in any of [<Module test_rcparams.py>])\n\n"
    },
    {
      "test_file": "lib/matplotlib/tests/test_rcparams.py",
      "test_case": "test_validator_valid[validate_color-arg59-target59]",
      "test_type": "PASS_TO_PASS",
      "exit_code": 0,
      "stdout": "============================= test session starts ==============================\nplatform linux -- Python 3.10.17, pytest-8.3.5, pluggy-1.5.0 -- /usr/local/bin/python\ncachedir: .pytest_cache\nhypothesis profile 'default' -> database=DirectoryBasedExampleDatabase(PosixPath('/app/repo/.hypothesis/examples'))\nrootdir: /app/repo\nconfigfile: pytest.ini\nplugins: asdf-4.1.0, arraydiff-0.6.1, astropy-0.11.0, mock-3.14.0, remotedata-0.4.1, doctestplus-1.4.0, hypothesis-6.131.9, astropy-header-0.2.2, filter-subpackage-0.2.0, cov-6.1.1\ncollecting ... collected 1 item\n\nlib/matplotlib/tests/test_rcparams.py::test_validator_valid[validate_color-arg59-target59] PASSED [100%]\n\n============================== 1 passed in 0.91s ===============================\n",
      "stderr": ""
    },
    {
      "test_file": "lib/matplotlib/tests/test_rcparams.py",
      "test_case": "test_validator_valid[validate_color-arg61-target61]",
      "test_type": "PASS_TO_PASS",
      "exit_code": 0,
      "stdout": "============================= test session starts ==============================\nplatform linux -- Python 3.10.17, pytest-8.3.5, pluggy-1.5.0 -- /usr/local/bin/python\ncachedir: .pytest_cache\nhypothesis profile 'default' -> database=DirectoryBasedExampleDatabase(PosixPath('/app/repo/.hypothesis/examples'))\nrootdir: /app/repo\nconfigfile: pytest.ini\nplugins: asdf-4.1.0, arraydiff-0.6.1, astropy-0.11.0, mock-3.14.0, remotedata-0.4.1, doctestplus-1.4.0, hypothesis-6.131.9, astropy-header-0.2.2, filter-subpackage-0.2.0, cov-6.1.1\ncollecting ... collected 1 item\n\nlib/matplotlib/tests/test_rcparams.py::test_validator_valid[validate_color-arg61-target61] PASSED [100%]\n\n============================== 1 passed in 0.94s ===============================\n",
      "stderr": ""
    },
    {
      "test_file": "lib/matplotlib/tests/test_rcparams.py",
      "test_case": "test_validator_valid[_validate_color_or_linecolor-linecolor-linecolor]",
      "test_type": "PASS_TO_PASS",
      "exit_code": 0,
      "stdout": "============================= test session starts ==============================\nplatform linux -- Python 3.10.17, pytest-8.3.5, pluggy-1.5.0 -- /usr/local/bin/python\ncachedir: .pytest_cache\nhypothesis profile 'default' -> database=DirectoryBasedExampleDatabase(PosixPath('/app/repo/.hypothesis/examples'))\nrootdir: /app/repo\nconfigfile: pytest.ini\nplugins: asdf-4.1.0, arraydiff-0.6.1, astropy-0.11.0, mock-3.14.0, remotedata-0.4.1, doctestplus-1.4.0, hypothesis-6.131.9, astropy-header-0.2.2, filter-subpackage-0.2.0, cov-6.1.1\ncollecting ... collected 1 item\n\nlib/matplotlib/tests/test_rcparams.py::test_validator_valid[_validate_color_or_linecolor-linecolor-linecolor] PASSED [100%]\n\n============================== 1 passed in 0.91s ===============================\n",
      "stderr": ""
    },
    {
      "test_file": "lib/matplotlib/tests/test_rcparams.py",
      "test_case": "test_validator_valid[_validate_color_or_linecolor-markerfacecolor-markerfacecolor]",
      "test_type": "PASS_TO_PASS",
      "exit_code": 0,
      "stdout": "============================= test session starts ==============================\nplatform linux -- Python 3.10.17, pytest-8.3.5, pluggy-1.5.0 -- /usr/local/bin/python\ncachedir: .pytest_cache\nhypothesis profile 'default' -> database=DirectoryBasedExampleDatabase(PosixPath('/app/repo/.hypothesis/examples'))\nrootdir: /app/repo\nconfigfile: pytest.ini\nplugins: asdf-4.1.0, arraydiff-0.6.1, astropy-0.11.0, mock-3.14.0, remotedata-0.4.1, doctestplus-1.4.0, hypothesis-6.131.9, astropy-header-0.2.2, filter-subpackage-0.2.0, cov-6.1.1\ncollecting ... collected 1 item\n\nlib/matplotlib/tests/test_rcparams.py::test_validator_valid[_validate_color_or_linecolor-markerfacecolor-markerfacecolor] PASSED [100%]\n\n============================== 1 passed in 0.88s ===============================\n",
      "stderr": ""
    },
    {
      "test_file": "lib/matplotlib/tests/test_rcparams.py",
      "test_case": "test_validator_valid[_validate_color_or_linecolor-mfc-markerfacecolor]",
      "test_type": "PASS_TO_PASS",
      "exit_code": 0,
      "stdout": "============================= test session starts ==============================\nplatform linux -- Python 3.10.17, pytest-8.3.5, pluggy-1.5.0 -- /usr/local/bin/python\ncachedir: .pytest_cache\nhypothesis profile 'default' -> database=DirectoryBasedExampleDatabase(PosixPath('/app/repo/.hypothesis/examples'))\nrootdir: /app/repo\nconfigfile: pytest.ini\nplugins: asdf-4.1.0, arraydiff-0.6.1, astropy-0.11.0, mock-3.14.0, remotedata-0.4.1, doctestplus-1.4.0, hypothesis-6.131.9, astropy-header-0.2.2, filter-subpackage-0.2.0, cov-6.1.1\ncollecting ... collected 1 item\n\nlib/matplotlib/tests/test_rcparams.py::test_validator_valid[_validate_color_or_linecolor-mfc-markerfacecolor] PASSED [100%]\n\n============================== 1 passed in 0.84s ===============================\n",
      "stderr": ""
    },
    {
      "test_file": "lib/matplotlib/tests/test_rcparams.py",
      "test_case": "test_validator_valid[_validate_color_or_linecolor-markeredgecolor-markeredgecolor]",
      "test_type": "PASS_TO_PASS",
      "exit_code": 0,
      "stdout": "============================= test session starts ==============================\nplatform linux -- Python 3.10.17, pytest-8.3.5, pluggy-1.5.0 -- /usr/local/bin/python\ncachedir: .pytest_cache\nhypothesis profile 'default' -> database=DirectoryBasedExampleDatabase(PosixPath('/app/repo/.hypothesis/examples'))\nrootdir: /app/repo\nconfigfile: pytest.ini\nplugins: asdf-4.1.0, arraydiff-0.6.1, astropy-0.11.0, mock-3.14.0, remotedata-0.4.1, doctestplus-1.4.0, hypothesis-6.131.9, astropy-header-0.2.2, filter-subpackage-0.2.0, cov-6.1.1\ncollecting ... collected 1 item\n\nlib/matplotlib/tests/test_rcparams.py::test_validator_valid[_validate_color_or_linecolor-markeredgecolor-markeredgecolor] PASSED [100%]\n\n============================== 1 passed in 0.85s ===============================\n",
      "stderr": ""
    },
    {
      "test_file": "lib/matplotlib/tests/test_rcparams.py",
      "test_case": "test_validator_valid[_validate_color_or_linecolor-mec-markeredgecolor]",
      "test_type": "PASS_TO_PASS",
      "exit_code": 0,
      "stdout": "============================= test session starts ==============================\nplatform linux -- Python 3.10.17, pytest-8.3.5, pluggy-1.5.0 -- /usr/local/bin/python\ncachedir: .pytest_cache\nhypothesis profile 'default' -> database=DirectoryBasedExampleDatabase(PosixPath('/app/repo/.hypothesis/examples'))\nrootdir: /app/repo\nconfigfile: pytest.ini\nplugins: asdf-4.1.0, arraydiff-0.6.1, astropy-0.11.0, mock-3.14.0, remotedata-0.4.1, doctestplus-1.4.0, hypothesis-6.131.9, astropy-header-0.2.2, filter-subpackage-0.2.0, cov-6.1.1\ncollecting ... collected 1 item\n\nlib/matplotlib/tests/test_rcparams.py::test_validator_valid[_validate_color_or_linecolor-mec-markeredgecolor] PASSED [100%]\n\n============================== 1 passed in 0.90s ===============================\n",
      "stderr": ""
    },
    {
      "test_file": "lib/matplotlib/tests/test_rcparams.py",
      "test_case": "test_validator_valid[validate_hist_bins-auto-auto]",
      "test_type": "PASS_TO_PASS",
      "exit_code": 0,
      "stdout": "============================= test session starts ==============================\nplatform linux -- Python 3.10.17, pytest-8.3.5, pluggy-1.5.0 -- /usr/local/bin/python\ncachedir: .pytest_cache\nhypothesis profile 'default' -> database=DirectoryBasedExampleDatabase(PosixPath('/app/repo/.hypothesis/examples'))\nrootdir: /app/repo\nconfigfile: pytest.ini\nplugins: asdf-4.1.0, arraydiff-0.6.1, astropy-0.11.0, mock-3.14.0, remotedata-0.4.1, doctestplus-1.4.0, hypothesis-6.131.9, astropy-header-0.2.2, filter-subpackage-0.2.0, cov-6.1.1\ncollecting ... collected 1 item\n\nlib/matplotlib/tests/test_rcparams.py::test_validator_valid[validate_hist_bins-auto-auto] PASSED [100%]\n\n============================== 1 passed in 0.84s ===============================\n",
      "stderr": ""
    },
    {
      "test_file": "lib/matplotlib/tests/test_rcparams.py",
      "test_case": "test_validator_valid[validate_hist_bins-fd-fd]",
      "test_type": "PASS_TO_PASS",
      "exit_code": 0,
      "stdout": "============================= test session starts ==============================\nplatform linux -- Python 3.10.17, pytest-8.3.5, pluggy-1.5.0 -- /usr/local/bin/python\ncachedir: .pytest_cache\nhypothesis profile 'default' -> database=DirectoryBasedExampleDatabase(PosixPath('/app/repo/.hypothesis/examples'))\nrootdir: /app/repo\nconfigfile: pytest.ini\nplugins: asdf-4.1.0, arraydiff-0.6.1, astropy-0.11.0, mock-3.14.0, remotedata-0.4.1, doctestplus-1.4.0, hypothesis-6.131.9, astropy-header-0.2.2, filter-subpackage-0.2.0, cov-6.1.1\ncollecting ... collected 1 item\n\nlib/matplotlib/tests/test_rcparams.py::test_validator_valid[validate_hist_bins-fd-fd] PASSED [100%]\n\n============================== 1 passed in 0.84s ===============================\n",
      "stderr": ""
    },
    {
      "test_file": "lib/matplotlib/tests/test_rcparams.py",
      "test_case": "test_validator_valid[validate_hist_bins-10-10]",
      "test_type": "PASS_TO_PASS",
      "exit_code": 0,
      "stdout": "============================= test session starts ==============================\nplatform linux -- Python 3.10.17, pytest-8.3.5, pluggy-1.5.0 -- /usr/local/bin/python\ncachedir: .pytest_cache\nhypothesis profile 'default' -> database=DirectoryBasedExampleDatabase(PosixPath('/app/repo/.hypothesis/examples'))\nrootdir: /app/repo\nconfigfile: pytest.ini\nplugins: asdf-4.1.0, arraydiff-0.6.1, astropy-0.11.0, mock-3.14.0, remotedata-0.4.1, doctestplus-1.4.0, hypothesis-6.131.9, astropy-header-0.2.2, filter-subpackage-0.2.0, cov-6.1.1\ncollecting ... collected 1 item\n\nlib/matplotlib/tests/test_rcparams.py::test_validator_valid[validate_hist_bins-10-10] PASSED [100%]\n\n============================== 1 passed in 0.85s ===============================\n",
      "stderr": ""
    },
    {
      "test_file": "lib/matplotlib/tests/test_rcparams.py",
      "test_case": "test_validator_valid[validate_hist_bins-1,",
      "test_type": "PASS_TO_PASS",
      "exit_code": 4,
      "stdout": "============================= test session starts ==============================\nplatform linux -- Python 3.10.17, pytest-8.3.5, pluggy-1.5.0 -- /usr/local/bin/python\ncachedir: .pytest_cache\nhypothesis profile 'default' -> database=DirectoryBasedExampleDatabase(PosixPath('/app/repo/.hypothesis/examples'))\nrootdir: /app/repo\nconfigfile: pytest.ini\nplugins: asdf-4.1.0, arraydiff-0.6.1, astropy-0.11.0, mock-3.14.0, remotedata-0.4.1, doctestplus-1.4.0, hypothesis-6.131.9, astropy-header-0.2.2, filter-subpackage-0.2.0, cov-6.1.1\ncollecting ... collected 0 items\n\n============================ no tests ran in 0.86s =============================\n",
      "stderr": "ERROR: not found: /app/repo/lib/matplotlib/tests/test_rcparams.py::test_validator_valid[validate_hist_bins-1,\n(no match in any of [<Module test_rcparams.py>])\n\n"
    },
    {
      "test_file": "lib/matplotlib/tests/test_rcparams.py",
      "test_case": "test_validator_valid[validate_hist_bins-arg71-target71]",
      "test_type": "PASS_TO_PASS",
      "exit_code": 0,
      "stdout": "============================= test session starts ==============================\nplatform linux -- Python 3.10.17, pytest-8.3.5, pluggy-1.5.0 -- /usr/local/bin/python\ncachedir: .pytest_cache\nhypothesis profile 'default' -> database=DirectoryBasedExampleDatabase(PosixPath('/app/repo/.hypothesis/examples'))\nrootdir: /app/repo\nconfigfile: pytest.ini\nplugins: asdf-4.1.0, arraydiff-0.6.1, astropy-0.11.0, mock-3.14.0, remotedata-0.4.1, doctestplus-1.4.0, hypothesis-6.131.9, astropy-header-0.2.2, filter-subpackage-0.2.0, cov-6.1.1\ncollecting ... collected 1 item\n\nlib/matplotlib/tests/test_rcparams.py::test_validator_valid[validate_hist_bins-arg71-target71] PASSED [100%]\n\n============================== 1 passed in 0.86s ===============================\n",
      "stderr": ""
    },
    {
      "test_file": "lib/matplotlib/tests/test_rcparams.py",
      "test_case": "test_validator_valid[validate_hist_bins-arg72-target72]",
      "test_type": "PASS_TO_PASS",
      "exit_code": 0,
      "stdout": "============================= test session starts ==============================\nplatform linux -- Python 3.10.17, pytest-8.3.5, pluggy-1.5.0 -- /usr/local/bin/python\ncachedir: .pytest_cache\nhypothesis profile 'default' -> database=DirectoryBasedExampleDatabase(PosixPath('/app/repo/.hypothesis/examples'))\nrootdir: /app/repo\nconfigfile: pytest.ini\nplugins: asdf-4.1.0, arraydiff-0.6.1, astropy-0.11.0, mock-3.14.0, remotedata-0.4.1, doctestplus-1.4.0, hypothesis-6.131.9, astropy-header-0.2.2, filter-subpackage-0.2.0, cov-6.1.1\ncollecting ... collected 1 item\n\nlib/matplotlib/tests/test_rcparams.py::test_validator_valid[validate_hist_bins-arg72-target72] PASSED [100%]\n\n============================== 1 passed in 0.86s ===============================\n",
      "stderr": ""
    },
    {
      "test_file": "lib/matplotlib/tests/test_rcparams.py",
      "test_case": "test_validator_valid[validate_markevery-None-None]",
      "test_type": "PASS_TO_PASS",
      "exit_code": 0,
      "stdout": "============================= test session starts ==============================\nplatform linux -- Python 3.10.17, pytest-8.3.5, pluggy-1.5.0 -- /usr/local/bin/python\ncachedir: .pytest_cache\nhypothesis profile 'default' -> database=DirectoryBasedExampleDatabase(PosixPath('/app/repo/.hypothesis/examples'))\nrootdir: /app/repo\nconfigfile: pytest.ini\nplugins: asdf-4.1.0, arraydiff-0.6.1, astropy-0.11.0, mock-3.14.0, remotedata-0.4.1, doctestplus-1.4.0, hypothesis-6.131.9, astropy-header-0.2.2, filter-subpackage-0.2.0, cov-6.1.1\ncollecting ... collected 1 item\n\nlib/matplotlib/tests/test_rcparams.py::test_validator_valid[validate_markevery-None-None] PASSED [100%]\n\n============================== 1 passed in 0.88s ===============================\n",
      "stderr": ""
    },
    {
      "test_file": "lib/matplotlib/tests/test_rcparams.py",
      "test_case": "test_validator_valid[validate_markevery-1-1]",
      "test_type": "PASS_TO_PASS",
      "exit_code": 0,
      "stdout": "============================= test session starts ==============================\nplatform linux -- Python 3.10.17, pytest-8.3.5, pluggy-1.5.0 -- /usr/local/bin/python\ncachedir: .pytest_cache\nhypothesis profile 'default' -> database=DirectoryBasedExampleDatabase(PosixPath('/app/repo/.hypothesis/examples'))\nrootdir: /app/repo\nconfigfile: pytest.ini\nplugins: asdf-4.1.0, arraydiff-0.6.1, astropy-0.11.0, mock-3.14.0, remotedata-0.4.1, doctestplus-1.4.0, hypothesis-6.131.9, astropy-header-0.2.2, filter-subpackage-0.2.0, cov-6.1.1\ncollecting ... collected 1 item\n\nlib/matplotlib/tests/test_rcparams.py::test_validator_valid[validate_markevery-1-1] PASSED [100%]\n\n============================== 1 passed in 0.85s ===============================\n",
      "stderr": ""
    },
    {
      "test_file": "lib/matplotlib/tests/test_rcparams.py",
      "test_case": "test_validator_valid[validate_markevery-0.1-0.1]",
      "test_type": "PASS_TO_PASS",
      "exit_code": 0,
      "stdout": "============================= test session starts ==============================\nplatform linux -- Python 3.10.17, pytest-8.3.5, pluggy-1.5.0 -- /usr/local/bin/python\ncachedir: .pytest_cache\nhypothesis profile 'default' -> database=DirectoryBasedExampleDatabase(PosixPath('/app/repo/.hypothesis/examples'))\nrootdir: /app/repo\nconfigfile: pytest.ini\nplugins: asdf-4.1.0, arraydiff-0.6.1, astropy-0.11.0, mock-3.14.0, remotedata-0.4.1, doctestplus-1.4.0, hypothesis-6.131.9, astropy-header-0.2.2, filter-subpackage-0.2.0, cov-6.1.1\ncollecting ... collected 1 item\n\nlib/matplotlib/tests/test_rcparams.py::test_validator_valid[validate_markevery-0.1-0.1] PASSED [100%]\n\n============================== 1 passed in 0.88s ===============================\n",
      "stderr": ""
    },
    {
      "test_file": "lib/matplotlib/tests/test_rcparams.py",
      "test_case": "test_validator_valid[validate_markevery-arg76-target76]",
      "test_type": "PASS_TO_PASS",
      "exit_code": 0,
      "stdout": "============================= test session starts ==============================\nplatform linux -- Python 3.10.17, pytest-8.3.5, pluggy-1.5.0 -- /usr/local/bin/python\ncachedir: .pytest_cache\nhypothesis profile 'default' -> database=DirectoryBasedExampleDatabase(PosixPath('/app/repo/.hypothesis/examples'))\nrootdir: /app/repo\nconfigfile: pytest.ini\nplugins: asdf-4.1.0, arraydiff-0.6.1, astropy-0.11.0, mock-3.14.0, remotedata-0.4.1, doctestplus-1.4.0, hypothesis-6.131.9, astropy-header-0.2.2, filter-subpackage-0.2.0, cov-6.1.1\ncollecting ... collected 1 item\n\nlib/matplotlib/tests/test_rcparams.py::test_validator_valid[validate_markevery-arg76-target76] PASSED [100%]\n\n============================== 1 passed in 0.86s ===============================\n",
      "stderr": ""
    },
    {
      "test_file": "lib/matplotlib/tests/test_rcparams.py",
      "test_case": "test_validator_valid[validate_markevery-arg77-target77]",
      "test_type": "PASS_TO_PASS",
      "exit_code": 0,
      "stdout": "============================= test session starts ==============================\nplatform linux -- Python 3.10.17, pytest-8.3.5, pluggy-1.5.0 -- /usr/local/bin/python\ncachedir: .pytest_cache\nhypothesis profile 'default' -> database=DirectoryBasedExampleDatabase(PosixPath('/app/repo/.hypothesis/examples'))\nrootdir: /app/repo\nconfigfile: pytest.ini\nplugins: asdf-4.1.0, arraydiff-0.6.1, astropy-0.11.0, mock-3.14.0, remotedata-0.4.1, doctestplus-1.4.0, hypothesis-6.131.9, astropy-header-0.2.2, filter-subpackage-0.2.0, cov-6.1.1\ncollecting ... collected 1 item\n\nlib/matplotlib/tests/test_rcparams.py::test_validator_valid[validate_markevery-arg77-target77] PASSED [100%]\n\n============================== 1 passed in 0.88s ===============================\n",
      "stderr": ""
    },
    {
      "test_file": "lib/matplotlib/tests/test_rcparams.py",
      "test_case": "test_validator_valid[validate_markevery-arg78-target78]",
      "test_type": "PASS_TO_PASS",
      "exit_code": 0,
      "stdout": "============================= test session starts ==============================\nplatform linux -- Python 3.10.17, pytest-8.3.5, pluggy-1.5.0 -- /usr/local/bin/python\ncachedir: .pytest_cache\nhypothesis profile 'default' -> database=DirectoryBasedExampleDatabase(PosixPath('/app/repo/.hypothesis/examples'))\nrootdir: /app/repo\nconfigfile: pytest.ini\nplugins: asdf-4.1.0, arraydiff-0.6.1, astropy-0.11.0, mock-3.14.0, remotedata-0.4.1, doctestplus-1.4.0, hypothesis-6.131.9, astropy-header-0.2.2, filter-subpackage-0.2.0, cov-6.1.1\ncollecting ... collected 1 item\n\nlib/matplotlib/tests/test_rcparams.py::test_validator_valid[validate_markevery-arg78-target78] PASSED [100%]\n\n============================== 1 passed in 0.86s ===============================\n",
      "stderr": ""
    },
    {
      "test_file": "lib/matplotlib/tests/test_rcparams.py",
      "test_case": "test_validator_valid[validate_markevery-arg79-target79]",
      "test_type": "PASS_TO_PASS",
      "exit_code": 0,
      "stdout": "============================= test session starts ==============================\nplatform linux -- Python 3.10.17, pytest-8.3.5, pluggy-1.5.0 -- /usr/local/bin/python\ncachedir: .pytest_cache\nhypothesis profile 'default' -> database=DirectoryBasedExampleDatabase(PosixPath('/app/repo/.hypothesis/examples'))\nrootdir: /app/repo\nconfigfile: pytest.ini\nplugins: asdf-4.1.0, arraydiff-0.6.1, astropy-0.11.0, mock-3.14.0, remotedata-0.4.1, doctestplus-1.4.0, hypothesis-6.131.9, astropy-header-0.2.2, filter-subpackage-0.2.0, cov-6.1.1\ncollecting ... collected 1 item\n\nlib/matplotlib/tests/test_rcparams.py::test_validator_valid[validate_markevery-arg79-target79] PASSED [100%]\n\n============================== 1 passed in 0.87s ===============================\n",
      "stderr": ""
    },
    {
      "test_file": "lib/matplotlib/tests/test_rcparams.py",
      "test_case": "test_validator_valid[validate_markevery-arg80-target80]",
      "test_type": "PASS_TO_PASS",
      "exit_code": 0,
      "stdout": "============================= test session starts ==============================\nplatform linux -- Python 3.10.17, pytest-8.3.5, pluggy-1.5.0 -- /usr/local/bin/python\ncachedir: .pytest_cache\nhypothesis profile 'default' -> database=DirectoryBasedExampleDatabase(PosixPath('/app/repo/.hypothesis/examples'))\nrootdir: /app/repo\nconfigfile: pytest.ini\nplugins: asdf-4.1.0, arraydiff-0.6.1, astropy-0.11.0, mock-3.14.0, remotedata-0.4.1, doctestplus-1.4.0, hypothesis-6.131.9, astropy-header-0.2.2, filter-subpackage-0.2.0, cov-6.1.1\ncollecting ... collected 1 item\n\nlib/matplotlib/tests/test_rcparams.py::test_validator_valid[validate_markevery-arg80-target80] PASSED [100%]\n\n============================== 1 passed in 0.86s ===============================\n",
      "stderr": ""
    },
    {
      "test_file": "lib/matplotlib/tests/test_rcparams.py",
      "test_case": "test_validator_valid[_validate_linestyle----]",
      "test_type": "PASS_TO_PASS",
      "exit_code": 0,
      "stdout": "============================= test session starts ==============================\nplatform linux -- Python 3.10.17, pytest-8.3.5, pluggy-1.5.0 -- /usr/local/bin/python\ncachedir: .pytest_cache\nhypothesis profile 'default' -> database=DirectoryBasedExampleDatabase(PosixPath('/app/repo/.hypothesis/examples'))\nrootdir: /app/repo\nconfigfile: pytest.ini\nplugins: asdf-4.1.0, arraydiff-0.6.1, astropy-0.11.0, mock-3.14.0, remotedata-0.4.1, doctestplus-1.4.0, hypothesis-6.131.9, astropy-header-0.2.2, filter-subpackage-0.2.0, cov-6.1.1\ncollecting ... collected 1 item\n\nlib/matplotlib/tests/test_rcparams.py::test_validator_valid[_validate_linestyle----] PASSED [100%]\n\n============================== 1 passed in 0.85s ===============================\n",
      "stderr": ""
    },
    {
      "test_file": "lib/matplotlib/tests/test_rcparams.py",
      "test_case": "test_validator_valid[_validate_linestyle-solid-solid]",
      "test_type": "PASS_TO_PASS",
      "exit_code": 0,
      "stdout": "============================= test session starts ==============================\nplatform linux -- Python 3.10.17, pytest-8.3.5, pluggy-1.5.0 -- /usr/local/bin/python\ncachedir: .pytest_cache\nhypothesis profile 'default' -> database=DirectoryBasedExampleDatabase(PosixPath('/app/repo/.hypothesis/examples'))\nrootdir: /app/repo\nconfigfile: pytest.ini\nplugins: asdf-4.1.0, arraydiff-0.6.1, astropy-0.11.0, mock-3.14.0, remotedata-0.4.1, doctestplus-1.4.0, hypothesis-6.131.9, astropy-header-0.2.2, filter-subpackage-0.2.0, cov-6.1.1\ncollecting ... collected 1 item\n\nlib/matplotlib/tests/test_rcparams.py::test_validator_valid[_validate_linestyle-solid-solid] PASSED [100%]\n\n============================== 1 passed in 0.86s ===============================\n",
      "stderr": ""
    },
    {
      "test_file": "lib/matplotlib/tests/test_rcparams.py",
      "test_case": "test_validator_valid[_validate_linestyle------]",
      "test_type": "PASS_TO_PASS",
      "exit_code": 0,
      "stdout": "============================= test session starts ==============================\nplatform linux -- Python 3.10.17, pytest-8.3.5, pluggy-1.5.0 -- /usr/local/bin/python\ncachedir: .pytest_cache\nhypothesis profile 'default' -> database=DirectoryBasedExampleDatabase(PosixPath('/app/repo/.hypothesis/examples'))\nrootdir: /app/repo\nconfigfile: pytest.ini\nplugins: asdf-4.1.0, arraydiff-0.6.1, astropy-0.11.0, mock-3.14.0, remotedata-0.4.1, doctestplus-1.4.0, hypothesis-6.131.9, astropy-header-0.2.2, filter-subpackage-0.2.0, cov-6.1.1\ncollecting ... collected 1 item\n\nlib/matplotlib/tests/test_rcparams.py::test_validator_valid[_validate_linestyle------] PASSED [100%]\n\n============================== 1 passed in 0.86s ===============================\n",
      "stderr": ""
    },
    {
      "test_file": "lib/matplotlib/tests/test_rcparams.py",
      "test_case": "test_validator_valid[_validate_linestyle-dashed-dashed]",
      "test_type": "PASS_TO_PASS",
      "exit_code": 0,
      "stdout": "============================= test session starts ==============================\nplatform linux -- Python 3.10.17, pytest-8.3.5, pluggy-1.5.0 -- /usr/local/bin/python\ncachedir: .pytest_cache\nhypothesis profile 'default' -> database=DirectoryBasedExampleDatabase(PosixPath('/app/repo/.hypothesis/examples'))\nrootdir: /app/repo\nconfigfile: pytest.ini\nplugins: asdf-4.1.0, arraydiff-0.6.1, astropy-0.11.0, mock-3.14.0, remotedata-0.4.1, doctestplus-1.4.0, hypothesis-6.131.9, astropy-header-0.2.2, filter-subpackage-0.2.0, cov-6.1.1\ncollecting ... collected 1 item\n\nlib/matplotlib/tests/test_rcparams.py::test_validator_valid[_validate_linestyle-dashed-dashed] PASSED [100%]\n\n============================== 1 passed in 0.87s ===============================\n",
      "stderr": ""
    },
    {
      "test_file": "lib/matplotlib/tests/test_rcparams.py",
      "test_case": "test_validator_valid[_validate_linestyle--.--.]",
      "test_type": "PASS_TO_PASS",
      "exit_code": 0,
      "stdout": "============================= test session starts ==============================\nplatform linux -- Python 3.10.17, pytest-8.3.5, pluggy-1.5.0 -- /usr/local/bin/python\ncachedir: .pytest_cache\nhypothesis profile 'default' -> database=DirectoryBasedExampleDatabase(PosixPath('/app/repo/.hypothesis/examples'))\nrootdir: /app/repo\nconfigfile: pytest.ini\nplugins: asdf-4.1.0, arraydiff-0.6.1, astropy-0.11.0, mock-3.14.0, remotedata-0.4.1, doctestplus-1.4.0, hypothesis-6.131.9, astropy-header-0.2.2, filter-subpackage-0.2.0, cov-6.1.1\ncollecting ... collected 1 item\n\nlib/matplotlib/tests/test_rcparams.py::test_validator_valid[_validate_linestyle--.--.] PASSED [100%]\n\n============================== 1 passed in 0.85s ===============================\n",
      "stderr": ""
    },
    {
      "test_file": "lib/matplotlib/tests/test_rcparams.py",
      "test_case": "test_validator_valid[_validate_linestyle-dashdot-dashdot]",
      "test_type": "PASS_TO_PASS",
      "exit_code": 0,
      "stdout": "============================= test session starts ==============================\nplatform linux -- Python 3.10.17, pytest-8.3.5, pluggy-1.5.0 -- /usr/local/bin/python\ncachedir: .pytest_cache\nhypothesis profile 'default' -> database=DirectoryBasedExampleDatabase(PosixPath('/app/repo/.hypothesis/examples'))\nrootdir: /app/repo\nconfigfile: pytest.ini\nplugins: asdf-4.1.0, arraydiff-0.6.1, astropy-0.11.0, mock-3.14.0, remotedata-0.4.1, doctestplus-1.4.0, hypothesis-6.131.9, astropy-header-0.2.2, filter-subpackage-0.2.0, cov-6.1.1\ncollecting ... collected 1 item\n\nlib/matplotlib/tests/test_rcparams.py::test_validator_valid[_validate_linestyle-dashdot-dashdot] PASSED [100%]\n\n============================== 1 passed in 0.85s ===============================\n",
      "stderr": ""
    },
    {
      "test_file": "lib/matplotlib/tests/test_rcparams.py",
      "test_case": "test_validator_valid[_validate_linestyle-:-:]",
      "test_type": "PASS_TO_PASS",
      "exit_code": 0,
      "stdout": "============================= test session starts ==============================\nplatform linux -- Python 3.10.17, pytest-8.3.5, pluggy-1.5.0 -- /usr/local/bin/python\ncachedir: .pytest_cache\nhypothesis profile 'default' -> database=DirectoryBasedExampleDatabase(PosixPath('/app/repo/.hypothesis/examples'))\nrootdir: /app/repo\nconfigfile: pytest.ini\nplugins: asdf-4.1.0, arraydiff-0.6.1, astropy-0.11.0, mock-3.14.0, remotedata-0.4.1, doctestplus-1.4.0, hypothesis-6.131.9, astropy-header-0.2.2, filter-subpackage-0.2.0, cov-6.1.1\ncollecting ... collected 1 item\n\nlib/matplotlib/tests/test_rcparams.py::test_validator_valid[_validate_linestyle-:-:] PASSED [100%]\n\n============================== 1 passed in 0.88s ===============================\n",
      "stderr": ""
    },
    {
      "test_file": "lib/matplotlib/tests/test_rcparams.py",
      "test_case": "test_validator_valid[_validate_linestyle-dotted-dotted]",
      "test_type": "PASS_TO_PASS",
      "exit_code": 0,
      "stdout": "============================= test session starts ==============================\nplatform linux -- Python 3.10.17, pytest-8.3.5, pluggy-1.5.0 -- /usr/local/bin/python\ncachedir: .pytest_cache\nhypothesis profile 'default' -> database=DirectoryBasedExampleDatabase(PosixPath('/app/repo/.hypothesis/examples'))\nrootdir: /app/repo\nconfigfile: pytest.ini\nplugins: asdf-4.1.0, arraydiff-0.6.1, astropy-0.11.0, mock-3.14.0, remotedata-0.4.1, doctestplus-1.4.0, hypothesis-6.131.9, astropy-header-0.2.2, filter-subpackage-0.2.0, cov-6.1.1\ncollecting ... collected 1 item\n\nlib/matplotlib/tests/test_rcparams.py::test_validator_valid[_validate_linestyle-dotted-dotted] PASSED [100%]\n\n============================== 1 passed in 0.85s ===============================\n",
      "stderr": ""
    },
    {
      "test_file": "lib/matplotlib/tests/test_rcparams.py",
      "test_case": "test_validator_valid[_validate_linestyle--]",
      "test_type": "PASS_TO_PASS",
      "exit_code": 0,
      "stdout": "============================= test session starts ==============================\nplatform linux -- Python 3.10.17, pytest-8.3.5, pluggy-1.5.0 -- /usr/local/bin/python\ncachedir: .pytest_cache\nhypothesis profile 'default' -> database=DirectoryBasedExampleDatabase(PosixPath('/app/repo/.hypothesis/examples'))\nrootdir: /app/repo\nconfigfile: pytest.ini\nplugins: asdf-4.1.0, arraydiff-0.6.1, astropy-0.11.0, mock-3.14.0, remotedata-0.4.1, doctestplus-1.4.0, hypothesis-6.131.9, astropy-header-0.2.2, filter-subpackage-0.2.0, cov-6.1.1\ncollecting ... collected 1 item\n\nlib/matplotlib/tests/test_rcparams.py::test_validator_valid[_validate_linestyle--] PASSED [100%]\n\n============================== 1 passed in 0.87s ===============================\n",
      "stderr": ""
    },
    {
      "test_file": "lib/matplotlib/tests/test_rcparams.py",
      "test_case": "test_validator_valid[_validate_linestyle-",
      "test_type": "PASS_TO_PASS",
      "exit_code": 4,
      "stdout": "============================= test session starts ==============================\nplatform linux -- Python 3.10.17, pytest-8.3.5, pluggy-1.5.0 -- /usr/local/bin/python\ncachedir: .pytest_cache\nhypothesis profile 'default' -> database=DirectoryBasedExampleDatabase(PosixPath('/app/repo/.hypothesis/examples'))\nrootdir: /app/repo\nconfigfile: pytest.ini\nplugins: asdf-4.1.0, arraydiff-0.6.1, astropy-0.11.0, mock-3.14.0, remotedata-0.4.1, doctestplus-1.4.0, hypothesis-6.131.9, astropy-header-0.2.2, filter-subpackage-0.2.0, cov-6.1.1\ncollecting ... collected 0 items\n\n============================ no tests ran in 0.85s =============================\n",
      "stderr": "ERROR: not found: /app/repo/lib/matplotlib/tests/test_rcparams.py::test_validator_valid[_validate_linestyle-\n(no match in any of [<Module test_rcparams.py>])\n\n"
    },
    {
      "test_file": "lib/matplotlib/tests/test_rcparams.py",
      "test_case": "test_validator_valid[_validate_linestyle-None-none]",
      "test_type": "PASS_TO_PASS",
      "exit_code": 0,
      "stdout": "============================= test session starts ==============================\nplatform linux -- Python 3.10.17, pytest-8.3.5, pluggy-1.5.0 -- /usr/local/bin/python\ncachedir: .pytest_cache\nhypothesis profile 'default' -> database=DirectoryBasedExampleDatabase(PosixPath('/app/repo/.hypothesis/examples'))\nrootdir: /app/repo\nconfigfile: pytest.ini\nplugins: asdf-4.1.0, arraydiff-0.6.1, astropy-0.11.0, mock-3.14.0, remotedata-0.4.1, doctestplus-1.4.0, hypothesis-6.131.9, astropy-header-0.2.2, filter-subpackage-0.2.0, cov-6.1.1\ncollecting ... collected 1 item\n\nlib/matplotlib/tests/test_rcparams.py::test_validator_valid[_validate_linestyle-None-none] PASSED [100%]\n\n============================== 1 passed in 0.85s ===============================\n",
      "stderr": ""
    },
    {
      "test_file": "lib/matplotlib/tests/test_rcparams.py",
      "test_case": "test_validator_valid[_validate_linestyle-none-none]",
      "test_type": "PASS_TO_PASS",
      "exit_code": 0,
      "stdout": "============================= test session starts ==============================\nplatform linux -- Python 3.10.17, pytest-8.3.5, pluggy-1.5.0 -- /usr/local/bin/python\ncachedir: .pytest_cache\nhypothesis profile 'default' -> database=DirectoryBasedExampleDatabase(PosixPath('/app/repo/.hypothesis/examples'))\nrootdir: /app/repo\nconfigfile: pytest.ini\nplugins: asdf-4.1.0, arraydiff-0.6.1, astropy-0.11.0, mock-3.14.0, remotedata-0.4.1, doctestplus-1.4.0, hypothesis-6.131.9, astropy-header-0.2.2, filter-subpackage-0.2.0, cov-6.1.1\ncollecting ... collected 1 item\n\nlib/matplotlib/tests/test_rcparams.py::test_validator_valid[_validate_linestyle-none-none] PASSED [100%]\n\n============================== 1 passed in 0.87s ===============================\n",
      "stderr": ""
    },
    {
      "test_file": "lib/matplotlib/tests/test_rcparams.py",
      "test_case": "test_validator_valid[_validate_linestyle-DoTtEd-dotted]",
      "test_type": "PASS_TO_PASS",
      "exit_code": 0,
      "stdout": "============================= test session starts ==============================\nplatform linux -- Python 3.10.17, pytest-8.3.5, pluggy-1.5.0 -- /usr/local/bin/python\ncachedir: .pytest_cache\nhypothesis profile 'default' -> database=DirectoryBasedExampleDatabase(PosixPath('/app/repo/.hypothesis/examples'))\nrootdir: /app/repo\nconfigfile: pytest.ini\nplugins: asdf-4.1.0, arraydiff-0.6.1, astropy-0.11.0, mock-3.14.0, remotedata-0.4.1, doctestplus-1.4.0, hypothesis-6.131.9, astropy-header-0.2.2, filter-subpackage-0.2.0, cov-6.1.1\ncollecting ... collected 1 item\n\nlib/matplotlib/tests/test_rcparams.py::test_validator_valid[_validate_linestyle-DoTtEd-dotted] PASSED [100%]\n\n============================== 1 passed in 0.86s ===============================\n",
      "stderr": ""
    },
    {
      "test_file": "lib/matplotlib/tests/test_rcparams.py",
      "test_case": "test_validator_valid[_validate_linestyle-1,",
      "test_type": "PASS_TO_PASS",
      "exit_code": 4,
      "stdout": "============================= test session starts ==============================\nplatform linux -- Python 3.10.17, pytest-8.3.5, pluggy-1.5.0 -- /usr/local/bin/python\ncachedir: .pytest_cache\nhypothesis profile 'default' -> database=DirectoryBasedExampleDatabase(PosixPath('/app/repo/.hypothesis/examples'))\nrootdir: /app/repo\nconfigfile: pytest.ini\nplugins: asdf-4.1.0, arraydiff-0.6.1, astropy-0.11.0, mock-3.14.0, remotedata-0.4.1, doctestplus-1.4.0, hypothesis-6.131.9, astropy-header-0.2.2, filter-subpackage-0.2.0, cov-6.1.1\ncollecting ... collected 0 items\n\n============================ no tests ran in 0.85s =============================\n",
      "stderr": "ERROR: not found: /app/repo/lib/matplotlib/tests/test_rcparams.py::test_validator_valid[_validate_linestyle-1,\n(no match in any of [<Module test_rcparams.py>])\n\n"
    },
    {
      "test_file": "lib/matplotlib/tests/test_rcparams.py",
      "test_case": "test_validator_valid[_validate_linestyle-arg95-target95]",
      "test_type": "PASS_TO_PASS",
      "exit_code": 0,
      "stdout": "============================= test session starts ==============================\nplatform linux -- Python 3.10.17, pytest-8.3.5, pluggy-1.5.0 -- /usr/local/bin/python\ncachedir: .pytest_cache\nhypothesis profile 'default' -> database=DirectoryBasedExampleDatabase(PosixPath('/app/repo/.hypothesis/examples'))\nrootdir: /app/repo\nconfigfile: pytest.ini\nplugins: asdf-4.1.0, arraydiff-0.6.1, astropy-0.11.0, mock-3.14.0, remotedata-0.4.1, doctestplus-1.4.0, hypothesis-6.131.9, astropy-header-0.2.2, filter-subpackage-0.2.0, cov-6.1.1\ncollecting ... collected 1 item\n\nlib/matplotlib/tests/test_rcparams.py::test_validator_valid[_validate_linestyle-arg95-target95] PASSED [100%]\n\n============================== 1 passed in 0.86s ===============================\n",
      "stderr": ""
    },
    {
      "test_file": "lib/matplotlib/tests/test_rcparams.py",
      "test_case": "test_validator_valid[_validate_linestyle-arg96-target96]",
      "test_type": "PASS_TO_PASS",
      "exit_code": 0,
      "stdout": "============================= test session starts ==============================\nplatform linux -- Python 3.10.17, pytest-8.3.5, pluggy-1.5.0 -- /usr/local/bin/python\ncachedir: .pytest_cache\nhypothesis profile 'default' -> database=DirectoryBasedExampleDatabase(PosixPath('/app/repo/.hypothesis/examples'))\nrootdir: /app/repo\nconfigfile: pytest.ini\nplugins: asdf-4.1.0, arraydiff-0.6.1, astropy-0.11.0, mock-3.14.0, remotedata-0.4.1, doctestplus-1.4.0, hypothesis-6.131.9, astropy-header-0.2.2, filter-subpackage-0.2.0, cov-6.1.1\ncollecting ... collected 1 item\n\nlib/matplotlib/tests/test_rcparams.py::test_validator_valid[_validate_linestyle-arg96-target96] PASSED [100%]\n\n============================== 1 passed in 0.85s ===============================\n",
      "stderr": ""
    },
    {
      "test_file": "lib/matplotlib/tests/test_rcparams.py",
      "test_case": "test_validator_valid[_validate_linestyle-arg97-target97]",
      "test_type": "PASS_TO_PASS",
      "exit_code": 0,
      "stdout": "============================= test session starts ==============================\nplatform linux -- Python 3.10.17, pytest-8.3.5, pluggy-1.5.0 -- /usr/local/bin/python\ncachedir: .pytest_cache\nhypothesis profile 'default' -> database=DirectoryBasedExampleDatabase(PosixPath('/app/repo/.hypothesis/examples'))\nrootdir: /app/repo\nconfigfile: pytest.ini\nplugins: asdf-4.1.0, arraydiff-0.6.1, astropy-0.11.0, mock-3.14.0, remotedata-0.4.1, doctestplus-1.4.0, hypothesis-6.131.9, astropy-header-0.2.2, filter-subpackage-0.2.0, cov-6.1.1\ncollecting ... collected 1 item\n\nlib/matplotlib/tests/test_rcparams.py::test_validator_valid[_validate_linestyle-arg97-target97] PASSED [100%]\n\n============================== 1 passed in 0.86s ===============================\n",
      "stderr": ""
    },
    {
      "test_file": "lib/matplotlib/tests/test_rcparams.py",
      "test_case": "test_validator_valid[_validate_linestyle-arg98-target98]",
      "test_type": "PASS_TO_PASS",
      "exit_code": 0,
      "stdout": "============================= test session starts ==============================\nplatform linux -- Python 3.10.17, pytest-8.3.5, pluggy-1.5.0 -- /usr/local/bin/python\ncachedir: .pytest_cache\nhypothesis profile 'default' -> database=DirectoryBasedExampleDatabase(PosixPath('/app/repo/.hypothesis/examples'))\nrootdir: /app/repo\nconfigfile: pytest.ini\nplugins: asdf-4.1.0, arraydiff-0.6.1, astropy-0.11.0, mock-3.14.0, remotedata-0.4.1, doctestplus-1.4.0, hypothesis-6.131.9, astropy-header-0.2.2, filter-subpackage-0.2.0, cov-6.1.1\ncollecting ... collected 1 item\n\nlib/matplotlib/tests/test_rcparams.py::test_validator_valid[_validate_linestyle-arg98-target98] PASSED [100%]\n\n============================== 1 passed in 0.87s ===============================\n",
      "stderr": ""
    },
    {
      "test_file": "lib/matplotlib/tests/test_rcparams.py",
      "test_case": "test_validator_invalid[validate_bool-aardvark-ValueError]",
      "test_type": "PASS_TO_PASS",
      "exit_code": 0,
      "stdout": "============================= test session starts ==============================\nplatform linux -- Python 3.10.17, pytest-8.3.5, pluggy-1.5.0 -- /usr/local/bin/python\ncachedir: .pytest_cache\nhypothesis profile 'default' -> database=DirectoryBasedExampleDatabase(PosixPath('/app/repo/.hypothesis/examples'))\nrootdir: /app/repo\nconfigfile: pytest.ini\nplugins: asdf-4.1.0, arraydiff-0.6.1, astropy-0.11.0, mock-3.14.0, remotedata-0.4.1, doctestplus-1.4.0, hypothesis-6.131.9, astropy-header-0.2.2, filter-subpackage-0.2.0, cov-6.1.1\ncollecting ... collected 1 item\n\nlib/matplotlib/tests/test_rcparams.py::test_validator_invalid[validate_bool-aardvark-ValueError] PASSED [100%]\n\n============================== 1 passed in 0.86s ===============================\n",
      "stderr": ""
    },
    {
      "test_file": "lib/matplotlib/tests/test_rcparams.py",
      "test_case": "test_validator_invalid[validate_bool-2-ValueError]",
      "test_type": "PASS_TO_PASS",
      "exit_code": 0,
      "stdout": "============================= test session starts ==============================\nplatform linux -- Python 3.10.17, pytest-8.3.5, pluggy-1.5.0 -- /usr/local/bin/python\ncachedir: .pytest_cache\nhypothesis profile 'default' -> database=DirectoryBasedExampleDatabase(PosixPath('/app/repo/.hypothesis/examples'))\nrootdir: /app/repo\nconfigfile: pytest.ini\nplugins: asdf-4.1.0, arraydiff-0.6.1, astropy-0.11.0, mock-3.14.0, remotedata-0.4.1, doctestplus-1.4.0, hypothesis-6.131.9, astropy-header-0.2.2, filter-subpackage-0.2.0, cov-6.1.1\ncollecting ... collected 1 item\n\nlib/matplotlib/tests/test_rcparams.py::test_validator_invalid[validate_bool-2-ValueError] PASSED [100%]\n\n============================== 1 passed in 0.87s ===============================\n",
      "stderr": ""
    },
    {
      "test_file": "lib/matplotlib/tests/test_rcparams.py",
      "test_case": "test_validator_invalid[validate_bool--1-ValueError]",
      "test_type": "PASS_TO_PASS",
      "exit_code": 0,
      "stdout": "============================= test session starts ==============================\nplatform linux -- Python 3.10.17, pytest-8.3.5, pluggy-1.5.0 -- /usr/local/bin/python\ncachedir: .pytest_cache\nhypothesis profile 'default' -> database=DirectoryBasedExampleDatabase(PosixPath('/app/repo/.hypothesis/examples'))\nrootdir: /app/repo\nconfigfile: pytest.ini\nplugins: asdf-4.1.0, arraydiff-0.6.1, astropy-0.11.0, mock-3.14.0, remotedata-0.4.1, doctestplus-1.4.0, hypothesis-6.131.9, astropy-header-0.2.2, filter-subpackage-0.2.0, cov-6.1.1\ncollecting ... collected 1 item\n\nlib/matplotlib/tests/test_rcparams.py::test_validator_invalid[validate_bool--1-ValueError] PASSED [100%]\n\n============================== 1 passed in 0.88s ===============================\n",
      "stderr": ""
    },
    {
      "test_file": "lib/matplotlib/tests/test_rcparams.py",
      "test_case": "test_validator_invalid[validate_bool-arg3-ValueError]",
      "test_type": "PASS_TO_PASS",
      "exit_code": 0,
      "stdout": "============================= test session starts ==============================\nplatform linux -- Python 3.10.17, pytest-8.3.5, pluggy-1.5.0 -- /usr/local/bin/python\ncachedir: .pytest_cache\nhypothesis profile 'default' -> database=DirectoryBasedExampleDatabase(PosixPath('/app/repo/.hypothesis/examples'))\nrootdir: /app/repo\nconfigfile: pytest.ini\nplugins: asdf-4.1.0, arraydiff-0.6.1, astropy-0.11.0, mock-3.14.0, remotedata-0.4.1, doctestplus-1.4.0, hypothesis-6.131.9, astropy-header-0.2.2, filter-subpackage-0.2.0, cov-6.1.1\ncollecting ... collected 1 item\n\nlib/matplotlib/tests/test_rcparams.py::test_validator_invalid[validate_bool-arg3-ValueError] PASSED [100%]\n\n============================== 1 passed in 0.86s ===============================\n",
      "stderr": ""
    },
    {
      "test_file": "lib/matplotlib/tests/test_rcparams.py",
      "test_case": "test_validator_invalid[validate_strlist-arg4-ValueError]",
      "test_type": "PASS_TO_PASS",
      "exit_code": 0,
      "stdout": "============================= test session starts ==============================\nplatform linux -- Python 3.10.17, pytest-8.3.5, pluggy-1.5.0 -- /usr/local/bin/python\ncachedir: .pytest_cache\nhypothesis profile 'default' -> database=DirectoryBasedExampleDatabase(PosixPath('/app/repo/.hypothesis/examples'))\nrootdir: /app/repo\nconfigfile: pytest.ini\nplugins: asdf-4.1.0, arraydiff-0.6.1, astropy-0.11.0, mock-3.14.0, remotedata-0.4.1, doctestplus-1.4.0, hypothesis-6.131.9, astropy-header-0.2.2, filter-subpackage-0.2.0, cov-6.1.1\ncollecting ... collected 1 item\n\nlib/matplotlib/tests/test_rcparams.py::test_validator_invalid[validate_strlist-arg4-ValueError] PASSED [100%]\n\n============================== 1 passed in 0.86s ===============================\n",
      "stderr": ""
    },
    {
      "test_file": "lib/matplotlib/tests/test_rcparams.py",
      "test_case": "test_validator_invalid[validate_strlist-1-ValueError]",
      "test_type": "PASS_TO_PASS",
      "exit_code": 0,
      "stdout": "============================= test session starts ==============================\nplatform linux -- Python 3.10.17, pytest-8.3.5, pluggy-1.5.0 -- /usr/local/bin/python\ncachedir: .pytest_cache\nhypothesis profile 'default' -> database=DirectoryBasedExampleDatabase(PosixPath('/app/repo/.hypothesis/examples'))\nrootdir: /app/repo\nconfigfile: pytest.ini\nplugins: asdf-4.1.0, arraydiff-0.6.1, astropy-0.11.0, mock-3.14.0, remotedata-0.4.1, doctestplus-1.4.0, hypothesis-6.131.9, astropy-header-0.2.2, filter-subpackage-0.2.0, cov-6.1.1\ncollecting ... collected 1 item\n\nlib/matplotlib/tests/test_rcparams.py::test_validator_invalid[validate_strlist-1-ValueError] PASSED [100%]\n\n============================== 1 passed in 0.87s ===============================\n",
      "stderr": ""
    },
    {
      "test_file": "lib/matplotlib/tests/test_rcparams.py",
      "test_case": "test_validator_invalid[validate_strlist-arg6-MatplotlibDeprecationWarning]",
      "test_type": "PASS_TO_PASS",
      "exit_code": 1,
      "stdout": "============================= test session starts ==============================\nplatform linux -- Python 3.10.17, pytest-8.3.5, pluggy-1.5.0 -- /usr/local/bin/python\ncachedir: .pytest_cache\nhypothesis profile 'default' -> database=DirectoryBasedExampleDatabase(PosixPath('/app/repo/.hypothesis/examples'))\nrootdir: /app/repo\nconfigfile: pytest.ini\nplugins: asdf-4.1.0, arraydiff-0.6.1, astropy-0.11.0, mock-3.14.0, remotedata-0.4.1, doctestplus-1.4.0, hypothesis-6.131.9, astropy-header-0.2.2, filter-subpackage-0.2.0, cov-6.1.1\ncollecting ... collected 1 item\n\nlib/matplotlib/tests/test_rcparams.py::test_validator_invalid[validate_strlist-arg6-MatplotlibDeprecationWarning] FAILED [100%]\n\n=================================== FAILURES ===================================\n__ test_validator_invalid[validate_strlist-arg6-MatplotlibDeprecationWarning] __\n\nvalidator = <function _listify_validator.<locals>.validate_strlist at 0xffff91e22ef0>\narg = (1, 2)\nexception_type = <class 'matplotlib._api.deprecation.MatplotlibDeprecationWarning'>\n\n    @pytest.mark.parametrize('validator, arg, exception_type',\n                             generate_validator_testcases(False))\n    def test_validator_invalid(validator, arg, exception_type):\n>       with pytest.raises(exception_type):\nE       Failed: DID NOT RAISE <class 'matplotlib._api.deprecation.MatplotlibDeprecationWarning'>\n\nlib/matplotlib/tests/test_rcparams.py:449: Failed\n------------------------------ Captured log setup ------------------------------\nWARNING  matplotlib.testing:__init__.py:38 Could not set locale to English/United States. Some date-related tests may fail.\n=========================== short test summary info ============================\nFAILED lib/matplotlib/tests/test_rcparams.py::test_validator_invalid[validate_strlist-arg6-MatplotlibDeprecationWarning] - Failed: DID NOT RAISE <class 'matplotlib._api.deprecation.MatplotlibDeprecationWarning'>\n============================== 1 failed in 0.86s ===============================\n",
      "stderr": ""
    },
    {
      "test_file": "lib/matplotlib/tests/test_rcparams.py",
      "test_case": "test_validator_invalid[validate_strlist-arg7-MatplotlibDeprecationWarning]",
      "test_type": "PASS_TO_PASS",
      "exit_code": 1,
      "stdout": "============================= test session starts ==============================\nplatform linux -- Python 3.10.17, pytest-8.3.5, pluggy-1.5.0 -- /usr/local/bin/python\ncachedir: .pytest_cache\nhypothesis profile 'default' -> database=DirectoryBasedExampleDatabase(PosixPath('/app/repo/.hypothesis/examples'))\nrootdir: /app/repo\nconfigfile: pytest.ini\nplugins: asdf-4.1.0, arraydiff-0.6.1, astropy-0.11.0, mock-3.14.0, remotedata-0.4.1, doctestplus-1.4.0, hypothesis-6.131.9, astropy-header-0.2.2, filter-subpackage-0.2.0, cov-6.1.1\ncollecting ... collected 1 item\n\nlib/matplotlib/tests/test_rcparams.py::test_validator_invalid[validate_strlist-arg7-MatplotlibDeprecationWarning] FAILED [100%]\n\n=================================== FAILURES ===================================\n__ test_validator_invalid[validate_strlist-arg7-MatplotlibDeprecationWarning] __\n\nvalidator = <function _listify_validator.<locals>.validate_strlist at 0xffff6e502ef0>\narg = array([1, 2])\nexception_type = <class 'matplotlib._api.deprecation.MatplotlibDeprecationWarning'>\n\n    @pytest.mark.parametrize('validator, arg, exception_type',\n                             generate_validator_testcases(False))\n    def test_validator_invalid(validator, arg, exception_type):\n>       with pytest.raises(exception_type):\nE       Failed: DID NOT RAISE <class 'matplotlib._api.deprecation.MatplotlibDeprecationWarning'>\n\nlib/matplotlib/tests/test_rcparams.py:449: Failed\n------------------------------ Captured log setup ------------------------------\nWARNING  matplotlib.testing:__init__.py:38 Could not set locale to English/United States. Some date-related tests may fail.\n=========================== short test summary info ============================\nFAILED lib/matplotlib/tests/test_rcparams.py::test_validator_invalid[validate_strlist-arg7-MatplotlibDeprecationWarning] - Failed: DID NOT RAISE <class 'matplotlib._api.deprecation.MatplotlibDeprecationWarning'>\n============================== 1 failed in 0.87s ===============================\n",
      "stderr": ""
    },
    {
      "test_file": "lib/matplotlib/tests/test_rcparams.py",
      "test_case": "test_validator_invalid[validate_intlist-aardvark-ValueError]",
      "test_type": "PASS_TO_PASS",
      "exit_code": 0,
      "stdout": "============================= test session starts ==============================\nplatform linux -- Python 3.10.17, pytest-8.3.5, pluggy-1.5.0 -- /usr/local/bin/python\ncachedir: .pytest_cache\nhypothesis profile 'default' -> database=DirectoryBasedExampleDatabase(PosixPath('/app/repo/.hypothesis/examples'))\nrootdir: /app/repo\nconfigfile: pytest.ini\nplugins: asdf-4.1.0, arraydiff-0.6.1, astropy-0.11.0, mock-3.14.0, remotedata-0.4.1, doctestplus-1.4.0, hypothesis-6.131.9, astropy-header-0.2.2, filter-subpackage-0.2.0, cov-6.1.1\ncollecting ... collected 1 item\n\nlib/matplotlib/tests/test_rcparams.py::test_validator_invalid[validate_intlist-aardvark-ValueError] PASSED [100%]\n\n============================== 1 passed in 0.87s ===============================\n",
      "stderr": ""
    },
    {
      "test_file": "lib/matplotlib/tests/test_rcparams.py",
      "test_case": "test_validator_invalid[validate_intlist-arg9-ValueError]",
      "test_type": "PASS_TO_PASS",
      "exit_code": 0,
      "stdout": "============================= test session starts ==============================\nplatform linux -- Python 3.10.17, pytest-8.3.5, pluggy-1.5.0 -- /usr/local/bin/python\ncachedir: .pytest_cache\nhypothesis profile 'default' -> database=DirectoryBasedExampleDatabase(PosixPath('/app/repo/.hypothesis/examples'))\nrootdir: /app/repo\nconfigfile: pytest.ini\nplugins: asdf-4.1.0, arraydiff-0.6.1, astropy-0.11.0, mock-3.14.0, remotedata-0.4.1, doctestplus-1.4.0, hypothesis-6.131.9, astropy-header-0.2.2, filter-subpackage-0.2.0, cov-6.1.1\ncollecting ... collected 1 item\n\nlib/matplotlib/tests/test_rcparams.py::test_validator_invalid[validate_intlist-arg9-ValueError] PASSED [100%]\n\n============================== 1 passed in 0.90s ===============================\n",
      "stderr": ""
    },
    {
      "test_file": "lib/matplotlib/tests/test_rcparams.py",
      "test_case": "test_validator_invalid[validate_intlist-arg10-ValueError]",
      "test_type": "PASS_TO_PASS",
      "exit_code": 0,
      "stdout": "============================= test session starts ==============================\nplatform linux -- Python 3.10.17, pytest-8.3.5, pluggy-1.5.0 -- /usr/local/bin/python\ncachedir: .pytest_cache\nhypothesis profile 'default' -> database=DirectoryBasedExampleDatabase(PosixPath('/app/repo/.hypothesis/examples'))\nrootdir: /app/repo\nconfigfile: pytest.ini\nplugins: asdf-4.1.0, arraydiff-0.6.1, astropy-0.11.0, mock-3.14.0, remotedata-0.4.1, doctestplus-1.4.0, hypothesis-6.131.9, astropy-header-0.2.2, filter-subpackage-0.2.0, cov-6.1.1\ncollecting ... collected 1 item\n\nlib/matplotlib/tests/test_rcparams.py::test_validator_invalid[validate_intlist-arg10-ValueError] PASSED [100%]\n\n============================== 1 passed in 0.87s ===============================\n",
      "stderr": ""
    },
    {
      "test_file": "lib/matplotlib/tests/test_rcparams.py",
      "test_case": "test_validator_invalid[validate_floatlist-aardvark-ValueError]",
      "test_type": "PASS_TO_PASS",
      "exit_code": 0,
      "stdout": "============================= test session starts ==============================\nplatform linux -- Python 3.10.17, pytest-8.3.5, pluggy-1.5.0 -- /usr/local/bin/python\ncachedir: .pytest_cache\nhypothesis profile 'default' -> database=DirectoryBasedExampleDatabase(PosixPath('/app/repo/.hypothesis/examples'))\nrootdir: /app/repo\nconfigfile: pytest.ini\nplugins: asdf-4.1.0, arraydiff-0.6.1, astropy-0.11.0, mock-3.14.0, remotedata-0.4.1, doctestplus-1.4.0, hypothesis-6.131.9, astropy-header-0.2.2, filter-subpackage-0.2.0, cov-6.1.1\ncollecting ... collected 1 item\n\nlib/matplotlib/tests/test_rcparams.py::test_validator_invalid[validate_floatlist-aardvark-ValueError] PASSED [100%]\n\n============================== 1 passed in 0.89s ===============================\n",
      "stderr": ""
    },
    {
      "test_file": "lib/matplotlib/tests/test_rcparams.py",
      "test_case": "test_validator_invalid[validate_floatlist-arg12-ValueError]",
      "test_type": "PASS_TO_PASS",
      "exit_code": 0,
      "stdout": "============================= test session starts ==============================\nplatform linux -- Python 3.10.17, pytest-8.3.5, pluggy-1.5.0 -- /usr/local/bin/python\ncachedir: .pytest_cache\nhypothesis profile 'default' -> database=DirectoryBasedExampleDatabase(PosixPath('/app/repo/.hypothesis/examples'))\nrootdir: /app/repo\nconfigfile: pytest.ini\nplugins: asdf-4.1.0, arraydiff-0.6.1, astropy-0.11.0, mock-3.14.0, remotedata-0.4.1, doctestplus-1.4.0, hypothesis-6.131.9, astropy-header-0.2.2, filter-subpackage-0.2.0, cov-6.1.1\ncollecting ... collected 1 item\n\nlib/matplotlib/tests/test_rcparams.py::test_validator_invalid[validate_floatlist-arg12-ValueError] PASSED [100%]\n\n============================== 1 passed in 0.86s ===============================\n",
      "stderr": ""
    },
    {
      "test_file": "lib/matplotlib/tests/test_rcparams.py",
      "test_case": "test_validator_invalid[validate_floatlist-arg13-ValueError]",
      "test_type": "PASS_TO_PASS",
      "exit_code": 0,
      "stdout": "============================= test session starts ==============================\nplatform linux -- Python 3.10.17, pytest-8.3.5, pluggy-1.5.0 -- /usr/local/bin/python\ncachedir: .pytest_cache\nhypothesis profile 'default' -> database=DirectoryBasedExampleDatabase(PosixPath('/app/repo/.hypothesis/examples'))\nrootdir: /app/repo\nconfigfile: pytest.ini\nplugins: asdf-4.1.0, arraydiff-0.6.1, astropy-0.11.0, mock-3.14.0, remotedata-0.4.1, doctestplus-1.4.0, hypothesis-6.131.9, astropy-header-0.2.2, filter-subpackage-0.2.0, cov-6.1.1\ncollecting ... collected 1 item\n\nlib/matplotlib/tests/test_rcparams.py::test_validator_invalid[validate_floatlist-arg13-ValueError] PASSED [100%]\n\n============================== 1 passed in 0.85s ===============================\n",
      "stderr": ""
    },
    {
      "test_file": "lib/matplotlib/tests/test_rcparams.py",
      "test_case": "test_validator_invalid[validate_floatlist-arg14-ValueError]",
      "test_type": "PASS_TO_PASS",
      "exit_code": 0,
      "stdout": "============================= test session starts ==============================\nplatform linux -- Python 3.10.17, pytest-8.3.5, pluggy-1.5.0 -- /usr/local/bin/python\ncachedir: .pytest_cache\nhypothesis profile 'default' -> database=DirectoryBasedExampleDatabase(PosixPath('/app/repo/.hypothesis/examples'))\nrootdir: /app/repo\nconfigfile: pytest.ini\nplugins: asdf-4.1.0, arraydiff-0.6.1, astropy-0.11.0, mock-3.14.0, remotedata-0.4.1, doctestplus-1.4.0, hypothesis-6.131.9, astropy-header-0.2.2, filter-subpackage-0.2.0, cov-6.1.1\ncollecting ... collected 1 item\n\nlib/matplotlib/tests/test_rcparams.py::test_validator_invalid[validate_floatlist-arg14-ValueError] PASSED [100%]\n\n============================== 1 passed in 0.85s ===============================\n",
      "stderr": ""
    },
    {
      "test_file": "lib/matplotlib/tests/test_rcparams.py",
      "test_case": "test_validator_invalid[validate_floatlist-None-ValueError]",
      "test_type": "PASS_TO_PASS",
      "exit_code": 0,
      "stdout": "============================= test session starts ==============================\nplatform linux -- Python 3.10.17, pytest-8.3.5, pluggy-1.5.0 -- /usr/local/bin/python\ncachedir: .pytest_cache\nhypothesis profile 'default' -> database=DirectoryBasedExampleDatabase(PosixPath('/app/repo/.hypothesis/examples'))\nrootdir: /app/repo\nconfigfile: pytest.ini\nplugins: asdf-4.1.0, arraydiff-0.6.1, astropy-0.11.0, mock-3.14.0, remotedata-0.4.1, doctestplus-1.4.0, hypothesis-6.131.9, astropy-header-0.2.2, filter-subpackage-0.2.0, cov-6.1.1\ncollecting ... collected 1 item\n\nlib/matplotlib/tests/test_rcparams.py::test_validator_invalid[validate_floatlist-None-ValueError] PASSED [100%]\n\n============================== 1 passed in 0.86s ===============================\n",
      "stderr": ""
    },
    {
      "test_file": "lib/matplotlib/tests/test_rcparams.py",
      "test_case": "test_validator_invalid[validate_cycler-4-ValueError]",
      "test_type": "PASS_TO_PASS",
      "exit_code": 0,
      "stdout": "============================= test session starts ==============================\nplatform linux -- Python 3.10.17, pytest-8.3.5, pluggy-1.5.0 -- /usr/local/bin/python\ncachedir: .pytest_cache\nhypothesis profile 'default' -> database=DirectoryBasedExampleDatabase(PosixPath('/app/repo/.hypothesis/examples'))\nrootdir: /app/repo\nconfigfile: pytest.ini\nplugins: asdf-4.1.0, arraydiff-0.6.1, astropy-0.11.0, mock-3.14.0, remotedata-0.4.1, doctestplus-1.4.0, hypothesis-6.131.9, astropy-header-0.2.2, filter-subpackage-0.2.0, cov-6.1.1\ncollecting ... collected 1 item\n\nlib/matplotlib/tests/test_rcparams.py::test_validator_invalid[validate_cycler-4-ValueError] PASSED [100%]\n\n============================== 1 passed in 0.86s ===============================\n",
      "stderr": ""
    },
    {
      "test_file": "lib/matplotlib/tests/test_rcparams.py",
      "test_case": "test_validator_invalid[validate_cycler-cycler(\"bleh,",
      "test_type": "PASS_TO_PASS",
      "exit_code": 4,
      "stdout": "============================= test session starts ==============================\nplatform linux -- Python 3.10.17, pytest-8.3.5, pluggy-1.5.0 -- /usr/local/bin/python\ncachedir: .pytest_cache\nhypothesis profile 'default' -> database=DirectoryBasedExampleDatabase(PosixPath('/app/repo/.hypothesis/examples'))\nrootdir: /app/repo\nconfigfile: pytest.ini\nplugins: asdf-4.1.0, arraydiff-0.6.1, astropy-0.11.0, mock-3.14.0, remotedata-0.4.1, doctestplus-1.4.0, hypothesis-6.131.9, astropy-header-0.2.2, filter-subpackage-0.2.0, cov-6.1.1\ncollecting ... collected 0 items\n\n============================ no tests ran in 0.86s =============================\n",
      "stderr": "ERROR: not found: /app/repo/lib/matplotlib/tests/test_rcparams.py::test_validator_invalid[validate_cycler-cycler(\"bleh,\n(no match in any of [<Module test_rcparams.py>])\n\n"
    },
    {
      "test_file": "lib/matplotlib/tests/test_rcparams.py",
      "test_case": "test_validator_invalid[validate_cycler-Cycler(\"linewidth\",",
      "test_type": "PASS_TO_PASS",
      "exit_code": 4,
      "stdout": "============================= test session starts ==============================\nplatform linux -- Python 3.10.17, pytest-8.3.5, pluggy-1.5.0 -- /usr/local/bin/python\ncachedir: .pytest_cache\nhypothesis profile 'default' -> database=DirectoryBasedExampleDatabase(PosixPath('/app/repo/.hypothesis/examples'))\nrootdir: /app/repo\nconfigfile: pytest.ini\nplugins: asdf-4.1.0, arraydiff-0.6.1, astropy-0.11.0, mock-3.14.0, remotedata-0.4.1, doctestplus-1.4.0, hypothesis-6.131.9, astropy-header-0.2.2, filter-subpackage-0.2.0, cov-6.1.1\ncollecting ... collected 0 items\n\n============================ no tests ran in 0.86s =============================\n",
      "stderr": "ERROR: not found: /app/repo/lib/matplotlib/tests/test_rcparams.py::test_validator_invalid[validate_cycler-Cycler(\"linewidth\",\n(no match in any of [<Module test_rcparams.py>])\n\n"
    },
    {
      "test_file": "lib/matplotlib/tests/test_rcparams.py",
      "test_case": "test_validator_invalid[validate_cycler-cycler('c',",
      "test_type": "PASS_TO_PASS",
      "exit_code": 4,
      "stdout": "============================= test session starts ==============================\nplatform linux -- Python 3.10.17, pytest-8.3.5, pluggy-1.5.0 -- /usr/local/bin/python\ncachedir: .pytest_cache\nhypothesis profile 'default' -> database=DirectoryBasedExampleDatabase(PosixPath('/app/repo/.hypothesis/examples'))\nrootdir: /app/repo\nconfigfile: pytest.ini\nplugins: asdf-4.1.0, arraydiff-0.6.1, astropy-0.11.0, mock-3.14.0, remotedata-0.4.1, doctestplus-1.4.0, hypothesis-6.131.9, astropy-header-0.2.2, filter-subpackage-0.2.0, cov-6.1.1\ncollecting ... collected 0 items\n\n============================ no tests ran in 0.86s =============================\n",
      "stderr": "ERROR: not found: /app/repo/lib/matplotlib/tests/test_rcparams.py::test_validator_invalid[validate_cycler-cycler('c',\n(no match in any of [<Module test_rcparams.py>])\n\n"
    },
    {
      "test_file": "lib/matplotlib/tests/test_rcparams.py",
      "test_case": "test_validator_invalid[validate_cycler-1",
      "test_type": "PASS_TO_PASS",
      "exit_code": 4,
      "stdout": "============================= test session starts ==============================\nplatform linux -- Python 3.10.17, pytest-8.3.5, pluggy-1.5.0 -- /usr/local/bin/python\ncachedir: .pytest_cache\nhypothesis profile 'default' -> database=DirectoryBasedExampleDatabase(PosixPath('/app/repo/.hypothesis/examples'))\nrootdir: /app/repo\nconfigfile: pytest.ini\nplugins: asdf-4.1.0, arraydiff-0.6.1, astropy-0.11.0, mock-3.14.0, remotedata-0.4.1, doctestplus-1.4.0, hypothesis-6.131.9, astropy-header-0.2.2, filter-subpackage-0.2.0, cov-6.1.1\ncollecting ... collected 0 items\n\n============================ no tests ran in 0.89s =============================\n",
      "stderr": "ERROR: not found: /app/repo/lib/matplotlib/tests/test_rcparams.py::test_validator_invalid[validate_cycler-1\n(no match in any of [<Module test_rcparams.py>])\n\n"
    },
    {
      "test_file": "lib/matplotlib/tests/test_rcparams.py",
      "test_case": "test_validator_invalid[validate_cycler-os.system(\"echo",
      "test_type": "PASS_TO_PASS",
      "exit_code": 4,
      "stdout": "============================= test session starts ==============================\nplatform linux -- Python 3.10.17, pytest-8.3.5, pluggy-1.5.0 -- /usr/local/bin/python\ncachedir: .pytest_cache\nhypothesis profile 'default' -> database=DirectoryBasedExampleDatabase(PosixPath('/app/repo/.hypothesis/examples'))\nrootdir: /app/repo\nconfigfile: pytest.ini\nplugins: asdf-4.1.0, arraydiff-0.6.1, astropy-0.11.0, mock-3.14.0, remotedata-0.4.1, doctestplus-1.4.0, hypothesis-6.131.9, astropy-header-0.2.2, filter-subpackage-0.2.0, cov-6.1.1\ncollecting ... collected 0 items\n\n============================ no tests ran in 0.86s =============================\n",
      "stderr": "ERROR: not found: /app/repo/lib/matplotlib/tests/test_rcparams.py::test_validator_invalid[validate_cycler-os.system(\"echo\n(no match in any of [<Module test_rcparams.py>])\n\n"
    },
    {
      "test_file": "lib/matplotlib/tests/test_rcparams.py",
      "test_case": "test_validator_invalid[validate_cycler-import",
      "test_type": "PASS_TO_PASS",
      "exit_code": 4,
      "stdout": "============================= test session starts ==============================\nplatform linux -- Python 3.10.17, pytest-8.3.5, pluggy-1.5.0 -- /usr/local/bin/python\ncachedir: .pytest_cache\nhypothesis profile 'default' -> database=DirectoryBasedExampleDatabase(PosixPath('/app/repo/.hypothesis/examples'))\nrootdir: /app/repo\nconfigfile: pytest.ini\nplugins: asdf-4.1.0, arraydiff-0.6.1, astropy-0.11.0, mock-3.14.0, remotedata-0.4.1, doctestplus-1.4.0, hypothesis-6.131.9, astropy-header-0.2.2, filter-subpackage-0.2.0, cov-6.1.1\ncollecting ... collected 0 items\n\n============================ no tests ran in 0.86s =============================\n",
      "stderr": "ERROR: not found: /app/repo/lib/matplotlib/tests/test_rcparams.py::test_validator_invalid[validate_cycler-import\n(no match in any of [<Module test_rcparams.py>])\n\n"
    },
    {
      "test_file": "lib/matplotlib/tests/test_rcparams.py",
      "test_case": "test_validator_invalid[validate_cycler-def",
      "test_type": "PASS_TO_PASS",
      "exit_code": 4,
      "stdout": "============================= test session starts ==============================\nplatform linux -- Python 3.10.17, pytest-8.3.5, pluggy-1.5.0 -- /usr/local/bin/python\ncachedir: .pytest_cache\nhypothesis profile 'default' -> database=DirectoryBasedExampleDatabase(PosixPath('/app/repo/.hypothesis/examples'))\nrootdir: /app/repo\nconfigfile: pytest.ini\nplugins: asdf-4.1.0, arraydiff-0.6.1, astropy-0.11.0, mock-3.14.0, remotedata-0.4.1, doctestplus-1.4.0, hypothesis-6.131.9, astropy-header-0.2.2, filter-subpackage-0.2.0, cov-6.1.1\ncollecting ... collected 0 items\n\n============================ no tests ran in 0.85s =============================\n",
      "stderr": "ERROR: not found: /app/repo/lib/matplotlib/tests/test_rcparams.py::test_validator_invalid[validate_cycler-def\n(no match in any of [<Module test_rcparams.py>])\n\n"
    },
    {
      "test_file": "lib/matplotlib/tests/test_rcparams.py",
      "test_case": "test_validator_invalid[validate_cycler-cycler(\"waka\",",
      "test_type": "PASS_TO_PASS",
      "exit_code": 4,
      "stdout": "============================= test session starts ==============================\nplatform linux -- Python 3.10.17, pytest-8.3.5, pluggy-1.5.0 -- /usr/local/bin/python\ncachedir: .pytest_cache\nhypothesis profile 'default' -> database=DirectoryBasedExampleDatabase(PosixPath('/app/repo/.hypothesis/examples'))\nrootdir: /app/repo\nconfigfile: pytest.ini\nplugins: asdf-4.1.0, arraydiff-0.6.1, astropy-0.11.0, mock-3.14.0, remotedata-0.4.1, doctestplus-1.4.0, hypothesis-6.131.9, astropy-header-0.2.2, filter-subpackage-0.2.0, cov-6.1.1\ncollecting ... collected 0 items\n\n============================ no tests ran in 0.86s =============================\n",
      "stderr": "ERROR: not found: /app/repo/lib/matplotlib/tests/test_rcparams.py::test_validator_invalid[validate_cycler-cycler(\"waka\",\n(no match in any of [<Module test_rcparams.py>])\n\n"
    },
    {
      "test_file": "lib/matplotlib/tests/test_rcparams.py",
      "test_case": "test_validator_invalid[validate_cycler-cycler(c=[1,",
      "test_type": "PASS_TO_PASS",
      "exit_code": 4,
      "stdout": "============================= test session starts ==============================\nplatform linux -- Python 3.10.17, pytest-8.3.5, pluggy-1.5.0 -- /usr/local/bin/python\ncachedir: .pytest_cache\nhypothesis profile 'default' -> database=DirectoryBasedExampleDatabase(PosixPath('/app/repo/.hypothesis/examples'))\nrootdir: /app/repo\nconfigfile: pytest.ini\nplugins: asdf-4.1.0, arraydiff-0.6.1, astropy-0.11.0, mock-3.14.0, remotedata-0.4.1, doctestplus-1.4.0, hypothesis-6.131.9, astropy-header-0.2.2, filter-subpackage-0.2.0, cov-6.1.1\ncollecting ... collected 0 items\n\n============================ no tests ran in 0.88s =============================\n",
      "stderr": "ERROR: not found: /app/repo/lib/matplotlib/tests/test_rcparams.py::test_validator_invalid[validate_cycler-cycler(c=[1,\n(no match in any of [<Module test_rcparams.py>])\n\n"
    },
    {
      "test_file": "lib/matplotlib/tests/test_rcparams.py",
      "test_case": "test_validator_invalid[validate_cycler-cycler(lw=['a',",
      "test_type": "PASS_TO_PASS",
      "exit_code": 4,
      "stdout": "============================= test session starts ==============================\nplatform linux -- Python 3.10.17, pytest-8.3.5, pluggy-1.5.0 -- /usr/local/bin/python\ncachedir: .pytest_cache\nhypothesis profile 'default' -> database=DirectoryBasedExampleDatabase(PosixPath('/app/repo/.hypothesis/examples'))\nrootdir: /app/repo\nconfigfile: pytest.ini\nplugins: asdf-4.1.0, arraydiff-0.6.1, astropy-0.11.0, mock-3.14.0, remotedata-0.4.1, doctestplus-1.4.0, hypothesis-6.131.9, astropy-header-0.2.2, filter-subpackage-0.2.0, cov-6.1.1\ncollecting ... collected 0 items\n\n============================ no tests ran in 0.87s =============================\n",
      "stderr": "ERROR: not found: /app/repo/lib/matplotlib/tests/test_rcparams.py::test_validator_invalid[validate_cycler-cycler(lw=['a',\n(no match in any of [<Module test_rcparams.py>])\n\n"
    },
    {
      "test_file": "lib/matplotlib/tests/test_rcparams.py",
      "test_case": "test_validator_invalid[validate_cycler-arg31-ValueError]",
      "test_type": "PASS_TO_PASS",
      "exit_code": 0,
      "stdout": "============================= test session starts ==============================\nplatform linux -- Python 3.10.17, pytest-8.3.5, pluggy-1.5.0 -- /usr/local/bin/python\ncachedir: .pytest_cache\nhypothesis profile 'default' -> database=DirectoryBasedExampleDatabase(PosixPath('/app/repo/.hypothesis/examples'))\nrootdir: /app/repo\nconfigfile: pytest.ini\nplugins: asdf-4.1.0, arraydiff-0.6.1, astropy-0.11.0, mock-3.14.0, remotedata-0.4.1, doctestplus-1.4.0, hypothesis-6.131.9, astropy-header-0.2.2, filter-subpackage-0.2.0, cov-6.1.1\ncollecting ... collected 1 item\n\nlib/matplotlib/tests/test_rcparams.py::test_validator_invalid[validate_cycler-arg31-ValueError] PASSED [100%]\n\n============================== 1 passed in 0.86s ===============================\n",
      "stderr": ""
    },
    {
      "test_file": "lib/matplotlib/tests/test_rcparams.py",
      "test_case": "test_validator_invalid[validate_cycler-arg32-ValueError]",
      "test_type": "PASS_TO_PASS",
      "exit_code": 0,
      "stdout": "============================= test session starts ==============================\nplatform linux -- Python 3.10.17, pytest-8.3.5, pluggy-1.5.0 -- /usr/local/bin/python\ncachedir: .pytest_cache\nhypothesis profile 'default' -> database=DirectoryBasedExampleDatabase(PosixPath('/app/repo/.hypothesis/examples'))\nrootdir: /app/repo\nconfigfile: pytest.ini\nplugins: asdf-4.1.0, arraydiff-0.6.1, astropy-0.11.0, mock-3.14.0, remotedata-0.4.1, doctestplus-1.4.0, hypothesis-6.131.9, astropy-header-0.2.2, filter-subpackage-0.2.0, cov-6.1.1\ncollecting ... collected 1 item\n\nlib/matplotlib/tests/test_rcparams.py::test_validator_invalid[validate_cycler-arg32-ValueError] PASSED [100%]\n\n============================== 1 passed in 0.86s ===============================\n",
      "stderr": ""
    },
    {
      "test_file": "lib/matplotlib/tests/test_rcparams.py",
      "test_case": "test_validator_invalid[validate_hatch---_-ValueError]",
      "test_type": "PASS_TO_PASS",
      "exit_code": 0,
      "stdout": "============================= test session starts ==============================\nplatform linux -- Python 3.10.17, pytest-8.3.5, pluggy-1.5.0 -- /usr/local/bin/python\ncachedir: .pytest_cache\nhypothesis profile 'default' -> database=DirectoryBasedExampleDatabase(PosixPath('/app/repo/.hypothesis/examples'))\nrootdir: /app/repo\nconfigfile: pytest.ini\nplugins: asdf-4.1.0, arraydiff-0.6.1, astropy-0.11.0, mock-3.14.0, remotedata-0.4.1, doctestplus-1.4.0, hypothesis-6.131.9, astropy-header-0.2.2, filter-subpackage-0.2.0, cov-6.1.1\ncollecting ... collected 1 item\n\nlib/matplotlib/tests/test_rcparams.py::test_validator_invalid[validate_hatch---_-ValueError] PASSED [100%]\n\n============================== 1 passed in 0.86s ===============================\n",
      "stderr": ""
    },
    {
      "test_file": "lib/matplotlib/tests/test_rcparams.py",
      "test_case": "test_validator_invalid[validate_hatch-8-ValueError]",
      "test_type": "PASS_TO_PASS",
      "exit_code": 0,
      "stdout": "============================= test session starts ==============================\nplatform linux -- Python 3.10.17, pytest-8.3.5, pluggy-1.5.0 -- /usr/local/bin/python\ncachedir: .pytest_cache\nhypothesis profile 'default' -> database=DirectoryBasedExampleDatabase(PosixPath('/app/repo/.hypothesis/examples'))\nrootdir: /app/repo\nconfigfile: pytest.ini\nplugins: asdf-4.1.0, arraydiff-0.6.1, astropy-0.11.0, mock-3.14.0, remotedata-0.4.1, doctestplus-1.4.0, hypothesis-6.131.9, astropy-header-0.2.2, filter-subpackage-0.2.0, cov-6.1.1\ncollecting ... collected 1 item\n\nlib/matplotlib/tests/test_rcparams.py::test_validator_invalid[validate_hatch-8-ValueError] PASSED [100%]\n\n============================== 1 passed in 0.92s ===============================\n",
      "stderr": ""
    },
    {
      "test_file": "lib/matplotlib/tests/test_rcparams.py",
      "test_case": "test_validator_invalid[validate_hatch-X-ValueError]",
      "test_type": "PASS_TO_PASS",
      "exit_code": 0,
      "stdout": "============================= test session starts ==============================\nplatform linux -- Python 3.10.17, pytest-8.3.5, pluggy-1.5.0 -- /usr/local/bin/python\ncachedir: .pytest_cache\nhypothesis profile 'default' -> database=DirectoryBasedExampleDatabase(PosixPath('/app/repo/.hypothesis/examples'))\nrootdir: /app/repo\nconfigfile: pytest.ini\nplugins: asdf-4.1.0, arraydiff-0.6.1, astropy-0.11.0, mock-3.14.0, remotedata-0.4.1, doctestplus-1.4.0, hypothesis-6.131.9, astropy-header-0.2.2, filter-subpackage-0.2.0, cov-6.1.1\ncollecting ... collected 1 item\n\nlib/matplotlib/tests/test_rcparams.py::test_validator_invalid[validate_hatch-X-ValueError] PASSED [100%]\n\n============================== 1 passed in 0.90s ===============================\n",
      "stderr": ""
    },
    {
      "test_file": "lib/matplotlib/tests/test_rcparams.py",
      "test_case": "test_validator_invalid[validate_colorlist-fish-ValueError]",
      "test_type": "PASS_TO_PASS",
      "exit_code": 0,
      "stdout": "============================= test session starts ==============================\nplatform linux -- Python 3.10.17, pytest-8.3.5, pluggy-1.5.0 -- /usr/local/bin/python\ncachedir: .pytest_cache\nhypothesis profile 'default' -> database=DirectoryBasedExampleDatabase(PosixPath('/app/repo/.hypothesis/examples'))\nrootdir: /app/repo\nconfigfile: pytest.ini\nplugins: asdf-4.1.0, arraydiff-0.6.1, astropy-0.11.0, mock-3.14.0, remotedata-0.4.1, doctestplus-1.4.0, hypothesis-6.131.9, astropy-header-0.2.2, filter-subpackage-0.2.0, cov-6.1.1\ncollecting ... collected 1 item\n\nlib/matplotlib/tests/test_rcparams.py::test_validator_invalid[validate_colorlist-fish-ValueError] PASSED [100%]\n\n============================== 1 passed in 0.89s ===============================\n",
      "stderr": ""
    },
    {
      "test_file": "lib/matplotlib/tests/test_rcparams.py",
      "test_case": "test_validator_invalid[validate_color-tab:veryblue-ValueError]",
      "test_type": "PASS_TO_PASS",
      "exit_code": 0,
      "stdout": "============================= test session starts ==============================\nplatform linux -- Python 3.10.17, pytest-8.3.5, pluggy-1.5.0 -- /usr/local/bin/python\ncachedir: .pytest_cache\nhypothesis profile 'default' -> database=DirectoryBasedExampleDatabase(PosixPath('/app/repo/.hypothesis/examples'))\nrootdir: /app/repo\nconfigfile: pytest.ini\nplugins: asdf-4.1.0, arraydiff-0.6.1, astropy-0.11.0, mock-3.14.0, remotedata-0.4.1, doctestplus-1.4.0, hypothesis-6.131.9, astropy-header-0.2.2, filter-subpackage-0.2.0, cov-6.1.1\ncollecting ... collected 1 item\n\nlib/matplotlib/tests/test_rcparams.py::test_validator_invalid[validate_color-tab:veryblue-ValueError] PASSED [100%]\n\n============================== 1 passed in 0.90s ===============================\n",
      "stderr": ""
    },
    {
      "test_file": "lib/matplotlib/tests/test_rcparams.py",
      "test_case": "test_validator_invalid[validate_color-(0,",
      "test_type": "PASS_TO_PASS",
      "exit_code": 4,
      "stdout": "============================= test session starts ==============================\nplatform linux -- Python 3.10.17, pytest-8.3.5, pluggy-1.5.0 -- /usr/local/bin/python\ncachedir: .pytest_cache\nhypothesis profile 'default' -> database=DirectoryBasedExampleDatabase(PosixPath('/app/repo/.hypothesis/examples'))\nrootdir: /app/repo\nconfigfile: pytest.ini\nplugins: asdf-4.1.0, arraydiff-0.6.1, astropy-0.11.0, mock-3.14.0, remotedata-0.4.1, doctestplus-1.4.0, hypothesis-6.131.9, astropy-header-0.2.2, filter-subpackage-0.2.0, cov-6.1.1\ncollecting ... collected 0 items\n\n============================ no tests ran in 1.06s =============================\n",
      "stderr": "ERROR: not found: /app/repo/lib/matplotlib/tests/test_rcparams.py::test_validator_invalid[validate_color-(0,\n(no match in any of [<Module test_rcparams.py>])\n\n"
    },
    {
      "test_file": "lib/matplotlib/tests/test_rcparams.py",
      "test_case": "test_validator_invalid[_validate_color_or_linecolor-line-ValueError]",
      "test_type": "PASS_TO_PASS",
      "exit_code": 0,
      "stdout": "============================= test session starts ==============================\nplatform linux -- Python 3.10.17, pytest-8.3.5, pluggy-1.5.0 -- /usr/local/bin/python\ncachedir: .pytest_cache\nhypothesis profile 'default' -> database=DirectoryBasedExampleDatabase(PosixPath('/app/repo/.hypothesis/examples'))\nrootdir: /app/repo\nconfigfile: pytest.ini\nplugins: asdf-4.1.0, arraydiff-0.6.1, astropy-0.11.0, mock-3.14.0, remotedata-0.4.1, doctestplus-1.4.0, hypothesis-6.131.9, astropy-header-0.2.2, filter-subpackage-0.2.0, cov-6.1.1\ncollecting ... collected 1 item\n\nlib/matplotlib/tests/test_rcparams.py::test_validator_invalid[_validate_color_or_linecolor-line-ValueError] PASSED [100%]\n\n============================== 1 passed in 0.91s ===============================\n",
      "stderr": ""
    },
    {
      "test_file": "lib/matplotlib/tests/test_rcparams.py",
      "test_case": "test_validator_invalid[_validate_color_or_linecolor-marker-ValueError]",
      "test_type": "PASS_TO_PASS",
      "exit_code": 0,
      "stdout": "============================= test session starts ==============================\nplatform linux -- Python 3.10.17, pytest-8.3.5, pluggy-1.5.0 -- /usr/local/bin/python\ncachedir: .pytest_cache\nhypothesis profile 'default' -> database=DirectoryBasedExampleDatabase(PosixPath('/app/repo/.hypothesis/examples'))\nrootdir: /app/repo\nconfigfile: pytest.ini\nplugins: asdf-4.1.0, arraydiff-0.6.1, astropy-0.11.0, mock-3.14.0, remotedata-0.4.1, doctestplus-1.4.0, hypothesis-6.131.9, astropy-header-0.2.2, filter-subpackage-0.2.0, cov-6.1.1\ncollecting ... collected 1 item\n\nlib/matplotlib/tests/test_rcparams.py::test_validator_invalid[_validate_color_or_linecolor-marker-ValueError] PASSED [100%]\n\n============================== 1 passed in 0.85s ===============================\n",
      "stderr": ""
    },
    {
      "test_file": "lib/matplotlib/tests/test_rcparams.py",
      "test_case": "test_validator_invalid[validate_hist_bins-aardvark-ValueError]",
      "test_type": "PASS_TO_PASS",
      "exit_code": 0,
      "stdout": "============================= test session starts ==============================\nplatform linux -- Python 3.10.17, pytest-8.3.5, pluggy-1.5.0 -- /usr/local/bin/python\ncachedir: .pytest_cache\nhypothesis profile 'default' -> database=DirectoryBasedExampleDatabase(PosixPath('/app/repo/.hypothesis/examples'))\nrootdir: /app/repo\nconfigfile: pytest.ini\nplugins: asdf-4.1.0, arraydiff-0.6.1, astropy-0.11.0, mock-3.14.0, remotedata-0.4.1, doctestplus-1.4.0, hypothesis-6.131.9, astropy-header-0.2.2, filter-subpackage-0.2.0, cov-6.1.1\ncollecting ... collected 1 item\n\nlib/matplotlib/tests/test_rcparams.py::test_validator_invalid[validate_hist_bins-aardvark-ValueError] PASSED [100%]\n\n============================== 1 passed in 0.85s ===============================\n",
      "stderr": ""
    },
    {
      "test_file": "lib/matplotlib/tests/test_rcparams.py",
      "test_case": "test_validator_invalid[validate_markevery-arg45-TypeError]",
      "test_type": "PASS_TO_PASS",
      "exit_code": 0,
      "stdout": "============================= test session starts ==============================\nplatform linux -- Python 3.10.17, pytest-8.3.5, pluggy-1.5.0 -- /usr/local/bin/python\ncachedir: .pytest_cache\nhypothesis profile 'default' -> database=DirectoryBasedExampleDatabase(PosixPath('/app/repo/.hypothesis/examples'))\nrootdir: /app/repo\nconfigfile: pytest.ini\nplugins: asdf-4.1.0, arraydiff-0.6.1, astropy-0.11.0, mock-3.14.0, remotedata-0.4.1, doctestplus-1.4.0, hypothesis-6.131.9, astropy-header-0.2.2, filter-subpackage-0.2.0, cov-6.1.1\ncollecting ... collected 1 item\n\nlib/matplotlib/tests/test_rcparams.py::test_validator_invalid[validate_markevery-arg45-TypeError] PASSED [100%]\n\n============================== 1 passed in 0.86s ===============================\n",
      "stderr": ""
    },
    {
      "test_file": "lib/matplotlib/tests/test_rcparams.py",
      "test_case": "test_validator_invalid[validate_markevery-arg46-TypeError]",
      "test_type": "PASS_TO_PASS",
      "exit_code": 0,
      "stdout": "============================= test session starts ==============================\nplatform linux -- Python 3.10.17, pytest-8.3.5, pluggy-1.5.0 -- /usr/local/bin/python\ncachedir: .pytest_cache\nhypothesis profile 'default' -> database=DirectoryBasedExampleDatabase(PosixPath('/app/repo/.hypothesis/examples'))\nrootdir: /app/repo\nconfigfile: pytest.ini\nplugins: asdf-4.1.0, arraydiff-0.6.1, astropy-0.11.0, mock-3.14.0, remotedata-0.4.1, doctestplus-1.4.0, hypothesis-6.131.9, astropy-header-0.2.2, filter-subpackage-0.2.0, cov-6.1.1\ncollecting ... collected 1 item\n\nlib/matplotlib/tests/test_rcparams.py::test_validator_invalid[validate_markevery-arg46-TypeError] PASSED [100%]\n\n============================== 1 passed in 0.86s ===============================\n",
      "stderr": ""
    },
    {
      "test_file": "lib/matplotlib/tests/test_rcparams.py",
      "test_case": "test_validator_invalid[validate_markevery-arg47-TypeError]",
      "test_type": "PASS_TO_PASS",
      "exit_code": 0,
      "stdout": "============================= test session starts ==============================\nplatform linux -- Python 3.10.17, pytest-8.3.5, pluggy-1.5.0 -- /usr/local/bin/python\ncachedir: .pytest_cache\nhypothesis profile 'default' -> database=DirectoryBasedExampleDatabase(PosixPath('/app/repo/.hypothesis/examples'))\nrootdir: /app/repo\nconfigfile: pytest.ini\nplugins: asdf-4.1.0, arraydiff-0.6.1, astropy-0.11.0, mock-3.14.0, remotedata-0.4.1, doctestplus-1.4.0, hypothesis-6.131.9, astropy-header-0.2.2, filter-subpackage-0.2.0, cov-6.1.1\ncollecting ... collected 1 item\n\nlib/matplotlib/tests/test_rcparams.py::test_validator_invalid[validate_markevery-arg47-TypeError] PASSED [100%]\n\n============================== 1 passed in 0.88s ===============================\n",
      "stderr": ""
    },
    {
      "test_file": "lib/matplotlib/tests/test_rcparams.py",
      "test_case": "test_validator_invalid[validate_markevery-arg48-TypeError]",
      "test_type": "PASS_TO_PASS",
      "exit_code": 0,
      "stdout": "============================= test session starts ==============================\nplatform linux -- Python 3.10.17, pytest-8.3.5, pluggy-1.5.0 -- /usr/local/bin/python\ncachedir: .pytest_cache\nhypothesis profile 'default' -> database=DirectoryBasedExampleDatabase(PosixPath('/app/repo/.hypothesis/examples'))\nrootdir: /app/repo\nconfigfile: pytest.ini\nplugins: asdf-4.1.0, arraydiff-0.6.1, astropy-0.11.0, mock-3.14.0, remotedata-0.4.1, doctestplus-1.4.0, hypothesis-6.131.9, astropy-header-0.2.2, filter-subpackage-0.2.0, cov-6.1.1\ncollecting ... collected 1 item\n\nlib/matplotlib/tests/test_rcparams.py::test_validator_invalid[validate_markevery-arg48-TypeError] PASSED [100%]\n\n============================== 1 passed in 0.85s ===============================\n",
      "stderr": ""
    },
    {
      "test_file": "lib/matplotlib/tests/test_rcparams.py",
      "test_case": "test_validator_invalid[validate_markevery-arg49-TypeError]",
      "test_type": "PASS_TO_PASS",
      "exit_code": 0,
      "stdout": "============================= test session starts ==============================\nplatform linux -- Python 3.10.17, pytest-8.3.5, pluggy-1.5.0 -- /usr/local/bin/python\ncachedir: .pytest_cache\nhypothesis profile 'default' -> database=DirectoryBasedExampleDatabase(PosixPath('/app/repo/.hypothesis/examples'))\nrootdir: /app/repo\nconfigfile: pytest.ini\nplugins: asdf-4.1.0, arraydiff-0.6.1, astropy-0.11.0, mock-3.14.0, remotedata-0.4.1, doctestplus-1.4.0, hypothesis-6.131.9, astropy-header-0.2.2, filter-subpackage-0.2.0, cov-6.1.1\ncollecting ... collected 1 item\n\nlib/matplotlib/tests/test_rcparams.py::test_validator_invalid[validate_markevery-arg49-TypeError] PASSED [100%]\n\n============================== 1 passed in 0.87s ===============================\n",
      "stderr": ""
    },
    {
      "test_file": "lib/matplotlib/tests/test_rcparams.py",
      "test_case": "test_validator_invalid[validate_markevery-arg50-TypeError]",
      "test_type": "PASS_TO_PASS",
      "exit_code": 0,
      "stdout": "============================= test session starts ==============================\nplatform linux -- Python 3.10.17, pytest-8.3.5, pluggy-1.5.0 -- /usr/local/bin/python\ncachedir: .pytest_cache\nhypothesis profile 'default' -> database=DirectoryBasedExampleDatabase(PosixPath('/app/repo/.hypothesis/examples'))\nrootdir: /app/repo\nconfigfile: pytest.ini\nplugins: asdf-4.1.0, arraydiff-0.6.1, astropy-0.11.0, mock-3.14.0, remotedata-0.4.1, doctestplus-1.4.0, hypothesis-6.131.9, astropy-header-0.2.2, filter-subpackage-0.2.0, cov-6.1.1\ncollecting ... collected 1 item\n\nlib/matplotlib/tests/test_rcparams.py::test_validator_invalid[validate_markevery-arg50-TypeError] PASSED [100%]\n\n============================== 1 passed in 0.87s ===============================\n",
      "stderr": ""
    },
    {
      "test_file": "lib/matplotlib/tests/test_rcparams.py",
      "test_case": "test_validator_invalid[validate_markevery-arg51-TypeError]",
      "test_type": "PASS_TO_PASS",
      "exit_code": 0,
      "stdout": "============================= test session starts ==============================\nplatform linux -- Python 3.10.17, pytest-8.3.5, pluggy-1.5.0 -- /usr/local/bin/python\ncachedir: .pytest_cache\nhypothesis profile 'default' -> database=DirectoryBasedExampleDatabase(PosixPath('/app/repo/.hypothesis/examples'))\nrootdir: /app/repo\nconfigfile: pytest.ini\nplugins: asdf-4.1.0, arraydiff-0.6.1, astropy-0.11.0, mock-3.14.0, remotedata-0.4.1, doctestplus-1.4.0, hypothesis-6.131.9, astropy-header-0.2.2, filter-subpackage-0.2.0, cov-6.1.1\ncollecting ... collected 1 item\n\nlib/matplotlib/tests/test_rcparams.py::test_validator_invalid[validate_markevery-arg51-TypeError] PASSED [100%]\n\n============================== 1 passed in 0.87s ===============================\n",
      "stderr": ""
    },
    {
      "test_file": "lib/matplotlib/tests/test_rcparams.py",
      "test_case": "test_validator_invalid[validate_markevery-arg52-TypeError]",
      "test_type": "PASS_TO_PASS",
      "exit_code": 0,
      "stdout": "============================= test session starts ==============================\nplatform linux -- Python 3.10.17, pytest-8.3.5, pluggy-1.5.0 -- /usr/local/bin/python\ncachedir: .pytest_cache\nhypothesis profile 'default' -> database=DirectoryBasedExampleDatabase(PosixPath('/app/repo/.hypothesis/examples'))\nrootdir: /app/repo\nconfigfile: pytest.ini\nplugins: asdf-4.1.0, arraydiff-0.6.1, astropy-0.11.0, mock-3.14.0, remotedata-0.4.1, doctestplus-1.4.0, hypothesis-6.131.9, astropy-header-0.2.2, filter-subpackage-0.2.0, cov-6.1.1\ncollecting ... collected 1 item\n\nlib/matplotlib/tests/test_rcparams.py::test_validator_invalid[validate_markevery-arg52-TypeError] PASSED [100%]\n\n============================== 1 passed in 0.87s ===============================\n",
      "stderr": ""
    },
    {
      "test_file": "lib/matplotlib/tests/test_rcparams.py",
      "test_case": "test_validator_invalid[validate_markevery-arg53-TypeError]",
      "test_type": "PASS_TO_PASS",
      "exit_code": 0,
      "stdout": "============================= test session starts ==============================\nplatform linux -- Python 3.10.17, pytest-8.3.5, pluggy-1.5.0 -- /usr/local/bin/python\ncachedir: .pytest_cache\nhypothesis profile 'default' -> database=DirectoryBasedExampleDatabase(PosixPath('/app/repo/.hypothesis/examples'))\nrootdir: /app/repo\nconfigfile: pytest.ini\nplugins: asdf-4.1.0, arraydiff-0.6.1, astropy-0.11.0, mock-3.14.0, remotedata-0.4.1, doctestplus-1.4.0, hypothesis-6.131.9, astropy-header-0.2.2, filter-subpackage-0.2.0, cov-6.1.1\ncollecting ... collected 1 item\n\nlib/matplotlib/tests/test_rcparams.py::test_validator_invalid[validate_markevery-arg53-TypeError] PASSED [100%]\n\n============================== 1 passed in 0.89s ===============================\n",
      "stderr": ""
    },
    {
      "test_file": "lib/matplotlib/tests/test_rcparams.py",
      "test_case": "test_validator_invalid[validate_markevery-abc-TypeError0]",
      "test_type": "PASS_TO_PASS",
      "exit_code": 0,
      "stdout": "============================= test session starts ==============================\nplatform linux -- Python 3.10.17, pytest-8.3.5, pluggy-1.5.0 -- /usr/local/bin/python\ncachedir: .pytest_cache\nhypothesis profile 'default' -> database=DirectoryBasedExampleDatabase(PosixPath('/app/repo/.hypothesis/examples'))\nrootdir: /app/repo\nconfigfile: pytest.ini\nplugins: asdf-4.1.0, arraydiff-0.6.1, astropy-0.11.0, mock-3.14.0, remotedata-0.4.1, doctestplus-1.4.0, hypothesis-6.131.9, astropy-header-0.2.2, filter-subpackage-0.2.0, cov-6.1.1\ncollecting ... collected 1 item\n\nlib/matplotlib/tests/test_rcparams.py::test_validator_invalid[validate_markevery-abc-TypeError0] PASSED [100%]\n\n============================== 1 passed in 0.86s ===============================\n",
      "stderr": ""
    },
    {
      "test_file": "lib/matplotlib/tests/test_rcparams.py",
      "test_case": "test_validator_invalid[validate_markevery-arg55-TypeError]",
      "test_type": "PASS_TO_PASS",
      "exit_code": 0,
      "stdout": "============================= test session starts ==============================\nplatform linux -- Python 3.10.17, pytest-8.3.5, pluggy-1.5.0 -- /usr/local/bin/python\ncachedir: .pytest_cache\nhypothesis profile 'default' -> database=DirectoryBasedExampleDatabase(PosixPath('/app/repo/.hypothesis/examples'))\nrootdir: /app/repo\nconfigfile: pytest.ini\nplugins: asdf-4.1.0, arraydiff-0.6.1, astropy-0.11.0, mock-3.14.0, remotedata-0.4.1, doctestplus-1.4.0, hypothesis-6.131.9, astropy-header-0.2.2, filter-subpackage-0.2.0, cov-6.1.1\ncollecting ... collected 1 item\n\nlib/matplotlib/tests/test_rcparams.py::test_validator_invalid[validate_markevery-arg55-TypeError] PASSED [100%]\n\n============================== 1 passed in 0.96s ===============================\n",
      "stderr": ""
    },
    {
      "test_file": "lib/matplotlib/tests/test_rcparams.py",
      "test_case": "test_validator_invalid[validate_markevery-arg56-TypeError]",
      "test_type": "PASS_TO_PASS",
      "exit_code": 0,
      "stdout": "============================= test session starts ==============================\nplatform linux -- Python 3.10.17, pytest-8.3.5, pluggy-1.5.0 -- /usr/local/bin/python\ncachedir: .pytest_cache\nhypothesis profile 'default' -> database=DirectoryBasedExampleDatabase(PosixPath('/app/repo/.hypothesis/examples'))\nrootdir: /app/repo\nconfigfile: pytest.ini\nplugins: asdf-4.1.0, arraydiff-0.6.1, astropy-0.11.0, mock-3.14.0, remotedata-0.4.1, doctestplus-1.4.0, hypothesis-6.131.9, astropy-header-0.2.2, filter-subpackage-0.2.0, cov-6.1.1\ncollecting ... collected 1 item\n\nlib/matplotlib/tests/test_rcparams.py::test_validator_invalid[validate_markevery-arg56-TypeError] PASSED [100%]\n\n============================== 1 passed in 0.86s ===============================\n",
      "stderr": ""
    },
    {
      "test_file": "lib/matplotlib/tests/test_rcparams.py",
      "test_case": "test_validator_invalid[validate_markevery-arg57-TypeError]",
      "test_type": "PASS_TO_PASS",
      "exit_code": 0,
      "stdout": "============================= test session starts ==============================\nplatform linux -- Python 3.10.17, pytest-8.3.5, pluggy-1.5.0 -- /usr/local/bin/python\ncachedir: .pytest_cache\nhypothesis profile 'default' -> database=DirectoryBasedExampleDatabase(PosixPath('/app/repo/.hypothesis/examples'))\nrootdir: /app/repo\nconfigfile: pytest.ini\nplugins: asdf-4.1.0, arraydiff-0.6.1, astropy-0.11.0, mock-3.14.0, remotedata-0.4.1, doctestplus-1.4.0, hypothesis-6.131.9, astropy-header-0.2.2, filter-subpackage-0.2.0, cov-6.1.1\ncollecting ... collected 1 item\n\nlib/matplotlib/tests/test_rcparams.py::test_validator_invalid[validate_markevery-arg57-TypeError] PASSED [100%]\n\n============================== 1 passed in 0.85s ===============================\n",
      "stderr": ""
    },
    {
      "test_file": "lib/matplotlib/tests/test_rcparams.py",
      "test_case": "test_validator_invalid[validate_markevery-arg58-TypeError]",
      "test_type": "PASS_TO_PASS",
      "exit_code": 0,
      "stdout": "============================= test session starts ==============================\nplatform linux -- Python 3.10.17, pytest-8.3.5, pluggy-1.5.0 -- /usr/local/bin/python\ncachedir: .pytest_cache\nhypothesis profile 'default' -> database=DirectoryBasedExampleDatabase(PosixPath('/app/repo/.hypothesis/examples'))\nrootdir: /app/repo\nconfigfile: pytest.ini\nplugins: asdf-4.1.0, arraydiff-0.6.1, astropy-0.11.0, mock-3.14.0, remotedata-0.4.1, doctestplus-1.4.0, hypothesis-6.131.9, astropy-header-0.2.2, filter-subpackage-0.2.0, cov-6.1.1\ncollecting ... collected 1 item\n\nlib/matplotlib/tests/test_rcparams.py::test_validator_invalid[validate_markevery-arg58-TypeError] PASSED [100%]\n\n============================== 1 passed in 0.87s ===============================\n",
      "stderr": ""
    },
    {
      "test_file": "lib/matplotlib/tests/test_rcparams.py",
      "test_case": "test_validator_invalid[validate_markevery-abc-TypeError1]",
      "test_type": "PASS_TO_PASS",
      "exit_code": 0,
      "stdout": "============================= test session starts ==============================\nplatform linux -- Python 3.10.17, pytest-8.3.5, pluggy-1.5.0 -- /usr/local/bin/python\ncachedir: .pytest_cache\nhypothesis profile 'default' -> database=DirectoryBasedExampleDatabase(PosixPath('/app/repo/.hypothesis/examples'))\nrootdir: /app/repo\nconfigfile: pytest.ini\nplugins: asdf-4.1.0, arraydiff-0.6.1, astropy-0.11.0, mock-3.14.0, remotedata-0.4.1, doctestplus-1.4.0, hypothesis-6.131.9, astropy-header-0.2.2, filter-subpackage-0.2.0, cov-6.1.1\ncollecting ... collected 1 item\n\nlib/matplotlib/tests/test_rcparams.py::test_validator_invalid[validate_markevery-abc-TypeError1] PASSED [100%]\n\n============================== 1 passed in 0.85s ===============================\n",
      "stderr": ""
    },
    {
      "test_file": "lib/matplotlib/tests/test_rcparams.py",
      "test_case": "test_validator_invalid[validate_markevery-a-TypeError]",
      "test_type": "PASS_TO_PASS",
      "exit_code": 0,
      "stdout": "============================= test session starts ==============================\nplatform linux -- Python 3.10.17, pytest-8.3.5, pluggy-1.5.0 -- /usr/local/bin/python\ncachedir: .pytest_cache\nhypothesis profile 'default' -> database=DirectoryBasedExampleDatabase(PosixPath('/app/repo/.hypothesis/examples'))\nrootdir: /app/repo\nconfigfile: pytest.ini\nplugins: asdf-4.1.0, arraydiff-0.6.1, astropy-0.11.0, mock-3.14.0, remotedata-0.4.1, doctestplus-1.4.0, hypothesis-6.131.9, astropy-header-0.2.2, filter-subpackage-0.2.0, cov-6.1.1\ncollecting ... collected 1 item\n\nlib/matplotlib/tests/test_rcparams.py::test_validator_invalid[validate_markevery-a-TypeError] PASSED [100%]\n\n============================== 1 passed in 0.90s ===============================\n",
      "stderr": ""
    },
    {
      "test_file": "lib/matplotlib/tests/test_rcparams.py",
      "test_case": "test_validator_invalid[validate_markevery-arg61-TypeError]",
      "test_type": "PASS_TO_PASS",
      "exit_code": 0,
      "stdout": "============================= test session starts ==============================\nplatform linux -- Python 3.10.17, pytest-8.3.5, pluggy-1.5.0 -- /usr/local/bin/python\ncachedir: .pytest_cache\nhypothesis profile 'default' -> database=DirectoryBasedExampleDatabase(PosixPath('/app/repo/.hypothesis/examples'))\nrootdir: /app/repo\nconfigfile: pytest.ini\nplugins: asdf-4.1.0, arraydiff-0.6.1, astropy-0.11.0, mock-3.14.0, remotedata-0.4.1, doctestplus-1.4.0, hypothesis-6.131.9, astropy-header-0.2.2, filter-subpackage-0.2.0, cov-6.1.1\ncollecting ... collected 1 item\n\nlib/matplotlib/tests/test_rcparams.py::test_validator_invalid[validate_markevery-arg61-TypeError] PASSED [100%]\n\n============================== 1 passed in 0.85s ===============================\n",
      "stderr": ""
    },
    {
      "test_file": "lib/matplotlib/tests/test_rcparams.py",
      "test_case": "test_validator_invalid[_validate_linestyle-aardvark-ValueError]",
      "test_type": "PASS_TO_PASS",
      "exit_code": 0,
      "stdout": "============================= test session starts ==============================\nplatform linux -- Python 3.10.17, pytest-8.3.5, pluggy-1.5.0 -- /usr/local/bin/python\ncachedir: .pytest_cache\nhypothesis profile 'default' -> database=DirectoryBasedExampleDatabase(PosixPath('/app/repo/.hypothesis/examples'))\nrootdir: /app/repo\nconfigfile: pytest.ini\nplugins: asdf-4.1.0, arraydiff-0.6.1, astropy-0.11.0, mock-3.14.0, remotedata-0.4.1, doctestplus-1.4.0, hypothesis-6.131.9, astropy-header-0.2.2, filter-subpackage-0.2.0, cov-6.1.1\ncollecting ... collected 1 item\n\nlib/matplotlib/tests/test_rcparams.py::test_validator_invalid[_validate_linestyle-aardvark-ValueError] PASSED [100%]\n\n============================== 1 passed in 0.86s ===============================\n",
      "stderr": ""
    },
    {
      "test_file": "lib/matplotlib/tests/test_rcparams.py",
      "test_case": "test_validator_invalid[_validate_linestyle-dotted-ValueError]",
      "test_type": "PASS_TO_PASS",
      "exit_code": 0,
      "stdout": "============================= test session starts ==============================\nplatform linux -- Python 3.10.17, pytest-8.3.5, pluggy-1.5.0 -- /usr/local/bin/python\ncachedir: .pytest_cache\nhypothesis profile 'default' -> database=DirectoryBasedExampleDatabase(PosixPath('/app/repo/.hypothesis/examples'))\nrootdir: /app/repo\nconfigfile: pytest.ini\nplugins: asdf-4.1.0, arraydiff-0.6.1, astropy-0.11.0, mock-3.14.0, remotedata-0.4.1, doctestplus-1.4.0, hypothesis-6.131.9, astropy-header-0.2.2, filter-subpackage-0.2.0, cov-6.1.1\ncollecting ... collected 1 item\n\nlib/matplotlib/tests/test_rcparams.py::test_validator_invalid[_validate_linestyle-dotted-ValueError] PASSED [100%]\n\n============================== 1 passed in 0.86s ===============================\n",
      "stderr": ""
    },
    {
      "test_file": "lib/matplotlib/tests/test_rcparams.py",
      "test_case": "test_validator_invalid[_validate_linestyle-\\xff\\xfed\\x00o\\x00t\\x00t\\x00e\\x00d\\x00-ValueError]",
      "test_type": "PASS_TO_PASS",
      "exit_code": 0,
      "stdout": "============================= test session starts ==============================\nplatform linux -- Python 3.10.17, pytest-8.3.5, pluggy-1.5.0 -- /usr/local/bin/python\ncachedir: .pytest_cache\nhypothesis profile 'default' -> database=DirectoryBasedExampleDatabase(PosixPath('/app/repo/.hypothesis/examples'))\nrootdir: /app/repo\nconfigfile: pytest.ini\nplugins: asdf-4.1.0, arraydiff-0.6.1, astropy-0.11.0, mock-3.14.0, remotedata-0.4.1, doctestplus-1.4.0, hypothesis-6.131.9, astropy-header-0.2.2, filter-subpackage-0.2.0, cov-6.1.1\ncollecting ... collected 1 item\n\nlib/matplotlib/tests/test_rcparams.py::test_validator_invalid[_validate_linestyle-\\xff\\xfed\\x00o\\x00t\\x00t\\x00e\\x00d\\x00-ValueError] PASSED [100%]\n\n============================== 1 passed in 0.93s ===============================\n",
      "stderr": ""
    },
    {
      "test_file": "lib/matplotlib/tests/test_rcparams.py",
      "test_case": "test_validator_invalid[_validate_linestyle-arg65-ValueError]",
      "test_type": "PASS_TO_PASS",
      "exit_code": 0,
      "stdout": "============================= test session starts ==============================\nplatform linux -- Python 3.10.17, pytest-8.3.5, pluggy-1.5.0 -- /usr/local/bin/python\ncachedir: .pytest_cache\nhypothesis profile 'default' -> database=DirectoryBasedExampleDatabase(PosixPath('/app/repo/.hypothesis/examples'))\nrootdir: /app/repo\nconfigfile: pytest.ini\nplugins: asdf-4.1.0, arraydiff-0.6.1, astropy-0.11.0, mock-3.14.0, remotedata-0.4.1, doctestplus-1.4.0, hypothesis-6.131.9, astropy-header-0.2.2, filter-subpackage-0.2.0, cov-6.1.1\ncollecting ... collected 1 item\n\nlib/matplotlib/tests/test_rcparams.py::test_validator_invalid[_validate_linestyle-arg65-ValueError] PASSED [100%]\n\n============================== 1 passed in 0.85s ===============================\n",
      "stderr": ""
    },
    {
      "test_file": "lib/matplotlib/tests/test_rcparams.py",
      "test_case": "test_validator_invalid[_validate_linestyle-1.23-ValueError]",
      "test_type": "PASS_TO_PASS",
      "exit_code": 0,
      "stdout": "============================= test session starts ==============================\nplatform linux -- Python 3.10.17, pytest-8.3.5, pluggy-1.5.0 -- /usr/local/bin/python\ncachedir: .pytest_cache\nhypothesis profile 'default' -> database=DirectoryBasedExampleDatabase(PosixPath('/app/repo/.hypothesis/examples'))\nrootdir: /app/repo\nconfigfile: pytest.ini\nplugins: asdf-4.1.0, arraydiff-0.6.1, astropy-0.11.0, mock-3.14.0, remotedata-0.4.1, doctestplus-1.4.0, hypothesis-6.131.9, astropy-header-0.2.2, filter-subpackage-0.2.0, cov-6.1.1\ncollecting ... collected 1 item\n\nlib/matplotlib/tests/test_rcparams.py::test_validator_invalid[_validate_linestyle-1.23-ValueError] PASSED [100%]\n\n============================== 1 passed in 0.89s ===============================\n",
      "stderr": ""
    },
    {
      "test_file": "lib/matplotlib/tests/test_rcparams.py",
      "test_case": "test_validator_invalid[_validate_linestyle-arg67-ValueError]",
      "test_type": "PASS_TO_PASS",
      "exit_code": 0,
      "stdout": "============================= test session starts ==============================\nplatform linux -- Python 3.10.17, pytest-8.3.5, pluggy-1.5.0 -- /usr/local/bin/python\ncachedir: .pytest_cache\nhypothesis profile 'default' -> database=DirectoryBasedExampleDatabase(PosixPath('/app/repo/.hypothesis/examples'))\nrootdir: /app/repo\nconfigfile: pytest.ini\nplugins: asdf-4.1.0, arraydiff-0.6.1, astropy-0.11.0, mock-3.14.0, remotedata-0.4.1, doctestplus-1.4.0, hypothesis-6.131.9, astropy-header-0.2.2, filter-subpackage-0.2.0, cov-6.1.1\ncollecting ... collected 1 item\n\nlib/matplotlib/tests/test_rcparams.py::test_validator_invalid[_validate_linestyle-arg67-ValueError] PASSED [100%]\n\n============================== 1 passed in 0.87s ===============================\n",
      "stderr": ""
    },
    {
      "test_file": "lib/matplotlib/tests/test_rcparams.py",
      "test_case": "test_validator_invalid[_validate_linestyle-arg68-ValueError]",
      "test_type": "PASS_TO_PASS",
      "exit_code": 0,
      "stdout": "============================= test session starts ==============================\nplatform linux -- Python 3.10.17, pytest-8.3.5, pluggy-1.5.0 -- /usr/local/bin/python\ncachedir: .pytest_cache\nhypothesis profile 'default' -> database=DirectoryBasedExampleDatabase(PosixPath('/app/repo/.hypothesis/examples'))\nrootdir: /app/repo\nconfigfile: pytest.ini\nplugins: asdf-4.1.0, arraydiff-0.6.1, astropy-0.11.0, mock-3.14.0, remotedata-0.4.1, doctestplus-1.4.0, hypothesis-6.131.9, astropy-header-0.2.2, filter-subpackage-0.2.0, cov-6.1.1\ncollecting ... collected 1 item\n\nlib/matplotlib/tests/test_rcparams.py::test_validator_invalid[_validate_linestyle-arg68-ValueError] PASSED [100%]\n\n============================== 1 passed in 0.86s ===============================\n",
      "stderr": ""
    },
    {
      "test_file": "lib/matplotlib/tests/test_rcparams.py",
      "test_case": "test_validator_invalid[_validate_linestyle-arg69-ValueError]",
      "test_type": "PASS_TO_PASS",
      "exit_code": 0,
      "stdout": "============================= test session starts ==============================\nplatform linux -- Python 3.10.17, pytest-8.3.5, pluggy-1.5.0 -- /usr/local/bin/python\ncachedir: .pytest_cache\nhypothesis profile 'default' -> database=DirectoryBasedExampleDatabase(PosixPath('/app/repo/.hypothesis/examples'))\nrootdir: /app/repo\nconfigfile: pytest.ini\nplugins: asdf-4.1.0, arraydiff-0.6.1, astropy-0.11.0, mock-3.14.0, remotedata-0.4.1, doctestplus-1.4.0, hypothesis-6.131.9, astropy-header-0.2.2, filter-subpackage-0.2.0, cov-6.1.1\ncollecting ... collected 1 item\n\nlib/matplotlib/tests/test_rcparams.py::test_validator_invalid[_validate_linestyle-arg69-ValueError] PASSED [100%]\n\n============================== 1 passed in 0.89s ===============================\n",
      "stderr": ""
    },
    {
      "test_file": "lib/matplotlib/tests/test_rcparams.py",
      "test_case": "test_validator_invalid[_validate_linestyle-arg70-ValueError]",
      "test_type": "PASS_TO_PASS",
      "exit_code": 0,
      "stdout": "============================= test session starts ==============================\nplatform linux -- Python 3.10.17, pytest-8.3.5, pluggy-1.5.0 -- /usr/local/bin/python\ncachedir: .pytest_cache\nhypothesis profile 'default' -> database=DirectoryBasedExampleDatabase(PosixPath('/app/repo/.hypothesis/examples'))\nrootdir: /app/repo\nconfigfile: pytest.ini\nplugins: asdf-4.1.0, arraydiff-0.6.1, astropy-0.11.0, mock-3.14.0, remotedata-0.4.1, doctestplus-1.4.0, hypothesis-6.131.9, astropy-header-0.2.2, filter-subpackage-0.2.0, cov-6.1.1\ncollecting ... collected 1 item\n\nlib/matplotlib/tests/test_rcparams.py::test_validator_invalid[_validate_linestyle-arg70-ValueError] PASSED [100%]\n\n============================== 1 passed in 0.85s ===============================\n",
      "stderr": ""
    },
    {
      "test_file": "lib/matplotlib/tests/test_rcparams.py",
      "test_case": "test_validate_fontweight[bold-bold]",
      "test_type": "PASS_TO_PASS",
      "exit_code": 0,
      "stdout": "============================= test session starts ==============================\nplatform linux -- Python 3.10.17, pytest-8.3.5, pluggy-1.5.0 -- /usr/local/bin/python\ncachedir: .pytest_cache\nhypothesis profile 'default' -> database=DirectoryBasedExampleDatabase(PosixPath('/app/repo/.hypothesis/examples'))\nrootdir: /app/repo\nconfigfile: pytest.ini\nplugins: asdf-4.1.0, arraydiff-0.6.1, astropy-0.11.0, mock-3.14.0, remotedata-0.4.1, doctestplus-1.4.0, hypothesis-6.131.9, astropy-header-0.2.2, filter-subpackage-0.2.0, cov-6.1.1\ncollecting ... collected 1 item\n\nlib/matplotlib/tests/test_rcparams.py::test_validate_fontweight[bold-bold] PASSED [100%]\n\n============================== 1 passed in 0.85s ===============================\n",
      "stderr": ""
    },
    {
      "test_file": "lib/matplotlib/tests/test_rcparams.py",
      "test_case": "test_validate_fontweight[BOLD-ValueError]",
      "test_type": "PASS_TO_PASS",
      "exit_code": 0,
      "stdout": "============================= test session starts ==============================\nplatform linux -- Python 3.10.17, pytest-8.3.5, pluggy-1.5.0 -- /usr/local/bin/python\ncachedir: .pytest_cache\nhypothesis profile 'default' -> database=DirectoryBasedExampleDatabase(PosixPath('/app/repo/.hypothesis/examples'))\nrootdir: /app/repo\nconfigfile: pytest.ini\nplugins: asdf-4.1.0, arraydiff-0.6.1, astropy-0.11.0, mock-3.14.0, remotedata-0.4.1, doctestplus-1.4.0, hypothesis-6.131.9, astropy-header-0.2.2, filter-subpackage-0.2.0, cov-6.1.1\ncollecting ... collected 1 item\n\nlib/matplotlib/tests/test_rcparams.py::test_validate_fontweight[BOLD-ValueError] PASSED [100%]\n\n============================== 1 passed in 0.85s ===============================\n",
      "stderr": ""
    },
    {
      "test_file": "lib/matplotlib/tests/test_rcparams.py",
      "test_case": "test_validate_fontweight[100-100_0]",
      "test_type": "PASS_TO_PASS",
      "exit_code": 0,
      "stdout": "============================= test session starts ==============================\nplatform linux -- Python 3.10.17, pytest-8.3.5, pluggy-1.5.0 -- /usr/local/bin/python\ncachedir: .pytest_cache\nhypothesis profile 'default' -> database=DirectoryBasedExampleDatabase(PosixPath('/app/repo/.hypothesis/examples'))\nrootdir: /app/repo\nconfigfile: pytest.ini\nplugins: asdf-4.1.0, arraydiff-0.6.1, astropy-0.11.0, mock-3.14.0, remotedata-0.4.1, doctestplus-1.4.0, hypothesis-6.131.9, astropy-header-0.2.2, filter-subpackage-0.2.0, cov-6.1.1\ncollecting ... collected 1 item\n\nlib/matplotlib/tests/test_rcparams.py::test_validate_fontweight[100-100_0] PASSED [100%]\n\n============================== 1 passed in 0.89s ===============================\n",
      "stderr": ""
    },
    {
      "test_file": "lib/matplotlib/tests/test_rcparams.py",
      "test_case": "test_validate_fontweight[100-100_1]",
      "test_type": "PASS_TO_PASS",
      "exit_code": 0,
      "stdout": "============================= test session starts ==============================\nplatform linux -- Python 3.10.17, pytest-8.3.5, pluggy-1.5.0 -- /usr/local/bin/python\ncachedir: .pytest_cache\nhypothesis profile 'default' -> database=DirectoryBasedExampleDatabase(PosixPath('/app/repo/.hypothesis/examples'))\nrootdir: /app/repo\nconfigfile: pytest.ini\nplugins: asdf-4.1.0, arraydiff-0.6.1, astropy-0.11.0, mock-3.14.0, remotedata-0.4.1, doctestplus-1.4.0, hypothesis-6.131.9, astropy-header-0.2.2, filter-subpackage-0.2.0, cov-6.1.1\ncollecting ... collected 1 item\n\nlib/matplotlib/tests/test_rcparams.py::test_validate_fontweight[100-100_1] PASSED [100%]\n\n============================== 1 passed in 0.85s ===============================\n",
      "stderr": ""
    },
    {
      "test_file": "lib/matplotlib/tests/test_rcparams.py",
      "test_case": "test_validate_fontweight[weight4-100]",
      "test_type": "PASS_TO_PASS",
      "exit_code": 0,
      "stdout": "============================= test session starts ==============================\nplatform linux -- Python 3.10.17, pytest-8.3.5, pluggy-1.5.0 -- /usr/local/bin/python\ncachedir: .pytest_cache\nhypothesis profile 'default' -> database=DirectoryBasedExampleDatabase(PosixPath('/app/repo/.hypothesis/examples'))\nrootdir: /app/repo\nconfigfile: pytest.ini\nplugins: asdf-4.1.0, arraydiff-0.6.1, astropy-0.11.0, mock-3.14.0, remotedata-0.4.1, doctestplus-1.4.0, hypothesis-6.131.9, astropy-header-0.2.2, filter-subpackage-0.2.0, cov-6.1.1\ncollecting ... collected 1 item\n\nlib/matplotlib/tests/test_rcparams.py::test_validate_fontweight[weight4-100] PASSED [100%]\n\n============================== 1 passed in 0.88s ===============================\n",
      "stderr": ""
    },
    {
      "test_file": "lib/matplotlib/tests/test_rcparams.py",
      "test_case": "test_validate_fontweight[20.6-20]",
      "test_type": "PASS_TO_PASS",
      "exit_code": 0,
      "stdout": "============================= test session starts ==============================\nplatform linux -- Python 3.10.17, pytest-8.3.5, pluggy-1.5.0 -- /usr/local/bin/python\ncachedir: .pytest_cache\nhypothesis profile 'default' -> database=DirectoryBasedExampleDatabase(PosixPath('/app/repo/.hypothesis/examples'))\nrootdir: /app/repo\nconfigfile: pytest.ini\nplugins: asdf-4.1.0, arraydiff-0.6.1, astropy-0.11.0, mock-3.14.0, remotedata-0.4.1, doctestplus-1.4.0, hypothesis-6.131.9, astropy-header-0.2.2, filter-subpackage-0.2.0, cov-6.1.1\ncollecting ... collected 1 item\n\nlib/matplotlib/tests/test_rcparams.py::test_validate_fontweight[20.6-20] PASSED [100%]\n\n============================== 1 passed in 0.85s ===============================\n",
      "stderr": ""
    },
    {
      "test_file": "lib/matplotlib/tests/test_rcparams.py",
      "test_case": "test_validate_fontweight[20.6-ValueError]",
      "test_type": "PASS_TO_PASS",
      "exit_code": 0,
      "stdout": "============================= test session starts ==============================\nplatform linux -- Python 3.10.17, pytest-8.3.5, pluggy-1.5.0 -- /usr/local/bin/python\ncachedir: .pytest_cache\nhypothesis profile 'default' -> database=DirectoryBasedExampleDatabase(PosixPath('/app/repo/.hypothesis/examples'))\nrootdir: /app/repo\nconfigfile: pytest.ini\nplugins: asdf-4.1.0, arraydiff-0.6.1, astropy-0.11.0, mock-3.14.0, remotedata-0.4.1, doctestplus-1.4.0, hypothesis-6.131.9, astropy-header-0.2.2, filter-subpackage-0.2.0, cov-6.1.1\ncollecting ... collected 1 item\n\nlib/matplotlib/tests/test_rcparams.py::test_validate_fontweight[20.6-ValueError] PASSED [100%]\n\n============================== 1 passed in 0.88s ===============================\n",
      "stderr": ""
    },
    {
      "test_file": "lib/matplotlib/tests/test_rcparams.py",
      "test_case": "test_validate_fontweight[weight7-ValueError]",
      "test_type": "PASS_TO_PASS",
      "exit_code": 0,
      "stdout": "============================= test session starts ==============================\nplatform linux -- Python 3.10.17, pytest-8.3.5, pluggy-1.5.0 -- /usr/local/bin/python\ncachedir: .pytest_cache\nhypothesis profile 'default' -> database=DirectoryBasedExampleDatabase(PosixPath('/app/repo/.hypothesis/examples'))\nrootdir: /app/repo\nconfigfile: pytest.ini\nplugins: asdf-4.1.0, arraydiff-0.6.1, astropy-0.11.0, mock-3.14.0, remotedata-0.4.1, doctestplus-1.4.0, hypothesis-6.131.9, astropy-header-0.2.2, filter-subpackage-0.2.0, cov-6.1.1\ncollecting ... collected 1 item\n\nlib/matplotlib/tests/test_rcparams.py::test_validate_fontweight[weight7-ValueError] PASSED [100%]\n\n============================== 1 passed in 0.87s ===============================\n",
      "stderr": ""
    },
    {
      "test_file": "lib/matplotlib/tests/test_rcparams.py",
      "test_case": "test_validate_fontstretch[expanded-expanded]",
      "test_type": "PASS_TO_PASS",
      "exit_code": 0,
      "stdout": "============================= test session starts ==============================\nplatform linux -- Python 3.10.17, pytest-8.3.5, pluggy-1.5.0 -- /usr/local/bin/python\ncachedir: .pytest_cache\nhypothesis profile 'default' -> database=DirectoryBasedExampleDatabase(PosixPath('/app/repo/.hypothesis/examples'))\nrootdir: /app/repo\nconfigfile: pytest.ini\nplugins: asdf-4.1.0, arraydiff-0.6.1, astropy-0.11.0, mock-3.14.0, remotedata-0.4.1, doctestplus-1.4.0, hypothesis-6.131.9, astropy-header-0.2.2, filter-subpackage-0.2.0, cov-6.1.1\ncollecting ... collected 1 item\n\nlib/matplotlib/tests/test_rcparams.py::test_validate_fontstretch[expanded-expanded] PASSED [100%]\n\n============================== 1 passed in 0.85s ===============================\n",
      "stderr": ""
    },
    {
      "test_file": "lib/matplotlib/tests/test_rcparams.py",
      "test_case": "test_validate_fontstretch[EXPANDED-ValueError]",
      "test_type": "PASS_TO_PASS",
      "exit_code": 0,
      "stdout": "============================= test session starts ==============================\nplatform linux -- Python 3.10.17, pytest-8.3.5, pluggy-1.5.0 -- /usr/local/bin/python\ncachedir: .pytest_cache\nhypothesis profile 'default' -> database=DirectoryBasedExampleDatabase(PosixPath('/app/repo/.hypothesis/examples'))\nrootdir: /app/repo\nconfigfile: pytest.ini\nplugins: asdf-4.1.0, arraydiff-0.6.1, astropy-0.11.0, mock-3.14.0, remotedata-0.4.1, doctestplus-1.4.0, hypothesis-6.131.9, astropy-header-0.2.2, filter-subpackage-0.2.0, cov-6.1.1\ncollecting ... collected 1 item\n\nlib/matplotlib/tests/test_rcparams.py::test_validate_fontstretch[EXPANDED-ValueError] PASSED [100%]\n\n============================== 1 passed in 0.85s ===============================\n",
      "stderr": ""
    },
    {
      "test_file": "lib/matplotlib/tests/test_rcparams.py",
      "test_case": "test_validate_fontstretch[100-100_0]",
      "test_type": "PASS_TO_PASS",
      "exit_code": 0,
      "stdout": "============================= test session starts ==============================\nplatform linux -- Python 3.10.17, pytest-8.3.5, pluggy-1.5.0 -- /usr/local/bin/python\ncachedir: .pytest_cache\nhypothesis profile 'default' -> database=DirectoryBasedExampleDatabase(PosixPath('/app/repo/.hypothesis/examples'))\nrootdir: /app/repo\nconfigfile: pytest.ini\nplugins: asdf-4.1.0, arraydiff-0.6.1, astropy-0.11.0, mock-3.14.0, remotedata-0.4.1, doctestplus-1.4.0, hypothesis-6.131.9, astropy-header-0.2.2, filter-subpackage-0.2.0, cov-6.1.1\ncollecting ... collected 1 item\n\nlib/matplotlib/tests/test_rcparams.py::test_validate_fontstretch[100-100_0] PASSED [100%]\n\n============================== 1 passed in 0.85s ===============================\n",
      "stderr": ""
    },
    {
      "test_file": "lib/matplotlib/tests/test_rcparams.py",
      "test_case": "test_validate_fontstretch[100-100_1]",
      "test_type": "PASS_TO_PASS",
      "exit_code": 0,
      "stdout": "============================= test session starts ==============================\nplatform linux -- Python 3.10.17, pytest-8.3.5, pluggy-1.5.0 -- /usr/local/bin/python\ncachedir: .pytest_cache\nhypothesis profile 'default' -> database=DirectoryBasedExampleDatabase(PosixPath('/app/repo/.hypothesis/examples'))\nrootdir: /app/repo\nconfigfile: pytest.ini\nplugins: asdf-4.1.0, arraydiff-0.6.1, astropy-0.11.0, mock-3.14.0, remotedata-0.4.1, doctestplus-1.4.0, hypothesis-6.131.9, astropy-header-0.2.2, filter-subpackage-0.2.0, cov-6.1.1\ncollecting ... collected 1 item\n\nlib/matplotlib/tests/test_rcparams.py::test_validate_fontstretch[100-100_1] PASSED [100%]\n\n============================== 1 passed in 0.84s ===============================\n",
      "stderr": ""
    },
    {
      "test_file": "lib/matplotlib/tests/test_rcparams.py",
      "test_case": "test_validate_fontstretch[stretch4-100]",
      "test_type": "PASS_TO_PASS",
      "exit_code": 0,
      "stdout": "============================= test session starts ==============================\nplatform linux -- Python 3.10.17, pytest-8.3.5, pluggy-1.5.0 -- /usr/local/bin/python\ncachedir: .pytest_cache\nhypothesis profile 'default' -> database=DirectoryBasedExampleDatabase(PosixPath('/app/repo/.hypothesis/examples'))\nrootdir: /app/repo\nconfigfile: pytest.ini\nplugins: asdf-4.1.0, arraydiff-0.6.1, astropy-0.11.0, mock-3.14.0, remotedata-0.4.1, doctestplus-1.4.0, hypothesis-6.131.9, astropy-header-0.2.2, filter-subpackage-0.2.0, cov-6.1.1\ncollecting ... collected 1 item\n\nlib/matplotlib/tests/test_rcparams.py::test_validate_fontstretch[stretch4-100] PASSED [100%]\n\n============================== 1 passed in 0.84s ===============================\n",
      "stderr": ""
    },
    {
      "test_file": "lib/matplotlib/tests/test_rcparams.py",
      "test_case": "test_validate_fontstretch[20.6-20]",
      "test_type": "PASS_TO_PASS",
      "exit_code": 0,
      "stdout": "============================= test session starts ==============================\nplatform linux -- Python 3.10.17, pytest-8.3.5, pluggy-1.5.0 -- /usr/local/bin/python\ncachedir: .pytest_cache\nhypothesis profile 'default' -> database=DirectoryBasedExampleDatabase(PosixPath('/app/repo/.hypothesis/examples'))\nrootdir: /app/repo\nconfigfile: pytest.ini\nplugins: asdf-4.1.0, arraydiff-0.6.1, astropy-0.11.0, mock-3.14.0, remotedata-0.4.1, doctestplus-1.4.0, hypothesis-6.131.9, astropy-header-0.2.2, filter-subpackage-0.2.0, cov-6.1.1\ncollecting ... collected 1 item\n\nlib/matplotlib/tests/test_rcparams.py::test_validate_fontstretch[20.6-20] PASSED [100%]\n\n============================== 1 passed in 0.89s ===============================\n",
      "stderr": ""
    },
    {
      "test_file": "lib/matplotlib/tests/test_rcparams.py",
      "test_case": "test_validate_fontstretch[20.6-ValueError]",
      "test_type": "PASS_TO_PASS",
      "exit_code": 0,
      "stdout": "============================= test session starts ==============================\nplatform linux -- Python 3.10.17, pytest-8.3.5, pluggy-1.5.0 -- /usr/local/bin/python\ncachedir: .pytest_cache\nhypothesis profile 'default' -> database=DirectoryBasedExampleDatabase(PosixPath('/app/repo/.hypothesis/examples'))\nrootdir: /app/repo\nconfigfile: pytest.ini\nplugins: asdf-4.1.0, arraydiff-0.6.1, astropy-0.11.0, mock-3.14.0, remotedata-0.4.1, doctestplus-1.4.0, hypothesis-6.131.9, astropy-header-0.2.2, filter-subpackage-0.2.0, cov-6.1.1\ncollecting ... collected 1 item\n\nlib/matplotlib/tests/test_rcparams.py::test_validate_fontstretch[20.6-ValueError] PASSED [100%]\n\n============================== 1 passed in 0.84s ===============================\n",
      "stderr": ""
    },
    {
      "test_file": "lib/matplotlib/tests/test_rcparams.py",
      "test_case": "test_validate_fontstretch[stretch7-ValueError]",
      "test_type": "PASS_TO_PASS",
      "exit_code": 0,
      "stdout": "============================= test session starts ==============================\nplatform linux -- Python 3.10.17, pytest-8.3.5, pluggy-1.5.0 -- /usr/local/bin/python\ncachedir: .pytest_cache\nhypothesis profile 'default' -> database=DirectoryBasedExampleDatabase(PosixPath('/app/repo/.hypothesis/examples'))\nrootdir: /app/repo\nconfigfile: pytest.ini\nplugins: asdf-4.1.0, arraydiff-0.6.1, astropy-0.11.0, mock-3.14.0, remotedata-0.4.1, doctestplus-1.4.0, hypothesis-6.131.9, astropy-header-0.2.2, filter-subpackage-0.2.0, cov-6.1.1\ncollecting ... collected 1 item\n\nlib/matplotlib/tests/test_rcparams.py::test_validate_fontstretch[stretch7-ValueError] PASSED [100%]\n\n============================== 1 passed in 0.86s ===============================\n",
      "stderr": ""
    },
    {
      "test_file": "lib/matplotlib/tests/test_rcparams.py",
      "test_case": "test_keymaps",
      "test_type": "PASS_TO_PASS",
      "exit_code": 0,
      "stdout": "============================= test session starts ==============================\nplatform linux -- Python 3.10.17, pytest-8.3.5, pluggy-1.5.0 -- /usr/local/bin/python\ncachedir: .pytest_cache\nhypothesis profile 'default' -> database=DirectoryBasedExampleDatabase(PosixPath('/app/repo/.hypothesis/examples'))\nrootdir: /app/repo\nconfigfile: pytest.ini\nplugins: asdf-4.1.0, arraydiff-0.6.1, astropy-0.11.0, mock-3.14.0, remotedata-0.4.1, doctestplus-1.4.0, hypothesis-6.131.9, astropy-header-0.2.2, filter-subpackage-0.2.0, cov-6.1.1\ncollecting ... collected 1 item\n\nlib/matplotlib/tests/test_rcparams.py::test_keymaps PASSED               [100%]\n\n============================== 1 passed in 0.85s ===============================\n",
      "stderr": ""
    },
    {
      "test_file": "lib/matplotlib/tests/test_rcparams.py",
      "test_case": "test_rcparams_reset_after_fail",
      "test_type": "PASS_TO_PASS",
      "exit_code": 0,
      "stdout": "============================= test session starts ==============================\nplatform linux -- Python 3.10.17, pytest-8.3.5, pluggy-1.5.0 -- /usr/local/bin/python\ncachedir: .pytest_cache\nhypothesis profile 'default' -> database=DirectoryBasedExampleDatabase(PosixPath('/app/repo/.hypothesis/examples'))\nrootdir: /app/repo\nconfigfile: pytest.ini\nplugins: asdf-4.1.0, arraydiff-0.6.1, astropy-0.11.0, mock-3.14.0, remotedata-0.4.1, doctestplus-1.4.0, hypothesis-6.131.9, astropy-header-0.2.2, filter-subpackage-0.2.0, cov-6.1.1\ncollecting ... collected 1 item\n\nlib/matplotlib/tests/test_rcparams.py::test_rcparams_reset_after_fail PASSED [100%]\n\n============================== 1 passed in 0.84s ===============================\n",
      "stderr": ""
    },
    {
      "test_file": "lib/matplotlib/tests/test_rcparams.py",
      "test_case": "test_backend_fallback_headless",
      "test_type": "PASS_TO_PASS",
      "exit_code": 0,
      "stdout": "============================= test session starts ==============================\nplatform linux -- Python 3.10.17, pytest-8.3.5, pluggy-1.5.0 -- /usr/local/bin/python\ncachedir: .pytest_cache\nhypothesis profile 'default' -> database=DirectoryBasedExampleDatabase(PosixPath('/app/repo/.hypothesis/examples'))\nrootdir: /app/repo\nconfigfile: pytest.ini\nplugins: asdf-4.1.0, arraydiff-0.6.1, astropy-0.11.0, mock-3.14.0, remotedata-0.4.1, doctestplus-1.4.0, hypothesis-6.131.9, astropy-header-0.2.2, filter-subpackage-0.2.0, cov-6.1.1\ncollecting ... collected 1 item\n\nlib/matplotlib/tests/test_rcparams.py::test_backend_fallback_headless PASSED [100%]\n\n============================== 1 passed in 1.29s ===============================\n",
      "stderr": ""
    },
    {
      "test_file": "lib/matplotlib/tests/test_rcparams.py",
      "test_case": "test_deprecation",
      "test_type": "PASS_TO_PASS",
      "exit_code": 0,
      "stdout": "============================= test session starts ==============================\nplatform linux -- Python 3.10.17, pytest-8.3.5, pluggy-1.5.0 -- /usr/local/bin/python\ncachedir: .pytest_cache\nhypothesis profile 'default' -> database=DirectoryBasedExampleDatabase(PosixPath('/app/repo/.hypothesis/examples'))\nrootdir: /app/repo\nconfigfile: pytest.ini\nplugins: asdf-4.1.0, arraydiff-0.6.1, astropy-0.11.0, mock-3.14.0, remotedata-0.4.1, doctestplus-1.4.0, hypothesis-6.131.9, astropy-header-0.2.2, filter-subpackage-0.2.0, cov-6.1.1\ncollecting ... collected 1 item\n\nlib/matplotlib/tests/test_rcparams.py::test_deprecation PASSED           [100%]\n\n============================== 1 passed in 0.84s ===============================\n",
      "stderr": ""
    }
  ]
}