{
  "instance_id": "pydata__xarray-2905",
  "results": [
    {
      "test_file": "xarray/tests/test_variable.py",
      "test_case": "test_raise_no_warning_for_nan_in_binary_ops",
      "test_type": "PASS_TO_PASS",
      "exit_code": 1,
      "stdout": "============================= test session starts ==============================\nplatform linux -- Python 3.10.17, pytest-8.3.5, pluggy-1.5.0 -- /usr/local/bin/python\ncachedir: .pytest_cache\nhypothesis profile 'default' -> database=DirectoryBasedExampleDatabase(PosixPath('/app/repo/.hypothesis/examples'))\nrootdir: /app/repo\nconfigfile: setup.cfg\nplugins: asdf-4.1.0, arraydiff-0.6.1, astropy-0.11.0, mock-3.14.0, remotedata-0.4.1, doctestplus-1.4.0, hypothesis-6.131.9, astropy-header-0.2.2, filter-subpackage-0.2.0, cov-6.1.1\ncollecting ... collected 1 item\n\nxarray/tests/test_variable.py::test_raise_no_warning_for_nan_in_binary_ops FAILED [100%]\n\n=================================== FAILURES ===================================\n_________________ test_raise_no_warning_for_nan_in_binary_ops __________________\n\n    def test_raise_no_warning_for_nan_in_binary_ops():\n>       with pytest.warns(None) as record:\n\n/app/repo/xarray/tests/test_variable.py:2322: \n_ _ _ _ _ _ _ _ _ _ _ _ _ _ _ _ _ _ _ _ _ _ _ _ _ _ _ _ _ _ _ _ _ _ _ _ _ _ _ _ \n\nself = WarningsChecker(record=True), expected_warning = None, match_expr = None\n\n    def __init__(\n        self,\n        expected_warning: type[Warning] | tuple[type[Warning], ...] = Warning,\n        match_expr: str | Pattern[str] | None = None,\n        *,\n        _ispytest: bool = False,\n    ) -> None:\n        check_ispytest(_ispytest)\n        super().__init__(_ispytest=True)\n    \n        msg = \"exceptions must be derived from Warning, not %s\"\n        if isinstance(expected_warning, tuple):\n            for exc in expected_warning:\n                if not issubclass(exc, Warning):\n                    raise TypeError(msg % type(exc))\n            expected_warning_tup = expected_warning\n        elif isinstance(expected_warning, type) and issubclass(\n            expected_warning, Warning\n        ):\n            expected_warning_tup = (expected_warning,)\n        else:\n>           raise TypeError(msg % type(expected_warning))\nE           TypeError: exceptions must be derived from Warning, not <class 'NoneType'>\n\n/usr/local/lib/python3.10/site-packages/_pytest/recwarn.py:279: TypeError\n=========================== short test summary info ============================\nFAILED xarray/tests/test_variable.py::test_raise_no_warning_for_nan_in_binary_ops - TypeError: exceptions must be derived from Warning, not <class 'NoneType'>\n============================== 1 failed in 0.77s ===============================\n",
      "stderr": ""
    }
  ]
}